<?xml version="1.0" encoding="UTF-8"?>
<testsuites name="TS1_and_TS2" time="159.099" tests="2" failures="1" errors="0">
   <testsuite name="TS1_and_TS2" tests="2" failures="1" errors="0" time="159.099" skipped="0" timestamp="15-09-2024T13:10:06" hostname="User - ROG" id="Test Suites/DBC_Instance/PointofSale_Module/New_Interface/TS1_and_TS2">
      <properties>
         <property name="deviceName" value=""/>
         <property name="devicePlatform"/>
         <property name="logFolder" value="C:\\Users\\User\\git\\frameworks-regression-test-automation\\Reports\\20240915_130952\\DBC_Instance\\PointofSale_Module\\New_Interface\\TS1_and_TS2\\20240915_130952"/>
         <property name="logFiles" value="C:\\Users\\User\\git\\frameworks-regression-test-automation\\Reports\\20240915_130952\\DBC_Instance\\PointofSale_Module\\New_Interface\\TS1_and_TS2\\20240915_130952\\execution0.log"/>
         <property name="attachments" value="C:\\Users\\User\\git\\frameworks-regression-test-automation\\Reports\\20240915_130952\\DBC_Instance\\PointofSale_Module\\New_Interface\\TS1_and_TS2\\20240915_130952\\1726369848045.png, C:\\Users\\User\\git\\frameworks-regression-test-automation\\Reports\\20240915_130952\\DBC_Instance\\PointofSale_Module\\New_Interface\\TS1_and_TS2\\20240915_130952\\1726369863743.png, C:\\Users\\User\\git\\frameworks-regression-test-automation\\Reports\\20240915_130952\\DBC_Instance\\PointofSale_Module\\New_Interface\\TS1_and_TS2\\20240915_130952\\1726369869839.png, C:\\Users\\User\\git\\frameworks-regression-test-automation\\Reports\\20240915_130952\\DBC_Instance\\PointofSale_Module\\New_Interface\\TS1_and_TS2\\20240915_130952\\1726369878724.png, C:\\Users\\User\\git\\frameworks-regression-test-automation\\Reports\\20240915_130952\\DBC_Instance\\PointofSale_Module\\New_Interface\\TS1_and_TS2\\20240915_130952\\1726369924841.png, C:\\Users\\User\\git\\frameworks-regression-test-automation\\Reports\\20240915_130952\\DBC_Instance\\PointofSale_Module\\New_Interface\\TS1_and_TS2\\20240915_130952\\1726369939294.png, C:\\Users\\User\\git\\frameworks-regression-test-automation\\Reports\\20240915_130952\\DBC_Instance\\PointofSale_Module\\New_Interface\\TS1_and_TS2\\20240915_130952\\1726369962161.png, C:\\Users\\User\\git\\frameworks-regression-test-automation\\Reports\\20240915_130952\\DBC_Instance\\PointofSale_Module\\New_Interface\\TS1_and_TS2\\20240915_130952\\1726369964971.png"/>
         <property name="hostName" value="User - ROG"/>
         <property name="os" value="Windows 11 64bit"/>
         <property name="katalonVersion" value="9.5.0.217"/>
         <property name="browser" value="Chrome 128.0.0.0"/>
         <property name="hostAddress" value="10.192.251.1"/>
         <property name="sessionId" value="9659c1e37172e0360b232a62e5312662"/>
         <property name="seleniumVersion" value="3.141.59"/>
         <property name="proxyInformation" value="ProxyInformation { proxyOption=NO_PROXY, proxyServerType=HTTP, username=, password=********, proxyServerAddress=, proxyServerPort=0, executionList=&quot;&quot;, isApplyToDesiredCapabilities=true }"/>
         <property name="platform" value="Windows 11"/>
      </properties>
      <testcase name="Test Cases/DBC_Instance/PointofSale_Module/TS1_POS_CashSale/POS_CashSale - New" time="76.792" classname="Test Cases/DBC_Instance/PointofSale_Module/TS1_POS_CashSale/POS_CashSale - New" status="PASSED">
         <system-out><![CDATA[15-09-2024T13:10:06 - [TEST_CASE][PASSED] - Test Cases/DBC_Instance/PointofSale_Module/TS1_POS_CashSale/POS_CashSale - New: Test Cases/DBC_Instance/PointofSale_Module/TS1_POS_CashSale/POS_CashSale - New

15-09-2024T13:10:07 - [TEST_STEP][PASSED] - openBrowser(""): Browser is opened with url: ''

15-09-2024T13:10:09 - [MESSAGE][INFO] - Starting 'Chrome' driver

15-09-2024T13:10:09 - [MESSAGE][INFO] - Action delay is set to 0 milliseconds

15-09-2024T13:10:12 - [MESSAGE][PASSED] - Browser is opened with url: ''

15-09-2024T13:10:12 - [TEST_STEP][PASSED] - maximizeWindow(): Current window maximized

15-09-2024T13:10:12 - [MESSAGE][PASSED] - Current window maximized

15-09-2024T13:10:12 - [TEST_STEP][PASSED] - navigateToUrl("http://frameworks.dahlsens.com.au:8080/FWDemo/Fluid.html#homeDashboard,dash,Frameworks.Activity.Menu.HomeDashBoard"): Navigate to 'http://frameworks.dahlsens.com.au:8080/FWDemo/Fluid.html#homeDashboard,dash,Frameworks.Activity.Menu.HomeDashBoard' successfully

15-09-2024T13:10:23 - [MESSAGE][PASSED] - Navigate to 'http://frameworks.dahlsens.com.au:8080/FWDemo/Fluid.html#homeDashboard,dash,Frameworks.Activity.Menu.HomeDashBoard' successfully

15-09-2024T13:10:23 - [TEST_STEP][PASSED] - setText(findTestObject("Object Repository/TS1_POS_CashSale_DBC/New_Interface/Page_Frameworks (Demo)/input_User ID_userid"), userName): Text 'manaki' is set on object 'Object Repository/TS1_POS_CashSale_DBC/New_Interface/Page_Frameworks (Demo)/input_User ID_userid'

15-09-2024T13:10:27 - [MESSAGE][PASSED] - Text 'manaki' is set on object 'Object Repository/TS1_POS_CashSale_DBC/New_Interface/Page_Frameworks (Demo)/input_User ID_userid'

15-09-2024T13:10:27 - [TEST_STEP][PASSED] - setEncryptedText(findTestObject("Object Repository/TS1_POS_CashSale_DBC/New_Interface/Page_Frameworks (Demo)/input_Password_password"), "FHoXGFMjtD0="): Text ****** has been set on object 'Object Repository/TS1_POS_CashSale_DBC/New_Interface/Page_Frameworks (Demo)/input_Password_password'

15-09-2024T13:10:28 - [MESSAGE][PASSED] - Text ****** has been set on object 'Object Repository/TS1_POS_CashSale_DBC/New_Interface/Page_Frameworks (Demo)/input_Password_password'

15-09-2024T13:10:28 - [TEST_STEP][PASSED] - click(findTestObject("Object Repository/TS1_POS_CashSale_DBC/New_Interface/Page_Frameworks (Demo)/div_Login")): Object: 'Object Repository/TS1_POS_CashSale_DBC/New_Interface/Page_Frameworks (Demo)/div_Login' is clicked on

15-09-2024T13:10:28 - [MESSAGE][PASSED] - Object: 'Object Repository/TS1_POS_CashSale_DBC/New_Interface/Page_Frameworks (Demo)/div_Login' is clicked on

15-09-2024T13:10:28 - [TEST_STEP][PASSED] - click(findTestObject("Object Repository/TS1_POS_CashSale_DBC/New_Interface/Page_Frameworks (Demo)/img_MenuIcon")): Object: 'Object Repository/TS1_POS_CashSale_DBC/New_Interface/Page_Frameworks (Demo)/img_MenuIcon' is clicked on

15-09-2024T13:10:34 - [MESSAGE][PASSED] - Object: 'Object Repository/TS1_POS_CashSale_DBC/New_Interface/Page_Frameworks (Demo)/img_MenuIcon' is clicked on

15-09-2024T13:10:34 - [TEST_STEP][PASSED] - click(findTestObject("Object Repository/TS1_POS_CashSale_DBC/New_Interface/Page_Frameworks (Demo)/b_Transaction Processing")): Object: 'Object Repository/TS1_POS_CashSale_DBC/New_Interface/Page_Frameworks (Demo)/b_Transaction Processing' is clicked on

15-09-2024T13:10:35 - [MESSAGE][PASSED] - Object: 'Object Repository/TS1_POS_CashSale_DBC/New_Interface/Page_Frameworks (Demo)/b_Transaction Processing' is clicked on

15-09-2024T13:10:35 - [TEST_STEP][PASSED] - click(findTestObject("Object Repository/TS1_POS_CashSale_DBC/New_Interface/Page_Frameworks (Demo)/td_Point Of Sale")): Object: 'Object Repository/TS1_POS_CashSale_DBC/New_Interface/Page_Frameworks (Demo)/td_Point Of Sale' is clicked on

15-09-2024T13:10:36 - [MESSAGE][PASSED] - Object: 'Object Repository/TS1_POS_CashSale_DBC/New_Interface/Page_Frameworks (Demo)/td_Point Of Sale' is clicked on

15-09-2024T13:10:36 - [TEST_STEP][PASSED] - invoiceNum = getText(findTestObject("Object Repository/TS1_POS_CashSale_DBC/New_Interface/Page_Frameworks (Demo)/div_invoiceNum")): Text of object 'Object Repository/TS1_POS_CashSale_DBC/New_Interface/Page_Frameworks (Demo)/div_invoiceNum' is: '20217582'

15-09-2024T13:10:42 - [MESSAGE][PASSED] - Text of object 'Object Repository/TS1_POS_CashSale_DBC/New_Interface/Page_Frameworks (Demo)/div_invoiceNum' is: '20217582'

15-09-2024T13:10:42 - [TEST_STEP][PASSED] - setText(findTestObject("Object Repository/TS1_POS_CashSale_DBC/New_Interface/Page_Frameworks (Demo)/input_P_prodId"), "594"): Text '594' is set on object 'Object Repository/TS1_POS_CashSale_DBC/New_Interface/Page_Frameworks (Demo)/input_P_prodId'

15-09-2024T13:10:43 - [MESSAGE][PASSED] - Text '594' is set on object 'Object Repository/TS1_POS_CashSale_DBC/New_Interface/Page_Frameworks (Demo)/input_P_prodId'

15-09-2024T13:10:43 - [TEST_STEP][PASSED] - click(findTestObject("Object Repository/TS1_POS_CashSale_DBC/New_Interface/Page_Frameworks (Demo)/input_Quantity_quantityOrdered")): Object: 'Object Repository/TS1_POS_CashSale_DBC/New_Interface/Page_Frameworks (Demo)/input_Quantity_quantityOrdered' is clicked on

15-09-2024T13:10:44 - [MESSAGE][PASSED] - Object: 'Object Repository/TS1_POS_CashSale_DBC/New_Interface/Page_Frameworks (Demo)/input_Quantity_quantityOrdered' is clicked on

15-09-2024T13:10:44 - [TEST_STEP][PASSED] - click(findTestObject("Object Repository/TS1_POS_CashSale_DBC/New_Interface/Page_Frameworks (Demo)/img_add")): Object: 'Object Repository/TS1_POS_CashSale_DBC/New_Interface/Page_Frameworks (Demo)/img_add' is clicked on

15-09-2024T13:10:45 - [MESSAGE][PASSED] - Object: 'Object Repository/TS1_POS_CashSale_DBC/New_Interface/Page_Frameworks (Demo)/img_add' is clicked on

15-09-2024T13:10:45 - [TEST_STEP][PASSED] - delay(2): Delayed 2 second(s)

15-09-2024T13:10:47 - [MESSAGE][PASSED] - Delayed 2 second(s)

15-09-2024T13:10:47 - [TEST_STEP][PASSED] - takeFullPageScreenshot(): Taking screenshot successfully

15-09-2024T13:10:49 - [MESSAGE][INFO] - 0 hidden object(s)

15-09-2024T13:10:49 - [MESSAGE][PASSED] - Taking screenshot successfully
[[ATTACHMENT|C:\\Users\\User\\git\\frameworks-regression-test-automation\\Reports\\20240915_130952\\DBC_Instance\\PointofSale_Module\\New_Interface\\TS1_and_TS2\\20240915_130952\\1726369848045.png]]

15-09-2024T13:10:49 - [TEST_STEP][PASSED] - setText(findTestObject("Object Repository/TS1_POS_CashSale_DBC/New_Interface/Page_Frameworks (Demo)/input_P_prodId"), "pfr7035"): Text 'pfr7035' is set on object 'Object Repository/TS1_POS_CashSale_DBC/New_Interface/Page_Frameworks (Demo)/input_P_prodId'

15-09-2024T13:10:50 - [MESSAGE][PASSED] - Text 'pfr7035' is set on object 'Object Repository/TS1_POS_CashSale_DBC/New_Interface/Page_Frameworks (Demo)/input_P_prodId'

15-09-2024T13:10:50 - [TEST_STEP][PASSED] - click(findTestObject("Object Repository/TS1_POS_CashSale_DBC/New_Interface/Page_Frameworks (Demo)/input_Quantity_quantityOrdered")): Object: 'Object Repository/TS1_POS_CashSale_DBC/New_Interface/Page_Frameworks (Demo)/input_Quantity_quantityOrdered' is clicked on

15-09-2024T13:10:51 - [MESSAGE][PASSED] - Object: 'Object Repository/TS1_POS_CashSale_DBC/New_Interface/Page_Frameworks (Demo)/input_Quantity_quantityOrdered' is clicked on

15-09-2024T13:10:51 - [TEST_STEP][PASSED] - click(findTestObject("Object Repository/TS1_POS_CashSale_DBC/New_Interface/Page_Frameworks (Demo)/td_Tally Maintenance")): Object: 'Object Repository/TS1_POS_CashSale_DBC/New_Interface/Page_Frameworks (Demo)/td_Tally Maintenance' is clicked on

15-09-2024T13:10:55 - [MESSAGE][PASSED] - Object: 'Object Repository/TS1_POS_CashSale_DBC/New_Interface/Page_Frameworks (Demo)/td_Tally Maintenance' is clicked on

15-09-2024T13:10:55 - [TEST_STEP][PASSED] - click(findTestObject("Object Repository/TS1_POS_CashSale_DBC/New_Interface/Page_Frameworks (Demo)/div_Quantity_Col")): Object: 'Object Repository/TS1_POS_CashSale_DBC/New_Interface/Page_Frameworks (Demo)/div_Quantity_Col' is clicked on

15-09-2024T13:10:56 - [MESSAGE][PASSED] - Object: 'Object Repository/TS1_POS_CashSale_DBC/New_Interface/Page_Frameworks (Demo)/div_Quantity_Col' is clicked on

15-09-2024T13:10:56 - [TEST_STEP][PASSED] - sendKeys(findTestObject("Object Repository/TS1_POS_CashSale_DBC/New_Interface/Page_Frameworks (Demo)/input_LM_tallyQuantity"), "1"): Keys '1' sent to object: 'Object Repository/TS1_POS_CashSale_DBC/New_Interface/Page_Frameworks (Demo)/input_LM_tallyQuantity'

15-09-2024T13:10:56 - [MESSAGE][PASSED] - Keys '1' sent to object: 'Object Repository/TS1_POS_CashSale_DBC/New_Interface/Page_Frameworks (Demo)/input_LM_tallyQuantity'

15-09-2024T13:10:56 - [TEST_STEP][PASSED] - click(findTestObject("Object Repository/TS1_POS_CashSale_DBC/New_Interface/Page_Frameworks (Demo)/div_Length_Col")): Object: 'Object Repository/TS1_POS_CashSale_DBC/New_Interface/Page_Frameworks (Demo)/div_Length_Col' is clicked on

15-09-2024T13:10:57 - [MESSAGE][PASSED] - Object: 'Object Repository/TS1_POS_CashSale_DBC/New_Interface/Page_Frameworks (Demo)/div_Length_Col' is clicked on

15-09-2024T13:10:57 - [TEST_STEP][PASSED] - sendKeys(findTestObject("Object Repository/TS1_POS_CashSale_DBC/New_Interface/Page_Frameworks (Demo)/input_LM_tallyLength"), "3"): Keys '3' sent to object: 'Object Repository/TS1_POS_CashSale_DBC/New_Interface/Page_Frameworks (Demo)/input_LM_tallyLength'

15-09-2024T13:10:58 - [MESSAGE][PASSED] - Keys '3' sent to object: 'Object Repository/TS1_POS_CashSale_DBC/New_Interface/Page_Frameworks (Demo)/input_LM_tallyLength'

15-09-2024T13:10:58 - [TEST_STEP][PASSED] - click(findTestObject("Object Repository/TS1_POS_CashSale_DBC/New_Interface/Page_Frameworks (Demo)/td_Add")): Object: 'Object Repository/TS1_POS_CashSale_DBC/New_Interface/Page_Frameworks (Demo)/td_Add' is clicked on

15-09-2024T13:10:58 - [MESSAGE][PASSED] - Object: 'Object Repository/TS1_POS_CashSale_DBC/New_Interface/Page_Frameworks (Demo)/td_Add' is clicked on

15-09-2024T13:10:58 - [TEST_STEP][PASSED] - sendKeys(findTestObject("Object Repository/TS1_POS_CashSale_DBC/New_Interface/Page_Frameworks (Demo)/input_LM_tallyQuantity_1_2"), "1"): Keys '1' sent to object: 'Object Repository/TS1_POS_CashSale_DBC/New_Interface/Page_Frameworks (Demo)/input_LM_tallyQuantity_1_2'

15-09-2024T13:11:00 - [MESSAGE][PASSED] - Keys '1' sent to object: 'Object Repository/TS1_POS_CashSale_DBC/New_Interface/Page_Frameworks (Demo)/input_LM_tallyQuantity_1_2'

15-09-2024T13:11:00 - [TEST_STEP][PASSED] - click(findTestObject("Object Repository/TS1_POS_CashSale_DBC/New_Interface/Page_Frameworks (Demo)/div_Length_Col_Row2")): Object: 'Object Repository/TS1_POS_CashSale_DBC/New_Interface/Page_Frameworks (Demo)/div_Length_Col_Row2' is clicked on

15-09-2024T13:11:00 - [MESSAGE][PASSED] - Object: 'Object Repository/TS1_POS_CashSale_DBC/New_Interface/Page_Frameworks (Demo)/div_Length_Col_Row2' is clicked on

15-09-2024T13:11:00 - [TEST_STEP][PASSED] - sendKeys(findTestObject("Object Repository/TS1_POS_CashSale_DBC/New_Interface/Page_Frameworks (Demo)/input_LM_tallyLength_1_2"), "2"): Keys '2' sent to object: 'Object Repository/TS1_POS_CashSale_DBC/New_Interface/Page_Frameworks (Demo)/input_LM_tallyLength_1_2'

15-09-2024T13:11:01 - [MESSAGE][PASSED] - Keys '2' sent to object: 'Object Repository/TS1_POS_CashSale_DBC/New_Interface/Page_Frameworks (Demo)/input_LM_tallyLength_1_2'

15-09-2024T13:11:01 - [TEST_STEP][PASSED] - delay(2): Delayed 2 second(s)

15-09-2024T13:11:03 - [MESSAGE][PASSED] - Delayed 2 second(s)

15-09-2024T13:11:03 - [TEST_STEP][PASSED] - takeFullPageScreenshot(): Taking screenshot successfully

15-09-2024T13:11:04 - [MESSAGE][INFO] - 0 hidden object(s)

15-09-2024T13:11:04 - [MESSAGE][PASSED] - Taking screenshot successfully
[[ATTACHMENT|C:\\Users\\User\\git\\frameworks-regression-test-automation\\Reports\\20240915_130952\\DBC_Instance\\PointofSale_Module\\New_Interface\\TS1_and_TS2\\20240915_130952\\1726369863743.png]]

15-09-2024T13:11:04 - [TEST_STEP][PASSED] - click(findTestObject("Object Repository/TS1_POS_CashSale_DBC/New_Interface/Page_Frameworks (Demo)/td_SaveClose (S)")): Object: 'Object Repository/TS1_POS_CashSale_DBC/New_Interface/Page_Frameworks (Demo)/td_SaveClose (S)' is clicked on

15-09-2024T13:11:05 - [MESSAGE][PASSED] - Object: 'Object Repository/TS1_POS_CashSale_DBC/New_Interface/Page_Frameworks (Demo)/td_SaveClose (S)' is clicked on

15-09-2024T13:11:05 - [TEST_STEP][PASSED] - click(findTestObject("Object Repository/TS1_POS_CashSale_DBC/New_Interface/Page_Frameworks (Demo)/img_add")): Object: 'Object Repository/TS1_POS_CashSale_DBC/New_Interface/Page_Frameworks (Demo)/img_add' is clicked on

15-09-2024T13:11:07 - [MESSAGE][PASSED] - Object: 'Object Repository/TS1_POS_CashSale_DBC/New_Interface/Page_Frameworks (Demo)/img_add' is clicked on

15-09-2024T13:11:07 - [TEST_STEP][PASSED] - delay(2): Delayed 2 second(s)

15-09-2024T13:11:09 - [MESSAGE][PASSED] - Delayed 2 second(s)

15-09-2024T13:11:09 - [TEST_STEP][PASSED] - takeFullPageScreenshot(): Taking screenshot successfully

15-09-2024T13:11:10 - [MESSAGE][INFO] - 0 hidden object(s)

15-09-2024T13:11:10 - [MESSAGE][PASSED] - Taking screenshot successfully
[[ATTACHMENT|C:\\Users\\User\\git\\frameworks-regression-test-automation\\Reports\\20240915_130952\\DBC_Instance\\PointofSale_Module\\New_Interface\\TS1_and_TS2\\20240915_130952\\1726369869839.png]]

15-09-2024T13:11:10 - [TEST_STEP][PASSED] - click(findTestObject("Object Repository/TS1_POS_CashSale_DBC/New_Interface/Page_Frameworks (Demo)/div_FinishSale (S)")): Object: 'Object Repository/TS1_POS_CashSale_DBC/New_Interface/Page_Frameworks (Demo)/div_FinishSale (S)' is clicked on

15-09-2024T13:11:11 - [MESSAGE][PASSED] - Object: 'Object Repository/TS1_POS_CashSale_DBC/New_Interface/Page_Frameworks (Demo)/div_FinishSale (S)' is clicked on

15-09-2024T13:11:11 - [TEST_STEP][PASSED] - click(findTestObject("Object Repository/TS1_POS_CashSale_DBC/New_Interface/Page_Frameworks (Demo)/div_100 Cash")): Object: 'Object Repository/TS1_POS_CashSale_DBC/New_Interface/Page_Frameworks (Demo)/div_100 Cash' is clicked on

15-09-2024T13:11:16 - [MESSAGE][PASSED] - Object: 'Object Repository/TS1_POS_CashSale_DBC/New_Interface/Page_Frameworks (Demo)/div_100 Cash' is clicked on

15-09-2024T13:11:16 - [TEST_STEP][PASSED] - delay(2): Delayed 2 second(s)

15-09-2024T13:11:18 - [MESSAGE][PASSED] - Delayed 2 second(s)

15-09-2024T13:11:18 - [TEST_STEP][PASSED] - takeFullPageScreenshot(): Taking screenshot successfully

15-09-2024T13:11:19 - [MESSAGE][INFO] - 0 hidden object(s)

15-09-2024T13:11:19 - [MESSAGE][PASSED] - Taking screenshot successfully
[[ATTACHMENT|C:\\Users\\User\\git\\frameworks-regression-test-automation\\Reports\\20240915_130952\\DBC_Instance\\PointofSale_Module\\New_Interface\\TS1_and_TS2\\20240915_130952\\1726369878724.png]]

15-09-2024T13:11:20 - [TEST_STEP][PASSED] - click(findTestObject("Object Repository/TS1_POS_CashSale_DBC/New_Interface/Page_Frameworks (Demo)/td_SaveClose (S)")): Object: 'Object Repository/TS1_POS_CashSale_DBC/New_Interface/Page_Frameworks (Demo)/td_SaveClose (S)' is clicked on

15-09-2024T13:11:20 - [MESSAGE][PASSED] - Object: 'Object Repository/TS1_POS_CashSale_DBC/New_Interface/Page_Frameworks (Demo)/td_SaveClose (S)' is clicked on

15-09-2024T13:11:20 - [TEST_STEP][PASSED] - click(findTestObject("Object Repository/TS2_POS_AccountSale_DBC/New_Interface/Page_Frameworks (Demo)/img_AccountDropdown")): Object: 'Object Repository/TS2_POS_AccountSale_DBC/New_Interface/Page_Frameworks (Demo)/img_AccountDropdown' is clicked on

15-09-2024T13:11:23 - [MESSAGE][PASSED] - Object: 'Object Repository/TS2_POS_AccountSale_DBC/New_Interface/Page_Frameworks (Demo)/img_AccountDropdown' is clicked on

15-09-2024T13:11:23 - [TEST_STEP][PASSED] - click(findTestObject("Object Repository/TS2_POS_AccountSale_DBC/New_Interface/Page_Frameworks (Demo)/div_Logout")): Object: 'Object Repository/TS2_POS_AccountSale_DBC/New_Interface/Page_Frameworks (Demo)/div_Logout' is clicked on

15-09-2024T13:11:23 - [MESSAGE][PASSED] - Object: 'Object Repository/TS2_POS_AccountSale_DBC/New_Interface/Page_Frameworks (Demo)/div_Logout' is clicked on]]></system-out>
         <system-err><![CDATA[]]></system-err>
      </testcase>
      <testcase name="Test Cases/DBC_Instance/PointofSale_Module/TS2_POS_AccountSale/POS_AccountSale - New" time="81.905" classname="Test Cases/DBC_Instance/PointofSale_Module/TS2_POS_AccountSale/POS_AccountSale - New" status="FAILED">
         <failure type="FAILED" message="Test Cases/DBC_Instance/PointofSale_Module/TS2_POS_AccountSale/POS_AccountSale - New FAILED.&#xa;Reason:&#xa;com.kms.katalon.core.exception.StepFailedException: Unable to verify text '20217584' is present &#xa;	at com.kms.katalon.core.webui.keyword.internal.WebUIKeywordMain.stepFailed(WebUIKeywordMain.groovy:64)&#xa;	at com.kms.katalon.core.webui.keyword.internal.WebUIKeywordMain.runKeyword(WebUIKeywordMain.groovy:26)&#xa;	at com.kms.katalon.core.webui.keyword.builtin.VerifyTextPresentKeyword.verifyTextPresent(VerifyTextPresentKeyword.groovy:83)&#xa;	at com.kms.katalon.core.webui.keyword.builtin.VerifyTextPresentKeyword.execute(VerifyTextPresentKeyword.groovy:68)&#xa;	at com.kms.katalon.core.keyword.internal.KeywordExecutor.executeKeywordForPlatform(KeywordExecutor.groovy:74)&#xa;	at com.kms.katalon.core.webui.keyword.WebUiBuiltInKeywords.verifyTextPresent(WebUiBuiltInKeywords.groovy:1762)&#xa;	at POS_AccountSale - New.run(POS_AccountSale - New:116)&#xa;	at com.kms.katalon.core.main.ScriptEngine.run(ScriptEngine.java:194)&#xa;	at com.kms.katalon.core.main.ScriptEngine.runScriptAsRawText(ScriptEngine.java:119)&#xa;	at com.kms.katalon.core.main.TestCaseExecutor.runScript(TestCaseExecutor.java:448)&#xa;	at com.kms.katalon.core.main.TestCaseExecutor.doExecute(TestCaseExecutor.java:439)&#xa;	at com.kms.katalon.core.main.TestCaseExecutor.processExecutionPhase(TestCaseExecutor.java:418)&#xa;	at com.kms.katalon.core.main.TestCaseExecutor.accessMainPhase(TestCaseExecutor.java:410)&#xa;	at com.kms.katalon.core.main.TestCaseExecutor.execute(TestCaseExecutor.java:285)&#xa;	at com.kms.katalon.core.common.CommonExecutor.accessTestCaseMainPhase(CommonExecutor.java:65)&#xa;	at com.kms.katalon.core.main.TestSuiteExecutor.accessTestSuiteMainPhase(TestSuiteExecutor.java:150)&#xa;	at com.kms.katalon.core.main.TestSuiteExecutor.execute(TestSuiteExecutor.java:106)&#xa;	at com.kms.katalon.core.main.TestCaseMain.startTestSuite(TestCaseMain.java:180)&#xa;	at TempTestSuite1726369792617.run(TempTestSuite1726369792617.groovy:35)&#xa;	at java.base/jdk.internal.reflect.NativeMethodAccessorImpl.invoke0(Native Method)&#xa;	at java.base/jdk.internal.reflect.NativeMethodAccessorImpl.invoke(NativeMethodAccessorImpl.java:77)&#xa;	at java.base/jdk.internal.reflect.DelegatingMethodAccessorImpl.invoke(DelegatingMethodAccessorImpl.java:43)&#xa;Caused by: com.kms.katalon.core.exception.StepFailedException: Text '20217584' is not present on page &#xa;	at com.kms.katalon.core.webui.keyword.internal.WebUIKeywordMain.stepFailed(WebUIKeywordMain.groovy:64)&#xa;	at com.kms.katalon.core.webui.keyword.builtin.VerifyTextPresentKeyword$_verifyTextPresent_closure1.doCall(VerifyTextPresentKeyword.groovy:79)&#xa;	at com.kms.katalon.core.webui.keyword.builtin.VerifyTextPresentKeyword$_verifyTextPresent_closure1.call(VerifyTextPresentKeyword.groovy)&#xa;	at com.kms.katalon.core.webui.keyword.internal.WebUIKeywordMain.runKeyword(WebUIKeywordMain.groovy:20)&#xa;	... 20 more&#xa;"/>
         <system-out><![CDATA[15-09-2024T13:11:23 - [TEST_CASE][FAILED] - Test Cases/DBC_Instance/PointofSale_Module/TS2_POS_AccountSale/POS_AccountSale - New: Test Cases/DBC_Instance/PointofSale_Module/TS2_POS_AccountSale/POS_AccountSale - New FAILED.
Reason:
com.kms.katalon.core.exception.StepFailedException: Unable to verify text '20217584' is present 
	at com.kms.katalon.core.webui.keyword.internal.WebUIKeywordMain.stepFailed(WebUIKeywordMain.groovy:64)
	at com.kms.katalon.core.webui.keyword.internal.WebUIKeywordMain.runKeyword(WebUIKeywordMain.groovy:26)
	at com.kms.katalon.core.webui.keyword.builtin.VerifyTextPresentKeyword.verifyTextPresent(VerifyTextPresentKeyword.groovy:83)
	at com.kms.katalon.core.webui.keyword.builtin.VerifyTextPresentKeyword.execute(VerifyTextPresentKeyword.groovy:68)
	at com.kms.katalon.core.keyword.internal.KeywordExecutor.executeKeywordForPlatform(KeywordExecutor.groovy:74)
	at com.kms.katalon.core.webui.keyword.WebUiBuiltInKeywords.verifyTextPresent(WebUiBuiltInKeywords.groovy:1762)
	at POS_AccountSale - New.run(POS_AccountSale - New:116)
	at com.kms.katalon.core.main.ScriptEngine.run(ScriptEngine.java:194)
	at com.kms.katalon.core.main.ScriptEngine.runScriptAsRawText(ScriptEngine.java:119)
	at com.kms.katalon.core.main.TestCaseExecutor.runScript(TestCaseExecutor.java:448)
	at com.kms.katalon.core.main.TestCaseExecutor.doExecute(TestCaseExecutor.java:439)
	at com.kms.katalon.core.main.TestCaseExecutor.processExecutionPhase(TestCaseExecutor.java:418)
	at com.kms.katalon.core.main.TestCaseExecutor.accessMainPhase(TestCaseExecutor.java:410)
	at com.kms.katalon.core.main.TestCaseExecutor.execute(TestCaseExecutor.java:285)
	at com.kms.katalon.core.common.CommonExecutor.accessTestCaseMainPhase(CommonExecutor.java:65)
	at com.kms.katalon.core.main.TestSuiteExecutor.accessTestSuiteMainPhase(TestSuiteExecutor.java:150)
	at com.kms.katalon.core.main.TestSuiteExecutor.execute(TestSuiteExecutor.java:106)
	at com.kms.katalon.core.main.TestCaseMain.startTestSuite(TestCaseMain.java:180)
	at TempTestSuite1726369792617.run(TempTestSuite1726369792617.groovy:35)
	at java.base/jdk.internal.reflect.NativeMethodAccessorImpl.invoke0(Native Method)
	at java.base/jdk.internal.reflect.NativeMethodAccessorImpl.invoke(NativeMethodAccessorImpl.java:77)
	at java.base/jdk.internal.reflect.DelegatingMethodAccessorImpl.invoke(DelegatingMethodAccessorImpl.java:43)
Caused by: com.kms.katalon.core.exception.StepFailedException: Text '20217584' is not present on page 
	at com.kms.katalon.core.webui.keyword.internal.WebUIKeywordMain.stepFailed(WebUIKeywordMain.groovy:64)
	at com.kms.katalon.core.webui.keyword.builtin.VerifyTextPresentKeyword$_verifyTextPresent_closure1.doCall(VerifyTextPresentKeyword.groovy:79)
	at com.kms.katalon.core.webui.keyword.builtin.VerifyTextPresentKeyword$_verifyTextPresent_closure1.call(VerifyTextPresentKeyword.groovy)
	at com.kms.katalon.core.webui.keyword.internal.WebUIKeywordMain.runKeyword(WebUIKeywordMain.groovy:20)
	... 20 more


15-09-2024T13:11:24 - [TEST_STEP][PASSED] - openBrowser(""): Browser is opened with url: ''

15-09-2024T13:11:24 - [MESSAGE][WARNING] - A browser is already opened. Closing browser and opening a new one

15-09-2024T13:11:24 - [MESSAGE][INFO] - Starting 'Chrome' driver

15-09-2024T13:11:24 - [MESSAGE][INFO] - Action delay is set to 0 milliseconds

15-09-2024T13:11:25 - [MESSAGE][PASSED] - Browser is opened with url: ''

15-09-2024T13:11:25 - [TEST_STEP][PASSED] - maximizeWindow(): Current window maximized

15-09-2024T13:11:25 - [MESSAGE][PASSED] - Current window maximized

15-09-2024T13:11:25 - [TEST_STEP][PASSED] - navigateToUrl("http://frameworks.dahlsens.com.au:8080/FWDemo/Fluid.html#homeDashboard,dash,Frameworks.Activity.Menu.HomeDashBoard"): Navigate to 'http://frameworks.dahlsens.com.au:8080/FWDemo/Fluid.html#homeDashboard,dash,Frameworks.Activity.Menu.HomeDashBoard' successfully

15-09-2024T13:11:31 - [MESSAGE][PASSED] - Navigate to 'http://frameworks.dahlsens.com.au:8080/FWDemo/Fluid.html#homeDashboard,dash,Frameworks.Activity.Menu.HomeDashBoard' successfully

15-09-2024T13:11:31 - [TEST_STEP][PASSED] - setText(findTestObject("Object Repository/TS2_POS_AccountSale_DBC/New_Interface/Page_Frameworks (Demo)/input_User ID_userid"), userName): Text 'manaki' is set on object 'Object Repository/TS2_POS_AccountSale_DBC/New_Interface/Page_Frameworks (Demo)/input_User ID_userid'

15-09-2024T13:11:35 - [MESSAGE][PASSED] - Text 'manaki' is set on object 'Object Repository/TS2_POS_AccountSale_DBC/New_Interface/Page_Frameworks (Demo)/input_User ID_userid'

15-09-2024T13:11:35 - [TEST_STEP][PASSED] - setEncryptedText(findTestObject("Object Repository/TS2_POS_AccountSale_DBC/New_Interface/Page_Frameworks (Demo)/input_Password_password"), "FHoXGFMjtD0="): Text ****** has been set on object 'Object Repository/TS2_POS_AccountSale_DBC/New_Interface/Page_Frameworks (Demo)/input_Password_password'

15-09-2024T13:11:36 - [MESSAGE][PASSED] - Text ****** has been set on object 'Object Repository/TS2_POS_AccountSale_DBC/New_Interface/Page_Frameworks (Demo)/input_Password_password'

15-09-2024T13:11:36 - [TEST_STEP][PASSED] - click(findTestObject("Object Repository/TS2_POS_AccountSale_DBC/New_Interface/Page_Frameworks (Demo)/div_Login")): Object: 'Object Repository/TS2_POS_AccountSale_DBC/New_Interface/Page_Frameworks (Demo)/div_Login' is clicked on

15-09-2024T13:11:36 - [MESSAGE][PASSED] - Object: 'Object Repository/TS2_POS_AccountSale_DBC/New_Interface/Page_Frameworks (Demo)/div_Login' is clicked on

15-09-2024T13:11:36 - [TEST_STEP][PASSED] - click(findTestObject("Object Repository/TS2_POS_AccountSale_DBC/New_Interface/Page_Frameworks (Demo)/img_MenuIcon")): Object: 'Object Repository/TS2_POS_AccountSale_DBC/New_Interface/Page_Frameworks (Demo)/img_MenuIcon' is clicked on

15-09-2024T13:11:41 - [MESSAGE][PASSED] - Object: 'Object Repository/TS2_POS_AccountSale_DBC/New_Interface/Page_Frameworks (Demo)/img_MenuIcon' is clicked on

15-09-2024T13:11:41 - [TEST_STEP][PASSED] - click(findTestObject("Object Repository/TS2_POS_AccountSale_DBC/New_Interface/Page_Frameworks (Demo)/b_Transaction Processing")): Object: 'Object Repository/TS2_POS_AccountSale_DBC/New_Interface/Page_Frameworks (Demo)/b_Transaction Processing' is clicked on

15-09-2024T13:11:42 - [MESSAGE][PASSED] - Object: 'Object Repository/TS2_POS_AccountSale_DBC/New_Interface/Page_Frameworks (Demo)/b_Transaction Processing' is clicked on

15-09-2024T13:11:42 - [TEST_STEP][PASSED] - click(findTestObject("Object Repository/TS2_POS_AccountSale_DBC/New_Interface/Page_Frameworks (Demo)/td_Point Of Sale")): Object: 'Object Repository/TS2_POS_AccountSale_DBC/New_Interface/Page_Frameworks (Demo)/td_Point Of Sale' is clicked on

15-09-2024T13:11:44 - [MESSAGE][PASSED] - Object: 'Object Repository/TS2_POS_AccountSale_DBC/New_Interface/Page_Frameworks (Demo)/td_Point Of Sale' is clicked on

15-09-2024T13:11:44 - [TEST_STEP][PASSED] - setText(findTestObject("Object Repository/TS2_POS_AccountSale_DBC/New_Interface/Page_Frameworks (Demo)/input_m_customerIdX"), "Joe Chila (3379)"): Text 'Joe Chila (3379)' is set on object 'Object Repository/TS2_POS_AccountSale_DBC/New_Interface/Page_Frameworks (Demo)/input_m_customerIdX'

15-09-2024T13:11:51 - [MESSAGE][PASSED] - Text 'Joe Chila (3379)' is set on object 'Object Repository/TS2_POS_AccountSale_DBC/New_Interface/Page_Frameworks (Demo)/input_m_customerIdX'

15-09-2024T13:11:51 - [TEST_STEP][PASSED] - click(findTestObject("Object Repository/TS2_POS_AccountSale_DBC/New_Interface/Page_Frameworks (Demo)/div_JOE CHILA (3379)")): Object: 'Object Repository/TS2_POS_AccountSale_DBC/New_Interface/Page_Frameworks (Demo)/div_JOE CHILA (3379)' is clicked on

15-09-2024T13:11:57 - [MESSAGE][PASSED] - Object: 'Object Repository/TS2_POS_AccountSale_DBC/New_Interface/Page_Frameworks (Demo)/div_JOE CHILA (3379)' is clicked on

15-09-2024T13:11:57 - [TEST_STEP][PASSED] - click(findTestObject("Object Repository/TS2_POS_AccountSale_DBC/New_Interface/Page_Frameworks (Demo)/div_invoiceNum")): Object: 'Object Repository/TS2_POS_AccountSale_DBC/New_Interface/Page_Frameworks (Demo)/div_invoiceNum' is clicked on

15-09-2024T13:11:57 - [MESSAGE][PASSED] - Object: 'Object Repository/TS2_POS_AccountSale_DBC/New_Interface/Page_Frameworks (Demo)/div_invoiceNum' is clicked on

15-09-2024T13:11:57 - [TEST_STEP][PASSED] - invoiceNum = getText(findTestObject("Object Repository/TS2_POS_AccountSale_DBC/New_Interface/Page_Frameworks (Demo)/div_invoiceNum")): Text of object 'Object Repository/TS2_POS_AccountSale_DBC/New_Interface/Page_Frameworks (Demo)/div_invoiceNum' is: '20217584'

15-09-2024T13:11:59 - [MESSAGE][PASSED] - Text of object 'Object Repository/TS2_POS_AccountSale_DBC/New_Interface/Page_Frameworks (Demo)/div_invoiceNum' is: '20217584'

15-09-2024T13:11:59 - [TEST_STEP][PASSED] - setText(findTestObject("Object Repository/TS2_POS_AccountSale_DBC/New_Interface/Page_Frameworks (Demo)/input_P_prodId"), "594"): Text '594' is set on object 'Object Repository/TS2_POS_AccountSale_DBC/New_Interface/Page_Frameworks (Demo)/input_P_prodId'

15-09-2024T13:12:00 - [MESSAGE][PASSED] - Text '594' is set on object 'Object Repository/TS2_POS_AccountSale_DBC/New_Interface/Page_Frameworks (Demo)/input_P_prodId'

15-09-2024T13:12:00 - [TEST_STEP][PASSED] - click(findTestObject("Object Repository/TS2_POS_AccountSale_DBC/New_Interface/Page_Frameworks (Demo)/input_Quantity_quantityOrdered")): Object: 'Object Repository/TS2_POS_AccountSale_DBC/New_Interface/Page_Frameworks (Demo)/input_Quantity_quantityOrdered' is clicked on

15-09-2024T13:12:01 - [MESSAGE][PASSED] - Object: 'Object Repository/TS2_POS_AccountSale_DBC/New_Interface/Page_Frameworks (Demo)/input_Quantity_quantityOrdered' is clicked on

15-09-2024T13:12:01 - [TEST_STEP][PASSED] - click(findTestObject("Object Repository/TS2_POS_AccountSale_DBC/New_Interface/Page_Frameworks (Demo)/img_add")): Object: 'Object Repository/TS2_POS_AccountSale_DBC/New_Interface/Page_Frameworks (Demo)/img_add' is clicked on

15-09-2024T13:12:02 - [MESSAGE][PASSED] - Object: 'Object Repository/TS2_POS_AccountSale_DBC/New_Interface/Page_Frameworks (Demo)/img_add' is clicked on

15-09-2024T13:12:02 - [TEST_STEP][PASSED] - delay(2): Delayed 2 second(s)

15-09-2024T13:12:04 - [MESSAGE][PASSED] - Delayed 2 second(s)

15-09-2024T13:12:04 - [TEST_STEP][PASSED] - takeFullPageScreenshot(): Taking screenshot successfully

15-09-2024T13:12:05 - [MESSAGE][INFO] - 0 hidden object(s)

15-09-2024T13:12:06 - [MESSAGE][PASSED] - Taking screenshot successfully
[[ATTACHMENT|C:\\Users\\User\\git\\frameworks-regression-test-automation\\Reports\\20240915_130952\\DBC_Instance\\PointofSale_Module\\New_Interface\\TS1_and_TS2\\20240915_130952\\1726369924841.png]]

15-09-2024T13:12:06 - [TEST_STEP][PASSED] - setText(findTestObject("Object Repository/TS2_POS_AccountSale_DBC/New_Interface/Page_Frameworks (Demo)/input_P_prodId"), "pfr7035"): Text 'pfr7035' is set on object 'Object Repository/TS2_POS_AccountSale_DBC/New_Interface/Page_Frameworks (Demo)/input_P_prodId'

15-09-2024T13:12:06 - [MESSAGE][PASSED] - Text 'pfr7035' is set on object 'Object Repository/TS2_POS_AccountSale_DBC/New_Interface/Page_Frameworks (Demo)/input_P_prodId'

15-09-2024T13:12:06 - [TEST_STEP][PASSED] - click(findTestObject("Object Repository/TS2_POS_AccountSale_DBC/New_Interface/Page_Frameworks (Demo)/input_Quantity_quantityOrdered")): Object: 'Object Repository/TS2_POS_AccountSale_DBC/New_Interface/Page_Frameworks (Demo)/input_Quantity_quantityOrdered' is clicked on

15-09-2024T13:12:07 - [MESSAGE][PASSED] - Object: 'Object Repository/TS2_POS_AccountSale_DBC/New_Interface/Page_Frameworks (Demo)/input_Quantity_quantityOrdered' is clicked on

15-09-2024T13:12:07 - [TEST_STEP][PASSED] - click(findTestObject("Object Repository/TS2_POS_AccountSale_DBC/New_Interface/Page_Frameworks (Demo)/td_Tally Maintenance")): Object: 'Object Repository/TS2_POS_AccountSale_DBC/New_Interface/Page_Frameworks (Demo)/td_Tally Maintenance' is clicked on

15-09-2024T13:12:10 - [MESSAGE][PASSED] - Object: 'Object Repository/TS2_POS_AccountSale_DBC/New_Interface/Page_Frameworks (Demo)/td_Tally Maintenance' is clicked on

15-09-2024T13:12:10 - [TEST_STEP][PASSED] - click(findTestObject("Object Repository/TS2_POS_AccountSale_DBC/New_Interface/Page_Frameworks (Demo)/div_Quantity_Col")): Object: 'Object Repository/TS2_POS_AccountSale_DBC/New_Interface/Page_Frameworks (Demo)/div_Quantity_Col' is clicked on

15-09-2024T13:12:11 - [MESSAGE][PASSED] - Object: 'Object Repository/TS2_POS_AccountSale_DBC/New_Interface/Page_Frameworks (Demo)/div_Quantity_Col' is clicked on

15-09-2024T13:12:11 - [TEST_STEP][PASSED] - sendKeys(findTestObject("Object Repository/TS2_POS_AccountSale_DBC/New_Interface/Page_Frameworks (Demo)/input_LM_tallyQuantity"), "1"): Keys '1' sent to object: 'Object Repository/TS2_POS_AccountSale_DBC/New_Interface/Page_Frameworks (Demo)/input_LM_tallyQuantity'

15-09-2024T13:12:11 - [MESSAGE][PASSED] - Keys '1' sent to object: 'Object Repository/TS2_POS_AccountSale_DBC/New_Interface/Page_Frameworks (Demo)/input_LM_tallyQuantity'

15-09-2024T13:12:11 - [TEST_STEP][PASSED] - click(findTestObject("Object Repository/TS2_POS_AccountSale_DBC/New_Interface/Page_Frameworks (Demo)/div_Length_Col")): Object: 'Object Repository/TS2_POS_AccountSale_DBC/New_Interface/Page_Frameworks (Demo)/div_Length_Col' is clicked on

15-09-2024T13:12:12 - [MESSAGE][PASSED] - Object: 'Object Repository/TS2_POS_AccountSale_DBC/New_Interface/Page_Frameworks (Demo)/div_Length_Col' is clicked on

15-09-2024T13:12:12 - [TEST_STEP][PASSED] - sendKeys(findTestObject("Object Repository/TS2_POS_AccountSale_DBC/New_Interface/Page_Frameworks (Demo)/input_LM_tallyLength"), "3"): Keys '3' sent to object: 'Object Repository/TS2_POS_AccountSale_DBC/New_Interface/Page_Frameworks (Demo)/input_LM_tallyLength'

15-09-2024T13:12:13 - [MESSAGE][PASSED] - Keys '3' sent to object: 'Object Repository/TS2_POS_AccountSale_DBC/New_Interface/Page_Frameworks (Demo)/input_LM_tallyLength'

15-09-2024T13:12:13 - [TEST_STEP][PASSED] - click(findTestObject("Object Repository/TS2_POS_AccountSale_DBC/New_Interface/Page_Frameworks (Demo)/td_Add")): Object: 'Object Repository/TS2_POS_AccountSale_DBC/New_Interface/Page_Frameworks (Demo)/td_Add' is clicked on

15-09-2024T13:12:14 - [MESSAGE][PASSED] - Object: 'Object Repository/TS2_POS_AccountSale_DBC/New_Interface/Page_Frameworks (Demo)/td_Add' is clicked on

15-09-2024T13:12:14 - [TEST_STEP][PASSED] - sendKeys(findTestObject("Object Repository/TS2_POS_AccountSale_DBC/New_Interface/Page_Frameworks (Demo)/input_LM_tallyQuantity_1_2"), "1"): Keys '1' sent to object: 'Object Repository/TS2_POS_AccountSale_DBC/New_Interface/Page_Frameworks (Demo)/input_LM_tallyQuantity_1_2'

15-09-2024T13:12:15 - [MESSAGE][PASSED] - Keys '1' sent to object: 'Object Repository/TS2_POS_AccountSale_DBC/New_Interface/Page_Frameworks (Demo)/input_LM_tallyQuantity_1_2'

15-09-2024T13:12:15 - [TEST_STEP][PASSED] - click(findTestObject("Object Repository/TS2_POS_AccountSale_DBC/New_Interface/Page_Frameworks (Demo)/div_Length_Col_Row2")): Object: 'Object Repository/TS2_POS_AccountSale_DBC/New_Interface/Page_Frameworks (Demo)/div_Length_Col_Row2' is clicked on

15-09-2024T13:12:16 - [MESSAGE][PASSED] - Object: 'Object Repository/TS2_POS_AccountSale_DBC/New_Interface/Page_Frameworks (Demo)/div_Length_Col_Row2' is clicked on

15-09-2024T13:12:16 - [TEST_STEP][PASSED] - sendKeys(findTestObject("Object Repository/TS2_POS_AccountSale_DBC/New_Interface/Page_Frameworks (Demo)/input_LM_tallyLength_1_2"), "2"): Keys '2' sent to object: 'Object Repository/TS2_POS_AccountSale_DBC/New_Interface/Page_Frameworks (Demo)/input_LM_tallyLength_1_2'

15-09-2024T13:12:17 - [MESSAGE][PASSED] - Keys '2' sent to object: 'Object Repository/TS2_POS_AccountSale_DBC/New_Interface/Page_Frameworks (Demo)/input_LM_tallyLength_1_2'

15-09-2024T13:12:17 - [TEST_STEP][PASSED] - delay(2): Delayed 2 second(s)

15-09-2024T13:12:19 - [MESSAGE][PASSED] - Delayed 2 second(s)

15-09-2024T13:12:19 - [TEST_STEP][PASSED] - takeFullPageScreenshot(): Taking screenshot successfully

15-09-2024T13:12:20 - [MESSAGE][INFO] - 0 hidden object(s)

15-09-2024T13:12:20 - [MESSAGE][PASSED] - Taking screenshot successfully
[[ATTACHMENT|C:\\Users\\User\\git\\frameworks-regression-test-automation\\Reports\\20240915_130952\\DBC_Instance\\PointofSale_Module\\New_Interface\\TS1_and_TS2\\20240915_130952\\1726369939294.png]]

15-09-2024T13:12:20 - [TEST_STEP][PASSED] - click(findTestObject("Object Repository/TS2_POS_AccountSale_DBC/New_Interface/Page_Frameworks (Demo)/td_SaveClose (S)")): Object: 'Object Repository/TS2_POS_AccountSale_DBC/New_Interface/Page_Frameworks (Demo)/td_SaveClose (S)' is clicked on

15-09-2024T13:12:21 - [MESSAGE][PASSED] - Object: 'Object Repository/TS2_POS_AccountSale_DBC/New_Interface/Page_Frameworks (Demo)/td_SaveClose (S)' is clicked on

15-09-2024T13:12:21 - [TEST_STEP][PASSED] - click(findTestObject("Object Repository/TS2_POS_AccountSale_DBC/New_Interface/Page_Frameworks (Demo)/img_add")): Object: 'Object Repository/TS2_POS_AccountSale_DBC/New_Interface/Page_Frameworks (Demo)/img_add' is clicked on

15-09-2024T13:12:23 - [MESSAGE][PASSED] - Object: 'Object Repository/TS2_POS_AccountSale_DBC/New_Interface/Page_Frameworks (Demo)/img_add' is clicked on

15-09-2024T13:12:23 - [TEST_STEP][PASSED] - click(findTestObject("Object Repository/TS2_POS_AccountSale_DBC/New_Interface/Page_Frameworks (Demo)/div_ACCOUNT (A)")): Object: 'Object Repository/TS2_POS_AccountSale_DBC/New_Interface/Page_Frameworks (Demo)/div_ACCOUNT (A)' is clicked on

15-09-2024T13:12:25 - [MESSAGE][PASSED] - Object: 'Object Repository/TS2_POS_AccountSale_DBC/New_Interface/Page_Frameworks (Demo)/div_ACCOUNT (A)' is clicked on

15-09-2024T13:12:25 - [TEST_STEP][PASSED] - click(findTestObject("Object Repository/TS2_POS_AccountSale_DBC/New_Interface/Page_Frameworks (Demo)/img_CustomerDashboard")): Object: 'Object Repository/TS2_POS_AccountSale_DBC/New_Interface/Page_Frameworks (Demo)/img_CustomerDashboard' is clicked on

15-09-2024T13:12:31 - [MESSAGE][PASSED] - Object: 'Object Repository/TS2_POS_AccountSale_DBC/New_Interface/Page_Frameworks (Demo)/img_CustomerDashboard' is clicked on

15-09-2024T13:12:31 - [TEST_STEP][PASSED] - setText(findTestObject("Object Repository/TS2_POS_AccountSale_DBC/New_Interface/Page_Frameworks (Demo)/input_Customer No_CustId"), "3379"): Text '3379' is set on object 'Object Repository/TS2_POS_AccountSale_DBC/New_Interface/Page_Frameworks (Demo)/input_Customer No_CustId'

15-09-2024T13:12:33 - [MESSAGE][PASSED] - Text '3379' is set on object 'Object Repository/TS2_POS_AccountSale_DBC/New_Interface/Page_Frameworks (Demo)/input_Customer No_CustId'

15-09-2024T13:12:33 - [TEST_STEP][PASSED] - click(findTestObject("Object Repository/TS2_POS_AccountSale_DBC/New_Interface/Page_Frameworks (Demo)/td_Find")): Object: 'Object Repository/TS2_POS_AccountSale_DBC/New_Interface/Page_Frameworks (Demo)/td_Find' is clicked on

15-09-2024T13:12:34 - [MESSAGE][PASSED] - Object: 'Object Repository/TS2_POS_AccountSale_DBC/New_Interface/Page_Frameworks (Demo)/td_Find' is clicked on

15-09-2024T13:12:34 - [TEST_STEP][PASSED] - click(findTestObject("Object Repository/TS2_POS_AccountSale_DBC/New_Interface/Page_Frameworks (Demo)/div_Invoices, Orders, Quotes, Projects  Jobs")): Object: 'Object Repository/TS2_POS_AccountSale_DBC/New_Interface/Page_Frameworks (Demo)/div_Invoices, Orders, Quotes, Projects  Jobs' is clicked on

15-09-2024T13:12:37 - [MESSAGE][PASSED] - Object: 'Object Repository/TS2_POS_AccountSale_DBC/New_Interface/Page_Frameworks (Demo)/div_Invoices, Orders, Quotes, Projects  Jobs' is clicked on

15-09-2024T13:12:37 - [TEST_STEP][PASSED] - delay(5): Delayed 5 second(s)

15-09-2024T13:12:42 - [MESSAGE][PASSED] - Delayed 5 second(s)

15-09-2024T13:12:42 - [TEST_STEP][PASSED] - takeFullPageScreenshot(): Taking screenshot successfully

15-09-2024T13:12:43 - [MESSAGE][INFO] - 0 hidden object(s)

15-09-2024T13:12:43 - [MESSAGE][PASSED] - Taking screenshot successfully
[[ATTACHMENT|C:\\Users\\User\\git\\frameworks-regression-test-automation\\Reports\\20240915_130952\\DBC_Instance\\PointofSale_Module\\New_Interface\\TS1_and_TS2\\20240915_130952\\1726369962161.png]]

15-09-2024T13:12:43 - [TEST_STEP][FAILED] - verifyTextPresent(invoiceNum, false): Unable to verify text '20217584' is present  (Root cause: com.kms.katalon.core.exception.StepFailedException: Unable to verify text '20217584' is present 
	at com.kms.katalon.core.webui.keyword.internal.WebUIKeywordMain.stepFailed(WebUIKeywordMain.groovy:64)
	at com.kms.katalon.core.webui.keyword.internal.WebUIKeywordMain.runKeyword(WebUIKeywordMain.groovy:26)
	at com.kms.katalon.core.webui.keyword.builtin.VerifyTextPresentKeyword.verifyTextPresent(VerifyTextPresentKeyword.groovy:83)
	at com.kms.katalon.core.webui.keyword.builtin.VerifyTextPresentKeyword.execute(VerifyTextPresentKeyword.groovy:68)
	at com.kms.katalon.core.keyword.internal.KeywordExecutor.executeKeywordForPlatform(KeywordExecutor.groovy:74)
	at com.kms.katalon.core.webui.keyword.WebUiBuiltInKeywords.verifyTextPresent(WebUiBuiltInKeywords.groovy:1762)
	at POS_AccountSale - New.run(POS_AccountSale - New:116)
	at com.kms.katalon.core.main.ScriptEngine.run(ScriptEngine.java:194)
	at com.kms.katalon.core.main.ScriptEngine.runScriptAsRawText(ScriptEngine.java:119)
	at com.kms.katalon.core.main.TestCaseExecutor.runScript(TestCaseExecutor.java:448)
	at com.kms.katalon.core.main.TestCaseExecutor.doExecute(TestCaseExecutor.java:439)
	at com.kms.katalon.core.main.TestCaseExecutor.processExecutionPhase(TestCaseExecutor.java:418)
	at com.kms.katalon.core.main.TestCaseExecutor.accessMainPhase(TestCaseExecutor.java:410)
	at com.kms.katalon.core.main.TestCaseExecutor.execute(TestCaseExecutor.java:285)
	at com.kms.katalon.core.common.CommonExecutor.accessTestCaseMainPhase(CommonExecutor.java:65)
	at com.kms.katalon.core.main.TestSuiteExecutor.accessTestSuiteMainPhase(TestSuiteExecutor.java:150)
	at com.kms.katalon.core.main.TestSuiteExecutor.execute(TestSuiteExecutor.java:106)
	at com.kms.katalon.core.main.TestCaseMain.startTestSuite(TestCaseMain.java:180)
	at TempTestSuite1726369792617.run(TempTestSuite1726369792617.groovy:35)
	at java.base/jdk.internal.reflect.NativeMethodAccessorImpl.invoke0(Native Method)
	at java.base/jdk.internal.reflect.NativeMethodAccessorImpl.invoke(NativeMethodAccessorImpl.java:77)
	at java.base/jdk.internal.reflect.DelegatingMethodAccessorImpl.invoke(DelegatingMethodAccessorImpl.java:43)
Caused by: com.kms.katalon.core.exception.StepFailedException: Text '20217584' is not present on page 
	at com.kms.katalon.core.webui.keyword.internal.WebUIKeywordMain.stepFailed(WebUIKeywordMain.groovy:64)
	at com.kms.katalon.core.webui.keyword.builtin.VerifyTextPresentKeyword$_verifyTextPresent_closure1.doCall(VerifyTextPresentKeyword.groovy:79)
	at com.kms.katalon.core.webui.keyword.builtin.VerifyTextPresentKeyword$_verifyTextPresent_closure1.call(VerifyTextPresentKeyword.groovy)
	at com.kms.katalon.core.webui.keyword.internal.WebUIKeywordMain.runKeyword(WebUIKeywordMain.groovy:20)
	... 20 more
)

15-09-2024T13:12:44 - [MESSAGE][FAILED] - Text '20217584' is not present on page  (Root cause: com.kms.katalon.core.exception.StepFailedException: Text '20217584' is not present on page 
	at com.kms.katalon.core.webui.keyword.internal.WebUIKeywordMain.stepFailed(WebUIKeywordMain.groovy:64)
	at com.kms.katalon.core.webui.keyword.builtin.VerifyTextPresentKeyword$_verifyTextPresent_closure1.doCall(VerifyTextPresentKeyword.groovy:79)
	at com.kms.katalon.core.webui.keyword.builtin.VerifyTextPresentKeyword$_verifyTextPresent_closure1.call(VerifyTextPresentKeyword.groovy)
	at com.kms.katalon.core.webui.keyword.internal.WebUIKeywordMain.runKeyword(WebUIKeywordMain.groovy:20)
	at com.kms.katalon.core.webui.keyword.builtin.VerifyTextPresentKeyword.verifyTextPresent(VerifyTextPresentKeyword.groovy:83)
	at com.kms.katalon.core.webui.keyword.builtin.VerifyTextPresentKeyword.execute(VerifyTextPresentKeyword.groovy:68)
	at com.kms.katalon.core.keyword.internal.KeywordExecutor.executeKeywordForPlatform(KeywordExecutor.groovy:74)
	at com.kms.katalon.core.webui.keyword.WebUiBuiltInKeywords.verifyTextPresent(WebUiBuiltInKeywords.groovy:1762)
	at POS_AccountSale - New.run(POS_AccountSale - New:116)
	at com.kms.katalon.core.main.ScriptEngine.run(ScriptEngine.java:194)
	at com.kms.katalon.core.main.ScriptEngine.runScriptAsRawText(ScriptEngine.java:119)
	at com.kms.katalon.core.main.TestCaseExecutor.runScript(TestCaseExecutor.java:448)
	at com.kms.katalon.core.main.TestCaseExecutor.doExecute(TestCaseExecutor.java:439)
	at com.kms.katalon.core.main.TestCaseExecutor.processExecutionPhase(TestCaseExecutor.java:418)
	at com.kms.katalon.core.main.TestCaseExecutor.accessMainPhase(TestCaseExecutor.java:410)
	at com.kms.katalon.core.main.TestCaseExecutor.execute(TestCaseExecutor.java:285)
	at com.kms.katalon.core.common.CommonExecutor.accessTestCaseMainPhase(CommonExecutor.java:65)
	at com.kms.katalon.core.main.TestSuiteExecutor.accessTestSuiteMainPhase(TestSuiteExecutor.java:150)
	at com.kms.katalon.core.main.TestSuiteExecutor.execute(TestSuiteExecutor.java:106)
	at com.kms.katalon.core.main.TestCaseMain.startTestSuite(TestCaseMain.java:180)
	at TempTestSuite1726369792617.run(TempTestSuite1726369792617.groovy:35)
	at java.base/jdk.internal.reflect.NativeMethodAccessorImpl.invoke0(Native Method)
	at java.base/jdk.internal.reflect.NativeMethodAccessorImpl.invoke(NativeMethodAccessorImpl.java:77)
	at java.base/jdk.internal.reflect.DelegatingMethodAccessorImpl.invoke(DelegatingMethodAccessorImpl.java:43)
)

15-09-2024T13:12:45 - [MESSAGE][FAILED] - Unable to verify text '20217584' is present  (Root cause: com.kms.katalon.core.exception.StepFailedException: Unable to verify text '20217584' is present 
	at com.kms.katalon.core.webui.keyword.internal.WebUIKeywordMain.stepFailed(WebUIKeywordMain.groovy:64)
	at com.kms.katalon.core.webui.keyword.internal.WebUIKeywordMain.runKeyword(WebUIKeywordMain.groovy:26)
	at com.kms.katalon.core.webui.keyword.builtin.VerifyTextPresentKeyword.verifyTextPresent(VerifyTextPresentKeyword.groovy:83)
	at com.kms.katalon.core.webui.keyword.builtin.VerifyTextPresentKeyword.execute(VerifyTextPresentKeyword.groovy:68)
	at com.kms.katalon.core.keyword.internal.KeywordExecutor.executeKeywordForPlatform(KeywordExecutor.groovy:74)
	at com.kms.katalon.core.webui.keyword.WebUiBuiltInKeywords.verifyTextPresent(WebUiBuiltInKeywords.groovy:1762)
	at POS_AccountSale - New.run(POS_AccountSale - New:116)
	at com.kms.katalon.core.main.ScriptEngine.run(ScriptEngine.java:194)
	at com.kms.katalon.core.main.ScriptEngine.runScriptAsRawText(ScriptEngine.java:119)
	at com.kms.katalon.core.main.TestCaseExecutor.runScript(TestCaseExecutor.java:448)
	at com.kms.katalon.core.main.TestCaseExecutor.doExecute(TestCaseExecutor.java:439)
	at com.kms.katalon.core.main.TestCaseExecutor.processExecutionPhase(TestCaseExecutor.java:418)
	at com.kms.katalon.core.main.TestCaseExecutor.accessMainPhase(TestCaseExecutor.java:410)
	at com.kms.katalon.core.main.TestCaseExecutor.execute(TestCaseExecutor.java:285)
	at com.kms.katalon.core.common.CommonExecutor.accessTestCaseMainPhase(CommonExecutor.java:65)
	at com.kms.katalon.core.main.TestSuiteExecutor.accessTestSuiteMainPhase(TestSuiteExecutor.java:150)
	at com.kms.katalon.core.main.TestSuiteExecutor.execute(TestSuiteExecutor.java:106)
	at com.kms.katalon.core.main.TestCaseMain.startTestSuite(TestCaseMain.java:180)
	at TempTestSuite1726369792617.run(TempTestSuite1726369792617.groovy:35)
	at java.base/jdk.internal.reflect.NativeMethodAccessorImpl.invoke0(Native Method)
	at java.base/jdk.internal.reflect.NativeMethodAccessorImpl.invoke(NativeMethodAccessorImpl.java:77)
	at java.base/jdk.internal.reflect.DelegatingMethodAccessorImpl.invoke(DelegatingMethodAccessorImpl.java:43)
Caused by: com.kms.katalon.core.exception.StepFailedException: Text '20217584' is not present on page 
	at com.kms.katalon.core.webui.keyword.internal.WebUIKeywordMain.stepFailed(WebUIKeywordMain.groovy:64)
	at com.kms.katalon.core.webui.keyword.builtin.VerifyTextPresentKeyword$_verifyTextPresent_closure1.doCall(VerifyTextPresentKeyword.groovy:79)
	at com.kms.katalon.core.webui.keyword.builtin.VerifyTextPresentKeyword$_verifyTextPresent_closure1.call(VerifyTextPresentKeyword.groovy)
	at com.kms.katalon.core.webui.keyword.internal.WebUIKeywordMain.runKeyword(WebUIKeywordMain.groovy:20)
	... 20 more
)
[[ATTACHMENT|C:\\Users\\User\\git\\frameworks-regression-test-automation\\Reports\\20240915_130952\\DBC_Instance\\PointofSale_Module\\New_Interface\\TS1_and_TS2\\20240915_130952\\1726369964971.png]]]]></system-out>
         <system-err><![CDATA[15-09-2024T13:11:23 - [TEST_CASE][FAILED] - Test Cases/DBC_Instance/PointofSale_Module/TS2_POS_AccountSale/POS_AccountSale - New: Test Cases/DBC_Instance/PointofSale_Module/TS2_POS_AccountSale/POS_AccountSale - New FAILED.
Reason:
com.kms.katalon.core.exception.StepFailedException: Unable to verify text '20217584' is present 
	at com.kms.katalon.core.webui.keyword.internal.WebUIKeywordMain.stepFailed(WebUIKeywordMain.groovy:64)
	at com.kms.katalon.core.webui.keyword.internal.WebUIKeywordMain.runKeyword(WebUIKeywordMain.groovy:26)
	at com.kms.katalon.core.webui.keyword.builtin.VerifyTextPresentKeyword.verifyTextPresent(VerifyTextPresentKeyword.groovy:83)
	at com.kms.katalon.core.webui.keyword.builtin.VerifyTextPresentKeyword.execute(VerifyTextPresentKeyword.groovy:68)
	at com.kms.katalon.core.keyword.internal.KeywordExecutor.executeKeywordForPlatform(KeywordExecutor.groovy:74)
	at com.kms.katalon.core.webui.keyword.WebUiBuiltInKeywords.verifyTextPresent(WebUiBuiltInKeywords.groovy:1762)
	at POS_AccountSale - New.run(POS_AccountSale - New:116)
	at com.kms.katalon.core.main.ScriptEngine.run(ScriptEngine.java:194)
	at com.kms.katalon.core.main.ScriptEngine.runScriptAsRawText(ScriptEngine.java:119)
	at com.kms.katalon.core.main.TestCaseExecutor.runScript(TestCaseExecutor.java:448)
	at com.kms.katalon.core.main.TestCaseExecutor.doExecute(TestCaseExecutor.java:439)
	at com.kms.katalon.core.main.TestCaseExecutor.processExecutionPhase(TestCaseExecutor.java:418)
	at com.kms.katalon.core.main.TestCaseExecutor.accessMainPhase(TestCaseExecutor.java:410)
	at com.kms.katalon.core.main.TestCaseExecutor.execute(TestCaseExecutor.java:285)
	at com.kms.katalon.core.common.CommonExecutor.accessTestCaseMainPhase(CommonExecutor.java:65)
	at com.kms.katalon.core.main.TestSuiteExecutor.accessTestSuiteMainPhase(TestSuiteExecutor.java:150)
	at com.kms.katalon.core.main.TestSuiteExecutor.execute(TestSuiteExecutor.java:106)
	at com.kms.katalon.core.main.TestCaseMain.startTestSuite(TestCaseMain.java:180)
	at TempTestSuite1726369792617.run(TempTestSuite1726369792617.groovy:35)
	at java.base/jdk.internal.reflect.NativeMethodAccessorImpl.invoke0(Native Method)
	at java.base/jdk.internal.reflect.NativeMethodAccessorImpl.invoke(NativeMethodAccessorImpl.java:77)
	at java.base/jdk.internal.reflect.DelegatingMethodAccessorImpl.invoke(DelegatingMethodAccessorImpl.java:43)
Caused by: com.kms.katalon.core.exception.StepFailedException: Text '20217584' is not present on page 
	at com.kms.katalon.core.webui.keyword.internal.WebUIKeywordMain.stepFailed(WebUIKeywordMain.groovy:64)
	at com.kms.katalon.core.webui.keyword.builtin.VerifyTextPresentKeyword$_verifyTextPresent_closure1.doCall(VerifyTextPresentKeyword.groovy:79)
	at com.kms.katalon.core.webui.keyword.builtin.VerifyTextPresentKeyword$_verifyTextPresent_closure1.call(VerifyTextPresentKeyword.groovy)
	at com.kms.katalon.core.webui.keyword.internal.WebUIKeywordMain.runKeyword(WebUIKeywordMain.groovy:20)
	... 20 more]]></system-err>
      </testcase>
      <system-out><![CDATA[15-09-2024T13:10:06 - [TEST_SUITE][FAILED] - TS1_and_TS2: Test Cases/DBC_Instance/PointofSale_Module/TS2_POS_AccountSale/POS_AccountSale - New FAILED.
Reason:
com.kms.katalon.core.exception.StepFailedException: Unable to verify text '20217584' is present 
	at com.kms.katalon.core.webui.keyword.internal.WebUIKeywordMain.stepFailed(WebUIKeywordMain.groovy:64)
	at com.kms.katalon.core.webui.keyword.internal.WebUIKeywordMain.runKeyword(WebUIKeywordMain.groovy:26)
	at com.kms.katalon.core.webui.keyword.builtin.VerifyTextPresentKeyword.verifyTextPresent(VerifyTextPresentKeyword.groovy:83)
	at com.kms.katalon.core.webui.keyword.builtin.VerifyTextPresentKeyword.execute(VerifyTextPresentKeyword.groovy:68)
	at com.kms.katalon.core.keyword.internal.KeywordExecutor.executeKeywordForPlatform(KeywordExecutor.groovy:74)
	at com.kms.katalon.core.webui.keyword.WebUiBuiltInKeywords.verifyTextPresent(WebUiBuiltInKeywords.groovy:1762)
	at POS_AccountSale - New.run(POS_AccountSale - New:116)
	at com.kms.katalon.core.main.ScriptEngine.run(ScriptEngine.java:194)
	at com.kms.katalon.core.main.ScriptEngine.runScriptAsRawText(ScriptEngine.java:119)
	at com.kms.katalon.core.main.TestCaseExecutor.runScript(TestCaseExecutor.java:448)
	at com.kms.katalon.core.main.TestCaseExecutor.doExecute(TestCaseExecutor.java:439)
	at com.kms.katalon.core.main.TestCaseExecutor.processExecutionPhase(TestCaseExecutor.java:418)
	at com.kms.katalon.core.main.TestCaseExecutor.accessMainPhase(TestCaseExecutor.java:410)
	at com.kms.katalon.core.main.TestCaseExecutor.execute(TestCaseExecutor.java:285)
	at com.kms.katalon.core.common.CommonExecutor.accessTestCaseMainPhase(CommonExecutor.java:65)
	at com.kms.katalon.core.main.TestSuiteExecutor.accessTestSuiteMainPhase(TestSuiteExecutor.java:150)
	at com.kms.katalon.core.main.TestSuiteExecutor.execute(TestSuiteExecutor.java:106)
	at com.kms.katalon.core.main.TestCaseMain.startTestSuite(TestCaseMain.java:180)
	at TempTestSuite1726369792617.run(TempTestSuite1726369792617.groovy:35)
	at java.base/jdk.internal.reflect.NativeMethodAccessorImpl.invoke0(Native Method)
	at java.base/jdk.internal.reflect.NativeMethodAccessorImpl.invoke(NativeMethodAccessorImpl.java:77)
	at java.base/jdk.internal.reflect.DelegatingMethodAccessorImpl.invoke(DelegatingMethodAccessorImpl.java:43)
Caused by: com.kms.katalon.core.exception.StepFailedException: Text '20217584' is not present on page 
	at com.kms.katalon.core.webui.keyword.internal.WebUIKeywordMain.stepFailed(WebUIKeywordMain.groovy:64)
	at com.kms.katalon.core.webui.keyword.builtin.VerifyTextPresentKeyword$_verifyTextPresent_closure1.doCall(VerifyTextPresentKeyword.groovy:79)
	at com.kms.katalon.core.webui.keyword.builtin.VerifyTextPresentKeyword$_verifyTextPresent_closure1.call(VerifyTextPresentKeyword.groovy)
	at com.kms.katalon.core.webui.keyword.internal.WebUIKeywordMain.runKeyword(WebUIKeywordMain.groovy:20)
	... 20 more]]></system-out>
      <system-err><![CDATA[15-09-2024T13:10:06 - [TEST_SUITE][FAILED] - TS1_and_TS2: Test Cases/DBC_Instance/PointofSale_Module/TS2_POS_AccountSale/POS_AccountSale - New FAILED.
Reason:
com.kms.katalon.core.exception.StepFailedException: Unable to verify text '20217584' is present 
	at com.kms.katalon.core.webui.keyword.internal.WebUIKeywordMain.stepFailed(WebUIKeywordMain.groovy:64)
	at com.kms.katalon.core.webui.keyword.internal.WebUIKeywordMain.runKeyword(WebUIKeywordMain.groovy:26)
	at com.kms.katalon.core.webui.keyword.builtin.VerifyTextPresentKeyword.verifyTextPresent(VerifyTextPresentKeyword.groovy:83)
	at com.kms.katalon.core.webui.keyword.builtin.VerifyTextPresentKeyword.execute(VerifyTextPresentKeyword.groovy:68)
	at com.kms.katalon.core.keyword.internal.KeywordExecutor.executeKeywordForPlatform(KeywordExecutor.groovy:74)
	at com.kms.katalon.core.webui.keyword.WebUiBuiltInKeywords.verifyTextPresent(WebUiBuiltInKeywords.groovy:1762)
	at POS_AccountSale - New.run(POS_AccountSale - New:116)
	at com.kms.katalon.core.main.ScriptEngine.run(ScriptEngine.java:194)
	at com.kms.katalon.core.main.ScriptEngine.runScriptAsRawText(ScriptEngine.java:119)
	at com.kms.katalon.core.main.TestCaseExecutor.runScript(TestCaseExecutor.java:448)
	at com.kms.katalon.core.main.TestCaseExecutor.doExecute(TestCaseExecutor.java:439)
	at com.kms.katalon.core.main.TestCaseExecutor.processExecutionPhase(TestCaseExecutor.java:418)
	at com.kms.katalon.core.main.TestCaseExecutor.accessMainPhase(TestCaseExecutor.java:410)
	at com.kms.katalon.core.main.TestCaseExecutor.execute(TestCaseExecutor.java:285)
	at com.kms.katalon.core.common.CommonExecutor.accessTestCaseMainPhase(CommonExecutor.java:65)
	at com.kms.katalon.core.main.TestSuiteExecutor.accessTestSuiteMainPhase(TestSuiteExecutor.java:150)
	at com.kms.katalon.core.main.TestSuiteExecutor.execute(TestSuiteExecutor.java:106)
	at com.kms.katalon.core.main.TestCaseMain.startTestSuite(TestCaseMain.java:180)
	at TempTestSuite1726369792617.run(TempTestSuite1726369792617.groovy:35)
	at java.base/jdk.internal.reflect.NativeMethodAccessorImpl.invoke0(Native Method)
	at java.base/jdk.internal.reflect.NativeMethodAccessorImpl.invoke(NativeMethodAccessorImpl.java:77)
	at java.base/jdk.internal.reflect.DelegatingMethodAccessorImpl.invoke(DelegatingMethodAccessorImpl.java:43)
Caused by: com.kms.katalon.core.exception.StepFailedException: Text '20217584' is not present on page 
	at com.kms.katalon.core.webui.keyword.internal.WebUIKeywordMain.stepFailed(WebUIKeywordMain.groovy:64)
	at com.kms.katalon.core.webui.keyword.builtin.VerifyTextPresentKeyword$_verifyTextPresent_closure1.doCall(VerifyTextPresentKeyword.groovy:79)
	at com.kms.katalon.core.webui.keyword.builtin.VerifyTextPresentKeyword$_verifyTextPresent_closure1.call(VerifyTextPresentKeyword.groovy)
	at com.kms.katalon.core.webui.keyword.internal.WebUIKeywordMain.runKeyword(WebUIKeywordMain.groovy:20)
	... 20 more]]></system-err>
   </testsuite>
</testsuites>
