<?xml version="1.0" encoding="UTF-8" standalone="no"?>
<!DOCTYPE log SYSTEM "logger.dtd">
<log>
<record>
  <date>2025-02-20T09:57:17.981247Z</date>
  <millis>1740045437981</millis>
  <nanos>247000</nanos>
  <sequence>0</sequence>
  <level>START</level>
  <class>com.kms.katalon.core.logging.XmlKeywordLogger</class>
  <method>startSuite</method>
  <thread>1</thread>
  <message>Start Test Suite : Test Suites/DBC_Instance/PointofSale_Module/New_Interface/TS1_POS_CashSale</message>
  <nestedLevel>0</nestedLevel>
  <escapedJava>false</escapedJava>
  <property name="rerunTestFailImmediately">true</property>
  <property name="retryCount">0</property>
  <property name="name">TS1_POS_CashSale</property>
  <property name="description">Combined Test Suite for TS1_POS_CashSale and TS2_POS_AccountSale</property>
  <property name="id">Test Suites/DBC_Instance/PointofSale_Module/New_Interface/TS1_POS_CashSale</property>
</record>
<record>
  <date>2025-02-20T09:57:18.025250100Z</date>
  <millis>1740045438025</millis>
  <nanos>250100</nanos>
  <sequence>1</sequence>
  <level>RUN_DATA</level>
  <class>com.kms.katalon.core.logging.XmlKeywordLogger</class>
  <method>logMessage</method>
  <thread>1</thread>
  <message>hostName = azureuser - 10.192.8.5</message>
  <nestedLevel>0</nestedLevel>
  <escapedJava>false</escapedJava>
  <property name="hostName">azureuser - 10.192.8.5</property>
</record>
<record>
  <date>2025-02-20T09:57:18.047053200Z</date>
  <millis>1740045438047</millis>
  <nanos>53200</nanos>
  <sequence>2</sequence>
  <level>RUN_DATA</level>
  <class>com.kms.katalon.core.logging.XmlKeywordLogger</class>
  <method>logMessage</method>
  <thread>1</thread>
  <message>os = Windows 11 64bit</message>
  <nestedLevel>0</nestedLevel>
  <escapedJava>false</escapedJava>
  <property name="os">Windows 11 64bit</property>
</record>
<record>
  <date>2025-02-20T09:57:18.049053200Z</date>
  <millis>1740045438049</millis>
  <nanos>53200</nanos>
  <sequence>3</sequence>
  <level>RUN_DATA</level>
  <class>com.kms.katalon.core.logging.XmlKeywordLogger</class>
  <method>logMessage</method>
  <thread>1</thread>
  <message>hostAddress = 10.192.8.5</message>
  <nestedLevel>0</nestedLevel>
  <escapedJava>false</escapedJava>
  <property name="hostAddress">10.192.8.5</property>
</record>
<record>
  <date>2025-02-20T09:57:18.050053600Z</date>
  <millis>1740045438050</millis>
  <nanos>53600</nanos>
  <sequence>4</sequence>
  <level>RUN_DATA</level>
  <class>com.kms.katalon.core.logging.XmlKeywordLogger</class>
  <method>logMessage</method>
  <thread>1</thread>
  <message>katalonVersion = 9.7.2.223</message>
  <nestedLevel>0</nestedLevel>
  <escapedJava>false</escapedJava>
  <property name="katalonVersion">9.7.2.223</property>
</record>
<record>
  <date>2025-02-20T09:57:18.311539Z</date>
  <millis>1740045438311</millis>
  <nanos>539000</nanos>
  <sequence>5</sequence>
  <level>START</level>
  <class>com.kms.katalon.core.logging.XmlKeywordLogger</class>
  <method>startTest</method>
  <thread>1</thread>
  <message>Start Test Case : Test Cases/DBC_Instance/PointofSale_Module/TS1_POS_CashSale/POS_CashSale - New</message>
  <nestedLevel>1</nestedLevel>
  <escapedJava>false</escapedJava>
  <property name="remainingRetryCount">0</property>
  <property name="name">Test Cases/DBC_Instance/PointofSale_Module/TS1_POS_CashSale/POS_CashSale - New</property>
  <property name="description"></property>
  <property name="iteration"></property>
  <property name="id">Test Cases/DBC_Instance/PointofSale_Module/TS1_POS_CashSale/POS_CashSale - New</property>
  <property name="source">C:\Users\azureuser\git\frameworks-regression-test-automation\Test Cases\DBC_Instance\PointofSale_Module\TS1_POS_CashSale\POS_CashSale - New.tc</property>
  <property name="tag"></property>
  <property name="isOptional">false</property>
  <property name="currentRetryCount">0</property>
</record>
<record>
  <date>2025-02-20T09:57:18.585540200Z</date>
  <millis>1740045438585</millis>
  <nanos>540200</nanos>
  <sequence>7</sequence>
  <level>INFO</level>
  <class>com.kms.katalon.core.logging.XmlKeywordLogger</class>
  <method>logMessage</method>
  <thread>1</thread>
  <message>(Default) userName = manaki</message>
  <nestedLevel>1</nestedLevel>
  <escapedJava>false</escapedJava>
</record>
<record>
  <date>2025-02-20T09:57:18.619542500Z</date>
  <millis>1740045438619</millis>
  <nanos>542500</nanos>
  <sequence>8</sequence>
  <level>INFO</level>
  <class>com.kms.katalon.core.logging.XmlKeywordLogger</class>
  <method>logMessage</method>
  <thread>1</thread>
  <message>(Default) invoiceNum = </message>
  <nestedLevel>1</nestedLevel>
  <escapedJava>false</escapedJava>
</record>
<record>
  <date>2025-02-20T09:57:18.621542400Z</date>
  <millis>1740045438621</millis>
  <nanos>542400</nanos>
  <sequence>9</sequence>
  <level>INFO</level>
  <class>com.kms.katalon.core.logging.XmlKeywordLogger</class>
  <method>logMessage</method>
  <thread>1</thread>
  <message>(Default) DBC_Demo = </message>
  <nestedLevel>1</nestedLevel>
  <escapedJava>false</escapedJava>
</record>
<record>
  <date>2025-02-20T09:57:18.680540900Z</date>
  <millis>1740045438680</millis>
  <nanos>540900</nanos>
  <sequence>10</sequence>
  <level>INFO</level>
  <class>com.kms.katalon.core.logging.XmlKeywordLogger</class>
  <method>logMessage</method>
  <thread>1</thread>
  <message>(Default) Source_Env = C:\Users\azureuser\Documents\FrameworksAutomationTesting\TestData\Frameworks_Environments\FWKs_TestEnvironment_TestData.xlsx</message>
  <nestedLevel>1</nestedLevel>
  <escapedJava>false</escapedJava>
</record>
<record>
  <date>2025-02-20T09:57:19.219832400Z</date>
  <millis>1740045439219</millis>
  <nanos>832400</nanos>
  <sequence>12</sequence>
  <level>ERROR</level>
  <class>com.kms.katalon.core.logging.XmlKeywordLogger</class>
  <method>logMessage</method>
  <thread>1</thread>
  <message>Test Cases/DBC_Instance/PointofSale_Module/TS1_POS_CashSale/POS_CashSale - New FAILED.
Reason:
org.codehaus.groovy.control.MultipleCompilationErrorsException: startup failed:
file:/C:/Users/azureuser/git/frameworks-regression-test-automation/Scripts/DBC_Instance/PointofSale_Module/TS1_POS_CashSale/POS_CashSale%20-%20New/Script1725763619095.groovy: 135: The current scope already contains a variable of the name sourceTestData_FwksEnv
 @ line 135, column 17.
   FileInputStream sourceTestData_FwksEnv = new FileInputStream(Source_Env)
                   ^

file:/C:/Users/azureuser/git/frameworks-regression-test-automation/Scripts/DBC_Instance/PointofSale_Module/TS1_POS_CashSale/POS_CashSale%20-%20New/Script1725763619095.groovy: 137: The current scope already contains a variable of the name sourceTestDataContainer_workbook
 @ line 137, column 14.
   XSSFWorkbook sourceTestDataContainer_workbook = new XSSFWorkbook(sourceTestData_FwksEnv)
                ^

file:/C:/Users/azureuser/git/frameworks-regression-test-automation/Scripts/DBC_Instance/PointofSale_Module/TS1_POS_CashSale/POS_CashSale%20-%20New/Script1725763619095.groovy: 139: The current scope already contains a variable of the name sourceTestData_sheet
 @ line 139, column 11.
   XSSFSheet sourceTestData_sheet = sourceTestDataContainer_workbook.getSheet(&amp;apos;Sheet1&amp;apos;)
             ^

file:/C:/Users/azureuser/git/frameworks-regression-test-automation/Scripts/DBC_Instance/PointofSale_Module/TS1_POS_CashSale/POS_CashSale%20-%20New/Script1725763619095.groovy: 142: The current scope already contains a variable of the name currentSheet_row
 @ line 142, column 5.
   Row currentSheet_row = sourceTestData_sheet.getRow(4)
       ^

file:/C:/Users/azureuser/git/frameworks-regression-test-automation/Scripts/DBC_Instance/PointofSale_Module/TS1_POS_CashSale/POS_CashSale%20-%20New/Script1725763619095.groovy: 146: The current scope already contains a variable of the name currentSheet_cell
 @ line 146, column 6.
   Cell currentSheet_cell = currentSheet_row.getCell(1)
        ^

5 errors

	at com.kms.katalon.core.main.ScriptEngine.getScript(ScriptEngine.java:199)
	at com.kms.katalon.core.main.ScriptEngine.run(ScriptEngine.java:194)
	at com.kms.katalon.core.main.ScriptEngine.runScriptAsRawText(ScriptEngine.java:119)
	at com.kms.katalon.core.main.TestCaseExecutor.runScript(TestCaseExecutor.java:448)
	at com.kms.katalon.core.main.TestCaseExecutor.doExecute(TestCaseExecutor.java:439)
	at com.kms.katalon.core.main.TestCaseExecutor.processExecutionPhase(TestCaseExecutor.java:418)
	at com.kms.katalon.core.main.TestCaseExecutor.accessMainPhase(TestCaseExecutor.java:410)
	at com.kms.katalon.core.main.TestCaseExecutor.execute(TestCaseExecutor.java:285)
	at com.kms.katalon.core.common.CommonExecutor.accessTestCaseMainPhase(CommonExecutor.java:65)
	at com.kms.katalon.core.main.TestSuiteExecutor.accessTestSuiteMainPhase(TestSuiteExecutor.java:150)
	at com.kms.katalon.core.main.TestSuiteExecutor.execute(TestSuiteExecutor.java:106)
	at com.kms.katalon.core.main.TestCaseMain.startTestSuite(TestCaseMain.java:180)
	at TempTestSuite1740045428372.run(TempTestSuite1740045428372.groovy:35)
	at java.base/jdk.internal.reflect.NativeMethodAccessorImpl.invoke0(Native Method)
	at java.base/jdk.internal.reflect.NativeMethodAccessorImpl.invoke(NativeMethodAccessorImpl.java:77)
	at java.base/jdk.internal.reflect.DelegatingMethodAccessorImpl.invoke(DelegatingMethodAccessorImpl.java:43)
</message>
  <exception>
    <message>org.codehaus.groovy.control.MultipleCompilationErrorsException: startup failed:
file:/C:/Users/azureuser/git/frameworks-regression-test-automation/Scripts/DBC_Instance/PointofSale_Module/TS1_POS_CashSale/POS_CashSale%20-%20New/Script1725763619095.groovy: 135: The current scope already contains a variable of the name sourceTestData_FwksEnv
 @ line 135, column 17.
   FileInputStream sourceTestData_FwksEnv = new FileInputStream(Source_Env)
                   ^

file:/C:/Users/azureuser/git/frameworks-regression-test-automation/Scripts/DBC_Instance/PointofSale_Module/TS1_POS_CashSale/POS_CashSale%20-%20New/Script1725763619095.groovy: 137: The current scope already contains a variable of the name sourceTestDataContainer_workbook
 @ line 137, column 14.
   XSSFWorkbook sourceTestDataContainer_workbook = new XSSFWorkbook(sourceTestData_FwksEnv)
                ^

file:/C:/Users/azureuser/git/frameworks-regression-test-automation/Scripts/DBC_Instance/PointofSale_Module/TS1_POS_CashSale/POS_CashSale%20-%20New/Script1725763619095.groovy: 139: The current scope already contains a variable of the name sourceTestData_sheet
 @ line 139, column 11.
   XSSFSheet sourceTestData_sheet = sourceTestDataContainer_workbook.getSheet('Sheet1')
             ^

file:/C:/Users/azureuser/git/frameworks-regression-test-automation/Scripts/DBC_Instance/PointofSale_Module/TS1_POS_CashSale/POS_CashSale%20-%20New/Script1725763619095.groovy: 142: The current scope already contains a variable of the name currentSheet_row
 @ line 142, column 5.
   Row currentSheet_row = sourceTestData_sheet.getRow(4)
       ^

file:/C:/Users/azureuser/git/frameworks-regression-test-automation/Scripts/DBC_Instance/PointofSale_Module/TS1_POS_CashSale/POS_CashSale%20-%20New/Script1725763619095.groovy: 146: The current scope already contains a variable of the name currentSheet_cell
 @ line 146, column 6.
   Cell currentSheet_cell = currentSheet_row.getCell(1)
        ^

5 errors
</message>
    <frame>
      <class>com.kms.katalon.core.main.ScriptEngine</class>
      <method>getScript</method>
      <line>199</line>
    </frame>
    <frame>
      <class>com.kms.katalon.core.main.ScriptEngine</class>
      <method>run</method>
      <line>194</line>
    </frame>
    <frame>
      <class>com.kms.katalon.core.main.ScriptEngine</class>
      <method>runScriptAsRawText</method>
      <line>119</line>
    </frame>
    <frame>
      <class>com.kms.katalon.core.main.TestCaseExecutor</class>
      <method>runScript</method>
      <line>448</line>
    </frame>
    <frame>
      <class>com.kms.katalon.core.main.TestCaseExecutor</class>
      <method>doExecute</method>
      <line>439</line>
    </frame>
    <frame>
      <class>com.kms.katalon.core.main.TestCaseExecutor</class>
      <method>processExecutionPhase</method>
      <line>418</line>
    </frame>
    <frame>
      <class>com.kms.katalon.core.main.TestCaseExecutor</class>
      <method>accessMainPhase</method>
      <line>410</line>
    </frame>
    <frame>
      <class>com.kms.katalon.core.main.TestCaseExecutor</class>
      <method>execute</method>
      <line>285</line>
    </frame>
    <frame>
      <class>com.kms.katalon.core.common.CommonExecutor</class>
      <method>accessTestCaseMainPhase</method>
      <line>65</line>
    </frame>
    <frame>
      <class>com.kms.katalon.core.main.TestSuiteExecutor</class>
      <method>accessTestSuiteMainPhase</method>
      <line>150</line>
    </frame>
    <frame>
      <class>com.kms.katalon.core.main.TestSuiteExecutor</class>
      <method>execute</method>
      <line>106</line>
    </frame>
    <frame>
      <class>com.kms.katalon.core.main.TestCaseMain</class>
      <method>startTestSuite</method>
      <line>180</line>
    </frame>
    <frame>
      <class>TempTestSuite1740045428372</class>
      <method>run</method>
      <line>35</line>
    </frame>
    <frame>
      <class>jdk.internal.reflect.NativeMethodAccessorImpl</class>
      <method>invoke0</method>
    </frame>
    <frame>
      <class>jdk.internal.reflect.NativeMethodAccessorImpl</class>
      <method>invoke</method>
      <line>77</line>
    </frame>
    <frame>
      <class>jdk.internal.reflect.DelegatingMethodAccessorImpl</class>
      <method>invoke</method>
      <line>43</line>
    </frame>
  </exception>
  <nestedLevel>0</nestedLevel>
  <escapedJava>false</escapedJava>
  <property name="failed.exception.stacktrace">org.codehaus.groovy.control.MultipleCompilationErrorsException: startup failed:
file:/C:/Users/azureuser/git/frameworks-regression-test-automation/Scripts/DBC_Instance/PointofSale_Module/TS1_POS_CashSale/POS_CashSale%20-%20New/Script1725763619095.groovy: 135: The current scope already contains a variable of the name sourceTestData_FwksEnv
 @ line 135, column 17.
   FileInputStream sourceTestData_FwksEnv = new FileInputStream(Source_Env)
                   ^

file:/C:/Users/azureuser/git/frameworks-regression-test-automation/Scripts/DBC_Instance/PointofSale_Module/TS1_POS_CashSale/POS_CashSale%20-%20New/Script1725763619095.groovy: 137: The current scope already contains a variable of the name sourceTestDataContainer_workbook
 @ line 137, column 14.
   XSSFWorkbook sourceTestDataContainer_workbook = new XSSFWorkbook(sourceTestData_FwksEnv)
                ^

file:/C:/Users/azureuser/git/frameworks-regression-test-automation/Scripts/DBC_Instance/PointofSale_Module/TS1_POS_CashSale/POS_CashSale%20-%20New/Script1725763619095.groovy: 139: The current scope already contains a variable of the name sourceTestData_sheet
 @ line 139, column 11.
   XSSFSheet sourceTestData_sheet = sourceTestDataContainer_workbook.getSheet(&apos;Sheet1&apos;)
             ^

file:/C:/Users/azureuser/git/frameworks-regression-test-automation/Scripts/DBC_Instance/PointofSale_Module/TS1_POS_CashSale/POS_CashSale%20-%20New/Script1725763619095.groovy: 142: The current scope already contains a variable of the name currentSheet_row
 @ line 142, column 5.
   Row currentSheet_row = sourceTestData_sheet.getRow(4)
       ^

file:/C:/Users/azureuser/git/frameworks-regression-test-automation/Scripts/DBC_Instance/PointofSale_Module/TS1_POS_CashSale/POS_CashSale%20-%20New/Script1725763619095.groovy: 146: The current scope already contains a variable of the name currentSheet_cell
 @ line 146, column 6.
   Cell currentSheet_cell = currentSheet_row.getCell(1)
        ^

5 errors

	at com.kms.katalon.core.main.ScriptEngine.getScript(ScriptEngine.java:199)
	at com.kms.katalon.core.main.ScriptEngine.run(ScriptEngine.java:194)
	at com.kms.katalon.core.main.ScriptEngine.runScriptAsRawText(ScriptEngine.java:119)
	at com.kms.katalon.core.main.TestCaseExecutor.runScript(TestCaseExecutor.java:448)
	at com.kms.katalon.core.main.TestCaseExecutor.doExecute(TestCaseExecutor.java:439)
	at com.kms.katalon.core.main.TestCaseExecutor.processExecutionPhase(TestCaseExecutor.java:418)
	at com.kms.katalon.core.main.TestCaseExecutor.accessMainPhase(TestCaseExecutor.java:410)
	at com.kms.katalon.core.main.TestCaseExecutor.execute(TestCaseExecutor.java:285)
	at com.kms.katalon.core.common.CommonExecutor.accessTestCaseMainPhase(CommonExecutor.java:65)
	at com.kms.katalon.core.main.TestSuiteExecutor.accessTestSuiteMainPhase(TestSuiteExecutor.java:150)
	at com.kms.katalon.core.main.TestSuiteExecutor.execute(TestSuiteExecutor.java:106)
	at com.kms.katalon.core.main.TestCaseMain.startTestSuite(TestCaseMain.java:180)
	at TempTestSuite1740045428372.run(TempTestSuite1740045428372.groovy:35)
	at java.base/jdk.internal.reflect.NativeMethodAccessorImpl.invoke0(Native Method)
	at java.base/jdk.internal.reflect.NativeMethodAccessorImpl.invoke(NativeMethodAccessorImpl.java:77)
	at java.base/jdk.internal.reflect.DelegatingMethodAccessorImpl.invoke(DelegatingMethodAccessorImpl.java:43)
</property>
  <property name="failed.exception.class">org.codehaus.groovy.control.MultipleCompilationErrorsException</property>
  <property name="failed.exception.message">startup failed:
file:/C:/Users/azureuser/git/frameworks-regression-test-automation/Scripts/DBC_Instance/PointofSale_Module/TS1_POS_CashSale/POS_CashSale%20-%20New/Script1725763619095.groovy: 135: The current scope already contains a variable of the name sourceTestData_FwksEnv
 @ line 135, column 17.
   FileInputStream sourceTestData_FwksEnv = new FileInputStream(Source_Env)
                   ^

file:/C:/Users/azureuser/git/frameworks-regression-test-automation/Scripts/DBC_Instance/PointofSale_Module/TS1_POS_CashSale/POS_CashSale%20-%20New/Script1725763619095.groovy: 137: The current scope already contains a variable of the name sourceTestDataContainer_workbook
 @ line 137, column 14.
   XSSFWorkbook sourceTestDataContainer_workbook = new XSSFWorkbook(sourceTestData_FwksEnv)
                ^

file:/C:/Users/azureuser/git/frameworks-regression-test-automation/Scripts/DBC_Instance/PointofSale_Module/TS1_POS_CashSale/POS_CashSale%20-%20New/Script1725763619095.groovy: 139: The current scope already contains a variable of the name sourceTestData_sheet
 @ line 139, column 11.
   XSSFSheet sourceTestData_sheet = sourceTestDataContainer_workbook.getSheet(&apos;Sheet1&apos;)
             ^

file:/C:/Users/azureuser/git/frameworks-regression-test-automation/Scripts/DBC_Instance/PointofSale_Module/TS1_POS_CashSale/POS_CashSale%20-%20New/Script1725763619095.groovy: 142: The current scope already contains a variable of the name currentSheet_row
 @ line 142, column 5.
   Row currentSheet_row = sourceTestData_sheet.getRow(4)
       ^

file:/C:/Users/azureuser/git/frameworks-regression-test-automation/Scripts/DBC_Instance/PointofSale_Module/TS1_POS_CashSale/POS_CashSale%20-%20New/Script1725763619095.groovy: 146: The current scope already contains a variable of the name currentSheet_cell
 @ line 146, column 6.
   Cell currentSheet_cell = currentSheet_row.getCell(1)
        ^

5 errors
</property>
</record>
<record>
  <date>2025-02-20T09:57:19.339848400Z</date>
  <millis>1740045439339</millis>
  <nanos>848400</nanos>
  <sequence>14</sequence>
  <level>END</level>
  <class>com.kms.katalon.core.logging.XmlKeywordLogger</class>
  <method>endTest</method>
  <thread>1</thread>
  <message>End Test Case : Test Cases/DBC_Instance/PointofSale_Module/TS1_POS_CashSale/POS_CashSale - New</message>
  <nestedLevel>0</nestedLevel>
  <escapedJava>false</escapedJava>
  <property name="executionBindingVariables">[
  {
    &quot;displayReportName&quot;: &quot;(Default) userN...&quot;,
    &quot;value&quot;: &quot;manaki&quot;,
    &quot;name&quot;: &quot;(Default) userName&quot;,
    &quot;masked&quot;: false
  },
  {
    &quot;displayReportName&quot;: &quot;(Default) invoi...&quot;,
    &quot;value&quot;: &quot;&quot;,
    &quot;name&quot;: &quot;(Default) invoiceNum&quot;,
    &quot;masked&quot;: false
  },
  {
    &quot;displayReportName&quot;: &quot;(Default) DBC_D...&quot;,
    &quot;value&quot;: &quot;&quot;,
    &quot;name&quot;: &quot;(Default) DBC_Demo&quot;,
    &quot;masked&quot;: false
  },
  {
    &quot;displayReportName&quot;: &quot;(Default) Sourc...&quot;,
    &quot;value&quot;: &quot;C:\\Users\\azureuser\\Documents\\FrameworksAutomationTesting\\TestData\\Frameworks_Environments\\FWKs_TestEnvironment_TestData.xlsx&quot;,
    &quot;name&quot;: &quot;(Default) Source_Env&quot;,
    &quot;masked&quot;: false
  }
]</property>
  <property name="applitools">false</property>
  <property name="remainingRetryCount">0</property>
  <property name="currentRetryCount">0</property>
  <property name="keywordsUsage">{
  &quot;web_ui&quot;: false,
  &quot;web_service&quot;: false,
  &quot;cucumber&quot;: false,
  &quot;builtin&quot;: false,
  &quot;mobile&quot;: false,
  &quot;windows&quot;: false,
  &quot;testng&quot;: false
}</property>
</record>
<record>
  <date>2025-02-20T09:57:19.413836700Z</date>
  <millis>1740045439413</millis>
  <nanos>836700</nanos>
  <sequence>15</sequence>
  <level>START</level>
  <class>com.kms.katalon.core.logging.XmlKeywordLogger</class>
  <method>startKeyword</method>
  <thread>1</thread>
  <message>Start listener action : exportKatalonReports</message>
  <nestedLevel>0</nestedLevel>
  <escapedJava>false</escapedJava>
</record>
<record>
  <date>2025-02-20T09:57:20.214841800Z</date>
  <millis>1740045440214</millis>
  <nanos>841800</nanos>
  <sequence>43</sequence>
  <level>INFO</level>
  <class>com.kms.katalon.core.logging.XmlKeywordLogger</class>
  <method>logMessage</method>
  <thread>1</thread>
  <message>Start generating HTML report folder at: C:\Users\azureuser\git\frameworks-regression-test-automation\Reports\20250220_095708\DBC_Instance\PointofSale_Module\New_Interface\TS1_POS_CashSale\20250220_095708...</message>
  <nestedLevel>0</nestedLevel>
  <escapedJava>false</escapedJava>
</record>
<record>
  <date>2025-02-20T09:57:21.142846400Z</date>
  <millis>1740045441142</millis>
  <nanos>846400</nanos>
  <sequence>44</sequence>
  <level>INFO</level>
  <class>com.kms.katalon.core.logging.XmlKeywordLogger</class>
  <method>logMessage</method>
  <thread>1</thread>
  <message>HTML report generated</message>
  <nestedLevel>0</nestedLevel>
  <escapedJava>false</escapedJava>
</record>
<record>
  <date>2025-02-20T09:57:21.144846600Z</date>
  <millis>1740045441144</millis>
  <nanos>846600</nanos>
  <sequence>45</sequence>
  <level>INFO</level>
  <class>com.kms.katalon.core.logging.XmlKeywordLogger</class>
  <method>logMessage</method>
  <thread>1</thread>
  <message>Start generating CSV report folder at: C:\Users\azureuser\git\frameworks-regression-test-automation\Reports\20250220_095708\DBC_Instance\PointofSale_Module\New_Interface\TS1_POS_CashSale\20250220_095708...</message>
  <nestedLevel>0</nestedLevel>
  <escapedJava>false</escapedJava>
</record>
<record>
  <date>2025-02-20T09:57:21.187846Z</date>
  <millis>1740045441187</millis>
  <nanos>846000</nanos>
  <sequence>46</sequence>
  <level>INFO</level>
  <class>com.kms.katalon.core.logging.XmlKeywordLogger</class>
  <method>logMessage</method>
  <thread>1</thread>
  <message>CSV report generated</message>
  <nestedLevel>0</nestedLevel>
  <escapedJava>false</escapedJava>
</record>
<record>
  <date>2025-02-20T09:57:21.196846800Z</date>
  <millis>1740045441196</millis>
  <nanos>846800</nanos>
  <sequence>48</sequence>
  <level>END</level>
  <class>com.kms.katalon.core.logging.XmlKeywordLogger</class>
  <method>endKeyword</method>
  <thread>1</thread>
  <message>End listener action : exportKatalonReports</message>
  <nestedLevel>0</nestedLevel>
  <escapedJava>false</escapedJava>
</record>
<record>
  <date>2025-02-20T09:57:21.305067900Z</date>
  <millis>1740045441305</millis>
  <nanos>67900</nanos>
  <sequence>49</sequence>
  <level>END</level>
  <class>com.kms.katalon.core.logging.XmlKeywordLogger</class>
  <method>endSuite</method>
  <thread>1</thread>
  <message>End Test Suite : Test Suites/DBC_Instance/PointofSale_Module/New_Interface/TS1_POS_CashSale</message>
  <nestedLevel>0</nestedLevel>
  <escapedJava>false</escapedJava>
</record>
</log>
