<?xml version="1.0" encoding="UTF-8" standalone="no"?>
<!DOCTYPE log SYSTEM "logger.dtd">
<log>
<record>
  <date>2024-10-03T12:09:03.721772800Z</date>
  <millis>1727957343721</millis>
  <nanos>772800</nanos>
  <sequence>0</sequence>
  <level>START</level>
  <class>com.kms.katalon.core.logging.XmlKeywordLogger</class>
  <method>startSuite</method>
  <thread>1</thread>
  <message>Start Test Suite : Test Suites/CHC_Instance/PointofSale_Module/TS9_POS_Suspend_Resume_Sale_CHC</message>
  <nestedLevel>0</nestedLevel>
  <escapedJava>false</escapedJava>
  <property name="rerunTestFailImmediately">true</property>
  <property name="retryCount">3</property>
  <property name="name">TS9_POS_Suspend_Resume_Sale_CHC</property>
  <property name="description"></property>
  <property name="id">Test Suites/CHC_Instance/PointofSale_Module/TS9_POS_Suspend_Resume_Sale_CHC</property>
</record>
<record>
  <date>2024-10-03T12:09:03.736787300Z</date>
  <millis>1727957343736</millis>
  <nanos>787300</nanos>
  <sequence>1</sequence>
  <level>RUN_DATA</level>
  <class>com.kms.katalon.core.logging.XmlKeywordLogger</class>
  <method>logMessage</method>
  <thread>1</thread>
  <message>hostName = User - ROG</message>
  <nestedLevel>0</nestedLevel>
  <escapedJava>false</escapedJava>
  <property name="hostName">User - ROG</property>
</record>
<record>
  <date>2024-10-03T12:09:03.736787300Z</date>
  <millis>1727957343736</millis>
  <nanos>787300</nanos>
  <sequence>2</sequence>
  <level>RUN_DATA</level>
  <class>com.kms.katalon.core.logging.XmlKeywordLogger</class>
  <method>logMessage</method>
  <thread>1</thread>
  <message>os = Windows 11 64bit</message>
  <nestedLevel>0</nestedLevel>
  <escapedJava>false</escapedJava>
  <property name="os">Windows 11 64bit</property>
</record>
<record>
  <date>2024-10-03T12:09:03.737775400Z</date>
  <millis>1727957343737</millis>
  <nanos>775400</nanos>
  <sequence>3</sequence>
  <level>RUN_DATA</level>
  <class>com.kms.katalon.core.logging.XmlKeywordLogger</class>
  <method>logMessage</method>
  <thread>1</thread>
  <message>hostAddress = 10.192.251.2</message>
  <nestedLevel>0</nestedLevel>
  <escapedJava>false</escapedJava>
  <property name="hostAddress">10.192.251.2</property>
</record>
<record>
  <date>2024-10-03T12:09:03.738794200Z</date>
  <millis>1727957343738</millis>
  <nanos>794200</nanos>
  <sequence>4</sequence>
  <level>RUN_DATA</level>
  <class>com.kms.katalon.core.logging.XmlKeywordLogger</class>
  <method>logMessage</method>
  <thread>1</thread>
  <message>katalonVersion = 9.5.0.217</message>
  <nestedLevel>0</nestedLevel>
  <escapedJava>false</escapedJava>
  <property name="katalonVersion">9.5.0.217</property>
</record>
<record>
  <date>2024-10-03T12:09:03.907658500Z</date>
  <millis>1727957343907</millis>
  <nanos>658500</nanos>
  <sequence>5</sequence>
  <level>START</level>
  <class>com.kms.katalon.core.logging.XmlKeywordLogger</class>
  <method>startTest</method>
  <thread>1</thread>
  <message>Start Test Case : Test Cases/CHC_Instance/PointofSale_Module/TS9_POS_SuspendResume_Sale/POS_Suspend_Sale_CHC</message>
  <nestedLevel>1</nestedLevel>
  <escapedJava>false</escapedJava>
  <property name="remainingRetryCount">3</property>
  <property name="name">Test Cases/CHC_Instance/PointofSale_Module/TS9_POS_SuspendResume_Sale/POS_Suspend_Sale_CHC</property>
  <property name="description"></property>
  <property name="iteration"></property>
  <property name="id">Test Cases/CHC_Instance/PointofSale_Module/TS9_POS_SuspendResume_Sale/POS_Suspend_Sale_CHC</property>
  <property name="source">C:\Users\User\git\frameworks-regression-test-automation\Test Cases\CHC_Instance\PointofSale_Module\TS9_POS_SuspendResume_Sale\POS_Suspend_Sale_CHC.tc</property>
  <property name="tag"></property>
  <property name="isOptional">false</property>
  <property name="currentRetryCount">0</property>
</record>
<record>
  <date>2024-10-03T12:09:04.143729500Z</date>
  <millis>1727957344143</millis>
  <nanos>729500</nanos>
  <sequence>7</sequence>
  <level>INFO</level>
  <class>com.kms.katalon.core.logging.XmlKeywordLogger</class>
  <method>logMessage</method>
  <thread>1</thread>
  <message>(Default) userName = manaki</message>
  <nestedLevel>1</nestedLevel>
  <escapedJava>false</escapedJava>
</record>
<record>
  <date>2024-10-03T12:09:04.169728900Z</date>
  <millis>1727957344169</millis>
  <nanos>728900</nanos>
  <sequence>8</sequence>
  <level>INFO</level>
  <class>com.kms.katalon.core.logging.XmlKeywordLogger</class>
  <method>logMessage</method>
  <thread>1</thread>
  <message>(Default) ExcelFile = D:\Dahlsen\Frameworks Testing\AutomationTesting\TestData\CHC Instance\POS_Module\</message>
  <nestedLevel>1</nestedLevel>
  <escapedJava>false</escapedJava>
</record>
<record>
  <date>2024-10-03T12:09:04.432380900Z</date>
  <millis>1727957344432</millis>
  <nanos>380900</nanos>
  <sequence>10</sequence>
  <level>ERROR</level>
  <class>com.kms.katalon.core.logging.XmlKeywordLogger</class>
  <method>logMessage</method>
  <thread>1</thread>
  <message>Test Cases/CHC_Instance/PointofSale_Module/TS9_POS_SuspendResume_Sale/POS_Suspend_Sale_CHC FAILED.
Reason:
org.codehaus.groovy.control.MultipleCompilationErrorsException: startup failed:
file:/C:/Users/User/git/frameworks-regression-test-automation/Scripts/CHC_Instance/PointofSale_Module/TS9_POS_SuspendResume_Sale/POS_Suspend_Sale_CHC/Script1727953249910.groovy: 72: unable to resolve class XSSFWorkbook
 @ line 72, column 14.
   XSSFWorkbook workbook = new XSSFWorkbook(sourceFile)
                ^

file:/C:/Users/User/git/frameworks-regression-test-automation/Scripts/CHC_Instance/PointofSale_Module/TS9_POS_SuspendResume_Sale/POS_Suspend_Sale_CHC/Script1727953249910.groovy: 72: unable to resolve class XSSFWorkbook
 @ line 72, column 25.
   XSSFWorkbook workbook = new XSSFWorkbook(sourceFile)
                           ^

file:/C:/Users/User/git/frameworks-regression-test-automation/Scripts/CHC_Instance/PointofSale_Module/TS9_POS_SuspendResume_Sale/POS_Suspend_Sale_CHC/Script1727953249910.groovy: 74: unable to resolve class XSSFSheet
 @ line 74, column 11.
   XSSFSheet sheet = workbook.getSheet(&amp;apos;Sheet1&amp;apos;)
             ^

file:/C:/Users/User/git/frameworks-regression-test-automation/Scripts/CHC_Instance/PointofSale_Module/TS9_POS_SuspendResume_Sale/POS_Suspend_Sale_CHC/Script1727953249910.groovy: 77: unable to resolve class Row
 @ line 77, column 5.
   Row row = sheet.getRow(0)
       ^

file:/C:/Users/User/git/frameworks-regression-test-automation/Scripts/CHC_Instance/PointofSale_Module/TS9_POS_SuspendResume_Sale/POS_Suspend_Sale_CHC/Script1727953249910.groovy: 79: unable to resolve class Cell
 @ line 79, column 6.
   Cell cell = row.getCell(1)
        ^

5 errors

	at com.kms.katalon.core.main.ScriptEngine.getScript(ScriptEngine.java:199)
	at com.kms.katalon.core.main.ScriptEngine.run(ScriptEngine.java:194)
	at com.kms.katalon.core.main.ScriptEngine.runScriptAsRawText(ScriptEngine.java:119)
	at com.kms.katalon.core.main.TestCaseExecutor.runScript(TestCaseExecutor.java:448)
	at com.kms.katalon.core.main.TestCaseExecutor.doExecute(TestCaseExecutor.java:439)
	at com.kms.katalon.core.main.TestCaseExecutor.processExecutionPhase(TestCaseExecutor.java:418)
	at com.kms.katalon.core.main.TestCaseExecutor.accessMainPhase(TestCaseExecutor.java:410)
	at com.kms.katalon.core.main.TestCaseExecutor.execute(TestCaseExecutor.java:285)
	at com.kms.katalon.core.common.CommonExecutor.accessTestCaseMainPhase(CommonExecutor.java:65)
	at com.kms.katalon.core.main.TestSuiteExecutor.accessTestSuiteMainPhase(TestSuiteExecutor.java:150)
	at com.kms.katalon.core.main.TestSuiteExecutor.execute(TestSuiteExecutor.java:106)
	at com.kms.katalon.core.main.TestCaseMain.startTestSuite(TestCaseMain.java:180)
	at TempTestSuite1727957337623.run(TempTestSuite1727957337623.groovy:35)
	at java.base/jdk.internal.reflect.NativeMethodAccessorImpl.invoke0(Native Method)
	at java.base/jdk.internal.reflect.NativeMethodAccessorImpl.invoke(NativeMethodAccessorImpl.java:77)
	at java.base/jdk.internal.reflect.DelegatingMethodAccessorImpl.invoke(DelegatingMethodAccessorImpl.java:43)
</message>
  <exception>
    <message>org.codehaus.groovy.control.MultipleCompilationErrorsException: startup failed:
file:/C:/Users/User/git/frameworks-regression-test-automation/Scripts/CHC_Instance/PointofSale_Module/TS9_POS_SuspendResume_Sale/POS_Suspend_Sale_CHC/Script1727953249910.groovy: 72: unable to resolve class XSSFWorkbook
 @ line 72, column 14.
   XSSFWorkbook workbook = new XSSFWorkbook(sourceFile)
                ^

file:/C:/Users/User/git/frameworks-regression-test-automation/Scripts/CHC_Instance/PointofSale_Module/TS9_POS_SuspendResume_Sale/POS_Suspend_Sale_CHC/Script1727953249910.groovy: 72: unable to resolve class XSSFWorkbook
 @ line 72, column 25.
   XSSFWorkbook workbook = new XSSFWorkbook(sourceFile)
                           ^

file:/C:/Users/User/git/frameworks-regression-test-automation/Scripts/CHC_Instance/PointofSale_Module/TS9_POS_SuspendResume_Sale/POS_Suspend_Sale_CHC/Script1727953249910.groovy: 74: unable to resolve class XSSFSheet
 @ line 74, column 11.
   XSSFSheet sheet = workbook.getSheet('Sheet1')
             ^

file:/C:/Users/User/git/frameworks-regression-test-automation/Scripts/CHC_Instance/PointofSale_Module/TS9_POS_SuspendResume_Sale/POS_Suspend_Sale_CHC/Script1727953249910.groovy: 77: unable to resolve class Row
 @ line 77, column 5.
   Row row = sheet.getRow(0)
       ^

file:/C:/Users/User/git/frameworks-regression-test-automation/Scripts/CHC_Instance/PointofSale_Module/TS9_POS_SuspendResume_Sale/POS_Suspend_Sale_CHC/Script1727953249910.groovy: 79: unable to resolve class Cell
 @ line 79, column 6.
   Cell cell = row.getCell(1)
        ^

5 errors
</message>
    <frame>
      <class>com.kms.katalon.core.main.ScriptEngine</class>
      <method>getScript</method>
      <line>199</line>
    </frame>
    <frame>
      <class>com.kms.katalon.core.main.ScriptEngine</class>
      <method>run</method>
      <line>194</line>
    </frame>
    <frame>
      <class>com.kms.katalon.core.main.ScriptEngine</class>
      <method>runScriptAsRawText</method>
      <line>119</line>
    </frame>
    <frame>
      <class>com.kms.katalon.core.main.TestCaseExecutor</class>
      <method>runScript</method>
      <line>448</line>
    </frame>
    <frame>
      <class>com.kms.katalon.core.main.TestCaseExecutor</class>
      <method>doExecute</method>
      <line>439</line>
    </frame>
    <frame>
      <class>com.kms.katalon.core.main.TestCaseExecutor</class>
      <method>processExecutionPhase</method>
      <line>418</line>
    </frame>
    <frame>
      <class>com.kms.katalon.core.main.TestCaseExecutor</class>
      <method>accessMainPhase</method>
      <line>410</line>
    </frame>
    <frame>
      <class>com.kms.katalon.core.main.TestCaseExecutor</class>
      <method>execute</method>
      <line>285</line>
    </frame>
    <frame>
      <class>com.kms.katalon.core.common.CommonExecutor</class>
      <method>accessTestCaseMainPhase</method>
      <line>65</line>
    </frame>
    <frame>
      <class>com.kms.katalon.core.main.TestSuiteExecutor</class>
      <method>accessTestSuiteMainPhase</method>
      <line>150</line>
    </frame>
    <frame>
      <class>com.kms.katalon.core.main.TestSuiteExecutor</class>
      <method>execute</method>
      <line>106</line>
    </frame>
    <frame>
      <class>com.kms.katalon.core.main.TestCaseMain</class>
      <method>startTestSuite</method>
      <line>180</line>
    </frame>
    <frame>
      <class>TempTestSuite1727957337623</class>
      <method>run</method>
      <line>35</line>
    </frame>
    <frame>
      <class>jdk.internal.reflect.NativeMethodAccessorImpl</class>
      <method>invoke0</method>
    </frame>
    <frame>
      <class>jdk.internal.reflect.NativeMethodAccessorImpl</class>
      <method>invoke</method>
      <line>77</line>
    </frame>
    <frame>
      <class>jdk.internal.reflect.DelegatingMethodAccessorImpl</class>
      <method>invoke</method>
      <line>43</line>
    </frame>
  </exception>
  <nestedLevel>0</nestedLevel>
  <escapedJava>false</escapedJava>
  <property name="failed.exception.stacktrace">org.codehaus.groovy.control.MultipleCompilationErrorsException: startup failed:
file:/C:/Users/User/git/frameworks-regression-test-automation/Scripts/CHC_Instance/PointofSale_Module/TS9_POS_SuspendResume_Sale/POS_Suspend_Sale_CHC/Script1727953249910.groovy: 72: unable to resolve class XSSFWorkbook
 @ line 72, column 14.
   XSSFWorkbook workbook = new XSSFWorkbook(sourceFile)
                ^

file:/C:/Users/User/git/frameworks-regression-test-automation/Scripts/CHC_Instance/PointofSale_Module/TS9_POS_SuspendResume_Sale/POS_Suspend_Sale_CHC/Script1727953249910.groovy: 72: unable to resolve class XSSFWorkbook
 @ line 72, column 25.
   XSSFWorkbook workbook = new XSSFWorkbook(sourceFile)
                           ^

file:/C:/Users/User/git/frameworks-regression-test-automation/Scripts/CHC_Instance/PointofSale_Module/TS9_POS_SuspendResume_Sale/POS_Suspend_Sale_CHC/Script1727953249910.groovy: 74: unable to resolve class XSSFSheet
 @ line 74, column 11.
   XSSFSheet sheet = workbook.getSheet(&apos;Sheet1&apos;)
             ^

file:/C:/Users/User/git/frameworks-regression-test-automation/Scripts/CHC_Instance/PointofSale_Module/TS9_POS_SuspendResume_Sale/POS_Suspend_Sale_CHC/Script1727953249910.groovy: 77: unable to resolve class Row
 @ line 77, column 5.
   Row row = sheet.getRow(0)
       ^

file:/C:/Users/User/git/frameworks-regression-test-automation/Scripts/CHC_Instance/PointofSale_Module/TS9_POS_SuspendResume_Sale/POS_Suspend_Sale_CHC/Script1727953249910.groovy: 79: unable to resolve class Cell
 @ line 79, column 6.
   Cell cell = row.getCell(1)
        ^

5 errors

	at com.kms.katalon.core.main.ScriptEngine.getScript(ScriptEngine.java:199)
	at com.kms.katalon.core.main.ScriptEngine.run(ScriptEngine.java:194)
	at com.kms.katalon.core.main.ScriptEngine.runScriptAsRawText(ScriptEngine.java:119)
	at com.kms.katalon.core.main.TestCaseExecutor.runScript(TestCaseExecutor.java:448)
	at com.kms.katalon.core.main.TestCaseExecutor.doExecute(TestCaseExecutor.java:439)
	at com.kms.katalon.core.main.TestCaseExecutor.processExecutionPhase(TestCaseExecutor.java:418)
	at com.kms.katalon.core.main.TestCaseExecutor.accessMainPhase(TestCaseExecutor.java:410)
	at com.kms.katalon.core.main.TestCaseExecutor.execute(TestCaseExecutor.java:285)
	at com.kms.katalon.core.common.CommonExecutor.accessTestCaseMainPhase(CommonExecutor.java:65)
	at com.kms.katalon.core.main.TestSuiteExecutor.accessTestSuiteMainPhase(TestSuiteExecutor.java:150)
	at com.kms.katalon.core.main.TestSuiteExecutor.execute(TestSuiteExecutor.java:106)
	at com.kms.katalon.core.main.TestCaseMain.startTestSuite(TestCaseMain.java:180)
	at TempTestSuite1727957337623.run(TempTestSuite1727957337623.groovy:35)
	at java.base/jdk.internal.reflect.NativeMethodAccessorImpl.invoke0(Native Method)
	at java.base/jdk.internal.reflect.NativeMethodAccessorImpl.invoke(NativeMethodAccessorImpl.java:77)
	at java.base/jdk.internal.reflect.DelegatingMethodAccessorImpl.invoke(DelegatingMethodAccessorImpl.java:43)
</property>
  <property name="failed.exception.class">org.codehaus.groovy.control.MultipleCompilationErrorsException</property>
  <property name="failed.exception.message">startup failed:
file:/C:/Users/User/git/frameworks-regression-test-automation/Scripts/CHC_Instance/PointofSale_Module/TS9_POS_SuspendResume_Sale/POS_Suspend_Sale_CHC/Script1727953249910.groovy: 72: unable to resolve class XSSFWorkbook
 @ line 72, column 14.
   XSSFWorkbook workbook = new XSSFWorkbook(sourceFile)
                ^

file:/C:/Users/User/git/frameworks-regression-test-automation/Scripts/CHC_Instance/PointofSale_Module/TS9_POS_SuspendResume_Sale/POS_Suspend_Sale_CHC/Script1727953249910.groovy: 72: unable to resolve class XSSFWorkbook
 @ line 72, column 25.
   XSSFWorkbook workbook = new XSSFWorkbook(sourceFile)
                           ^

file:/C:/Users/User/git/frameworks-regression-test-automation/Scripts/CHC_Instance/PointofSale_Module/TS9_POS_SuspendResume_Sale/POS_Suspend_Sale_CHC/Script1727953249910.groovy: 74: unable to resolve class XSSFSheet
 @ line 74, column 11.
   XSSFSheet sheet = workbook.getSheet(&apos;Sheet1&apos;)
             ^

file:/C:/Users/User/git/frameworks-regression-test-automation/Scripts/CHC_Instance/PointofSale_Module/TS9_POS_SuspendResume_Sale/POS_Suspend_Sale_CHC/Script1727953249910.groovy: 77: unable to resolve class Row
 @ line 77, column 5.
   Row row = sheet.getRow(0)
       ^

file:/C:/Users/User/git/frameworks-regression-test-automation/Scripts/CHC_Instance/PointofSale_Module/TS9_POS_SuspendResume_Sale/POS_Suspend_Sale_CHC/Script1727953249910.groovy: 79: unable to resolve class Cell
 @ line 79, column 6.
   Cell cell = row.getCell(1)
        ^

5 errors
</property>
</record>
<record>
  <date>2024-10-03T12:09:04.441373200Z</date>
  <millis>1727957344441</millis>
  <nanos>373200</nanos>
  <sequence>12</sequence>
  <level>END</level>
  <class>com.kms.katalon.core.logging.XmlKeywordLogger</class>
  <method>endTest</method>
  <thread>1</thread>
  <message>End Test Case : Test Cases/CHC_Instance/PointofSale_Module/TS9_POS_SuspendResume_Sale/POS_Suspend_Sale_CHC</message>
  <nestedLevel>0</nestedLevel>
  <escapedJava>false</escapedJava>
  <property name="executionBindingVariables">[
  {
    &quot;displayReportName&quot;: &quot;(Default) userN...&quot;,
    &quot;value&quot;: &quot;manaki&quot;,
    &quot;name&quot;: &quot;(Default) userName&quot;,
    &quot;masked&quot;: false
  },
  {
    &quot;displayReportName&quot;: &quot;(Default) Excel...&quot;,
    &quot;value&quot;: &quot;D:\\Dahlsen\\Frameworks Testing\\AutomationTesting\\TestData\\CHC Instance\\POS_Module\\&quot;,
    &quot;name&quot;: &quot;(Default) ExcelFile&quot;,
    &quot;masked&quot;: false
  }
]</property>
  <property name="applitools">false</property>
  <property name="remainingRetryCount">3</property>
  <property name="currentRetryCount">0</property>
  <property name="keywordsUsage">{
  &quot;web_ui&quot;: false,
  &quot;web_service&quot;: false,
  &quot;cucumber&quot;: false,
  &quot;builtin&quot;: false,
  &quot;mobile&quot;: false,
  &quot;windows&quot;: false,
  &quot;testng&quot;: false
}</property>
</record>
<record>
  <date>2024-10-03T12:09:04.449376500Z</date>
  <millis>1727957344449</millis>
  <nanos>376500</nanos>
  <sequence>13</sequence>
  <level>START</level>
  <class>com.kms.katalon.core.logging.XmlKeywordLogger</class>
  <method>startTest</method>
  <thread>1</thread>
  <message>Start Test Case : Test Cases/CHC_Instance/PointofSale_Module/TS9_POS_SuspendResume_Sale/POS_Suspend_Sale_CHC</message>
  <nestedLevel>1</nestedLevel>
  <escapedJava>false</escapedJava>
  <property name="remainingRetryCount">2</property>
  <property name="name">Test Cases/CHC_Instance/PointofSale_Module/TS9_POS_SuspendResume_Sale/POS_Suspend_Sale_CHC</property>
  <property name="description"></property>
  <property name="iteration"></property>
  <property name="id">Test Cases/CHC_Instance/PointofSale_Module/TS9_POS_SuspendResume_Sale/POS_Suspend_Sale_CHC</property>
  <property name="source">C:\Users\User\git\frameworks-regression-test-automation\Test Cases\CHC_Instance\PointofSale_Module\TS9_POS_SuspendResume_Sale\POS_Suspend_Sale_CHC.tc</property>
  <property name="tag"></property>
  <property name="isOptional">false</property>
  <property name="currentRetryCount">1</property>
</record>
<record>
  <date>2024-10-03T12:09:04.475374500Z</date>
  <millis>1727957344475</millis>
  <nanos>374500</nanos>
  <sequence>15</sequence>
  <level>INFO</level>
  <class>com.kms.katalon.core.logging.XmlKeywordLogger</class>
  <method>logMessage</method>
  <thread>1</thread>
  <message>(Default) userName = manaki</message>
  <nestedLevel>1</nestedLevel>
  <escapedJava>false</escapedJava>
</record>
<record>
  <date>2024-10-03T12:09:04.477381800Z</date>
  <millis>1727957344477</millis>
  <nanos>381800</nanos>
  <sequence>16</sequence>
  <level>INFO</level>
  <class>com.kms.katalon.core.logging.XmlKeywordLogger</class>
  <method>logMessage</method>
  <thread>1</thread>
  <message>(Default) ExcelFile = D:\Dahlsen\Frameworks Testing\AutomationTesting\TestData\CHC Instance\POS_Module\</message>
  <nestedLevel>1</nestedLevel>
  <escapedJava>false</escapedJava>
</record>
<record>
  <date>2024-10-03T12:09:04.595471200Z</date>
  <millis>1727957344595</millis>
  <nanos>471200</nanos>
  <sequence>18</sequence>
  <level>ERROR</level>
  <class>com.kms.katalon.core.logging.XmlKeywordLogger</class>
  <method>logMessage</method>
  <thread>1</thread>
  <message>Test Cases/CHC_Instance/PointofSale_Module/TS9_POS_SuspendResume_Sale/POS_Suspend_Sale_CHC FAILED.
Reason:
org.codehaus.groovy.control.MultipleCompilationErrorsException: startup failed:
file:/C:/Users/User/git/frameworks-regression-test-automation/Scripts/CHC_Instance/PointofSale_Module/TS9_POS_SuspendResume_Sale/POS_Suspend_Sale_CHC/Script1727953249910.groovy: 72: unable to resolve class XSSFWorkbook
 @ line 72, column 14.
   XSSFWorkbook workbook = new XSSFWorkbook(sourceFile)
                ^

file:/C:/Users/User/git/frameworks-regression-test-automation/Scripts/CHC_Instance/PointofSale_Module/TS9_POS_SuspendResume_Sale/POS_Suspend_Sale_CHC/Script1727953249910.groovy: 72: unable to resolve class XSSFWorkbook
 @ line 72, column 25.
   XSSFWorkbook workbook = new XSSFWorkbook(sourceFile)
                           ^

file:/C:/Users/User/git/frameworks-regression-test-automation/Scripts/CHC_Instance/PointofSale_Module/TS9_POS_SuspendResume_Sale/POS_Suspend_Sale_CHC/Script1727953249910.groovy: 74: unable to resolve class XSSFSheet
 @ line 74, column 11.
   XSSFSheet sheet = workbook.getSheet(&amp;apos;Sheet1&amp;apos;)
             ^

file:/C:/Users/User/git/frameworks-regression-test-automation/Scripts/CHC_Instance/PointofSale_Module/TS9_POS_SuspendResume_Sale/POS_Suspend_Sale_CHC/Script1727953249910.groovy: 77: unable to resolve class Row
 @ line 77, column 5.
   Row row = sheet.getRow(0)
       ^

file:/C:/Users/User/git/frameworks-regression-test-automation/Scripts/CHC_Instance/PointofSale_Module/TS9_POS_SuspendResume_Sale/POS_Suspend_Sale_CHC/Script1727953249910.groovy: 79: unable to resolve class Cell
 @ line 79, column 6.
   Cell cell = row.getCell(1)
        ^

5 errors

	at com.kms.katalon.core.main.ScriptEngine.getScript(ScriptEngine.java:199)
	at com.kms.katalon.core.main.ScriptEngine.run(ScriptEngine.java:194)
	at com.kms.katalon.core.main.ScriptEngine.runScriptAsRawText(ScriptEngine.java:119)
	at com.kms.katalon.core.main.TestCaseExecutor.runScript(TestCaseExecutor.java:448)
	at com.kms.katalon.core.main.TestCaseExecutor.doExecute(TestCaseExecutor.java:439)
	at com.kms.katalon.core.main.TestCaseExecutor.processExecutionPhase(TestCaseExecutor.java:418)
	at com.kms.katalon.core.main.TestCaseExecutor.accessMainPhase(TestCaseExecutor.java:410)
	at com.kms.katalon.core.main.TestCaseExecutor.execute(TestCaseExecutor.java:285)
	at com.kms.katalon.core.main.TestCaseExecutor.execute(TestCaseExecutor.java:369)
	at com.kms.katalon.core.common.CommonExecutor.accessTestCaseMainPhase(CommonExecutor.java:65)
	at com.kms.katalon.core.main.TestSuiteExecutor.accessTestSuiteMainPhase(TestSuiteExecutor.java:150)
	at com.kms.katalon.core.main.TestSuiteExecutor.execute(TestSuiteExecutor.java:106)
	at com.kms.katalon.core.main.TestCaseMain.startTestSuite(TestCaseMain.java:180)
	at TempTestSuite1727957337623.run(TempTestSuite1727957337623.groovy:35)
	at java.base/jdk.internal.reflect.NativeMethodAccessorImpl.invoke0(Native Method)
	at java.base/jdk.internal.reflect.NativeMethodAccessorImpl.invoke(NativeMethodAccessorImpl.java:77)
	at java.base/jdk.internal.reflect.DelegatingMethodAccessorImpl.invoke(DelegatingMethodAccessorImpl.java:43)
</message>
  <exception>
    <message>org.codehaus.groovy.control.MultipleCompilationErrorsException: startup failed:
file:/C:/Users/User/git/frameworks-regression-test-automation/Scripts/CHC_Instance/PointofSale_Module/TS9_POS_SuspendResume_Sale/POS_Suspend_Sale_CHC/Script1727953249910.groovy: 72: unable to resolve class XSSFWorkbook
 @ line 72, column 14.
   XSSFWorkbook workbook = new XSSFWorkbook(sourceFile)
                ^

file:/C:/Users/User/git/frameworks-regression-test-automation/Scripts/CHC_Instance/PointofSale_Module/TS9_POS_SuspendResume_Sale/POS_Suspend_Sale_CHC/Script1727953249910.groovy: 72: unable to resolve class XSSFWorkbook
 @ line 72, column 25.
   XSSFWorkbook workbook = new XSSFWorkbook(sourceFile)
                           ^

file:/C:/Users/User/git/frameworks-regression-test-automation/Scripts/CHC_Instance/PointofSale_Module/TS9_POS_SuspendResume_Sale/POS_Suspend_Sale_CHC/Script1727953249910.groovy: 74: unable to resolve class XSSFSheet
 @ line 74, column 11.
   XSSFSheet sheet = workbook.getSheet('Sheet1')
             ^

file:/C:/Users/User/git/frameworks-regression-test-automation/Scripts/CHC_Instance/PointofSale_Module/TS9_POS_SuspendResume_Sale/POS_Suspend_Sale_CHC/Script1727953249910.groovy: 77: unable to resolve class Row
 @ line 77, column 5.
   Row row = sheet.getRow(0)
       ^

file:/C:/Users/User/git/frameworks-regression-test-automation/Scripts/CHC_Instance/PointofSale_Module/TS9_POS_SuspendResume_Sale/POS_Suspend_Sale_CHC/Script1727953249910.groovy: 79: unable to resolve class Cell
 @ line 79, column 6.
   Cell cell = row.getCell(1)
        ^

5 errors
</message>
    <frame>
      <class>com.kms.katalon.core.main.ScriptEngine</class>
      <method>getScript</method>
      <line>199</line>
    </frame>
    <frame>
      <class>com.kms.katalon.core.main.ScriptEngine</class>
      <method>run</method>
      <line>194</line>
    </frame>
    <frame>
      <class>com.kms.katalon.core.main.ScriptEngine</class>
      <method>runScriptAsRawText</method>
      <line>119</line>
    </frame>
    <frame>
      <class>com.kms.katalon.core.main.TestCaseExecutor</class>
      <method>runScript</method>
      <line>448</line>
    </frame>
    <frame>
      <class>com.kms.katalon.core.main.TestCaseExecutor</class>
      <method>doExecute</method>
      <line>439</line>
    </frame>
    <frame>
      <class>com.kms.katalon.core.main.TestCaseExecutor</class>
      <method>processExecutionPhase</method>
      <line>418</line>
    </frame>
    <frame>
      <class>com.kms.katalon.core.main.TestCaseExecutor</class>
      <method>accessMainPhase</method>
      <line>410</line>
    </frame>
    <frame>
      <class>com.kms.katalon.core.main.TestCaseExecutor</class>
      <method>execute</method>
      <line>285</line>
    </frame>
    <frame>
      <class>com.kms.katalon.core.main.TestCaseExecutor</class>
      <method>execute</method>
      <line>369</line>
    </frame>
    <frame>
      <class>com.kms.katalon.core.common.CommonExecutor</class>
      <method>accessTestCaseMainPhase</method>
      <line>65</line>
    </frame>
    <frame>
      <class>com.kms.katalon.core.main.TestSuiteExecutor</class>
      <method>accessTestSuiteMainPhase</method>
      <line>150</line>
    </frame>
    <frame>
      <class>com.kms.katalon.core.main.TestSuiteExecutor</class>
      <method>execute</method>
      <line>106</line>
    </frame>
    <frame>
      <class>com.kms.katalon.core.main.TestCaseMain</class>
      <method>startTestSuite</method>
      <line>180</line>
    </frame>
    <frame>
      <class>TempTestSuite1727957337623</class>
      <method>run</method>
      <line>35</line>
    </frame>
    <frame>
      <class>jdk.internal.reflect.NativeMethodAccessorImpl</class>
      <method>invoke0</method>
    </frame>
    <frame>
      <class>jdk.internal.reflect.NativeMethodAccessorImpl</class>
      <method>invoke</method>
      <line>77</line>
    </frame>
    <frame>
      <class>jdk.internal.reflect.DelegatingMethodAccessorImpl</class>
      <method>invoke</method>
      <line>43</line>
    </frame>
  </exception>
  <nestedLevel>0</nestedLevel>
  <escapedJava>false</escapedJava>
  <property name="failed.exception.stacktrace">org.codehaus.groovy.control.MultipleCompilationErrorsException: startup failed:
file:/C:/Users/User/git/frameworks-regression-test-automation/Scripts/CHC_Instance/PointofSale_Module/TS9_POS_SuspendResume_Sale/POS_Suspend_Sale_CHC/Script1727953249910.groovy: 72: unable to resolve class XSSFWorkbook
 @ line 72, column 14.
   XSSFWorkbook workbook = new XSSFWorkbook(sourceFile)
                ^

file:/C:/Users/User/git/frameworks-regression-test-automation/Scripts/CHC_Instance/PointofSale_Module/TS9_POS_SuspendResume_Sale/POS_Suspend_Sale_CHC/Script1727953249910.groovy: 72: unable to resolve class XSSFWorkbook
 @ line 72, column 25.
   XSSFWorkbook workbook = new XSSFWorkbook(sourceFile)
                           ^

file:/C:/Users/User/git/frameworks-regression-test-automation/Scripts/CHC_Instance/PointofSale_Module/TS9_POS_SuspendResume_Sale/POS_Suspend_Sale_CHC/Script1727953249910.groovy: 74: unable to resolve class XSSFSheet
 @ line 74, column 11.
   XSSFSheet sheet = workbook.getSheet(&apos;Sheet1&apos;)
             ^

file:/C:/Users/User/git/frameworks-regression-test-automation/Scripts/CHC_Instance/PointofSale_Module/TS9_POS_SuspendResume_Sale/POS_Suspend_Sale_CHC/Script1727953249910.groovy: 77: unable to resolve class Row
 @ line 77, column 5.
   Row row = sheet.getRow(0)
       ^

file:/C:/Users/User/git/frameworks-regression-test-automation/Scripts/CHC_Instance/PointofSale_Module/TS9_POS_SuspendResume_Sale/POS_Suspend_Sale_CHC/Script1727953249910.groovy: 79: unable to resolve class Cell
 @ line 79, column 6.
   Cell cell = row.getCell(1)
        ^

5 errors

	at com.kms.katalon.core.main.ScriptEngine.getScript(ScriptEngine.java:199)
	at com.kms.katalon.core.main.ScriptEngine.run(ScriptEngine.java:194)
	at com.kms.katalon.core.main.ScriptEngine.runScriptAsRawText(ScriptEngine.java:119)
	at com.kms.katalon.core.main.TestCaseExecutor.runScript(TestCaseExecutor.java:448)
	at com.kms.katalon.core.main.TestCaseExecutor.doExecute(TestCaseExecutor.java:439)
	at com.kms.katalon.core.main.TestCaseExecutor.processExecutionPhase(TestCaseExecutor.java:418)
	at com.kms.katalon.core.main.TestCaseExecutor.accessMainPhase(TestCaseExecutor.java:410)
	at com.kms.katalon.core.main.TestCaseExecutor.execute(TestCaseExecutor.java:285)
	at com.kms.katalon.core.main.TestCaseExecutor.execute(TestCaseExecutor.java:369)
	at com.kms.katalon.core.common.CommonExecutor.accessTestCaseMainPhase(CommonExecutor.java:65)
	at com.kms.katalon.core.main.TestSuiteExecutor.accessTestSuiteMainPhase(TestSuiteExecutor.java:150)
	at com.kms.katalon.core.main.TestSuiteExecutor.execute(TestSuiteExecutor.java:106)
	at com.kms.katalon.core.main.TestCaseMain.startTestSuite(TestCaseMain.java:180)
	at TempTestSuite1727957337623.run(TempTestSuite1727957337623.groovy:35)
	at java.base/jdk.internal.reflect.NativeMethodAccessorImpl.invoke0(Native Method)
	at java.base/jdk.internal.reflect.NativeMethodAccessorImpl.invoke(NativeMethodAccessorImpl.java:77)
	at java.base/jdk.internal.reflect.DelegatingMethodAccessorImpl.invoke(DelegatingMethodAccessorImpl.java:43)
</property>
  <property name="failed.exception.class">org.codehaus.groovy.control.MultipleCompilationErrorsException</property>
  <property name="failed.exception.message">startup failed:
file:/C:/Users/User/git/frameworks-regression-test-automation/Scripts/CHC_Instance/PointofSale_Module/TS9_POS_SuspendResume_Sale/POS_Suspend_Sale_CHC/Script1727953249910.groovy: 72: unable to resolve class XSSFWorkbook
 @ line 72, column 14.
   XSSFWorkbook workbook = new XSSFWorkbook(sourceFile)
                ^

file:/C:/Users/User/git/frameworks-regression-test-automation/Scripts/CHC_Instance/PointofSale_Module/TS9_POS_SuspendResume_Sale/POS_Suspend_Sale_CHC/Script1727953249910.groovy: 72: unable to resolve class XSSFWorkbook
 @ line 72, column 25.
   XSSFWorkbook workbook = new XSSFWorkbook(sourceFile)
                           ^

file:/C:/Users/User/git/frameworks-regression-test-automation/Scripts/CHC_Instance/PointofSale_Module/TS9_POS_SuspendResume_Sale/POS_Suspend_Sale_CHC/Script1727953249910.groovy: 74: unable to resolve class XSSFSheet
 @ line 74, column 11.
   XSSFSheet sheet = workbook.getSheet(&apos;Sheet1&apos;)
             ^

file:/C:/Users/User/git/frameworks-regression-test-automation/Scripts/CHC_Instance/PointofSale_Module/TS9_POS_SuspendResume_Sale/POS_Suspend_Sale_CHC/Script1727953249910.groovy: 77: unable to resolve class Row
 @ line 77, column 5.
   Row row = sheet.getRow(0)
       ^

file:/C:/Users/User/git/frameworks-regression-test-automation/Scripts/CHC_Instance/PointofSale_Module/TS9_POS_SuspendResume_Sale/POS_Suspend_Sale_CHC/Script1727953249910.groovy: 79: unable to resolve class Cell
 @ line 79, column 6.
   Cell cell = row.getCell(1)
        ^

5 errors
</property>
</record>
<record>
  <date>2024-10-03T12:09:04.600448800Z</date>
  <millis>1727957344600</millis>
  <nanos>448800</nanos>
  <sequence>20</sequence>
  <level>END</level>
  <class>com.kms.katalon.core.logging.XmlKeywordLogger</class>
  <method>endTest</method>
  <thread>1</thread>
  <message>End Test Case : Test Cases/CHC_Instance/PointofSale_Module/TS9_POS_SuspendResume_Sale/POS_Suspend_Sale_CHC</message>
  <nestedLevel>0</nestedLevel>
  <escapedJava>false</escapedJava>
  <property name="executionBindingVariables">[
  {
    &quot;displayReportName&quot;: &quot;(Default) userN...&quot;,
    &quot;value&quot;: &quot;manaki&quot;,
    &quot;name&quot;: &quot;(Default) userName&quot;,
    &quot;masked&quot;: false
  },
  {
    &quot;displayReportName&quot;: &quot;(Default) Excel...&quot;,
    &quot;value&quot;: &quot;D:\\Dahlsen\\Frameworks Testing\\AutomationTesting\\TestData\\CHC Instance\\POS_Module\\&quot;,
    &quot;name&quot;: &quot;(Default) ExcelFile&quot;,
    &quot;masked&quot;: false
  }
]</property>
  <property name="applitools">false</property>
  <property name="remainingRetryCount">2</property>
  <property name="currentRetryCount">1</property>
  <property name="keywordsUsage">{
  &quot;web_ui&quot;: false,
  &quot;web_service&quot;: false,
  &quot;cucumber&quot;: false,
  &quot;builtin&quot;: false,
  &quot;mobile&quot;: false,
  &quot;windows&quot;: false,
  &quot;testng&quot;: false
}</property>
</record>
<record>
  <date>2024-10-03T12:09:04.604447500Z</date>
  <millis>1727957344604</millis>
  <nanos>447500</nanos>
  <sequence>21</sequence>
  <level>START</level>
  <class>com.kms.katalon.core.logging.XmlKeywordLogger</class>
  <method>startTest</method>
  <thread>1</thread>
  <message>Start Test Case : Test Cases/CHC_Instance/PointofSale_Module/TS9_POS_SuspendResume_Sale/POS_Suspend_Sale_CHC</message>
  <nestedLevel>1</nestedLevel>
  <escapedJava>false</escapedJava>
  <property name="remainingRetryCount">1</property>
  <property name="name">Test Cases/CHC_Instance/PointofSale_Module/TS9_POS_SuspendResume_Sale/POS_Suspend_Sale_CHC</property>
  <property name="description"></property>
  <property name="iteration"></property>
  <property name="id">Test Cases/CHC_Instance/PointofSale_Module/TS9_POS_SuspendResume_Sale/POS_Suspend_Sale_CHC</property>
  <property name="source">C:\Users\User\git\frameworks-regression-test-automation\Test Cases\CHC_Instance\PointofSale_Module\TS9_POS_SuspendResume_Sale\POS_Suspend_Sale_CHC.tc</property>
  <property name="tag"></property>
  <property name="isOptional">false</property>
  <property name="currentRetryCount">2</property>
</record>
<record>
  <date>2024-10-03T12:09:04.618448700Z</date>
  <millis>1727957344618</millis>
  <nanos>448700</nanos>
  <sequence>23</sequence>
  <level>INFO</level>
  <class>com.kms.katalon.core.logging.XmlKeywordLogger</class>
  <method>logMessage</method>
  <thread>1</thread>
  <message>(Default) userName = manaki</message>
  <nestedLevel>1</nestedLevel>
  <escapedJava>false</escapedJava>
</record>
<record>
  <date>2024-10-03T12:09:04.619450300Z</date>
  <millis>1727957344619</millis>
  <nanos>450300</nanos>
  <sequence>24</sequence>
  <level>INFO</level>
  <class>com.kms.katalon.core.logging.XmlKeywordLogger</class>
  <method>logMessage</method>
  <thread>1</thread>
  <message>(Default) ExcelFile = D:\Dahlsen\Frameworks Testing\AutomationTesting\TestData\CHC Instance\POS_Module\</message>
  <nestedLevel>1</nestedLevel>
  <escapedJava>false</escapedJava>
</record>
<record>
  <date>2024-10-03T12:09:04.720059800Z</date>
  <millis>1727957344720</millis>
  <nanos>59800</nanos>
  <sequence>26</sequence>
  <level>ERROR</level>
  <class>com.kms.katalon.core.logging.XmlKeywordLogger</class>
  <method>logMessage</method>
  <thread>1</thread>
  <message>Test Cases/CHC_Instance/PointofSale_Module/TS9_POS_SuspendResume_Sale/POS_Suspend_Sale_CHC FAILED.
Reason:
org.codehaus.groovy.control.MultipleCompilationErrorsException: startup failed:
file:/C:/Users/User/git/frameworks-regression-test-automation/Scripts/CHC_Instance/PointofSale_Module/TS9_POS_SuspendResume_Sale/POS_Suspend_Sale_CHC/Script1727953249910.groovy: 72: unable to resolve class XSSFWorkbook
 @ line 72, column 14.
   XSSFWorkbook workbook = new XSSFWorkbook(sourceFile)
                ^

file:/C:/Users/User/git/frameworks-regression-test-automation/Scripts/CHC_Instance/PointofSale_Module/TS9_POS_SuspendResume_Sale/POS_Suspend_Sale_CHC/Script1727953249910.groovy: 72: unable to resolve class XSSFWorkbook
 @ line 72, column 25.
   XSSFWorkbook workbook = new XSSFWorkbook(sourceFile)
                           ^

file:/C:/Users/User/git/frameworks-regression-test-automation/Scripts/CHC_Instance/PointofSale_Module/TS9_POS_SuspendResume_Sale/POS_Suspend_Sale_CHC/Script1727953249910.groovy: 74: unable to resolve class XSSFSheet
 @ line 74, column 11.
   XSSFSheet sheet = workbook.getSheet(&amp;apos;Sheet1&amp;apos;)
             ^

file:/C:/Users/User/git/frameworks-regression-test-automation/Scripts/CHC_Instance/PointofSale_Module/TS9_POS_SuspendResume_Sale/POS_Suspend_Sale_CHC/Script1727953249910.groovy: 77: unable to resolve class Row
 @ line 77, column 5.
   Row row = sheet.getRow(0)
       ^

file:/C:/Users/User/git/frameworks-regression-test-automation/Scripts/CHC_Instance/PointofSale_Module/TS9_POS_SuspendResume_Sale/POS_Suspend_Sale_CHC/Script1727953249910.groovy: 79: unable to resolve class Cell
 @ line 79, column 6.
   Cell cell = row.getCell(1)
        ^

5 errors

	at com.kms.katalon.core.main.ScriptEngine.getScript(ScriptEngine.java:199)
	at com.kms.katalon.core.main.ScriptEngine.run(ScriptEngine.java:194)
	at com.kms.katalon.core.main.ScriptEngine.runScriptAsRawText(ScriptEngine.java:119)
	at com.kms.katalon.core.main.TestCaseExecutor.runScript(TestCaseExecutor.java:448)
	at com.kms.katalon.core.main.TestCaseExecutor.doExecute(TestCaseExecutor.java:439)
	at com.kms.katalon.core.main.TestCaseExecutor.processExecutionPhase(TestCaseExecutor.java:418)
	at com.kms.katalon.core.main.TestCaseExecutor.accessMainPhase(TestCaseExecutor.java:410)
	at com.kms.katalon.core.main.TestCaseExecutor.execute(TestCaseExecutor.java:285)
	at com.kms.katalon.core.main.TestCaseExecutor.execute(TestCaseExecutor.java:369)
	at com.kms.katalon.core.main.TestCaseExecutor.execute(TestCaseExecutor.java:369)
	at com.kms.katalon.core.common.CommonExecutor.accessTestCaseMainPhase(CommonExecutor.java:65)
	at com.kms.katalon.core.main.TestSuiteExecutor.accessTestSuiteMainPhase(TestSuiteExecutor.java:150)
	at com.kms.katalon.core.main.TestSuiteExecutor.execute(TestSuiteExecutor.java:106)
	at com.kms.katalon.core.main.TestCaseMain.startTestSuite(TestCaseMain.java:180)
	at TempTestSuite1727957337623.run(TempTestSuite1727957337623.groovy:35)
	at java.base/jdk.internal.reflect.NativeMethodAccessorImpl.invoke0(Native Method)
	at java.base/jdk.internal.reflect.NativeMethodAccessorImpl.invoke(NativeMethodAccessorImpl.java:77)
	at java.base/jdk.internal.reflect.DelegatingMethodAccessorImpl.invoke(DelegatingMethodAccessorImpl.java:43)
</message>
  <exception>
    <message>org.codehaus.groovy.control.MultipleCompilationErrorsException: startup failed:
file:/C:/Users/User/git/frameworks-regression-test-automation/Scripts/CHC_Instance/PointofSale_Module/TS9_POS_SuspendResume_Sale/POS_Suspend_Sale_CHC/Script1727953249910.groovy: 72: unable to resolve class XSSFWorkbook
 @ line 72, column 14.
   XSSFWorkbook workbook = new XSSFWorkbook(sourceFile)
                ^

file:/C:/Users/User/git/frameworks-regression-test-automation/Scripts/CHC_Instance/PointofSale_Module/TS9_POS_SuspendResume_Sale/POS_Suspend_Sale_CHC/Script1727953249910.groovy: 72: unable to resolve class XSSFWorkbook
 @ line 72, column 25.
   XSSFWorkbook workbook = new XSSFWorkbook(sourceFile)
                           ^

file:/C:/Users/User/git/frameworks-regression-test-automation/Scripts/CHC_Instance/PointofSale_Module/TS9_POS_SuspendResume_Sale/POS_Suspend_Sale_CHC/Script1727953249910.groovy: 74: unable to resolve class XSSFSheet
 @ line 74, column 11.
   XSSFSheet sheet = workbook.getSheet('Sheet1')
             ^

file:/C:/Users/User/git/frameworks-regression-test-automation/Scripts/CHC_Instance/PointofSale_Module/TS9_POS_SuspendResume_Sale/POS_Suspend_Sale_CHC/Script1727953249910.groovy: 77: unable to resolve class Row
 @ line 77, column 5.
   Row row = sheet.getRow(0)
       ^

file:/C:/Users/User/git/frameworks-regression-test-automation/Scripts/CHC_Instance/PointofSale_Module/TS9_POS_SuspendResume_Sale/POS_Suspend_Sale_CHC/Script1727953249910.groovy: 79: unable to resolve class Cell
 @ line 79, column 6.
   Cell cell = row.getCell(1)
        ^

5 errors
</message>
    <frame>
      <class>com.kms.katalon.core.main.ScriptEngine</class>
      <method>getScript</method>
      <line>199</line>
    </frame>
    <frame>
      <class>com.kms.katalon.core.main.ScriptEngine</class>
      <method>run</method>
      <line>194</line>
    </frame>
    <frame>
      <class>com.kms.katalon.core.main.ScriptEngine</class>
      <method>runScriptAsRawText</method>
      <line>119</line>
    </frame>
    <frame>
      <class>com.kms.katalon.core.main.TestCaseExecutor</class>
      <method>runScript</method>
      <line>448</line>
    </frame>
    <frame>
      <class>com.kms.katalon.core.main.TestCaseExecutor</class>
      <method>doExecute</method>
      <line>439</line>
    </frame>
    <frame>
      <class>com.kms.katalon.core.main.TestCaseExecutor</class>
      <method>processExecutionPhase</method>
      <line>418</line>
    </frame>
    <frame>
      <class>com.kms.katalon.core.main.TestCaseExecutor</class>
      <method>accessMainPhase</method>
      <line>410</line>
    </frame>
    <frame>
      <class>com.kms.katalon.core.main.TestCaseExecutor</class>
      <method>execute</method>
      <line>285</line>
    </frame>
    <frame>
      <class>com.kms.katalon.core.main.TestCaseExecutor</class>
      <method>execute</method>
      <line>369</line>
    </frame>
    <frame>
      <class>com.kms.katalon.core.main.TestCaseExecutor</class>
      <method>execute</method>
      <line>369</line>
    </frame>
    <frame>
      <class>com.kms.katalon.core.common.CommonExecutor</class>
      <method>accessTestCaseMainPhase</method>
      <line>65</line>
    </frame>
    <frame>
      <class>com.kms.katalon.core.main.TestSuiteExecutor</class>
      <method>accessTestSuiteMainPhase</method>
      <line>150</line>
    </frame>
    <frame>
      <class>com.kms.katalon.core.main.TestSuiteExecutor</class>
      <method>execute</method>
      <line>106</line>
    </frame>
    <frame>
      <class>com.kms.katalon.core.main.TestCaseMain</class>
      <method>startTestSuite</method>
      <line>180</line>
    </frame>
    <frame>
      <class>TempTestSuite1727957337623</class>
      <method>run</method>
      <line>35</line>
    </frame>
    <frame>
      <class>jdk.internal.reflect.NativeMethodAccessorImpl</class>
      <method>invoke0</method>
    </frame>
    <frame>
      <class>jdk.internal.reflect.NativeMethodAccessorImpl</class>
      <method>invoke</method>
      <line>77</line>
    </frame>
    <frame>
      <class>jdk.internal.reflect.DelegatingMethodAccessorImpl</class>
      <method>invoke</method>
      <line>43</line>
    </frame>
  </exception>
  <nestedLevel>0</nestedLevel>
  <escapedJava>false</escapedJava>
  <property name="failed.exception.stacktrace">org.codehaus.groovy.control.MultipleCompilationErrorsException: startup failed:
file:/C:/Users/User/git/frameworks-regression-test-automation/Scripts/CHC_Instance/PointofSale_Module/TS9_POS_SuspendResume_Sale/POS_Suspend_Sale_CHC/Script1727953249910.groovy: 72: unable to resolve class XSSFWorkbook
 @ line 72, column 14.
   XSSFWorkbook workbook = new XSSFWorkbook(sourceFile)
                ^

file:/C:/Users/User/git/frameworks-regression-test-automation/Scripts/CHC_Instance/PointofSale_Module/TS9_POS_SuspendResume_Sale/POS_Suspend_Sale_CHC/Script1727953249910.groovy: 72: unable to resolve class XSSFWorkbook
 @ line 72, column 25.
   XSSFWorkbook workbook = new XSSFWorkbook(sourceFile)
                           ^

file:/C:/Users/User/git/frameworks-regression-test-automation/Scripts/CHC_Instance/PointofSale_Module/TS9_POS_SuspendResume_Sale/POS_Suspend_Sale_CHC/Script1727953249910.groovy: 74: unable to resolve class XSSFSheet
 @ line 74, column 11.
   XSSFSheet sheet = workbook.getSheet(&apos;Sheet1&apos;)
             ^

file:/C:/Users/User/git/frameworks-regression-test-automation/Scripts/CHC_Instance/PointofSale_Module/TS9_POS_SuspendResume_Sale/POS_Suspend_Sale_CHC/Script1727953249910.groovy: 77: unable to resolve class Row
 @ line 77, column 5.
   Row row = sheet.getRow(0)
       ^

file:/C:/Users/User/git/frameworks-regression-test-automation/Scripts/CHC_Instance/PointofSale_Module/TS9_POS_SuspendResume_Sale/POS_Suspend_Sale_CHC/Script1727953249910.groovy: 79: unable to resolve class Cell
 @ line 79, column 6.
   Cell cell = row.getCell(1)
        ^

5 errors

	at com.kms.katalon.core.main.ScriptEngine.getScript(ScriptEngine.java:199)
	at com.kms.katalon.core.main.ScriptEngine.run(ScriptEngine.java:194)
	at com.kms.katalon.core.main.ScriptEngine.runScriptAsRawText(ScriptEngine.java:119)
	at com.kms.katalon.core.main.TestCaseExecutor.runScript(TestCaseExecutor.java:448)
	at com.kms.katalon.core.main.TestCaseExecutor.doExecute(TestCaseExecutor.java:439)
	at com.kms.katalon.core.main.TestCaseExecutor.processExecutionPhase(TestCaseExecutor.java:418)
	at com.kms.katalon.core.main.TestCaseExecutor.accessMainPhase(TestCaseExecutor.java:410)
	at com.kms.katalon.core.main.TestCaseExecutor.execute(TestCaseExecutor.java:285)
	at com.kms.katalon.core.main.TestCaseExecutor.execute(TestCaseExecutor.java:369)
	at com.kms.katalon.core.main.TestCaseExecutor.execute(TestCaseExecutor.java:369)
	at com.kms.katalon.core.common.CommonExecutor.accessTestCaseMainPhase(CommonExecutor.java:65)
	at com.kms.katalon.core.main.TestSuiteExecutor.accessTestSuiteMainPhase(TestSuiteExecutor.java:150)
	at com.kms.katalon.core.main.TestSuiteExecutor.execute(TestSuiteExecutor.java:106)
	at com.kms.katalon.core.main.TestCaseMain.startTestSuite(TestCaseMain.java:180)
	at TempTestSuite1727957337623.run(TempTestSuite1727957337623.groovy:35)
	at java.base/jdk.internal.reflect.NativeMethodAccessorImpl.invoke0(Native Method)
	at java.base/jdk.internal.reflect.NativeMethodAccessorImpl.invoke(NativeMethodAccessorImpl.java:77)
	at java.base/jdk.internal.reflect.DelegatingMethodAccessorImpl.invoke(DelegatingMethodAccessorImpl.java:43)
</property>
  <property name="failed.exception.class">org.codehaus.groovy.control.MultipleCompilationErrorsException</property>
  <property name="failed.exception.message">startup failed:
file:/C:/Users/User/git/frameworks-regression-test-automation/Scripts/CHC_Instance/PointofSale_Module/TS9_POS_SuspendResume_Sale/POS_Suspend_Sale_CHC/Script1727953249910.groovy: 72: unable to resolve class XSSFWorkbook
 @ line 72, column 14.
   XSSFWorkbook workbook = new XSSFWorkbook(sourceFile)
                ^

file:/C:/Users/User/git/frameworks-regression-test-automation/Scripts/CHC_Instance/PointofSale_Module/TS9_POS_SuspendResume_Sale/POS_Suspend_Sale_CHC/Script1727953249910.groovy: 72: unable to resolve class XSSFWorkbook
 @ line 72, column 25.
   XSSFWorkbook workbook = new XSSFWorkbook(sourceFile)
                           ^

file:/C:/Users/User/git/frameworks-regression-test-automation/Scripts/CHC_Instance/PointofSale_Module/TS9_POS_SuspendResume_Sale/POS_Suspend_Sale_CHC/Script1727953249910.groovy: 74: unable to resolve class XSSFSheet
 @ line 74, column 11.
   XSSFSheet sheet = workbook.getSheet(&apos;Sheet1&apos;)
             ^

file:/C:/Users/User/git/frameworks-regression-test-automation/Scripts/CHC_Instance/PointofSale_Module/TS9_POS_SuspendResume_Sale/POS_Suspend_Sale_CHC/Script1727953249910.groovy: 77: unable to resolve class Row
 @ line 77, column 5.
   Row row = sheet.getRow(0)
       ^

file:/C:/Users/User/git/frameworks-regression-test-automation/Scripts/CHC_Instance/PointofSale_Module/TS9_POS_SuspendResume_Sale/POS_Suspend_Sale_CHC/Script1727953249910.groovy: 79: unable to resolve class Cell
 @ line 79, column 6.
   Cell cell = row.getCell(1)
        ^

5 errors
</property>
</record>
<record>
  <date>2024-10-03T12:09:04.724056900Z</date>
  <millis>1727957344724</millis>
  <nanos>56900</nanos>
  <sequence>28</sequence>
  <level>END</level>
  <class>com.kms.katalon.core.logging.XmlKeywordLogger</class>
  <method>endTest</method>
  <thread>1</thread>
  <message>End Test Case : Test Cases/CHC_Instance/PointofSale_Module/TS9_POS_SuspendResume_Sale/POS_Suspend_Sale_CHC</message>
  <nestedLevel>0</nestedLevel>
  <escapedJava>false</escapedJava>
  <property name="executionBindingVariables">[
  {
    &quot;displayReportName&quot;: &quot;(Default) userN...&quot;,
    &quot;value&quot;: &quot;manaki&quot;,
    &quot;name&quot;: &quot;(Default) userName&quot;,
    &quot;masked&quot;: false
  },
  {
    &quot;displayReportName&quot;: &quot;(Default) Excel...&quot;,
    &quot;value&quot;: &quot;D:\\Dahlsen\\Frameworks Testing\\AutomationTesting\\TestData\\CHC Instance\\POS_Module\\&quot;,
    &quot;name&quot;: &quot;(Default) ExcelFile&quot;,
    &quot;masked&quot;: false
  }
]</property>
  <property name="applitools">false</property>
  <property name="remainingRetryCount">1</property>
  <property name="currentRetryCount">2</property>
  <property name="keywordsUsage">{
  &quot;web_ui&quot;: false,
  &quot;web_service&quot;: false,
  &quot;cucumber&quot;: false,
  &quot;builtin&quot;: false,
  &quot;mobile&quot;: false,
  &quot;windows&quot;: false,
  &quot;testng&quot;: false
}</property>
</record>
<record>
  <date>2024-10-03T12:09:04.729051600Z</date>
  <millis>1727957344729</millis>
  <nanos>51600</nanos>
  <sequence>29</sequence>
  <level>START</level>
  <class>com.kms.katalon.core.logging.XmlKeywordLogger</class>
  <method>startTest</method>
  <thread>1</thread>
  <message>Start Test Case : Test Cases/CHC_Instance/PointofSale_Module/TS9_POS_SuspendResume_Sale/POS_Suspend_Sale_CHC</message>
  <nestedLevel>1</nestedLevel>
  <escapedJava>false</escapedJava>
  <property name="remainingRetryCount">0</property>
  <property name="name">Test Cases/CHC_Instance/PointofSale_Module/TS9_POS_SuspendResume_Sale/POS_Suspend_Sale_CHC</property>
  <property name="description"></property>
  <property name="iteration"></property>
  <property name="id">Test Cases/CHC_Instance/PointofSale_Module/TS9_POS_SuspendResume_Sale/POS_Suspend_Sale_CHC</property>
  <property name="source">C:\Users\User\git\frameworks-regression-test-automation\Test Cases\CHC_Instance\PointofSale_Module\TS9_POS_SuspendResume_Sale\POS_Suspend_Sale_CHC.tc</property>
  <property name="tag"></property>
  <property name="isOptional">false</property>
  <property name="currentRetryCount">3</property>
</record>
<record>
  <date>2024-10-03T12:09:04.746053300Z</date>
  <millis>1727957344746</millis>
  <nanos>53300</nanos>
  <sequence>31</sequence>
  <level>INFO</level>
  <class>com.kms.katalon.core.logging.XmlKeywordLogger</class>
  <method>logMessage</method>
  <thread>1</thread>
  <message>(Default) userName = manaki</message>
  <nestedLevel>1</nestedLevel>
  <escapedJava>false</escapedJava>
</record>
<record>
  <date>2024-10-03T12:09:04.747060300Z</date>
  <millis>1727957344747</millis>
  <nanos>60300</nanos>
  <sequence>32</sequence>
  <level>INFO</level>
  <class>com.kms.katalon.core.logging.XmlKeywordLogger</class>
  <method>logMessage</method>
  <thread>1</thread>
  <message>(Default) ExcelFile = D:\Dahlsen\Frameworks Testing\AutomationTesting\TestData\CHC Instance\POS_Module\</message>
  <nestedLevel>1</nestedLevel>
  <escapedJava>false</escapedJava>
</record>
<record>
  <date>2024-10-03T12:09:04.862671400Z</date>
  <millis>1727957344862</millis>
  <nanos>671400</nanos>
  <sequence>34</sequence>
  <level>ERROR</level>
  <class>com.kms.katalon.core.logging.XmlKeywordLogger</class>
  <method>logMessage</method>
  <thread>1</thread>
  <message>Test Cases/CHC_Instance/PointofSale_Module/TS9_POS_SuspendResume_Sale/POS_Suspend_Sale_CHC FAILED.
Reason:
org.codehaus.groovy.control.MultipleCompilationErrorsException: startup failed:
file:/C:/Users/User/git/frameworks-regression-test-automation/Scripts/CHC_Instance/PointofSale_Module/TS9_POS_SuspendResume_Sale/POS_Suspend_Sale_CHC/Script1727953249910.groovy: 72: unable to resolve class XSSFWorkbook
 @ line 72, column 14.
   XSSFWorkbook workbook = new XSSFWorkbook(sourceFile)
                ^

file:/C:/Users/User/git/frameworks-regression-test-automation/Scripts/CHC_Instance/PointofSale_Module/TS9_POS_SuspendResume_Sale/POS_Suspend_Sale_CHC/Script1727953249910.groovy: 72: unable to resolve class XSSFWorkbook
 @ line 72, column 25.
   XSSFWorkbook workbook = new XSSFWorkbook(sourceFile)
                           ^

file:/C:/Users/User/git/frameworks-regression-test-automation/Scripts/CHC_Instance/PointofSale_Module/TS9_POS_SuspendResume_Sale/POS_Suspend_Sale_CHC/Script1727953249910.groovy: 74: unable to resolve class XSSFSheet
 @ line 74, column 11.
   XSSFSheet sheet = workbook.getSheet(&amp;apos;Sheet1&amp;apos;)
             ^

file:/C:/Users/User/git/frameworks-regression-test-automation/Scripts/CHC_Instance/PointofSale_Module/TS9_POS_SuspendResume_Sale/POS_Suspend_Sale_CHC/Script1727953249910.groovy: 77: unable to resolve class Row
 @ line 77, column 5.
   Row row = sheet.getRow(0)
       ^

file:/C:/Users/User/git/frameworks-regression-test-automation/Scripts/CHC_Instance/PointofSale_Module/TS9_POS_SuspendResume_Sale/POS_Suspend_Sale_CHC/Script1727953249910.groovy: 79: unable to resolve class Cell
 @ line 79, column 6.
   Cell cell = row.getCell(1)
        ^

5 errors

	at com.kms.katalon.core.main.ScriptEngine.getScript(ScriptEngine.java:199)
	at com.kms.katalon.core.main.ScriptEngine.run(ScriptEngine.java:194)
	at com.kms.katalon.core.main.ScriptEngine.runScriptAsRawText(ScriptEngine.java:119)
	at com.kms.katalon.core.main.TestCaseExecutor.runScript(TestCaseExecutor.java:448)
	at com.kms.katalon.core.main.TestCaseExecutor.doExecute(TestCaseExecutor.java:439)
	at com.kms.katalon.core.main.TestCaseExecutor.processExecutionPhase(TestCaseExecutor.java:418)
	at com.kms.katalon.core.main.TestCaseExecutor.accessMainPhase(TestCaseExecutor.java:410)
	at com.kms.katalon.core.main.TestCaseExecutor.execute(TestCaseExecutor.java:285)
	at com.kms.katalon.core.main.TestCaseExecutor.execute(TestCaseExecutor.java:369)
	at com.kms.katalon.core.main.TestCaseExecutor.execute(TestCaseExecutor.java:369)
	at com.kms.katalon.core.main.TestCaseExecutor.execute(TestCaseExecutor.java:369)
	at com.kms.katalon.core.common.CommonExecutor.accessTestCaseMainPhase(CommonExecutor.java:65)
	at com.kms.katalon.core.main.TestSuiteExecutor.accessTestSuiteMainPhase(TestSuiteExecutor.java:150)
	at com.kms.katalon.core.main.TestSuiteExecutor.execute(TestSuiteExecutor.java:106)
	at com.kms.katalon.core.main.TestCaseMain.startTestSuite(TestCaseMain.java:180)
	at TempTestSuite1727957337623.run(TempTestSuite1727957337623.groovy:35)
	at java.base/jdk.internal.reflect.NativeMethodAccessorImpl.invoke0(Native Method)
	at java.base/jdk.internal.reflect.NativeMethodAccessorImpl.invoke(NativeMethodAccessorImpl.java:77)
	at java.base/jdk.internal.reflect.DelegatingMethodAccessorImpl.invoke(DelegatingMethodAccessorImpl.java:43)
</message>
  <exception>
    <message>org.codehaus.groovy.control.MultipleCompilationErrorsException: startup failed:
file:/C:/Users/User/git/frameworks-regression-test-automation/Scripts/CHC_Instance/PointofSale_Module/TS9_POS_SuspendResume_Sale/POS_Suspend_Sale_CHC/Script1727953249910.groovy: 72: unable to resolve class XSSFWorkbook
 @ line 72, column 14.
   XSSFWorkbook workbook = new XSSFWorkbook(sourceFile)
                ^

file:/C:/Users/User/git/frameworks-regression-test-automation/Scripts/CHC_Instance/PointofSale_Module/TS9_POS_SuspendResume_Sale/POS_Suspend_Sale_CHC/Script1727953249910.groovy: 72: unable to resolve class XSSFWorkbook
 @ line 72, column 25.
   XSSFWorkbook workbook = new XSSFWorkbook(sourceFile)
                           ^

file:/C:/Users/User/git/frameworks-regression-test-automation/Scripts/CHC_Instance/PointofSale_Module/TS9_POS_SuspendResume_Sale/POS_Suspend_Sale_CHC/Script1727953249910.groovy: 74: unable to resolve class XSSFSheet
 @ line 74, column 11.
   XSSFSheet sheet = workbook.getSheet('Sheet1')
             ^

file:/C:/Users/User/git/frameworks-regression-test-automation/Scripts/CHC_Instance/PointofSale_Module/TS9_POS_SuspendResume_Sale/POS_Suspend_Sale_CHC/Script1727953249910.groovy: 77: unable to resolve class Row
 @ line 77, column 5.
   Row row = sheet.getRow(0)
       ^

file:/C:/Users/User/git/frameworks-regression-test-automation/Scripts/CHC_Instance/PointofSale_Module/TS9_POS_SuspendResume_Sale/POS_Suspend_Sale_CHC/Script1727953249910.groovy: 79: unable to resolve class Cell
 @ line 79, column 6.
   Cell cell = row.getCell(1)
        ^

5 errors
</message>
    <frame>
      <class>com.kms.katalon.core.main.ScriptEngine</class>
      <method>getScript</method>
      <line>199</line>
    </frame>
    <frame>
      <class>com.kms.katalon.core.main.ScriptEngine</class>
      <method>run</method>
      <line>194</line>
    </frame>
    <frame>
      <class>com.kms.katalon.core.main.ScriptEngine</class>
      <method>runScriptAsRawText</method>
      <line>119</line>
    </frame>
    <frame>
      <class>com.kms.katalon.core.main.TestCaseExecutor</class>
      <method>runScript</method>
      <line>448</line>
    </frame>
    <frame>
      <class>com.kms.katalon.core.main.TestCaseExecutor</class>
      <method>doExecute</method>
      <line>439</line>
    </frame>
    <frame>
      <class>com.kms.katalon.core.main.TestCaseExecutor</class>
      <method>processExecutionPhase</method>
      <line>418</line>
    </frame>
    <frame>
      <class>com.kms.katalon.core.main.TestCaseExecutor</class>
      <method>accessMainPhase</method>
      <line>410</line>
    </frame>
    <frame>
      <class>com.kms.katalon.core.main.TestCaseExecutor</class>
      <method>execute</method>
      <line>285</line>
    </frame>
    <frame>
      <class>com.kms.katalon.core.main.TestCaseExecutor</class>
      <method>execute</method>
      <line>369</line>
    </frame>
    <frame>
      <class>com.kms.katalon.core.main.TestCaseExecutor</class>
      <method>execute</method>
      <line>369</line>
    </frame>
    <frame>
      <class>com.kms.katalon.core.main.TestCaseExecutor</class>
      <method>execute</method>
      <line>369</line>
    </frame>
    <frame>
      <class>com.kms.katalon.core.common.CommonExecutor</class>
      <method>accessTestCaseMainPhase</method>
      <line>65</line>
    </frame>
    <frame>
      <class>com.kms.katalon.core.main.TestSuiteExecutor</class>
      <method>accessTestSuiteMainPhase</method>
      <line>150</line>
    </frame>
    <frame>
      <class>com.kms.katalon.core.main.TestSuiteExecutor</class>
      <method>execute</method>
      <line>106</line>
    </frame>
    <frame>
      <class>com.kms.katalon.core.main.TestCaseMain</class>
      <method>startTestSuite</method>
      <line>180</line>
    </frame>
    <frame>
      <class>TempTestSuite1727957337623</class>
      <method>run</method>
      <line>35</line>
    </frame>
    <frame>
      <class>jdk.internal.reflect.NativeMethodAccessorImpl</class>
      <method>invoke0</method>
    </frame>
    <frame>
      <class>jdk.internal.reflect.NativeMethodAccessorImpl</class>
      <method>invoke</method>
      <line>77</line>
    </frame>
    <frame>
      <class>jdk.internal.reflect.DelegatingMethodAccessorImpl</class>
      <method>invoke</method>
      <line>43</line>
    </frame>
  </exception>
  <nestedLevel>0</nestedLevel>
  <escapedJava>false</escapedJava>
  <property name="failed.exception.stacktrace">org.codehaus.groovy.control.MultipleCompilationErrorsException: startup failed:
file:/C:/Users/User/git/frameworks-regression-test-automation/Scripts/CHC_Instance/PointofSale_Module/TS9_POS_SuspendResume_Sale/POS_Suspend_Sale_CHC/Script1727953249910.groovy: 72: unable to resolve class XSSFWorkbook
 @ line 72, column 14.
   XSSFWorkbook workbook = new XSSFWorkbook(sourceFile)
                ^

file:/C:/Users/User/git/frameworks-regression-test-automation/Scripts/CHC_Instance/PointofSale_Module/TS9_POS_SuspendResume_Sale/POS_Suspend_Sale_CHC/Script1727953249910.groovy: 72: unable to resolve class XSSFWorkbook
 @ line 72, column 25.
   XSSFWorkbook workbook = new XSSFWorkbook(sourceFile)
                           ^

file:/C:/Users/User/git/frameworks-regression-test-automation/Scripts/CHC_Instance/PointofSale_Module/TS9_POS_SuspendResume_Sale/POS_Suspend_Sale_CHC/Script1727953249910.groovy: 74: unable to resolve class XSSFSheet
 @ line 74, column 11.
   XSSFSheet sheet = workbook.getSheet(&apos;Sheet1&apos;)
             ^

file:/C:/Users/User/git/frameworks-regression-test-automation/Scripts/CHC_Instance/PointofSale_Module/TS9_POS_SuspendResume_Sale/POS_Suspend_Sale_CHC/Script1727953249910.groovy: 77: unable to resolve class Row
 @ line 77, column 5.
   Row row = sheet.getRow(0)
       ^

file:/C:/Users/User/git/frameworks-regression-test-automation/Scripts/CHC_Instance/PointofSale_Module/TS9_POS_SuspendResume_Sale/POS_Suspend_Sale_CHC/Script1727953249910.groovy: 79: unable to resolve class Cell
 @ line 79, column 6.
   Cell cell = row.getCell(1)
        ^

5 errors

	at com.kms.katalon.core.main.ScriptEngine.getScript(ScriptEngine.java:199)
	at com.kms.katalon.core.main.ScriptEngine.run(ScriptEngine.java:194)
	at com.kms.katalon.core.main.ScriptEngine.runScriptAsRawText(ScriptEngine.java:119)
	at com.kms.katalon.core.main.TestCaseExecutor.runScript(TestCaseExecutor.java:448)
	at com.kms.katalon.core.main.TestCaseExecutor.doExecute(TestCaseExecutor.java:439)
	at com.kms.katalon.core.main.TestCaseExecutor.processExecutionPhase(TestCaseExecutor.java:418)
	at com.kms.katalon.core.main.TestCaseExecutor.accessMainPhase(TestCaseExecutor.java:410)
	at com.kms.katalon.core.main.TestCaseExecutor.execute(TestCaseExecutor.java:285)
	at com.kms.katalon.core.main.TestCaseExecutor.execute(TestCaseExecutor.java:369)
	at com.kms.katalon.core.main.TestCaseExecutor.execute(TestCaseExecutor.java:369)
	at com.kms.katalon.core.main.TestCaseExecutor.execute(TestCaseExecutor.java:369)
	at com.kms.katalon.core.common.CommonExecutor.accessTestCaseMainPhase(CommonExecutor.java:65)
	at com.kms.katalon.core.main.TestSuiteExecutor.accessTestSuiteMainPhase(TestSuiteExecutor.java:150)
	at com.kms.katalon.core.main.TestSuiteExecutor.execute(TestSuiteExecutor.java:106)
	at com.kms.katalon.core.main.TestCaseMain.startTestSuite(TestCaseMain.java:180)
	at TempTestSuite1727957337623.run(TempTestSuite1727957337623.groovy:35)
	at java.base/jdk.internal.reflect.NativeMethodAccessorImpl.invoke0(Native Method)
	at java.base/jdk.internal.reflect.NativeMethodAccessorImpl.invoke(NativeMethodAccessorImpl.java:77)
	at java.base/jdk.internal.reflect.DelegatingMethodAccessorImpl.invoke(DelegatingMethodAccessorImpl.java:43)
</property>
  <property name="failed.exception.class">org.codehaus.groovy.control.MultipleCompilationErrorsException</property>
  <property name="failed.exception.message">startup failed:
file:/C:/Users/User/git/frameworks-regression-test-automation/Scripts/CHC_Instance/PointofSale_Module/TS9_POS_SuspendResume_Sale/POS_Suspend_Sale_CHC/Script1727953249910.groovy: 72: unable to resolve class XSSFWorkbook
 @ line 72, column 14.
   XSSFWorkbook workbook = new XSSFWorkbook(sourceFile)
                ^

file:/C:/Users/User/git/frameworks-regression-test-automation/Scripts/CHC_Instance/PointofSale_Module/TS9_POS_SuspendResume_Sale/POS_Suspend_Sale_CHC/Script1727953249910.groovy: 72: unable to resolve class XSSFWorkbook
 @ line 72, column 25.
   XSSFWorkbook workbook = new XSSFWorkbook(sourceFile)
                           ^

file:/C:/Users/User/git/frameworks-regression-test-automation/Scripts/CHC_Instance/PointofSale_Module/TS9_POS_SuspendResume_Sale/POS_Suspend_Sale_CHC/Script1727953249910.groovy: 74: unable to resolve class XSSFSheet
 @ line 74, column 11.
   XSSFSheet sheet = workbook.getSheet(&apos;Sheet1&apos;)
             ^

file:/C:/Users/User/git/frameworks-regression-test-automation/Scripts/CHC_Instance/PointofSale_Module/TS9_POS_SuspendResume_Sale/POS_Suspend_Sale_CHC/Script1727953249910.groovy: 77: unable to resolve class Row
 @ line 77, column 5.
   Row row = sheet.getRow(0)
       ^

file:/C:/Users/User/git/frameworks-regression-test-automation/Scripts/CHC_Instance/PointofSale_Module/TS9_POS_SuspendResume_Sale/POS_Suspend_Sale_CHC/Script1727953249910.groovy: 79: unable to resolve class Cell
 @ line 79, column 6.
   Cell cell = row.getCell(1)
        ^

5 errors
</property>
</record>
<record>
  <date>2024-10-03T12:09:04.866673Z</date>
  <millis>1727957344866</millis>
  <nanos>673000</nanos>
  <sequence>36</sequence>
  <level>END</level>
  <class>com.kms.katalon.core.logging.XmlKeywordLogger</class>
  <method>endTest</method>
  <thread>1</thread>
  <message>End Test Case : Test Cases/CHC_Instance/PointofSale_Module/TS9_POS_SuspendResume_Sale/POS_Suspend_Sale_CHC</message>
  <nestedLevel>0</nestedLevel>
  <escapedJava>false</escapedJava>
  <property name="executionBindingVariables">[
  {
    &quot;displayReportName&quot;: &quot;(Default) userN...&quot;,
    &quot;value&quot;: &quot;manaki&quot;,
    &quot;name&quot;: &quot;(Default) userName&quot;,
    &quot;masked&quot;: false
  },
  {
    &quot;displayReportName&quot;: &quot;(Default) Excel...&quot;,
    &quot;value&quot;: &quot;D:\\Dahlsen\\Frameworks Testing\\AutomationTesting\\TestData\\CHC Instance\\POS_Module\\&quot;,
    &quot;name&quot;: &quot;(Default) ExcelFile&quot;,
    &quot;masked&quot;: false
  }
]</property>
  <property name="applitools">false</property>
  <property name="remainingRetryCount">0</property>
  <property name="currentRetryCount">3</property>
  <property name="keywordsUsage">{
  &quot;web_ui&quot;: false,
  &quot;web_service&quot;: false,
  &quot;cucumber&quot;: false,
  &quot;builtin&quot;: false,
  &quot;mobile&quot;: false,
  &quot;windows&quot;: false,
  &quot;testng&quot;: false
}</property>
</record>
<record>
  <date>2024-10-03T12:09:04.870667500Z</date>
  <millis>1727957344870</millis>
  <nanos>667500</nanos>
  <sequence>37</sequence>
  <level>START</level>
  <class>com.kms.katalon.core.logging.XmlKeywordLogger</class>
  <method>startTest</method>
  <thread>1</thread>
  <message>Start Test Case : Test Cases/CHC_Instance/PointofSale_Module/TS9_POS_SuspendResume_Sale/POS_Resume_Sale_CHC</message>
  <nestedLevel>1</nestedLevel>
  <escapedJava>false</escapedJava>
  <property name="remainingRetryCount">3</property>
  <property name="name">Test Cases/CHC_Instance/PointofSale_Module/TS9_POS_SuspendResume_Sale/POS_Resume_Sale_CHC</property>
  <property name="description"></property>
  <property name="iteration"></property>
  <property name="id">Test Cases/CHC_Instance/PointofSale_Module/TS9_POS_SuspendResume_Sale/POS_Resume_Sale_CHC</property>
  <property name="source">C:\Users\User\git\frameworks-regression-test-automation\Test Cases\CHC_Instance\PointofSale_Module\TS9_POS_SuspendResume_Sale\POS_Resume_Sale_CHC.tc</property>
  <property name="tag"></property>
  <property name="isOptional">false</property>
  <property name="currentRetryCount">0</property>
</record>
<record>
  <date>2024-10-03T12:09:04.885685900Z</date>
  <millis>1727957344885</millis>
  <nanos>685900</nanos>
  <sequence>39</sequence>
  <level>INFO</level>
  <class>com.kms.katalon.core.logging.XmlKeywordLogger</class>
  <method>logMessage</method>
  <thread>1</thread>
  <message>(Default) userName = manaki</message>
  <nestedLevel>1</nestedLevel>
  <escapedJava>false</escapedJava>
</record>
<record>
  <date>2024-10-03T12:09:04.901075300Z</date>
  <millis>1727957344901</millis>
  <nanos>75300</nanos>
  <sequence>40</sequence>
  <level>INFO</level>
  <class>com.kms.katalon.core.logging.XmlKeywordLogger</class>
  <method>logMessage</method>
  <thread>1</thread>
  <message>(Default) ExcelFile = D:\Dahlsen\Frameworks Testing\AutomationTesting\TestData\CHC Instance\POS_Module\TS9_POS_SuspendResumeSale_testdata.xlsx</message>
  <nestedLevel>1</nestedLevel>
  <escapedJava>false</escapedJava>
</record>
<record>
  <date>2024-10-03T12:09:04.913061800Z</date>
  <millis>1727957344913</millis>
  <nanos>61800</nanos>
  <sequence>41</sequence>
  <level>INFO</level>
  <class>com.kms.katalon.core.logging.XmlKeywordLogger</class>
  <method>logMessage</method>
  <thread>1</thread>
  <message>(Default) invoiceNum = </message>
  <nestedLevel>1</nestedLevel>
  <escapedJava>false</escapedJava>
</record>
<record>
  <date>2024-10-03T12:09:05.009589900Z</date>
  <millis>1727957345009</millis>
  <nanos>589900</nanos>
  <sequence>43</sequence>
  <level>ERROR</level>
  <class>com.kms.katalon.core.logging.XmlKeywordLogger</class>
  <method>logMessage</method>
  <thread>1</thread>
  <message>Test Cases/CHC_Instance/PointofSale_Module/TS9_POS_SuspendResume_Sale/POS_Resume_Sale_CHC FAILED.
Reason:
org.codehaus.groovy.control.MultipleCompilationErrorsException: startup failed:
file:/C:/Users/User/git/frameworks-regression-test-automation/Scripts/CHC_Instance/PointofSale_Module/TS9_POS_SuspendResume_Sale/POS_Resume_Sale_CHC/Script1727956170792.groovy: 22: unable to resolve class XSSFWorkbook
 @ line 22, column 14.
   XSSFWorkbook workbook = new XSSFWorkbook(sourceFile)
                ^

file:/C:/Users/User/git/frameworks-regression-test-automation/Scripts/CHC_Instance/PointofSale_Module/TS9_POS_SuspendResume_Sale/POS_Resume_Sale_CHC/Script1727956170792.groovy: 22: unable to resolve class XSSFWorkbook
 @ line 22, column 25.
   XSSFWorkbook workbook = new XSSFWorkbook(sourceFile)
                           ^

file:/C:/Users/User/git/frameworks-regression-test-automation/Scripts/CHC_Instance/PointofSale_Module/TS9_POS_SuspendResume_Sale/POS_Resume_Sale_CHC/Script1727956170792.groovy: 24: unable to resolve class XSSFSheet
 @ line 24, column 11.
   XSSFSheet sheet = workbook.getSheet(&amp;apos;Sheet1&amp;apos;)
             ^

file:/C:/Users/User/git/frameworks-regression-test-automation/Scripts/CHC_Instance/PointofSale_Module/TS9_POS_SuspendResume_Sale/POS_Resume_Sale_CHC/Script1727956170792.groovy: 27: unable to resolve class Row
 @ line 27, column 5.
   Row row = sheet.getRow(1)
       ^

file:/C:/Users/User/git/frameworks-regression-test-automation/Scripts/CHC_Instance/PointofSale_Module/TS9_POS_SuspendResume_Sale/POS_Resume_Sale_CHC/Script1727956170792.groovy: 29: unable to resolve class Cell
 @ line 29, column 6.
   Cell cell = row.getCell(1)
        ^

5 errors

	at com.kms.katalon.core.main.ScriptEngine.getScript(ScriptEngine.java:199)
	at com.kms.katalon.core.main.ScriptEngine.run(ScriptEngine.java:194)
	at com.kms.katalon.core.main.ScriptEngine.runScriptAsRawText(ScriptEngine.java:119)
	at com.kms.katalon.core.main.TestCaseExecutor.runScript(TestCaseExecutor.java:448)
	at com.kms.katalon.core.main.TestCaseExecutor.doExecute(TestCaseExecutor.java:439)
	at com.kms.katalon.core.main.TestCaseExecutor.processExecutionPhase(TestCaseExecutor.java:418)
	at com.kms.katalon.core.main.TestCaseExecutor.accessMainPhase(TestCaseExecutor.java:410)
	at com.kms.katalon.core.main.TestCaseExecutor.execute(TestCaseExecutor.java:285)
	at com.kms.katalon.core.common.CommonExecutor.accessTestCaseMainPhase(CommonExecutor.java:65)
	at com.kms.katalon.core.main.TestSuiteExecutor.accessTestSuiteMainPhase(TestSuiteExecutor.java:150)
	at com.kms.katalon.core.main.TestSuiteExecutor.execute(TestSuiteExecutor.java:106)
	at com.kms.katalon.core.main.TestCaseMain.startTestSuite(TestCaseMain.java:180)
	at TempTestSuite1727957337623.run(TempTestSuite1727957337623.groovy:35)
	at java.base/jdk.internal.reflect.NativeMethodAccessorImpl.invoke0(Native Method)
	at java.base/jdk.internal.reflect.NativeMethodAccessorImpl.invoke(NativeMethodAccessorImpl.java:77)
	at java.base/jdk.internal.reflect.DelegatingMethodAccessorImpl.invoke(DelegatingMethodAccessorImpl.java:43)
</message>
  <exception>
    <message>org.codehaus.groovy.control.MultipleCompilationErrorsException: startup failed:
file:/C:/Users/User/git/frameworks-regression-test-automation/Scripts/CHC_Instance/PointofSale_Module/TS9_POS_SuspendResume_Sale/POS_Resume_Sale_CHC/Script1727956170792.groovy: 22: unable to resolve class XSSFWorkbook
 @ line 22, column 14.
   XSSFWorkbook workbook = new XSSFWorkbook(sourceFile)
                ^

file:/C:/Users/User/git/frameworks-regression-test-automation/Scripts/CHC_Instance/PointofSale_Module/TS9_POS_SuspendResume_Sale/POS_Resume_Sale_CHC/Script1727956170792.groovy: 22: unable to resolve class XSSFWorkbook
 @ line 22, column 25.
   XSSFWorkbook workbook = new XSSFWorkbook(sourceFile)
                           ^

file:/C:/Users/User/git/frameworks-regression-test-automation/Scripts/CHC_Instance/PointofSale_Module/TS9_POS_SuspendResume_Sale/POS_Resume_Sale_CHC/Script1727956170792.groovy: 24: unable to resolve class XSSFSheet
 @ line 24, column 11.
   XSSFSheet sheet = workbook.getSheet('Sheet1')
             ^

file:/C:/Users/User/git/frameworks-regression-test-automation/Scripts/CHC_Instance/PointofSale_Module/TS9_POS_SuspendResume_Sale/POS_Resume_Sale_CHC/Script1727956170792.groovy: 27: unable to resolve class Row
 @ line 27, column 5.
   Row row = sheet.getRow(1)
       ^

file:/C:/Users/User/git/frameworks-regression-test-automation/Scripts/CHC_Instance/PointofSale_Module/TS9_POS_SuspendResume_Sale/POS_Resume_Sale_CHC/Script1727956170792.groovy: 29: unable to resolve class Cell
 @ line 29, column 6.
   Cell cell = row.getCell(1)
        ^

5 errors
</message>
    <frame>
      <class>com.kms.katalon.core.main.ScriptEngine</class>
      <method>getScript</method>
      <line>199</line>
    </frame>
    <frame>
      <class>com.kms.katalon.core.main.ScriptEngine</class>
      <method>run</method>
      <line>194</line>
    </frame>
    <frame>
      <class>com.kms.katalon.core.main.ScriptEngine</class>
      <method>runScriptAsRawText</method>
      <line>119</line>
    </frame>
    <frame>
      <class>com.kms.katalon.core.main.TestCaseExecutor</class>
      <method>runScript</method>
      <line>448</line>
    </frame>
    <frame>
      <class>com.kms.katalon.core.main.TestCaseExecutor</class>
      <method>doExecute</method>
      <line>439</line>
    </frame>
    <frame>
      <class>com.kms.katalon.core.main.TestCaseExecutor</class>
      <method>processExecutionPhase</method>
      <line>418</line>
    </frame>
    <frame>
      <class>com.kms.katalon.core.main.TestCaseExecutor</class>
      <method>accessMainPhase</method>
      <line>410</line>
    </frame>
    <frame>
      <class>com.kms.katalon.core.main.TestCaseExecutor</class>
      <method>execute</method>
      <line>285</line>
    </frame>
    <frame>
      <class>com.kms.katalon.core.common.CommonExecutor</class>
      <method>accessTestCaseMainPhase</method>
      <line>65</line>
    </frame>
    <frame>
      <class>com.kms.katalon.core.main.TestSuiteExecutor</class>
      <method>accessTestSuiteMainPhase</method>
      <line>150</line>
    </frame>
    <frame>
      <class>com.kms.katalon.core.main.TestSuiteExecutor</class>
      <method>execute</method>
      <line>106</line>
    </frame>
    <frame>
      <class>com.kms.katalon.core.main.TestCaseMain</class>
      <method>startTestSuite</method>
      <line>180</line>
    </frame>
    <frame>
      <class>TempTestSuite1727957337623</class>
      <method>run</method>
      <line>35</line>
    </frame>
    <frame>
      <class>jdk.internal.reflect.NativeMethodAccessorImpl</class>
      <method>invoke0</method>
    </frame>
    <frame>
      <class>jdk.internal.reflect.NativeMethodAccessorImpl</class>
      <method>invoke</method>
      <line>77</line>
    </frame>
    <frame>
      <class>jdk.internal.reflect.DelegatingMethodAccessorImpl</class>
      <method>invoke</method>
      <line>43</line>
    </frame>
  </exception>
  <nestedLevel>0</nestedLevel>
  <escapedJava>false</escapedJava>
  <property name="failed.exception.stacktrace">org.codehaus.groovy.control.MultipleCompilationErrorsException: startup failed:
file:/C:/Users/User/git/frameworks-regression-test-automation/Scripts/CHC_Instance/PointofSale_Module/TS9_POS_SuspendResume_Sale/POS_Resume_Sale_CHC/Script1727956170792.groovy: 22: unable to resolve class XSSFWorkbook
 @ line 22, column 14.
   XSSFWorkbook workbook = new XSSFWorkbook(sourceFile)
                ^

file:/C:/Users/User/git/frameworks-regression-test-automation/Scripts/CHC_Instance/PointofSale_Module/TS9_POS_SuspendResume_Sale/POS_Resume_Sale_CHC/Script1727956170792.groovy: 22: unable to resolve class XSSFWorkbook
 @ line 22, column 25.
   XSSFWorkbook workbook = new XSSFWorkbook(sourceFile)
                           ^

file:/C:/Users/User/git/frameworks-regression-test-automation/Scripts/CHC_Instance/PointofSale_Module/TS9_POS_SuspendResume_Sale/POS_Resume_Sale_CHC/Script1727956170792.groovy: 24: unable to resolve class XSSFSheet
 @ line 24, column 11.
   XSSFSheet sheet = workbook.getSheet(&apos;Sheet1&apos;)
             ^

file:/C:/Users/User/git/frameworks-regression-test-automation/Scripts/CHC_Instance/PointofSale_Module/TS9_POS_SuspendResume_Sale/POS_Resume_Sale_CHC/Script1727956170792.groovy: 27: unable to resolve class Row
 @ line 27, column 5.
   Row row = sheet.getRow(1)
       ^

file:/C:/Users/User/git/frameworks-regression-test-automation/Scripts/CHC_Instance/PointofSale_Module/TS9_POS_SuspendResume_Sale/POS_Resume_Sale_CHC/Script1727956170792.groovy: 29: unable to resolve class Cell
 @ line 29, column 6.
   Cell cell = row.getCell(1)
        ^

5 errors

	at com.kms.katalon.core.main.ScriptEngine.getScript(ScriptEngine.java:199)
	at com.kms.katalon.core.main.ScriptEngine.run(ScriptEngine.java:194)
	at com.kms.katalon.core.main.ScriptEngine.runScriptAsRawText(ScriptEngine.java:119)
	at com.kms.katalon.core.main.TestCaseExecutor.runScript(TestCaseExecutor.java:448)
	at com.kms.katalon.core.main.TestCaseExecutor.doExecute(TestCaseExecutor.java:439)
	at com.kms.katalon.core.main.TestCaseExecutor.processExecutionPhase(TestCaseExecutor.java:418)
	at com.kms.katalon.core.main.TestCaseExecutor.accessMainPhase(TestCaseExecutor.java:410)
	at com.kms.katalon.core.main.TestCaseExecutor.execute(TestCaseExecutor.java:285)
	at com.kms.katalon.core.common.CommonExecutor.accessTestCaseMainPhase(CommonExecutor.java:65)
	at com.kms.katalon.core.main.TestSuiteExecutor.accessTestSuiteMainPhase(TestSuiteExecutor.java:150)
	at com.kms.katalon.core.main.TestSuiteExecutor.execute(TestSuiteExecutor.java:106)
	at com.kms.katalon.core.main.TestCaseMain.startTestSuite(TestCaseMain.java:180)
	at TempTestSuite1727957337623.run(TempTestSuite1727957337623.groovy:35)
	at java.base/jdk.internal.reflect.NativeMethodAccessorImpl.invoke0(Native Method)
	at java.base/jdk.internal.reflect.NativeMethodAccessorImpl.invoke(NativeMethodAccessorImpl.java:77)
	at java.base/jdk.internal.reflect.DelegatingMethodAccessorImpl.invoke(DelegatingMethodAccessorImpl.java:43)
</property>
  <property name="failed.exception.class">org.codehaus.groovy.control.MultipleCompilationErrorsException</property>
  <property name="failed.exception.message">startup failed:
file:/C:/Users/User/git/frameworks-regression-test-automation/Scripts/CHC_Instance/PointofSale_Module/TS9_POS_SuspendResume_Sale/POS_Resume_Sale_CHC/Script1727956170792.groovy: 22: unable to resolve class XSSFWorkbook
 @ line 22, column 14.
   XSSFWorkbook workbook = new XSSFWorkbook(sourceFile)
                ^

file:/C:/Users/User/git/frameworks-regression-test-automation/Scripts/CHC_Instance/PointofSale_Module/TS9_POS_SuspendResume_Sale/POS_Resume_Sale_CHC/Script1727956170792.groovy: 22: unable to resolve class XSSFWorkbook
 @ line 22, column 25.
   XSSFWorkbook workbook = new XSSFWorkbook(sourceFile)
                           ^

file:/C:/Users/User/git/frameworks-regression-test-automation/Scripts/CHC_Instance/PointofSale_Module/TS9_POS_SuspendResume_Sale/POS_Resume_Sale_CHC/Script1727956170792.groovy: 24: unable to resolve class XSSFSheet
 @ line 24, column 11.
   XSSFSheet sheet = workbook.getSheet(&apos;Sheet1&apos;)
             ^

file:/C:/Users/User/git/frameworks-regression-test-automation/Scripts/CHC_Instance/PointofSale_Module/TS9_POS_SuspendResume_Sale/POS_Resume_Sale_CHC/Script1727956170792.groovy: 27: unable to resolve class Row
 @ line 27, column 5.
   Row row = sheet.getRow(1)
       ^

file:/C:/Users/User/git/frameworks-regression-test-automation/Scripts/CHC_Instance/PointofSale_Module/TS9_POS_SuspendResume_Sale/POS_Resume_Sale_CHC/Script1727956170792.groovy: 29: unable to resolve class Cell
 @ line 29, column 6.
   Cell cell = row.getCell(1)
        ^

5 errors
</property>
</record>
<record>
  <date>2024-10-03T12:09:05.012596900Z</date>
  <millis>1727957345012</millis>
  <nanos>596900</nanos>
  <sequence>45</sequence>
  <level>END</level>
  <class>com.kms.katalon.core.logging.XmlKeywordLogger</class>
  <method>endTest</method>
  <thread>1</thread>
  <message>End Test Case : Test Cases/CHC_Instance/PointofSale_Module/TS9_POS_SuspendResume_Sale/POS_Resume_Sale_CHC</message>
  <nestedLevel>0</nestedLevel>
  <escapedJava>false</escapedJava>
  <property name="executionBindingVariables">[
  {
    &quot;displayReportName&quot;: &quot;(Default) userN...&quot;,
    &quot;value&quot;: &quot;manaki&quot;,
    &quot;name&quot;: &quot;(Default) userName&quot;,
    &quot;masked&quot;: false
  },
  {
    &quot;displayReportName&quot;: &quot;(Default) Excel...&quot;,
    &quot;value&quot;: &quot;D:\\Dahlsen\\Frameworks Testing\\AutomationTesting\\TestData\\CHC Instance\\POS_Module\\TS9_POS_SuspendResumeSale_testdata.xlsx&quot;,
    &quot;name&quot;: &quot;(Default) ExcelFile&quot;,
    &quot;masked&quot;: false
  },
  {
    &quot;displayReportName&quot;: &quot;(Default) invoi...&quot;,
    &quot;value&quot;: &quot;&quot;,
    &quot;name&quot;: &quot;(Default) invoiceNum&quot;,
    &quot;masked&quot;: false
  }
]</property>
  <property name="applitools">false</property>
  <property name="remainingRetryCount">3</property>
  <property name="currentRetryCount">0</property>
  <property name="keywordsUsage">{
  &quot;web_ui&quot;: false,
  &quot;web_service&quot;: false,
  &quot;cucumber&quot;: false,
  &quot;builtin&quot;: false,
  &quot;mobile&quot;: false,
  &quot;windows&quot;: false,
  &quot;testng&quot;: false
}</property>
</record>
<record>
  <date>2024-10-03T12:09:05.017589100Z</date>
  <millis>1727957345017</millis>
  <nanos>589100</nanos>
  <sequence>46</sequence>
  <level>START</level>
  <class>com.kms.katalon.core.logging.XmlKeywordLogger</class>
  <method>startTest</method>
  <thread>1</thread>
  <message>Start Test Case : Test Cases/CHC_Instance/PointofSale_Module/TS9_POS_SuspendResume_Sale/POS_Resume_Sale_CHC</message>
  <nestedLevel>1</nestedLevel>
  <escapedJava>false</escapedJava>
  <property name="remainingRetryCount">2</property>
  <property name="name">Test Cases/CHC_Instance/PointofSale_Module/TS9_POS_SuspendResume_Sale/POS_Resume_Sale_CHC</property>
  <property name="description"></property>
  <property name="iteration"></property>
  <property name="id">Test Cases/CHC_Instance/PointofSale_Module/TS9_POS_SuspendResume_Sale/POS_Resume_Sale_CHC</property>
  <property name="source">C:\Users\User\git\frameworks-regression-test-automation\Test Cases\CHC_Instance\PointofSale_Module\TS9_POS_SuspendResume_Sale\POS_Resume_Sale_CHC.tc</property>
  <property name="tag"></property>
  <property name="isOptional">false</property>
  <property name="currentRetryCount">1</property>
</record>
<record>
  <date>2024-10-03T12:09:05.031588900Z</date>
  <millis>1727957345031</millis>
  <nanos>588900</nanos>
  <sequence>48</sequence>
  <level>INFO</level>
  <class>com.kms.katalon.core.logging.XmlKeywordLogger</class>
  <method>logMessage</method>
  <thread>1</thread>
  <message>(Default) userName = manaki</message>
  <nestedLevel>1</nestedLevel>
  <escapedJava>false</escapedJava>
</record>
<record>
  <date>2024-10-03T12:09:05.031588900Z</date>
  <millis>1727957345031</millis>
  <nanos>588900</nanos>
  <sequence>49</sequence>
  <level>INFO</level>
  <class>com.kms.katalon.core.logging.XmlKeywordLogger</class>
  <method>logMessage</method>
  <thread>1</thread>
  <message>(Default) ExcelFile = D:\Dahlsen\Frameworks Testing\AutomationTesting\TestData\CHC Instance\POS_Module\TS9_POS_SuspendResumeSale_testdata.xlsx</message>
  <nestedLevel>1</nestedLevel>
  <escapedJava>false</escapedJava>
</record>
<record>
  <date>2024-10-03T12:09:05.032591600Z</date>
  <millis>1727957345032</millis>
  <nanos>591600</nanos>
  <sequence>50</sequence>
  <level>INFO</level>
  <class>com.kms.katalon.core.logging.XmlKeywordLogger</class>
  <method>logMessage</method>
  <thread>1</thread>
  <message>(Default) invoiceNum = </message>
  <nestedLevel>1</nestedLevel>
  <escapedJava>false</escapedJava>
</record>
<record>
  <date>2024-10-03T12:09:05.111300700Z</date>
  <millis>1727957345111</millis>
  <nanos>300700</nanos>
  <sequence>52</sequence>
  <level>ERROR</level>
  <class>com.kms.katalon.core.logging.XmlKeywordLogger</class>
  <method>logMessage</method>
  <thread>1</thread>
  <message>Test Cases/CHC_Instance/PointofSale_Module/TS9_POS_SuspendResume_Sale/POS_Resume_Sale_CHC FAILED.
Reason:
org.codehaus.groovy.control.MultipleCompilationErrorsException: startup failed:
file:/C:/Users/User/git/frameworks-regression-test-automation/Scripts/CHC_Instance/PointofSale_Module/TS9_POS_SuspendResume_Sale/POS_Resume_Sale_CHC/Script1727956170792.groovy: 22: unable to resolve class XSSFWorkbook
 @ line 22, column 14.
   XSSFWorkbook workbook = new XSSFWorkbook(sourceFile)
                ^

file:/C:/Users/User/git/frameworks-regression-test-automation/Scripts/CHC_Instance/PointofSale_Module/TS9_POS_SuspendResume_Sale/POS_Resume_Sale_CHC/Script1727956170792.groovy: 22: unable to resolve class XSSFWorkbook
 @ line 22, column 25.
   XSSFWorkbook workbook = new XSSFWorkbook(sourceFile)
                           ^

file:/C:/Users/User/git/frameworks-regression-test-automation/Scripts/CHC_Instance/PointofSale_Module/TS9_POS_SuspendResume_Sale/POS_Resume_Sale_CHC/Script1727956170792.groovy: 24: unable to resolve class XSSFSheet
 @ line 24, column 11.
   XSSFSheet sheet = workbook.getSheet(&amp;apos;Sheet1&amp;apos;)
             ^

file:/C:/Users/User/git/frameworks-regression-test-automation/Scripts/CHC_Instance/PointofSale_Module/TS9_POS_SuspendResume_Sale/POS_Resume_Sale_CHC/Script1727956170792.groovy: 27: unable to resolve class Row
 @ line 27, column 5.
   Row row = sheet.getRow(1)
       ^

file:/C:/Users/User/git/frameworks-regression-test-automation/Scripts/CHC_Instance/PointofSale_Module/TS9_POS_SuspendResume_Sale/POS_Resume_Sale_CHC/Script1727956170792.groovy: 29: unable to resolve class Cell
 @ line 29, column 6.
   Cell cell = row.getCell(1)
        ^

5 errors

	at com.kms.katalon.core.main.ScriptEngine.getScript(ScriptEngine.java:199)
	at com.kms.katalon.core.main.ScriptEngine.run(ScriptEngine.java:194)
	at com.kms.katalon.core.main.ScriptEngine.runScriptAsRawText(ScriptEngine.java:119)
	at com.kms.katalon.core.main.TestCaseExecutor.runScript(TestCaseExecutor.java:448)
	at com.kms.katalon.core.main.TestCaseExecutor.doExecute(TestCaseExecutor.java:439)
	at com.kms.katalon.core.main.TestCaseExecutor.processExecutionPhase(TestCaseExecutor.java:418)
	at com.kms.katalon.core.main.TestCaseExecutor.accessMainPhase(TestCaseExecutor.java:410)
	at com.kms.katalon.core.main.TestCaseExecutor.execute(TestCaseExecutor.java:285)
	at com.kms.katalon.core.main.TestCaseExecutor.execute(TestCaseExecutor.java:369)
	at com.kms.katalon.core.common.CommonExecutor.accessTestCaseMainPhase(CommonExecutor.java:65)
	at com.kms.katalon.core.main.TestSuiteExecutor.accessTestSuiteMainPhase(TestSuiteExecutor.java:150)
	at com.kms.katalon.core.main.TestSuiteExecutor.execute(TestSuiteExecutor.java:106)
	at com.kms.katalon.core.main.TestCaseMain.startTestSuite(TestCaseMain.java:180)
	at TempTestSuite1727957337623.run(TempTestSuite1727957337623.groovy:35)
	at java.base/jdk.internal.reflect.NativeMethodAccessorImpl.invoke0(Native Method)
	at java.base/jdk.internal.reflect.NativeMethodAccessorImpl.invoke(NativeMethodAccessorImpl.java:77)
	at java.base/jdk.internal.reflect.DelegatingMethodAccessorImpl.invoke(DelegatingMethodAccessorImpl.java:43)
</message>
  <exception>
    <message>org.codehaus.groovy.control.MultipleCompilationErrorsException: startup failed:
file:/C:/Users/User/git/frameworks-regression-test-automation/Scripts/CHC_Instance/PointofSale_Module/TS9_POS_SuspendResume_Sale/POS_Resume_Sale_CHC/Script1727956170792.groovy: 22: unable to resolve class XSSFWorkbook
 @ line 22, column 14.
   XSSFWorkbook workbook = new XSSFWorkbook(sourceFile)
                ^

file:/C:/Users/User/git/frameworks-regression-test-automation/Scripts/CHC_Instance/PointofSale_Module/TS9_POS_SuspendResume_Sale/POS_Resume_Sale_CHC/Script1727956170792.groovy: 22: unable to resolve class XSSFWorkbook
 @ line 22, column 25.
   XSSFWorkbook workbook = new XSSFWorkbook(sourceFile)
                           ^

file:/C:/Users/User/git/frameworks-regression-test-automation/Scripts/CHC_Instance/PointofSale_Module/TS9_POS_SuspendResume_Sale/POS_Resume_Sale_CHC/Script1727956170792.groovy: 24: unable to resolve class XSSFSheet
 @ line 24, column 11.
   XSSFSheet sheet = workbook.getSheet('Sheet1')
             ^

file:/C:/Users/User/git/frameworks-regression-test-automation/Scripts/CHC_Instance/PointofSale_Module/TS9_POS_SuspendResume_Sale/POS_Resume_Sale_CHC/Script1727956170792.groovy: 27: unable to resolve class Row
 @ line 27, column 5.
   Row row = sheet.getRow(1)
       ^

file:/C:/Users/User/git/frameworks-regression-test-automation/Scripts/CHC_Instance/PointofSale_Module/TS9_POS_SuspendResume_Sale/POS_Resume_Sale_CHC/Script1727956170792.groovy: 29: unable to resolve class Cell
 @ line 29, column 6.
   Cell cell = row.getCell(1)
        ^

5 errors
</message>
    <frame>
      <class>com.kms.katalon.core.main.ScriptEngine</class>
      <method>getScript</method>
      <line>199</line>
    </frame>
    <frame>
      <class>com.kms.katalon.core.main.ScriptEngine</class>
      <method>run</method>
      <line>194</line>
    </frame>
    <frame>
      <class>com.kms.katalon.core.main.ScriptEngine</class>
      <method>runScriptAsRawText</method>
      <line>119</line>
    </frame>
    <frame>
      <class>com.kms.katalon.core.main.TestCaseExecutor</class>
      <method>runScript</method>
      <line>448</line>
    </frame>
    <frame>
      <class>com.kms.katalon.core.main.TestCaseExecutor</class>
      <method>doExecute</method>
      <line>439</line>
    </frame>
    <frame>
      <class>com.kms.katalon.core.main.TestCaseExecutor</class>
      <method>processExecutionPhase</method>
      <line>418</line>
    </frame>
    <frame>
      <class>com.kms.katalon.core.main.TestCaseExecutor</class>
      <method>accessMainPhase</method>
      <line>410</line>
    </frame>
    <frame>
      <class>com.kms.katalon.core.main.TestCaseExecutor</class>
      <method>execute</method>
      <line>285</line>
    </frame>
    <frame>
      <class>com.kms.katalon.core.main.TestCaseExecutor</class>
      <method>execute</method>
      <line>369</line>
    </frame>
    <frame>
      <class>com.kms.katalon.core.common.CommonExecutor</class>
      <method>accessTestCaseMainPhase</method>
      <line>65</line>
    </frame>
    <frame>
      <class>com.kms.katalon.core.main.TestSuiteExecutor</class>
      <method>accessTestSuiteMainPhase</method>
      <line>150</line>
    </frame>
    <frame>
      <class>com.kms.katalon.core.main.TestSuiteExecutor</class>
      <method>execute</method>
      <line>106</line>
    </frame>
    <frame>
      <class>com.kms.katalon.core.main.TestCaseMain</class>
      <method>startTestSuite</method>
      <line>180</line>
    </frame>
    <frame>
      <class>TempTestSuite1727957337623</class>
      <method>run</method>
      <line>35</line>
    </frame>
    <frame>
      <class>jdk.internal.reflect.NativeMethodAccessorImpl</class>
      <method>invoke0</method>
    </frame>
    <frame>
      <class>jdk.internal.reflect.NativeMethodAccessorImpl</class>
      <method>invoke</method>
      <line>77</line>
    </frame>
    <frame>
      <class>jdk.internal.reflect.DelegatingMethodAccessorImpl</class>
      <method>invoke</method>
      <line>43</line>
    </frame>
  </exception>
  <nestedLevel>0</nestedLevel>
  <escapedJava>false</escapedJava>
  <property name="failed.exception.stacktrace">org.codehaus.groovy.control.MultipleCompilationErrorsException: startup failed:
file:/C:/Users/User/git/frameworks-regression-test-automation/Scripts/CHC_Instance/PointofSale_Module/TS9_POS_SuspendResume_Sale/POS_Resume_Sale_CHC/Script1727956170792.groovy: 22: unable to resolve class XSSFWorkbook
 @ line 22, column 14.
   XSSFWorkbook workbook = new XSSFWorkbook(sourceFile)
                ^

file:/C:/Users/User/git/frameworks-regression-test-automation/Scripts/CHC_Instance/PointofSale_Module/TS9_POS_SuspendResume_Sale/POS_Resume_Sale_CHC/Script1727956170792.groovy: 22: unable to resolve class XSSFWorkbook
 @ line 22, column 25.
   XSSFWorkbook workbook = new XSSFWorkbook(sourceFile)
                           ^

file:/C:/Users/User/git/frameworks-regression-test-automation/Scripts/CHC_Instance/PointofSale_Module/TS9_POS_SuspendResume_Sale/POS_Resume_Sale_CHC/Script1727956170792.groovy: 24: unable to resolve class XSSFSheet
 @ line 24, column 11.
   XSSFSheet sheet = workbook.getSheet(&apos;Sheet1&apos;)
             ^

file:/C:/Users/User/git/frameworks-regression-test-automation/Scripts/CHC_Instance/PointofSale_Module/TS9_POS_SuspendResume_Sale/POS_Resume_Sale_CHC/Script1727956170792.groovy: 27: unable to resolve class Row
 @ line 27, column 5.
   Row row = sheet.getRow(1)
       ^

file:/C:/Users/User/git/frameworks-regression-test-automation/Scripts/CHC_Instance/PointofSale_Module/TS9_POS_SuspendResume_Sale/POS_Resume_Sale_CHC/Script1727956170792.groovy: 29: unable to resolve class Cell
 @ line 29, column 6.
   Cell cell = row.getCell(1)
        ^

5 errors

	at com.kms.katalon.core.main.ScriptEngine.getScript(ScriptEngine.java:199)
	at com.kms.katalon.core.main.ScriptEngine.run(ScriptEngine.java:194)
	at com.kms.katalon.core.main.ScriptEngine.runScriptAsRawText(ScriptEngine.java:119)
	at com.kms.katalon.core.main.TestCaseExecutor.runScript(TestCaseExecutor.java:448)
	at com.kms.katalon.core.main.TestCaseExecutor.doExecute(TestCaseExecutor.java:439)
	at com.kms.katalon.core.main.TestCaseExecutor.processExecutionPhase(TestCaseExecutor.java:418)
	at com.kms.katalon.core.main.TestCaseExecutor.accessMainPhase(TestCaseExecutor.java:410)
	at com.kms.katalon.core.main.TestCaseExecutor.execute(TestCaseExecutor.java:285)
	at com.kms.katalon.core.main.TestCaseExecutor.execute(TestCaseExecutor.java:369)
	at com.kms.katalon.core.common.CommonExecutor.accessTestCaseMainPhase(CommonExecutor.java:65)
	at com.kms.katalon.core.main.TestSuiteExecutor.accessTestSuiteMainPhase(TestSuiteExecutor.java:150)
	at com.kms.katalon.core.main.TestSuiteExecutor.execute(TestSuiteExecutor.java:106)
	at com.kms.katalon.core.main.TestCaseMain.startTestSuite(TestCaseMain.java:180)
	at TempTestSuite1727957337623.run(TempTestSuite1727957337623.groovy:35)
	at java.base/jdk.internal.reflect.NativeMethodAccessorImpl.invoke0(Native Method)
	at java.base/jdk.internal.reflect.NativeMethodAccessorImpl.invoke(NativeMethodAccessorImpl.java:77)
	at java.base/jdk.internal.reflect.DelegatingMethodAccessorImpl.invoke(DelegatingMethodAccessorImpl.java:43)
</property>
  <property name="failed.exception.class">org.codehaus.groovy.control.MultipleCompilationErrorsException</property>
  <property name="failed.exception.message">startup failed:
file:/C:/Users/User/git/frameworks-regression-test-automation/Scripts/CHC_Instance/PointofSale_Module/TS9_POS_SuspendResume_Sale/POS_Resume_Sale_CHC/Script1727956170792.groovy: 22: unable to resolve class XSSFWorkbook
 @ line 22, column 14.
   XSSFWorkbook workbook = new XSSFWorkbook(sourceFile)
                ^

file:/C:/Users/User/git/frameworks-regression-test-automation/Scripts/CHC_Instance/PointofSale_Module/TS9_POS_SuspendResume_Sale/POS_Resume_Sale_CHC/Script1727956170792.groovy: 22: unable to resolve class XSSFWorkbook
 @ line 22, column 25.
   XSSFWorkbook workbook = new XSSFWorkbook(sourceFile)
                           ^

file:/C:/Users/User/git/frameworks-regression-test-automation/Scripts/CHC_Instance/PointofSale_Module/TS9_POS_SuspendResume_Sale/POS_Resume_Sale_CHC/Script1727956170792.groovy: 24: unable to resolve class XSSFSheet
 @ line 24, column 11.
   XSSFSheet sheet = workbook.getSheet(&apos;Sheet1&apos;)
             ^

file:/C:/Users/User/git/frameworks-regression-test-automation/Scripts/CHC_Instance/PointofSale_Module/TS9_POS_SuspendResume_Sale/POS_Resume_Sale_CHC/Script1727956170792.groovy: 27: unable to resolve class Row
 @ line 27, column 5.
   Row row = sheet.getRow(1)
       ^

file:/C:/Users/User/git/frameworks-regression-test-automation/Scripts/CHC_Instance/PointofSale_Module/TS9_POS_SuspendResume_Sale/POS_Resume_Sale_CHC/Script1727956170792.groovy: 29: unable to resolve class Cell
 @ line 29, column 6.
   Cell cell = row.getCell(1)
        ^

5 errors
</property>
</record>
<record>
  <date>2024-10-03T12:09:05.113379900Z</date>
  <millis>1727957345113</millis>
  <nanos>379900</nanos>
  <sequence>54</sequence>
  <level>END</level>
  <class>com.kms.katalon.core.logging.XmlKeywordLogger</class>
  <method>endTest</method>
  <thread>1</thread>
  <message>End Test Case : Test Cases/CHC_Instance/PointofSale_Module/TS9_POS_SuspendResume_Sale/POS_Resume_Sale_CHC</message>
  <nestedLevel>0</nestedLevel>
  <escapedJava>false</escapedJava>
  <property name="executionBindingVariables">[
  {
    &quot;displayReportName&quot;: &quot;(Default) userN...&quot;,
    &quot;value&quot;: &quot;manaki&quot;,
    &quot;name&quot;: &quot;(Default) userName&quot;,
    &quot;masked&quot;: false
  },
  {
    &quot;displayReportName&quot;: &quot;(Default) Excel...&quot;,
    &quot;value&quot;: &quot;D:\\Dahlsen\\Frameworks Testing\\AutomationTesting\\TestData\\CHC Instance\\POS_Module\\TS9_POS_SuspendResumeSale_testdata.xlsx&quot;,
    &quot;name&quot;: &quot;(Default) ExcelFile&quot;,
    &quot;masked&quot;: false
  },
  {
    &quot;displayReportName&quot;: &quot;(Default) invoi...&quot;,
    &quot;value&quot;: &quot;&quot;,
    &quot;name&quot;: &quot;(Default) invoiceNum&quot;,
    &quot;masked&quot;: false
  }
]</property>
  <property name="applitools">false</property>
  <property name="remainingRetryCount">2</property>
  <property name="currentRetryCount">1</property>
  <property name="keywordsUsage">{
  &quot;web_ui&quot;: false,
  &quot;web_service&quot;: false,
  &quot;cucumber&quot;: false,
  &quot;builtin&quot;: false,
  &quot;mobile&quot;: false,
  &quot;windows&quot;: false,
  &quot;testng&quot;: false
}</property>
</record>
<record>
  <date>2024-10-03T12:09:05.118373300Z</date>
  <millis>1727957345118</millis>
  <nanos>373300</nanos>
  <sequence>55</sequence>
  <level>START</level>
  <class>com.kms.katalon.core.logging.XmlKeywordLogger</class>
  <method>startTest</method>
  <thread>1</thread>
  <message>Start Test Case : Test Cases/CHC_Instance/PointofSale_Module/TS9_POS_SuspendResume_Sale/POS_Resume_Sale_CHC</message>
  <nestedLevel>1</nestedLevel>
  <escapedJava>false</escapedJava>
  <property name="remainingRetryCount">1</property>
  <property name="name">Test Cases/CHC_Instance/PointofSale_Module/TS9_POS_SuspendResume_Sale/POS_Resume_Sale_CHC</property>
  <property name="description"></property>
  <property name="iteration"></property>
  <property name="id">Test Cases/CHC_Instance/PointofSale_Module/TS9_POS_SuspendResume_Sale/POS_Resume_Sale_CHC</property>
  <property name="source">C:\Users\User\git\frameworks-regression-test-automation\Test Cases\CHC_Instance\PointofSale_Module\TS9_POS_SuspendResume_Sale\POS_Resume_Sale_CHC.tc</property>
  <property name="tag"></property>
  <property name="isOptional">false</property>
  <property name="currentRetryCount">2</property>
</record>
<record>
  <date>2024-10-03T12:09:05.128369800Z</date>
  <millis>1727957345128</millis>
  <nanos>369800</nanos>
  <sequence>57</sequence>
  <level>INFO</level>
  <class>com.kms.katalon.core.logging.XmlKeywordLogger</class>
  <method>logMessage</method>
  <thread>1</thread>
  <message>(Default) userName = manaki</message>
  <nestedLevel>1</nestedLevel>
  <escapedJava>false</escapedJava>
</record>
<record>
  <date>2024-10-03T12:09:05.129370700Z</date>
  <millis>1727957345129</millis>
  <nanos>370700</nanos>
  <sequence>58</sequence>
  <level>INFO</level>
  <class>com.kms.katalon.core.logging.XmlKeywordLogger</class>
  <method>logMessage</method>
  <thread>1</thread>
  <message>(Default) ExcelFile = D:\Dahlsen\Frameworks Testing\AutomationTesting\TestData\CHC Instance\POS_Module\TS9_POS_SuspendResumeSale_testdata.xlsx</message>
  <nestedLevel>1</nestedLevel>
  <escapedJava>false</escapedJava>
</record>
<record>
  <date>2024-10-03T12:09:05.129370700Z</date>
  <millis>1727957345129</millis>
  <nanos>370700</nanos>
  <sequence>59</sequence>
  <level>INFO</level>
  <class>com.kms.katalon.core.logging.XmlKeywordLogger</class>
  <method>logMessage</method>
  <thread>1</thread>
  <message>(Default) invoiceNum = </message>
  <nestedLevel>1</nestedLevel>
  <escapedJava>false</escapedJava>
</record>
<record>
  <date>2024-10-03T12:09:05.227039300Z</date>
  <millis>1727957345227</millis>
  <nanos>39300</nanos>
  <sequence>61</sequence>
  <level>ERROR</level>
  <class>com.kms.katalon.core.logging.XmlKeywordLogger</class>
  <method>logMessage</method>
  <thread>1</thread>
  <message>Test Cases/CHC_Instance/PointofSale_Module/TS9_POS_SuspendResume_Sale/POS_Resume_Sale_CHC FAILED.
Reason:
org.codehaus.groovy.control.MultipleCompilationErrorsException: startup failed:
file:/C:/Users/User/git/frameworks-regression-test-automation/Scripts/CHC_Instance/PointofSale_Module/TS9_POS_SuspendResume_Sale/POS_Resume_Sale_CHC/Script1727956170792.groovy: 22: unable to resolve class XSSFWorkbook
 @ line 22, column 14.
   XSSFWorkbook workbook = new XSSFWorkbook(sourceFile)
                ^

file:/C:/Users/User/git/frameworks-regression-test-automation/Scripts/CHC_Instance/PointofSale_Module/TS9_POS_SuspendResume_Sale/POS_Resume_Sale_CHC/Script1727956170792.groovy: 22: unable to resolve class XSSFWorkbook
 @ line 22, column 25.
   XSSFWorkbook workbook = new XSSFWorkbook(sourceFile)
                           ^

file:/C:/Users/User/git/frameworks-regression-test-automation/Scripts/CHC_Instance/PointofSale_Module/TS9_POS_SuspendResume_Sale/POS_Resume_Sale_CHC/Script1727956170792.groovy: 24: unable to resolve class XSSFSheet
 @ line 24, column 11.
   XSSFSheet sheet = workbook.getSheet(&amp;apos;Sheet1&amp;apos;)
             ^

file:/C:/Users/User/git/frameworks-regression-test-automation/Scripts/CHC_Instance/PointofSale_Module/TS9_POS_SuspendResume_Sale/POS_Resume_Sale_CHC/Script1727956170792.groovy: 27: unable to resolve class Row
 @ line 27, column 5.
   Row row = sheet.getRow(1)
       ^

file:/C:/Users/User/git/frameworks-regression-test-automation/Scripts/CHC_Instance/PointofSale_Module/TS9_POS_SuspendResume_Sale/POS_Resume_Sale_CHC/Script1727956170792.groovy: 29: unable to resolve class Cell
 @ line 29, column 6.
   Cell cell = row.getCell(1)
        ^

5 errors

	at com.kms.katalon.core.main.ScriptEngine.getScript(ScriptEngine.java:199)
	at com.kms.katalon.core.main.ScriptEngine.run(ScriptEngine.java:194)
	at com.kms.katalon.core.main.ScriptEngine.runScriptAsRawText(ScriptEngine.java:119)
	at com.kms.katalon.core.main.TestCaseExecutor.runScript(TestCaseExecutor.java:448)
	at com.kms.katalon.core.main.TestCaseExecutor.doExecute(TestCaseExecutor.java:439)
	at com.kms.katalon.core.main.TestCaseExecutor.processExecutionPhase(TestCaseExecutor.java:418)
	at com.kms.katalon.core.main.TestCaseExecutor.accessMainPhase(TestCaseExecutor.java:410)
	at com.kms.katalon.core.main.TestCaseExecutor.execute(TestCaseExecutor.java:285)
	at com.kms.katalon.core.main.TestCaseExecutor.execute(TestCaseExecutor.java:369)
	at com.kms.katalon.core.main.TestCaseExecutor.execute(TestCaseExecutor.java:369)
	at com.kms.katalon.core.common.CommonExecutor.accessTestCaseMainPhase(CommonExecutor.java:65)
	at com.kms.katalon.core.main.TestSuiteExecutor.accessTestSuiteMainPhase(TestSuiteExecutor.java:150)
	at com.kms.katalon.core.main.TestSuiteExecutor.execute(TestSuiteExecutor.java:106)
	at com.kms.katalon.core.main.TestCaseMain.startTestSuite(TestCaseMain.java:180)
	at TempTestSuite1727957337623.run(TempTestSuite1727957337623.groovy:35)
	at java.base/jdk.internal.reflect.NativeMethodAccessorImpl.invoke0(Native Method)
	at java.base/jdk.internal.reflect.NativeMethodAccessorImpl.invoke(NativeMethodAccessorImpl.java:77)
	at java.base/jdk.internal.reflect.DelegatingMethodAccessorImpl.invoke(DelegatingMethodAccessorImpl.java:43)
</message>
  <exception>
    <message>org.codehaus.groovy.control.MultipleCompilationErrorsException: startup failed:
file:/C:/Users/User/git/frameworks-regression-test-automation/Scripts/CHC_Instance/PointofSale_Module/TS9_POS_SuspendResume_Sale/POS_Resume_Sale_CHC/Script1727956170792.groovy: 22: unable to resolve class XSSFWorkbook
 @ line 22, column 14.
   XSSFWorkbook workbook = new XSSFWorkbook(sourceFile)
                ^

file:/C:/Users/User/git/frameworks-regression-test-automation/Scripts/CHC_Instance/PointofSale_Module/TS9_POS_SuspendResume_Sale/POS_Resume_Sale_CHC/Script1727956170792.groovy: 22: unable to resolve class XSSFWorkbook
 @ line 22, column 25.
   XSSFWorkbook workbook = new XSSFWorkbook(sourceFile)
                           ^

file:/C:/Users/User/git/frameworks-regression-test-automation/Scripts/CHC_Instance/PointofSale_Module/TS9_POS_SuspendResume_Sale/POS_Resume_Sale_CHC/Script1727956170792.groovy: 24: unable to resolve class XSSFSheet
 @ line 24, column 11.
   XSSFSheet sheet = workbook.getSheet('Sheet1')
             ^

file:/C:/Users/User/git/frameworks-regression-test-automation/Scripts/CHC_Instance/PointofSale_Module/TS9_POS_SuspendResume_Sale/POS_Resume_Sale_CHC/Script1727956170792.groovy: 27: unable to resolve class Row
 @ line 27, column 5.
   Row row = sheet.getRow(1)
       ^

file:/C:/Users/User/git/frameworks-regression-test-automation/Scripts/CHC_Instance/PointofSale_Module/TS9_POS_SuspendResume_Sale/POS_Resume_Sale_CHC/Script1727956170792.groovy: 29: unable to resolve class Cell
 @ line 29, column 6.
   Cell cell = row.getCell(1)
        ^

5 errors
</message>
    <frame>
      <class>com.kms.katalon.core.main.ScriptEngine</class>
      <method>getScript</method>
      <line>199</line>
    </frame>
    <frame>
      <class>com.kms.katalon.core.main.ScriptEngine</class>
      <method>run</method>
      <line>194</line>
    </frame>
    <frame>
      <class>com.kms.katalon.core.main.ScriptEngine</class>
      <method>runScriptAsRawText</method>
      <line>119</line>
    </frame>
    <frame>
      <class>com.kms.katalon.core.main.TestCaseExecutor</class>
      <method>runScript</method>
      <line>448</line>
    </frame>
    <frame>
      <class>com.kms.katalon.core.main.TestCaseExecutor</class>
      <method>doExecute</method>
      <line>439</line>
    </frame>
    <frame>
      <class>com.kms.katalon.core.main.TestCaseExecutor</class>
      <method>processExecutionPhase</method>
      <line>418</line>
    </frame>
    <frame>
      <class>com.kms.katalon.core.main.TestCaseExecutor</class>
      <method>accessMainPhase</method>
      <line>410</line>
    </frame>
    <frame>
      <class>com.kms.katalon.core.main.TestCaseExecutor</class>
      <method>execute</method>
      <line>285</line>
    </frame>
    <frame>
      <class>com.kms.katalon.core.main.TestCaseExecutor</class>
      <method>execute</method>
      <line>369</line>
    </frame>
    <frame>
      <class>com.kms.katalon.core.main.TestCaseExecutor</class>
      <method>execute</method>
      <line>369</line>
    </frame>
    <frame>
      <class>com.kms.katalon.core.common.CommonExecutor</class>
      <method>accessTestCaseMainPhase</method>
      <line>65</line>
    </frame>
    <frame>
      <class>com.kms.katalon.core.main.TestSuiteExecutor</class>
      <method>accessTestSuiteMainPhase</method>
      <line>150</line>
    </frame>
    <frame>
      <class>com.kms.katalon.core.main.TestSuiteExecutor</class>
      <method>execute</method>
      <line>106</line>
    </frame>
    <frame>
      <class>com.kms.katalon.core.main.TestCaseMain</class>
      <method>startTestSuite</method>
      <line>180</line>
    </frame>
    <frame>
      <class>TempTestSuite1727957337623</class>
      <method>run</method>
      <line>35</line>
    </frame>
    <frame>
      <class>jdk.internal.reflect.NativeMethodAccessorImpl</class>
      <method>invoke0</method>
    </frame>
    <frame>
      <class>jdk.internal.reflect.NativeMethodAccessorImpl</class>
      <method>invoke</method>
      <line>77</line>
    </frame>
    <frame>
      <class>jdk.internal.reflect.DelegatingMethodAccessorImpl</class>
      <method>invoke</method>
      <line>43</line>
    </frame>
  </exception>
  <nestedLevel>0</nestedLevel>
  <escapedJava>false</escapedJava>
  <property name="failed.exception.stacktrace">org.codehaus.groovy.control.MultipleCompilationErrorsException: startup failed:
file:/C:/Users/User/git/frameworks-regression-test-automation/Scripts/CHC_Instance/PointofSale_Module/TS9_POS_SuspendResume_Sale/POS_Resume_Sale_CHC/Script1727956170792.groovy: 22: unable to resolve class XSSFWorkbook
 @ line 22, column 14.
   XSSFWorkbook workbook = new XSSFWorkbook(sourceFile)
                ^

file:/C:/Users/User/git/frameworks-regression-test-automation/Scripts/CHC_Instance/PointofSale_Module/TS9_POS_SuspendResume_Sale/POS_Resume_Sale_CHC/Script1727956170792.groovy: 22: unable to resolve class XSSFWorkbook
 @ line 22, column 25.
   XSSFWorkbook workbook = new XSSFWorkbook(sourceFile)
                           ^

file:/C:/Users/User/git/frameworks-regression-test-automation/Scripts/CHC_Instance/PointofSale_Module/TS9_POS_SuspendResume_Sale/POS_Resume_Sale_CHC/Script1727956170792.groovy: 24: unable to resolve class XSSFSheet
 @ line 24, column 11.
   XSSFSheet sheet = workbook.getSheet(&apos;Sheet1&apos;)
             ^

file:/C:/Users/User/git/frameworks-regression-test-automation/Scripts/CHC_Instance/PointofSale_Module/TS9_POS_SuspendResume_Sale/POS_Resume_Sale_CHC/Script1727956170792.groovy: 27: unable to resolve class Row
 @ line 27, column 5.
   Row row = sheet.getRow(1)
       ^

file:/C:/Users/User/git/frameworks-regression-test-automation/Scripts/CHC_Instance/PointofSale_Module/TS9_POS_SuspendResume_Sale/POS_Resume_Sale_CHC/Script1727956170792.groovy: 29: unable to resolve class Cell
 @ line 29, column 6.
   Cell cell = row.getCell(1)
        ^

5 errors

	at com.kms.katalon.core.main.ScriptEngine.getScript(ScriptEngine.java:199)
	at com.kms.katalon.core.main.ScriptEngine.run(ScriptEngine.java:194)
	at com.kms.katalon.core.main.ScriptEngine.runScriptAsRawText(ScriptEngine.java:119)
	at com.kms.katalon.core.main.TestCaseExecutor.runScript(TestCaseExecutor.java:448)
	at com.kms.katalon.core.main.TestCaseExecutor.doExecute(TestCaseExecutor.java:439)
	at com.kms.katalon.core.main.TestCaseExecutor.processExecutionPhase(TestCaseExecutor.java:418)
	at com.kms.katalon.core.main.TestCaseExecutor.accessMainPhase(TestCaseExecutor.java:410)
	at com.kms.katalon.core.main.TestCaseExecutor.execute(TestCaseExecutor.java:285)
	at com.kms.katalon.core.main.TestCaseExecutor.execute(TestCaseExecutor.java:369)
	at com.kms.katalon.core.main.TestCaseExecutor.execute(TestCaseExecutor.java:369)
	at com.kms.katalon.core.common.CommonExecutor.accessTestCaseMainPhase(CommonExecutor.java:65)
	at com.kms.katalon.core.main.TestSuiteExecutor.accessTestSuiteMainPhase(TestSuiteExecutor.java:150)
	at com.kms.katalon.core.main.TestSuiteExecutor.execute(TestSuiteExecutor.java:106)
	at com.kms.katalon.core.main.TestCaseMain.startTestSuite(TestCaseMain.java:180)
	at TempTestSuite1727957337623.run(TempTestSuite1727957337623.groovy:35)
	at java.base/jdk.internal.reflect.NativeMethodAccessorImpl.invoke0(Native Method)
	at java.base/jdk.internal.reflect.NativeMethodAccessorImpl.invoke(NativeMethodAccessorImpl.java:77)
	at java.base/jdk.internal.reflect.DelegatingMethodAccessorImpl.invoke(DelegatingMethodAccessorImpl.java:43)
</property>
  <property name="failed.exception.class">org.codehaus.groovy.control.MultipleCompilationErrorsException</property>
  <property name="failed.exception.message">startup failed:
file:/C:/Users/User/git/frameworks-regression-test-automation/Scripts/CHC_Instance/PointofSale_Module/TS9_POS_SuspendResume_Sale/POS_Resume_Sale_CHC/Script1727956170792.groovy: 22: unable to resolve class XSSFWorkbook
 @ line 22, column 14.
   XSSFWorkbook workbook = new XSSFWorkbook(sourceFile)
                ^

file:/C:/Users/User/git/frameworks-regression-test-automation/Scripts/CHC_Instance/PointofSale_Module/TS9_POS_SuspendResume_Sale/POS_Resume_Sale_CHC/Script1727956170792.groovy: 22: unable to resolve class XSSFWorkbook
 @ line 22, column 25.
   XSSFWorkbook workbook = new XSSFWorkbook(sourceFile)
                           ^

file:/C:/Users/User/git/frameworks-regression-test-automation/Scripts/CHC_Instance/PointofSale_Module/TS9_POS_SuspendResume_Sale/POS_Resume_Sale_CHC/Script1727956170792.groovy: 24: unable to resolve class XSSFSheet
 @ line 24, column 11.
   XSSFSheet sheet = workbook.getSheet(&apos;Sheet1&apos;)
             ^

file:/C:/Users/User/git/frameworks-regression-test-automation/Scripts/CHC_Instance/PointofSale_Module/TS9_POS_SuspendResume_Sale/POS_Resume_Sale_CHC/Script1727956170792.groovy: 27: unable to resolve class Row
 @ line 27, column 5.
   Row row = sheet.getRow(1)
       ^

file:/C:/Users/User/git/frameworks-regression-test-automation/Scripts/CHC_Instance/PointofSale_Module/TS9_POS_SuspendResume_Sale/POS_Resume_Sale_CHC/Script1727956170792.groovy: 29: unable to resolve class Cell
 @ line 29, column 6.
   Cell cell = row.getCell(1)
        ^

5 errors
</property>
</record>
<record>
  <date>2024-10-03T12:09:05.229040700Z</date>
  <millis>1727957345229</millis>
  <nanos>40700</nanos>
  <sequence>63</sequence>
  <level>END</level>
  <class>com.kms.katalon.core.logging.XmlKeywordLogger</class>
  <method>endTest</method>
  <thread>1</thread>
  <message>End Test Case : Test Cases/CHC_Instance/PointofSale_Module/TS9_POS_SuspendResume_Sale/POS_Resume_Sale_CHC</message>
  <nestedLevel>0</nestedLevel>
  <escapedJava>false</escapedJava>
  <property name="executionBindingVariables">[
  {
    &quot;displayReportName&quot;: &quot;(Default) userN...&quot;,
    &quot;value&quot;: &quot;manaki&quot;,
    &quot;name&quot;: &quot;(Default) userName&quot;,
    &quot;masked&quot;: false
  },
  {
    &quot;displayReportName&quot;: &quot;(Default) Excel...&quot;,
    &quot;value&quot;: &quot;D:\\Dahlsen\\Frameworks Testing\\AutomationTesting\\TestData\\CHC Instance\\POS_Module\\TS9_POS_SuspendResumeSale_testdata.xlsx&quot;,
    &quot;name&quot;: &quot;(Default) ExcelFile&quot;,
    &quot;masked&quot;: false
  },
  {
    &quot;displayReportName&quot;: &quot;(Default) invoi...&quot;,
    &quot;value&quot;: &quot;&quot;,
    &quot;name&quot;: &quot;(Default) invoiceNum&quot;,
    &quot;masked&quot;: false
  }
]</property>
  <property name="applitools">false</property>
  <property name="remainingRetryCount">1</property>
  <property name="currentRetryCount">2</property>
  <property name="keywordsUsage">{
  &quot;web_ui&quot;: false,
  &quot;web_service&quot;: false,
  &quot;cucumber&quot;: false,
  &quot;builtin&quot;: false,
  &quot;mobile&quot;: false,
  &quot;windows&quot;: false,
  &quot;testng&quot;: false
}</property>
</record>
<record>
  <date>2024-10-03T12:09:05.233034500Z</date>
  <millis>1727957345233</millis>
  <nanos>34500</nanos>
  <sequence>64</sequence>
  <level>START</level>
  <class>com.kms.katalon.core.logging.XmlKeywordLogger</class>
  <method>startTest</method>
  <thread>1</thread>
  <message>Start Test Case : Test Cases/CHC_Instance/PointofSale_Module/TS9_POS_SuspendResume_Sale/POS_Resume_Sale_CHC</message>
  <nestedLevel>1</nestedLevel>
  <escapedJava>false</escapedJava>
  <property name="remainingRetryCount">0</property>
  <property name="name">Test Cases/CHC_Instance/PointofSale_Module/TS9_POS_SuspendResume_Sale/POS_Resume_Sale_CHC</property>
  <property name="description"></property>
  <property name="iteration"></property>
  <property name="id">Test Cases/CHC_Instance/PointofSale_Module/TS9_POS_SuspendResume_Sale/POS_Resume_Sale_CHC</property>
  <property name="source">C:\Users\User\git\frameworks-regression-test-automation\Test Cases\CHC_Instance\PointofSale_Module\TS9_POS_SuspendResume_Sale\POS_Resume_Sale_CHC.tc</property>
  <property name="tag"></property>
  <property name="isOptional">false</property>
  <property name="currentRetryCount">3</property>
</record>
<record>
  <date>2024-10-03T12:09:05.243035Z</date>
  <millis>1727957345243</millis>
  <nanos>35000</nanos>
  <sequence>66</sequence>
  <level>INFO</level>
  <class>com.kms.katalon.core.logging.XmlKeywordLogger</class>
  <method>logMessage</method>
  <thread>1</thread>
  <message>(Default) userName = manaki</message>
  <nestedLevel>1</nestedLevel>
  <escapedJava>false</escapedJava>
</record>
<record>
  <date>2024-10-03T12:09:05.244034900Z</date>
  <millis>1727957345244</millis>
  <nanos>34900</nanos>
  <sequence>67</sequence>
  <level>INFO</level>
  <class>com.kms.katalon.core.logging.XmlKeywordLogger</class>
  <method>logMessage</method>
  <thread>1</thread>
  <message>(Default) ExcelFile = D:\Dahlsen\Frameworks Testing\AutomationTesting\TestData\CHC Instance\POS_Module\TS9_POS_SuspendResumeSale_testdata.xlsx</message>
  <nestedLevel>1</nestedLevel>
  <escapedJava>false</escapedJava>
</record>
<record>
  <date>2024-10-03T12:09:05.244034900Z</date>
  <millis>1727957345244</millis>
  <nanos>34900</nanos>
  <sequence>68</sequence>
  <level>INFO</level>
  <class>com.kms.katalon.core.logging.XmlKeywordLogger</class>
  <method>logMessage</method>
  <thread>1</thread>
  <message>(Default) invoiceNum = </message>
  <nestedLevel>1</nestedLevel>
  <escapedJava>false</escapedJava>
</record>
<record>
  <date>2024-10-03T12:09:05.328574700Z</date>
  <millis>1727957345328</millis>
  <nanos>574700</nanos>
  <sequence>70</sequence>
  <level>ERROR</level>
  <class>com.kms.katalon.core.logging.XmlKeywordLogger</class>
  <method>logMessage</method>
  <thread>1</thread>
  <message>Test Cases/CHC_Instance/PointofSale_Module/TS9_POS_SuspendResume_Sale/POS_Resume_Sale_CHC FAILED.
Reason:
org.codehaus.groovy.control.MultipleCompilationErrorsException: startup failed:
file:/C:/Users/User/git/frameworks-regression-test-automation/Scripts/CHC_Instance/PointofSale_Module/TS9_POS_SuspendResume_Sale/POS_Resume_Sale_CHC/Script1727956170792.groovy: 22: unable to resolve class XSSFWorkbook
 @ line 22, column 14.
   XSSFWorkbook workbook = new XSSFWorkbook(sourceFile)
                ^

file:/C:/Users/User/git/frameworks-regression-test-automation/Scripts/CHC_Instance/PointofSale_Module/TS9_POS_SuspendResume_Sale/POS_Resume_Sale_CHC/Script1727956170792.groovy: 22: unable to resolve class XSSFWorkbook
 @ line 22, column 25.
   XSSFWorkbook workbook = new XSSFWorkbook(sourceFile)
                           ^

file:/C:/Users/User/git/frameworks-regression-test-automation/Scripts/CHC_Instance/PointofSale_Module/TS9_POS_SuspendResume_Sale/POS_Resume_Sale_CHC/Script1727956170792.groovy: 24: unable to resolve class XSSFSheet
 @ line 24, column 11.
   XSSFSheet sheet = workbook.getSheet(&amp;apos;Sheet1&amp;apos;)
             ^

file:/C:/Users/User/git/frameworks-regression-test-automation/Scripts/CHC_Instance/PointofSale_Module/TS9_POS_SuspendResume_Sale/POS_Resume_Sale_CHC/Script1727956170792.groovy: 27: unable to resolve class Row
 @ line 27, column 5.
   Row row = sheet.getRow(1)
       ^

file:/C:/Users/User/git/frameworks-regression-test-automation/Scripts/CHC_Instance/PointofSale_Module/TS9_POS_SuspendResume_Sale/POS_Resume_Sale_CHC/Script1727956170792.groovy: 29: unable to resolve class Cell
 @ line 29, column 6.
   Cell cell = row.getCell(1)
        ^

5 errors

	at com.kms.katalon.core.main.ScriptEngine.getScript(ScriptEngine.java:199)
	at com.kms.katalon.core.main.ScriptEngine.run(ScriptEngine.java:194)
	at com.kms.katalon.core.main.ScriptEngine.runScriptAsRawText(ScriptEngine.java:119)
	at com.kms.katalon.core.main.TestCaseExecutor.runScript(TestCaseExecutor.java:448)
	at com.kms.katalon.core.main.TestCaseExecutor.doExecute(TestCaseExecutor.java:439)
	at com.kms.katalon.core.main.TestCaseExecutor.processExecutionPhase(TestCaseExecutor.java:418)
	at com.kms.katalon.core.main.TestCaseExecutor.accessMainPhase(TestCaseExecutor.java:410)
	at com.kms.katalon.core.main.TestCaseExecutor.execute(TestCaseExecutor.java:285)
	at com.kms.katalon.core.main.TestCaseExecutor.execute(TestCaseExecutor.java:369)
	at com.kms.katalon.core.main.TestCaseExecutor.execute(TestCaseExecutor.java:369)
	at com.kms.katalon.core.main.TestCaseExecutor.execute(TestCaseExecutor.java:369)
	at com.kms.katalon.core.common.CommonExecutor.accessTestCaseMainPhase(CommonExecutor.java:65)
	at com.kms.katalon.core.main.TestSuiteExecutor.accessTestSuiteMainPhase(TestSuiteExecutor.java:150)
	at com.kms.katalon.core.main.TestSuiteExecutor.execute(TestSuiteExecutor.java:106)
	at com.kms.katalon.core.main.TestCaseMain.startTestSuite(TestCaseMain.java:180)
	at TempTestSuite1727957337623.run(TempTestSuite1727957337623.groovy:35)
	at java.base/jdk.internal.reflect.NativeMethodAccessorImpl.invoke0(Native Method)
	at java.base/jdk.internal.reflect.NativeMethodAccessorImpl.invoke(NativeMethodAccessorImpl.java:77)
	at java.base/jdk.internal.reflect.DelegatingMethodAccessorImpl.invoke(DelegatingMethodAccessorImpl.java:43)
</message>
  <exception>
    <message>org.codehaus.groovy.control.MultipleCompilationErrorsException: startup failed:
file:/C:/Users/User/git/frameworks-regression-test-automation/Scripts/CHC_Instance/PointofSale_Module/TS9_POS_SuspendResume_Sale/POS_Resume_Sale_CHC/Script1727956170792.groovy: 22: unable to resolve class XSSFWorkbook
 @ line 22, column 14.
   XSSFWorkbook workbook = new XSSFWorkbook(sourceFile)
                ^

file:/C:/Users/User/git/frameworks-regression-test-automation/Scripts/CHC_Instance/PointofSale_Module/TS9_POS_SuspendResume_Sale/POS_Resume_Sale_CHC/Script1727956170792.groovy: 22: unable to resolve class XSSFWorkbook
 @ line 22, column 25.
   XSSFWorkbook workbook = new XSSFWorkbook(sourceFile)
                           ^

file:/C:/Users/User/git/frameworks-regression-test-automation/Scripts/CHC_Instance/PointofSale_Module/TS9_POS_SuspendResume_Sale/POS_Resume_Sale_CHC/Script1727956170792.groovy: 24: unable to resolve class XSSFSheet
 @ line 24, column 11.
   XSSFSheet sheet = workbook.getSheet('Sheet1')
             ^

file:/C:/Users/User/git/frameworks-regression-test-automation/Scripts/CHC_Instance/PointofSale_Module/TS9_POS_SuspendResume_Sale/POS_Resume_Sale_CHC/Script1727956170792.groovy: 27: unable to resolve class Row
 @ line 27, column 5.
   Row row = sheet.getRow(1)
       ^

file:/C:/Users/User/git/frameworks-regression-test-automation/Scripts/CHC_Instance/PointofSale_Module/TS9_POS_SuspendResume_Sale/POS_Resume_Sale_CHC/Script1727956170792.groovy: 29: unable to resolve class Cell
 @ line 29, column 6.
   Cell cell = row.getCell(1)
        ^

5 errors
</message>
    <frame>
      <class>com.kms.katalon.core.main.ScriptEngine</class>
      <method>getScript</method>
      <line>199</line>
    </frame>
    <frame>
      <class>com.kms.katalon.core.main.ScriptEngine</class>
      <method>run</method>
      <line>194</line>
    </frame>
    <frame>
      <class>com.kms.katalon.core.main.ScriptEngine</class>
      <method>runScriptAsRawText</method>
      <line>119</line>
    </frame>
    <frame>
      <class>com.kms.katalon.core.main.TestCaseExecutor</class>
      <method>runScript</method>
      <line>448</line>
    </frame>
    <frame>
      <class>com.kms.katalon.core.main.TestCaseExecutor</class>
      <method>doExecute</method>
      <line>439</line>
    </frame>
    <frame>
      <class>com.kms.katalon.core.main.TestCaseExecutor</class>
      <method>processExecutionPhase</method>
      <line>418</line>
    </frame>
    <frame>
      <class>com.kms.katalon.core.main.TestCaseExecutor</class>
      <method>accessMainPhase</method>
      <line>410</line>
    </frame>
    <frame>
      <class>com.kms.katalon.core.main.TestCaseExecutor</class>
      <method>execute</method>
      <line>285</line>
    </frame>
    <frame>
      <class>com.kms.katalon.core.main.TestCaseExecutor</class>
      <method>execute</method>
      <line>369</line>
    </frame>
    <frame>
      <class>com.kms.katalon.core.main.TestCaseExecutor</class>
      <method>execute</method>
      <line>369</line>
    </frame>
    <frame>
      <class>com.kms.katalon.core.main.TestCaseExecutor</class>
      <method>execute</method>
      <line>369</line>
    </frame>
    <frame>
      <class>com.kms.katalon.core.common.CommonExecutor</class>
      <method>accessTestCaseMainPhase</method>
      <line>65</line>
    </frame>
    <frame>
      <class>com.kms.katalon.core.main.TestSuiteExecutor</class>
      <method>accessTestSuiteMainPhase</method>
      <line>150</line>
    </frame>
    <frame>
      <class>com.kms.katalon.core.main.TestSuiteExecutor</class>
      <method>execute</method>
      <line>106</line>
    </frame>
    <frame>
      <class>com.kms.katalon.core.main.TestCaseMain</class>
      <method>startTestSuite</method>
      <line>180</line>
    </frame>
    <frame>
      <class>TempTestSuite1727957337623</class>
      <method>run</method>
      <line>35</line>
    </frame>
    <frame>
      <class>jdk.internal.reflect.NativeMethodAccessorImpl</class>
      <method>invoke0</method>
    </frame>
    <frame>
      <class>jdk.internal.reflect.NativeMethodAccessorImpl</class>
      <method>invoke</method>
      <line>77</line>
    </frame>
    <frame>
      <class>jdk.internal.reflect.DelegatingMethodAccessorImpl</class>
      <method>invoke</method>
      <line>43</line>
    </frame>
  </exception>
  <nestedLevel>0</nestedLevel>
  <escapedJava>false</escapedJava>
  <property name="failed.exception.stacktrace">org.codehaus.groovy.control.MultipleCompilationErrorsException: startup failed:
file:/C:/Users/User/git/frameworks-regression-test-automation/Scripts/CHC_Instance/PointofSale_Module/TS9_POS_SuspendResume_Sale/POS_Resume_Sale_CHC/Script1727956170792.groovy: 22: unable to resolve class XSSFWorkbook
 @ line 22, column 14.
   XSSFWorkbook workbook = new XSSFWorkbook(sourceFile)
                ^

file:/C:/Users/User/git/frameworks-regression-test-automation/Scripts/CHC_Instance/PointofSale_Module/TS9_POS_SuspendResume_Sale/POS_Resume_Sale_CHC/Script1727956170792.groovy: 22: unable to resolve class XSSFWorkbook
 @ line 22, column 25.
   XSSFWorkbook workbook = new XSSFWorkbook(sourceFile)
                           ^

file:/C:/Users/User/git/frameworks-regression-test-automation/Scripts/CHC_Instance/PointofSale_Module/TS9_POS_SuspendResume_Sale/POS_Resume_Sale_CHC/Script1727956170792.groovy: 24: unable to resolve class XSSFSheet
 @ line 24, column 11.
   XSSFSheet sheet = workbook.getSheet(&apos;Sheet1&apos;)
             ^

file:/C:/Users/User/git/frameworks-regression-test-automation/Scripts/CHC_Instance/PointofSale_Module/TS9_POS_SuspendResume_Sale/POS_Resume_Sale_CHC/Script1727956170792.groovy: 27: unable to resolve class Row
 @ line 27, column 5.
   Row row = sheet.getRow(1)
       ^

file:/C:/Users/User/git/frameworks-regression-test-automation/Scripts/CHC_Instance/PointofSale_Module/TS9_POS_SuspendResume_Sale/POS_Resume_Sale_CHC/Script1727956170792.groovy: 29: unable to resolve class Cell
 @ line 29, column 6.
   Cell cell = row.getCell(1)
        ^

5 errors

	at com.kms.katalon.core.main.ScriptEngine.getScript(ScriptEngine.java:199)
	at com.kms.katalon.core.main.ScriptEngine.run(ScriptEngine.java:194)
	at com.kms.katalon.core.main.ScriptEngine.runScriptAsRawText(ScriptEngine.java:119)
	at com.kms.katalon.core.main.TestCaseExecutor.runScript(TestCaseExecutor.java:448)
	at com.kms.katalon.core.main.TestCaseExecutor.doExecute(TestCaseExecutor.java:439)
	at com.kms.katalon.core.main.TestCaseExecutor.processExecutionPhase(TestCaseExecutor.java:418)
	at com.kms.katalon.core.main.TestCaseExecutor.accessMainPhase(TestCaseExecutor.java:410)
	at com.kms.katalon.core.main.TestCaseExecutor.execute(TestCaseExecutor.java:285)
	at com.kms.katalon.core.main.TestCaseExecutor.execute(TestCaseExecutor.java:369)
	at com.kms.katalon.core.main.TestCaseExecutor.execute(TestCaseExecutor.java:369)
	at com.kms.katalon.core.main.TestCaseExecutor.execute(TestCaseExecutor.java:369)
	at com.kms.katalon.core.common.CommonExecutor.accessTestCaseMainPhase(CommonExecutor.java:65)
	at com.kms.katalon.core.main.TestSuiteExecutor.accessTestSuiteMainPhase(TestSuiteExecutor.java:150)
	at com.kms.katalon.core.main.TestSuiteExecutor.execute(TestSuiteExecutor.java:106)
	at com.kms.katalon.core.main.TestCaseMain.startTestSuite(TestCaseMain.java:180)
	at TempTestSuite1727957337623.run(TempTestSuite1727957337623.groovy:35)
	at java.base/jdk.internal.reflect.NativeMethodAccessorImpl.invoke0(Native Method)
	at java.base/jdk.internal.reflect.NativeMethodAccessorImpl.invoke(NativeMethodAccessorImpl.java:77)
	at java.base/jdk.internal.reflect.DelegatingMethodAccessorImpl.invoke(DelegatingMethodAccessorImpl.java:43)
</property>
  <property name="failed.exception.class">org.codehaus.groovy.control.MultipleCompilationErrorsException</property>
  <property name="failed.exception.message">startup failed:
file:/C:/Users/User/git/frameworks-regression-test-automation/Scripts/CHC_Instance/PointofSale_Module/TS9_POS_SuspendResume_Sale/POS_Resume_Sale_CHC/Script1727956170792.groovy: 22: unable to resolve class XSSFWorkbook
 @ line 22, column 14.
   XSSFWorkbook workbook = new XSSFWorkbook(sourceFile)
                ^

file:/C:/Users/User/git/frameworks-regression-test-automation/Scripts/CHC_Instance/PointofSale_Module/TS9_POS_SuspendResume_Sale/POS_Resume_Sale_CHC/Script1727956170792.groovy: 22: unable to resolve class XSSFWorkbook
 @ line 22, column 25.
   XSSFWorkbook workbook = new XSSFWorkbook(sourceFile)
                           ^

file:/C:/Users/User/git/frameworks-regression-test-automation/Scripts/CHC_Instance/PointofSale_Module/TS9_POS_SuspendResume_Sale/POS_Resume_Sale_CHC/Script1727956170792.groovy: 24: unable to resolve class XSSFSheet
 @ line 24, column 11.
   XSSFSheet sheet = workbook.getSheet(&apos;Sheet1&apos;)
             ^

file:/C:/Users/User/git/frameworks-regression-test-automation/Scripts/CHC_Instance/PointofSale_Module/TS9_POS_SuspendResume_Sale/POS_Resume_Sale_CHC/Script1727956170792.groovy: 27: unable to resolve class Row
 @ line 27, column 5.
   Row row = sheet.getRow(1)
       ^

file:/C:/Users/User/git/frameworks-regression-test-automation/Scripts/CHC_Instance/PointofSale_Module/TS9_POS_SuspendResume_Sale/POS_Resume_Sale_CHC/Script1727956170792.groovy: 29: unable to resolve class Cell
 @ line 29, column 6.
   Cell cell = row.getCell(1)
        ^

5 errors
</property>
</record>
<record>
  <date>2024-10-03T12:09:05.331582500Z</date>
  <millis>1727957345331</millis>
  <nanos>582500</nanos>
  <sequence>72</sequence>
  <level>END</level>
  <class>com.kms.katalon.core.logging.XmlKeywordLogger</class>
  <method>endTest</method>
  <thread>1</thread>
  <message>End Test Case : Test Cases/CHC_Instance/PointofSale_Module/TS9_POS_SuspendResume_Sale/POS_Resume_Sale_CHC</message>
  <nestedLevel>0</nestedLevel>
  <escapedJava>false</escapedJava>
  <property name="executionBindingVariables">[
  {
    &quot;displayReportName&quot;: &quot;(Default) userN...&quot;,
    &quot;value&quot;: &quot;manaki&quot;,
    &quot;name&quot;: &quot;(Default) userName&quot;,
    &quot;masked&quot;: false
  },
  {
    &quot;displayReportName&quot;: &quot;(Default) Excel...&quot;,
    &quot;value&quot;: &quot;D:\\Dahlsen\\Frameworks Testing\\AutomationTesting\\TestData\\CHC Instance\\POS_Module\\TS9_POS_SuspendResumeSale_testdata.xlsx&quot;,
    &quot;name&quot;: &quot;(Default) ExcelFile&quot;,
    &quot;masked&quot;: false
  },
  {
    &quot;displayReportName&quot;: &quot;(Default) invoi...&quot;,
    &quot;value&quot;: &quot;&quot;,
    &quot;name&quot;: &quot;(Default) invoiceNum&quot;,
    &quot;masked&quot;: false
  }
]</property>
  <property name="applitools">false</property>
  <property name="remainingRetryCount">0</property>
  <property name="currentRetryCount">3</property>
  <property name="keywordsUsage">{
  &quot;web_ui&quot;: false,
  &quot;web_service&quot;: false,
  &quot;cucumber&quot;: false,
  &quot;builtin&quot;: false,
  &quot;mobile&quot;: false,
  &quot;windows&quot;: false,
  &quot;testng&quot;: false
}</property>
</record>
<record>
  <date>2024-10-03T12:09:05.332581200Z</date>
  <millis>1727957345332</millis>
  <nanos>581200</nanos>
  <sequence>73</sequence>
  <level>START</level>
  <class>com.kms.katalon.core.logging.XmlKeywordLogger</class>
  <method>startKeyword</method>
  <thread>1</thread>
  <message>Start listener action : exportKatalonReports</message>
  <nestedLevel>0</nestedLevel>
  <escapedJava>false</escapedJava>
</record>
<record>
  <date>2024-10-03T12:09:05.570688500Z</date>
  <millis>1727957345570</millis>
  <nanos>688500</nanos>
  <sequence>175</sequence>
  <level>INFO</level>
  <class>com.kms.katalon.core.logging.XmlKeywordLogger</class>
  <method>logMessage</method>
  <thread>1</thread>
  <message>Start generating HTML report folder at: C:\Users\User\git\frameworks-regression-test-automation\Reports\20241003_220857\CHC_Instance\PointofSale_Module\TS9_POS_Suspend_Resume_Sale_CHC\20241003_220857...</message>
  <nestedLevel>0</nestedLevel>
  <escapedJava>false</escapedJava>
</record>
<record>
  <date>2024-10-03T12:09:05.898224Z</date>
  <millis>1727957345898</millis>
  <nanos>224000</nanos>
  <sequence>176</sequence>
  <level>INFO</level>
  <class>com.kms.katalon.core.logging.XmlKeywordLogger</class>
  <method>logMessage</method>
  <thread>1</thread>
  <message>HTML report generated</message>
  <nestedLevel>0</nestedLevel>
  <escapedJava>false</escapedJava>
</record>
<record>
  <date>2024-10-03T12:09:05.898224Z</date>
  <millis>1727957345898</millis>
  <nanos>224000</nanos>
  <sequence>177</sequence>
  <level>INFO</level>
  <class>com.kms.katalon.core.logging.XmlKeywordLogger</class>
  <method>logMessage</method>
  <thread>1</thread>
  <message>Start generating CSV report folder at: C:\Users\User\git\frameworks-regression-test-automation\Reports\20241003_220857\CHC_Instance\PointofSale_Module\TS9_POS_Suspend_Resume_Sale_CHC\20241003_220857...</message>
  <nestedLevel>0</nestedLevel>
  <escapedJava>false</escapedJava>
</record>
<record>
  <date>2024-10-03T12:09:05.920216300Z</date>
  <millis>1727957345920</millis>
  <nanos>216300</nanos>
  <sequence>178</sequence>
  <level>INFO</level>
  <class>com.kms.katalon.core.logging.XmlKeywordLogger</class>
  <method>logMessage</method>
  <thread>1</thread>
  <message>CSV report generated</message>
  <nestedLevel>0</nestedLevel>
  <escapedJava>false</escapedJava>
</record>
<record>
  <date>2024-10-03T12:09:05.924219200Z</date>
  <millis>1727957345924</millis>
  <nanos>219200</nanos>
  <sequence>180</sequence>
  <level>END</level>
  <class>com.kms.katalon.core.logging.XmlKeywordLogger</class>
  <method>endKeyword</method>
  <thread>1</thread>
  <message>End listener action : exportKatalonReports</message>
  <nestedLevel>0</nestedLevel>
  <escapedJava>false</escapedJava>
</record>
<record>
  <date>2024-10-03T12:09:05.967221Z</date>
  <millis>1727957345967</millis>
  <nanos>221000</nanos>
  <sequence>181</sequence>
  <level>END</level>
  <class>com.kms.katalon.core.logging.XmlKeywordLogger</class>
  <method>endSuite</method>
  <thread>1</thread>
  <message>End Test Suite : Test Suites/CHC_Instance/PointofSale_Module/TS9_POS_Suspend_Resume_Sale_CHC</message>
  <nestedLevel>0</nestedLevel>
  <escapedJava>false</escapedJava>
</record>
</log>
