<?xml version="1.0" encoding="UTF-8"?>
<testsuites name="TS9_POS_Suspend_Resume_Sale_CHC" time="1.61" tests="2" failures="0" errors="2">
   <testsuite name="TS9_POS_Suspend_Resume_Sale_CHC" tests="2" failures="0" errors="2" time="1.61" skipped="0" timestamp="03-10-2024T22:09:03" hostname="User - ROG" id="Test Suites/CHC_Instance/PointofSale_Module/TS9_POS_Suspend_Resume_Sale_CHC">
      <properties>
         <property name="deviceName" value=""/>
         <property name="devicePlatform"/>
         <property name="logFolder" value="C:\\Users\\User\\git\\frameworks-regression-test-automation\\Reports\\20241003_220857\\CHC_Instance\\PointofSale_Module\\TS9_POS_Suspend_Resume_Sale_CHC\\20241003_220857"/>
         <property name="logFiles" value="C:\\Users\\User\\git\\frameworks-regression-test-automation\\Reports\\20241003_220857\\CHC_Instance\\PointofSale_Module\\TS9_POS_Suspend_Resume_Sale_CHC\\20241003_220857\\execution0.log"/>
         <property name="attachments" value=""/>
         <property name="hostName" value="User - ROG"/>
         <property name="hostAddress" value="10.192.251.2"/>
         <property name="os" value="Windows 11 64bit"/>
         <property name="katalonVersion" value="9.5.0.217"/>
      </properties>
      <testcase name="Test Cases/CHC_Instance/PointofSale_Module/TS9_POS_SuspendResume_Sale/POS_Suspend_Sale_CHC" time="0.137" classname="Test Cases/CHC_Instance/PointofSale_Module/TS9_POS_SuspendResume_Sale/POS_Suspend_Sale_CHC" status="ERROR">
         <error type="ERROR" message="Test Cases/CHC_Instance/PointofSale_Module/TS9_POS_SuspendResume_Sale/POS_Suspend_Sale_CHC FAILED.&#xa;Reason:&#xa;org.codehaus.groovy.control.MultipleCompilationErrorsException: startup failed:&#xa;file:/C:/Users/User/git/frameworks-regression-test-automation/Scripts/CHC_Instance/PointofSale_Module/TS9_POS_SuspendResume_Sale/POS_Suspend_Sale_CHC/Script1727953249910.groovy: 72: unable to resolve class XSSFWorkbook&#xa; @ line 72, column 14.&#xa;   XSSFWorkbook workbook = new XSSFWorkbook(sourceFile)&#xa;                ^&#xa;&#xa;file:/C:/Users/User/git/frameworks-regression-test-automation/Scripts/CHC_Instance/PointofSale_Module/TS9_POS_SuspendResume_Sale/POS_Suspend_Sale_CHC/Script1727953249910.groovy: 72: unable to resolve class XSSFWorkbook&#xa; @ line 72, column 25.&#xa;   XSSFWorkbook workbook = new XSSFWorkbook(sourceFile)&#xa;                           ^&#xa;&#xa;file:/C:/Users/User/git/frameworks-regression-test-automation/Scripts/CHC_Instance/PointofSale_Module/TS9_POS_SuspendResume_Sale/POS_Suspend_Sale_CHC/Script1727953249910.groovy: 74: unable to resolve class XSSFSheet&#xa; @ line 74, column 11.&#xa;   XSSFSheet sheet = workbook.getSheet('Sheet1')&#xa;             ^&#xa;&#xa;file:/C:/Users/User/git/frameworks-regression-test-automation/Scripts/CHC_Instance/PointofSale_Module/TS9_POS_SuspendResume_Sale/POS_Suspend_Sale_CHC/Script1727953249910.groovy: 77: unable to resolve class Row&#xa; @ line 77, column 5.&#xa;   Row row = sheet.getRow(0)&#xa;       ^&#xa;&#xa;file:/C:/Users/User/git/frameworks-regression-test-automation/Scripts/CHC_Instance/PointofSale_Module/TS9_POS_SuspendResume_Sale/POS_Suspend_Sale_CHC/Script1727953249910.groovy: 79: unable to resolve class Cell&#xa; @ line 79, column 6.&#xa;   Cell cell = row.getCell(1)&#xa;        ^&#xa;&#xa;5 errors&#xa;&#xa;	at com.kms.katalon.core.main.ScriptEngine.getScript(ScriptEngine.java:199)&#xa;	at com.kms.katalon.core.main.ScriptEngine.run(ScriptEngine.java:194)&#xa;	at com.kms.katalon.core.main.ScriptEngine.runScriptAsRawText(ScriptEngine.java:119)&#xa;	at com.kms.katalon.core.main.TestCaseExecutor.runScript(TestCaseExecutor.java:448)&#xa;	at com.kms.katalon.core.main.TestCaseExecutor.doExecute(TestCaseExecutor.java:439)&#xa;	at com.kms.katalon.core.main.TestCaseExecutor.processExecutionPhase(TestCaseExecutor.java:418)&#xa;	at com.kms.katalon.core.main.TestCaseExecutor.accessMainPhase(TestCaseExecutor.java:410)&#xa;	at com.kms.katalon.core.main.TestCaseExecutor.execute(TestCaseExecutor.java:285)&#xa;	at com.kms.katalon.core.main.TestCaseExecutor.execute(TestCaseExecutor.java:369)&#xa;	at com.kms.katalon.core.main.TestCaseExecutor.execute(TestCaseExecutor.java:369)&#xa;	at com.kms.katalon.core.main.TestCaseExecutor.execute(TestCaseExecutor.java:369)&#xa;	at com.kms.katalon.core.common.CommonExecutor.accessTestCaseMainPhase(CommonExecutor.java:65)&#xa;	at com.kms.katalon.core.main.TestSuiteExecutor.accessTestSuiteMainPhase(TestSuiteExecutor.java:150)&#xa;	at com.kms.katalon.core.main.TestSuiteExecutor.execute(TestSuiteExecutor.java:106)&#xa;	at com.kms.katalon.core.main.TestCaseMain.startTestSuite(TestCaseMain.java:180)&#xa;	at TempTestSuite1727957337623.run(TempTestSuite1727957337623.groovy:35)&#xa;	at java.base/jdk.internal.reflect.NativeMethodAccessorImpl.invoke0(Native Method)&#xa;	at java.base/jdk.internal.reflect.NativeMethodAccessorImpl.invoke(NativeMethodAccessorImpl.java:77)&#xa;	at java.base/jdk.internal.reflect.DelegatingMethodAccessorImpl.invoke(DelegatingMethodAccessorImpl.java:43)&#xa;"/>
         <system-out><![CDATA[03-10-2024T22:09:04 - [TEST_CASE][ERROR] - Test Cases/CHC_Instance/PointofSale_Module/TS9_POS_SuspendResume_Sale/POS_Suspend_Sale_CHC: Test Cases/CHC_Instance/PointofSale_Module/TS9_POS_SuspendResume_Sale/POS_Suspend_Sale_CHC FAILED.
Reason:
org.codehaus.groovy.control.MultipleCompilationErrorsException: startup failed:
file:/C:/Users/User/git/frameworks-regression-test-automation/Scripts/CHC_Instance/PointofSale_Module/TS9_POS_SuspendResume_Sale/POS_Suspend_Sale_CHC/Script1727953249910.groovy: 72: unable to resolve class XSSFWorkbook
 @ line 72, column 14.
   XSSFWorkbook workbook = new XSSFWorkbook(sourceFile)
                ^

file:/C:/Users/User/git/frameworks-regression-test-automation/Scripts/CHC_Instance/PointofSale_Module/TS9_POS_SuspendResume_Sale/POS_Suspend_Sale_CHC/Script1727953249910.groovy: 72: unable to resolve class XSSFWorkbook
 @ line 72, column 25.
   XSSFWorkbook workbook = new XSSFWorkbook(sourceFile)
                           ^

file:/C:/Users/User/git/frameworks-regression-test-automation/Scripts/CHC_Instance/PointofSale_Module/TS9_POS_SuspendResume_Sale/POS_Suspend_Sale_CHC/Script1727953249910.groovy: 74: unable to resolve class XSSFSheet
 @ line 74, column 11.
   XSSFSheet sheet = workbook.getSheet('Sheet1')
             ^

file:/C:/Users/User/git/frameworks-regression-test-automation/Scripts/CHC_Instance/PointofSale_Module/TS9_POS_SuspendResume_Sale/POS_Suspend_Sale_CHC/Script1727953249910.groovy: 77: unable to resolve class Row
 @ line 77, column 5.
   Row row = sheet.getRow(0)
       ^

file:/C:/Users/User/git/frameworks-regression-test-automation/Scripts/CHC_Instance/PointofSale_Module/TS9_POS_SuspendResume_Sale/POS_Suspend_Sale_CHC/Script1727953249910.groovy: 79: unable to resolve class Cell
 @ line 79, column 6.
   Cell cell = row.getCell(1)
        ^

5 errors

	at com.kms.katalon.core.main.ScriptEngine.getScript(ScriptEngine.java:199)
	at com.kms.katalon.core.main.ScriptEngine.run(ScriptEngine.java:194)
	at com.kms.katalon.core.main.ScriptEngine.runScriptAsRawText(ScriptEngine.java:119)
	at com.kms.katalon.core.main.TestCaseExecutor.runScript(TestCaseExecutor.java:448)
	at com.kms.katalon.core.main.TestCaseExecutor.doExecute(TestCaseExecutor.java:439)
	at com.kms.katalon.core.main.TestCaseExecutor.processExecutionPhase(TestCaseExecutor.java:418)
	at com.kms.katalon.core.main.TestCaseExecutor.accessMainPhase(TestCaseExecutor.java:410)
	at com.kms.katalon.core.main.TestCaseExecutor.execute(TestCaseExecutor.java:285)
	at com.kms.katalon.core.main.TestCaseExecutor.execute(TestCaseExecutor.java:369)
	at com.kms.katalon.core.main.TestCaseExecutor.execute(TestCaseExecutor.java:369)
	at com.kms.katalon.core.main.TestCaseExecutor.execute(TestCaseExecutor.java:369)
	at com.kms.katalon.core.common.CommonExecutor.accessTestCaseMainPhase(CommonExecutor.java:65)
	at com.kms.katalon.core.main.TestSuiteExecutor.accessTestSuiteMainPhase(TestSuiteExecutor.java:150)
	at com.kms.katalon.core.main.TestSuiteExecutor.execute(TestSuiteExecutor.java:106)
	at com.kms.katalon.core.main.TestCaseMain.startTestSuite(TestCaseMain.java:180)
	at TempTestSuite1727957337623.run(TempTestSuite1727957337623.groovy:35)
	at java.base/jdk.internal.reflect.NativeMethodAccessorImpl.invoke0(Native Method)
	at java.base/jdk.internal.reflect.NativeMethodAccessorImpl.invoke(NativeMethodAccessorImpl.java:77)
	at java.base/jdk.internal.reflect.DelegatingMethodAccessorImpl.invoke(DelegatingMethodAccessorImpl.java:43)]]></system-out>
         <system-err><![CDATA[03-10-2024T22:09:04 - [TEST_CASE][ERROR] - Test Cases/CHC_Instance/PointofSale_Module/TS9_POS_SuspendResume_Sale/POS_Suspend_Sale_CHC: Test Cases/CHC_Instance/PointofSale_Module/TS9_POS_SuspendResume_Sale/POS_Suspend_Sale_CHC FAILED.
Reason:
org.codehaus.groovy.control.MultipleCompilationErrorsException: startup failed:
file:/C:/Users/User/git/frameworks-regression-test-automation/Scripts/CHC_Instance/PointofSale_Module/TS9_POS_SuspendResume_Sale/POS_Suspend_Sale_CHC/Script1727953249910.groovy: 72: unable to resolve class XSSFWorkbook
 @ line 72, column 14.
   XSSFWorkbook workbook = new XSSFWorkbook(sourceFile)
                ^

file:/C:/Users/User/git/frameworks-regression-test-automation/Scripts/CHC_Instance/PointofSale_Module/TS9_POS_SuspendResume_Sale/POS_Suspend_Sale_CHC/Script1727953249910.groovy: 72: unable to resolve class XSSFWorkbook
 @ line 72, column 25.
   XSSFWorkbook workbook = new XSSFWorkbook(sourceFile)
                           ^

file:/C:/Users/User/git/frameworks-regression-test-automation/Scripts/CHC_Instance/PointofSale_Module/TS9_POS_SuspendResume_Sale/POS_Suspend_Sale_CHC/Script1727953249910.groovy: 74: unable to resolve class XSSFSheet
 @ line 74, column 11.
   XSSFSheet sheet = workbook.getSheet('Sheet1')
             ^

file:/C:/Users/User/git/frameworks-regression-test-automation/Scripts/CHC_Instance/PointofSale_Module/TS9_POS_SuspendResume_Sale/POS_Suspend_Sale_CHC/Script1727953249910.groovy: 77: unable to resolve class Row
 @ line 77, column 5.
   Row row = sheet.getRow(0)
       ^

file:/C:/Users/User/git/frameworks-regression-test-automation/Scripts/CHC_Instance/PointofSale_Module/TS9_POS_SuspendResume_Sale/POS_Suspend_Sale_CHC/Script1727953249910.groovy: 79: unable to resolve class Cell
 @ line 79, column 6.
   Cell cell = row.getCell(1)
        ^

5 errors

	at com.kms.katalon.core.main.ScriptEngine.getScript(ScriptEngine.java:199)
	at com.kms.katalon.core.main.ScriptEngine.run(ScriptEngine.java:194)
	at com.kms.katalon.core.main.ScriptEngine.runScriptAsRawText(ScriptEngine.java:119)
	at com.kms.katalon.core.main.TestCaseExecutor.runScript(TestCaseExecutor.java:448)
	at com.kms.katalon.core.main.TestCaseExecutor.doExecute(TestCaseExecutor.java:439)
	at com.kms.katalon.core.main.TestCaseExecutor.processExecutionPhase(TestCaseExecutor.java:418)
	at com.kms.katalon.core.main.TestCaseExecutor.accessMainPhase(TestCaseExecutor.java:410)
	at com.kms.katalon.core.main.TestCaseExecutor.execute(TestCaseExecutor.java:285)
	at com.kms.katalon.core.main.TestCaseExecutor.execute(TestCaseExecutor.java:369)
	at com.kms.katalon.core.main.TestCaseExecutor.execute(TestCaseExecutor.java:369)
	at com.kms.katalon.core.main.TestCaseExecutor.execute(TestCaseExecutor.java:369)
	at com.kms.katalon.core.common.CommonExecutor.accessTestCaseMainPhase(CommonExecutor.java:65)
	at com.kms.katalon.core.main.TestSuiteExecutor.accessTestSuiteMainPhase(TestSuiteExecutor.java:150)
	at com.kms.katalon.core.main.TestSuiteExecutor.execute(TestSuiteExecutor.java:106)
	at com.kms.katalon.core.main.TestCaseMain.startTestSuite(TestCaseMain.java:180)
	at TempTestSuite1727957337623.run(TempTestSuite1727957337623.groovy:35)
	at java.base/jdk.internal.reflect.NativeMethodAccessorImpl.invoke0(Native Method)
	at java.base/jdk.internal.reflect.NativeMethodAccessorImpl.invoke(NativeMethodAccessorImpl.java:77)
	at java.base/jdk.internal.reflect.DelegatingMethodAccessorImpl.invoke(DelegatingMethodAccessorImpl.java:43)]]></system-err>
      </testcase>
      <testcase name="Test Cases/CHC_Instance/PointofSale_Module/TS9_POS_SuspendResume_Sale/POS_Resume_Sale_CHC" time="0.098" classname="Test Cases/CHC_Instance/PointofSale_Module/TS9_POS_SuspendResume_Sale/POS_Resume_Sale_CHC" status="ERROR">
         <error type="ERROR" message="Test Cases/CHC_Instance/PointofSale_Module/TS9_POS_SuspendResume_Sale/POS_Resume_Sale_CHC FAILED.&#xa;Reason:&#xa;org.codehaus.groovy.control.MultipleCompilationErrorsException: startup failed:&#xa;file:/C:/Users/User/git/frameworks-regression-test-automation/Scripts/CHC_Instance/PointofSale_Module/TS9_POS_SuspendResume_Sale/POS_Resume_Sale_CHC/Script1727956170792.groovy: 22: unable to resolve class XSSFWorkbook&#xa; @ line 22, column 14.&#xa;   XSSFWorkbook workbook = new XSSFWorkbook(sourceFile)&#xa;                ^&#xa;&#xa;file:/C:/Users/User/git/frameworks-regression-test-automation/Scripts/CHC_Instance/PointofSale_Module/TS9_POS_SuspendResume_Sale/POS_Resume_Sale_CHC/Script1727956170792.groovy: 22: unable to resolve class XSSFWorkbook&#xa; @ line 22, column 25.&#xa;   XSSFWorkbook workbook = new XSSFWorkbook(sourceFile)&#xa;                           ^&#xa;&#xa;file:/C:/Users/User/git/frameworks-regression-test-automation/Scripts/CHC_Instance/PointofSale_Module/TS9_POS_SuspendResume_Sale/POS_Resume_Sale_CHC/Script1727956170792.groovy: 24: unable to resolve class XSSFSheet&#xa; @ line 24, column 11.&#xa;   XSSFSheet sheet = workbook.getSheet('Sheet1')&#xa;             ^&#xa;&#xa;file:/C:/Users/User/git/frameworks-regression-test-automation/Scripts/CHC_Instance/PointofSale_Module/TS9_POS_SuspendResume_Sale/POS_Resume_Sale_CHC/Script1727956170792.groovy: 27: unable to resolve class Row&#xa; @ line 27, column 5.&#xa;   Row row = sheet.getRow(1)&#xa;       ^&#xa;&#xa;file:/C:/Users/User/git/frameworks-regression-test-automation/Scripts/CHC_Instance/PointofSale_Module/TS9_POS_SuspendResume_Sale/POS_Resume_Sale_CHC/Script1727956170792.groovy: 29: unable to resolve class Cell&#xa; @ line 29, column 6.&#xa;   Cell cell = row.getCell(1)&#xa;        ^&#xa;&#xa;5 errors&#xa;&#xa;	at com.kms.katalon.core.main.ScriptEngine.getScript(ScriptEngine.java:199)&#xa;	at com.kms.katalon.core.main.ScriptEngine.run(ScriptEngine.java:194)&#xa;	at com.kms.katalon.core.main.ScriptEngine.runScriptAsRawText(ScriptEngine.java:119)&#xa;	at com.kms.katalon.core.main.TestCaseExecutor.runScript(TestCaseExecutor.java:448)&#xa;	at com.kms.katalon.core.main.TestCaseExecutor.doExecute(TestCaseExecutor.java:439)&#xa;	at com.kms.katalon.core.main.TestCaseExecutor.processExecutionPhase(TestCaseExecutor.java:418)&#xa;	at com.kms.katalon.core.main.TestCaseExecutor.accessMainPhase(TestCaseExecutor.java:410)&#xa;	at com.kms.katalon.core.main.TestCaseExecutor.execute(TestCaseExecutor.java:285)&#xa;	at com.kms.katalon.core.main.TestCaseExecutor.execute(TestCaseExecutor.java:369)&#xa;	at com.kms.katalon.core.main.TestCaseExecutor.execute(TestCaseExecutor.java:369)&#xa;	at com.kms.katalon.core.main.TestCaseExecutor.execute(TestCaseExecutor.java:369)&#xa;	at com.kms.katalon.core.common.CommonExecutor.accessTestCaseMainPhase(CommonExecutor.java:65)&#xa;	at com.kms.katalon.core.main.TestSuiteExecutor.accessTestSuiteMainPhase(TestSuiteExecutor.java:150)&#xa;	at com.kms.katalon.core.main.TestSuiteExecutor.execute(TestSuiteExecutor.java:106)&#xa;	at com.kms.katalon.core.main.TestCaseMain.startTestSuite(TestCaseMain.java:180)&#xa;	at TempTestSuite1727957337623.run(TempTestSuite1727957337623.groovy:35)&#xa;	at java.base/jdk.internal.reflect.NativeMethodAccessorImpl.invoke0(Native Method)&#xa;	at java.base/jdk.internal.reflect.NativeMethodAccessorImpl.invoke(NativeMethodAccessorImpl.java:77)&#xa;	at java.base/jdk.internal.reflect.DelegatingMethodAccessorImpl.invoke(DelegatingMethodAccessorImpl.java:43)&#xa;"/>
         <system-out><![CDATA[03-10-2024T22:09:05 - [TEST_CASE][ERROR] - Test Cases/CHC_Instance/PointofSale_Module/TS9_POS_SuspendResume_Sale/POS_Resume_Sale_CHC: Test Cases/CHC_Instance/PointofSale_Module/TS9_POS_SuspendResume_Sale/POS_Resume_Sale_CHC FAILED.
Reason:
org.codehaus.groovy.control.MultipleCompilationErrorsException: startup failed:
file:/C:/Users/User/git/frameworks-regression-test-automation/Scripts/CHC_Instance/PointofSale_Module/TS9_POS_SuspendResume_Sale/POS_Resume_Sale_CHC/Script1727956170792.groovy: 22: unable to resolve class XSSFWorkbook
 @ line 22, column 14.
   XSSFWorkbook workbook = new XSSFWorkbook(sourceFile)
                ^

file:/C:/Users/User/git/frameworks-regression-test-automation/Scripts/CHC_Instance/PointofSale_Module/TS9_POS_SuspendResume_Sale/POS_Resume_Sale_CHC/Script1727956170792.groovy: 22: unable to resolve class XSSFWorkbook
 @ line 22, column 25.
   XSSFWorkbook workbook = new XSSFWorkbook(sourceFile)
                           ^

file:/C:/Users/User/git/frameworks-regression-test-automation/Scripts/CHC_Instance/PointofSale_Module/TS9_POS_SuspendResume_Sale/POS_Resume_Sale_CHC/Script1727956170792.groovy: 24: unable to resolve class XSSFSheet
 @ line 24, column 11.
   XSSFSheet sheet = workbook.getSheet('Sheet1')
             ^

file:/C:/Users/User/git/frameworks-regression-test-automation/Scripts/CHC_Instance/PointofSale_Module/TS9_POS_SuspendResume_Sale/POS_Resume_Sale_CHC/Script1727956170792.groovy: 27: unable to resolve class Row
 @ line 27, column 5.
   Row row = sheet.getRow(1)
       ^

file:/C:/Users/User/git/frameworks-regression-test-automation/Scripts/CHC_Instance/PointofSale_Module/TS9_POS_SuspendResume_Sale/POS_Resume_Sale_CHC/Script1727956170792.groovy: 29: unable to resolve class Cell
 @ line 29, column 6.
   Cell cell = row.getCell(1)
        ^

5 errors

	at com.kms.katalon.core.main.ScriptEngine.getScript(ScriptEngine.java:199)
	at com.kms.katalon.core.main.ScriptEngine.run(ScriptEngine.java:194)
	at com.kms.katalon.core.main.ScriptEngine.runScriptAsRawText(ScriptEngine.java:119)
	at com.kms.katalon.core.main.TestCaseExecutor.runScript(TestCaseExecutor.java:448)
	at com.kms.katalon.core.main.TestCaseExecutor.doExecute(TestCaseExecutor.java:439)
	at com.kms.katalon.core.main.TestCaseExecutor.processExecutionPhase(TestCaseExecutor.java:418)
	at com.kms.katalon.core.main.TestCaseExecutor.accessMainPhase(TestCaseExecutor.java:410)
	at com.kms.katalon.core.main.TestCaseExecutor.execute(TestCaseExecutor.java:285)
	at com.kms.katalon.core.main.TestCaseExecutor.execute(TestCaseExecutor.java:369)
	at com.kms.katalon.core.main.TestCaseExecutor.execute(TestCaseExecutor.java:369)
	at com.kms.katalon.core.main.TestCaseExecutor.execute(TestCaseExecutor.java:369)
	at com.kms.katalon.core.common.CommonExecutor.accessTestCaseMainPhase(CommonExecutor.java:65)
	at com.kms.katalon.core.main.TestSuiteExecutor.accessTestSuiteMainPhase(TestSuiteExecutor.java:150)
	at com.kms.katalon.core.main.TestSuiteExecutor.execute(TestSuiteExecutor.java:106)
	at com.kms.katalon.core.main.TestCaseMain.startTestSuite(TestCaseMain.java:180)
	at TempTestSuite1727957337623.run(TempTestSuite1727957337623.groovy:35)
	at java.base/jdk.internal.reflect.NativeMethodAccessorImpl.invoke0(Native Method)
	at java.base/jdk.internal.reflect.NativeMethodAccessorImpl.invoke(NativeMethodAccessorImpl.java:77)
	at java.base/jdk.internal.reflect.DelegatingMethodAccessorImpl.invoke(DelegatingMethodAccessorImpl.java:43)]]></system-out>
         <system-err><![CDATA[03-10-2024T22:09:05 - [TEST_CASE][ERROR] - Test Cases/CHC_Instance/PointofSale_Module/TS9_POS_SuspendResume_Sale/POS_Resume_Sale_CHC: Test Cases/CHC_Instance/PointofSale_Module/TS9_POS_SuspendResume_Sale/POS_Resume_Sale_CHC FAILED.
Reason:
org.codehaus.groovy.control.MultipleCompilationErrorsException: startup failed:
file:/C:/Users/User/git/frameworks-regression-test-automation/Scripts/CHC_Instance/PointofSale_Module/TS9_POS_SuspendResume_Sale/POS_Resume_Sale_CHC/Script1727956170792.groovy: 22: unable to resolve class XSSFWorkbook
 @ line 22, column 14.
   XSSFWorkbook workbook = new XSSFWorkbook(sourceFile)
                ^

file:/C:/Users/User/git/frameworks-regression-test-automation/Scripts/CHC_Instance/PointofSale_Module/TS9_POS_SuspendResume_Sale/POS_Resume_Sale_CHC/Script1727956170792.groovy: 22: unable to resolve class XSSFWorkbook
 @ line 22, column 25.
   XSSFWorkbook workbook = new XSSFWorkbook(sourceFile)
                           ^

file:/C:/Users/User/git/frameworks-regression-test-automation/Scripts/CHC_Instance/PointofSale_Module/TS9_POS_SuspendResume_Sale/POS_Resume_Sale_CHC/Script1727956170792.groovy: 24: unable to resolve class XSSFSheet
 @ line 24, column 11.
   XSSFSheet sheet = workbook.getSheet('Sheet1')
             ^

file:/C:/Users/User/git/frameworks-regression-test-automation/Scripts/CHC_Instance/PointofSale_Module/TS9_POS_SuspendResume_Sale/POS_Resume_Sale_CHC/Script1727956170792.groovy: 27: unable to resolve class Row
 @ line 27, column 5.
   Row row = sheet.getRow(1)
       ^

file:/C:/Users/User/git/frameworks-regression-test-automation/Scripts/CHC_Instance/PointofSale_Module/TS9_POS_SuspendResume_Sale/POS_Resume_Sale_CHC/Script1727956170792.groovy: 29: unable to resolve class Cell
 @ line 29, column 6.
   Cell cell = row.getCell(1)
        ^

5 errors

	at com.kms.katalon.core.main.ScriptEngine.getScript(ScriptEngine.java:199)
	at com.kms.katalon.core.main.ScriptEngine.run(ScriptEngine.java:194)
	at com.kms.katalon.core.main.ScriptEngine.runScriptAsRawText(ScriptEngine.java:119)
	at com.kms.katalon.core.main.TestCaseExecutor.runScript(TestCaseExecutor.java:448)
	at com.kms.katalon.core.main.TestCaseExecutor.doExecute(TestCaseExecutor.java:439)
	at com.kms.katalon.core.main.TestCaseExecutor.processExecutionPhase(TestCaseExecutor.java:418)
	at com.kms.katalon.core.main.TestCaseExecutor.accessMainPhase(TestCaseExecutor.java:410)
	at com.kms.katalon.core.main.TestCaseExecutor.execute(TestCaseExecutor.java:285)
	at com.kms.katalon.core.main.TestCaseExecutor.execute(TestCaseExecutor.java:369)
	at com.kms.katalon.core.main.TestCaseExecutor.execute(TestCaseExecutor.java:369)
	at com.kms.katalon.core.main.TestCaseExecutor.execute(TestCaseExecutor.java:369)
	at com.kms.katalon.core.common.CommonExecutor.accessTestCaseMainPhase(CommonExecutor.java:65)
	at com.kms.katalon.core.main.TestSuiteExecutor.accessTestSuiteMainPhase(TestSuiteExecutor.java:150)
	at com.kms.katalon.core.main.TestSuiteExecutor.execute(TestSuiteExecutor.java:106)
	at com.kms.katalon.core.main.TestCaseMain.startTestSuite(TestCaseMain.java:180)
	at TempTestSuite1727957337623.run(TempTestSuite1727957337623.groovy:35)
	at java.base/jdk.internal.reflect.NativeMethodAccessorImpl.invoke0(Native Method)
	at java.base/jdk.internal.reflect.NativeMethodAccessorImpl.invoke(NativeMethodAccessorImpl.java:77)
	at java.base/jdk.internal.reflect.DelegatingMethodAccessorImpl.invoke(DelegatingMethodAccessorImpl.java:43)]]></system-err>
      </testcase>
      <system-out><![CDATA[03-10-2024T22:09:03 - [TEST_SUITE][ERROR] - TS9_POS_Suspend_Resume_Sale_CHC: Test Cases/CHC_Instance/PointofSale_Module/TS9_POS_SuspendResume_Sale/POS_Suspend_Sale_CHC FAILED.
Reason:
org.codehaus.groovy.control.MultipleCompilationErrorsException: startup failed:
file:/C:/Users/User/git/frameworks-regression-test-automation/Scripts/CHC_Instance/PointofSale_Module/TS9_POS_SuspendResume_Sale/POS_Suspend_Sale_CHC/Script1727953249910.groovy: 72: unable to resolve class XSSFWorkbook
 @ line 72, column 14.
   XSSFWorkbook workbook = new XSSFWorkbook(sourceFile)
                ^

file:/C:/Users/User/git/frameworks-regression-test-automation/Scripts/CHC_Instance/PointofSale_Module/TS9_POS_SuspendResume_Sale/POS_Suspend_Sale_CHC/Script1727953249910.groovy: 72: unable to resolve class XSSFWorkbook
 @ line 72, column 25.
   XSSFWorkbook workbook = new XSSFWorkbook(sourceFile)
                           ^

file:/C:/Users/User/git/frameworks-regression-test-automation/Scripts/CHC_Instance/PointofSale_Module/TS9_POS_SuspendResume_Sale/POS_Suspend_Sale_CHC/Script1727953249910.groovy: 74: unable to resolve class XSSFSheet
 @ line 74, column 11.
   XSSFSheet sheet = workbook.getSheet('Sheet1')
             ^

file:/C:/Users/User/git/frameworks-regression-test-automation/Scripts/CHC_Instance/PointofSale_Module/TS9_POS_SuspendResume_Sale/POS_Suspend_Sale_CHC/Script1727953249910.groovy: 77: unable to resolve class Row
 @ line 77, column 5.
   Row row = sheet.getRow(0)
       ^

file:/C:/Users/User/git/frameworks-regression-test-automation/Scripts/CHC_Instance/PointofSale_Module/TS9_POS_SuspendResume_Sale/POS_Suspend_Sale_CHC/Script1727953249910.groovy: 79: unable to resolve class Cell
 @ line 79, column 6.
   Cell cell = row.getCell(1)
        ^

5 errors

	at com.kms.katalon.core.main.ScriptEngine.getScript(ScriptEngine.java:199)
	at com.kms.katalon.core.main.ScriptEngine.run(ScriptEngine.java:194)
	at com.kms.katalon.core.main.ScriptEngine.runScriptAsRawText(ScriptEngine.java:119)
	at com.kms.katalon.core.main.TestCaseExecutor.runScript(TestCaseExecutor.java:448)
	at com.kms.katalon.core.main.TestCaseExecutor.doExecute(TestCaseExecutor.java:439)
	at com.kms.katalon.core.main.TestCaseExecutor.processExecutionPhase(TestCaseExecutor.java:418)
	at com.kms.katalon.core.main.TestCaseExecutor.accessMainPhase(TestCaseExecutor.java:410)
	at com.kms.katalon.core.main.TestCaseExecutor.execute(TestCaseExecutor.java:285)
	at com.kms.katalon.core.common.CommonExecutor.accessTestCaseMainPhase(CommonExecutor.java:65)
	at com.kms.katalon.core.main.TestSuiteExecutor.accessTestSuiteMainPhase(TestSuiteExecutor.java:150)
	at com.kms.katalon.core.main.TestSuiteExecutor.execute(TestSuiteExecutor.java:106)
	at com.kms.katalon.core.main.TestCaseMain.startTestSuite(TestCaseMain.java:180)
	at TempTestSuite1727957337623.run(TempTestSuite1727957337623.groovy:35)
	at java.base/jdk.internal.reflect.NativeMethodAccessorImpl.invoke0(Native Method)
	at java.base/jdk.internal.reflect.NativeMethodAccessorImpl.invoke(NativeMethodAccessorImpl.java:77)
	at java.base/jdk.internal.reflect.DelegatingMethodAccessorImpl.invoke(DelegatingMethodAccessorImpl.java:43)]]></system-out>
      <system-err><![CDATA[03-10-2024T22:09:03 - [TEST_SUITE][ERROR] - TS9_POS_Suspend_Resume_Sale_CHC: Test Cases/CHC_Instance/PointofSale_Module/TS9_POS_SuspendResume_Sale/POS_Suspend_Sale_CHC FAILED.
Reason:
org.codehaus.groovy.control.MultipleCompilationErrorsException: startup failed:
file:/C:/Users/User/git/frameworks-regression-test-automation/Scripts/CHC_Instance/PointofSale_Module/TS9_POS_SuspendResume_Sale/POS_Suspend_Sale_CHC/Script1727953249910.groovy: 72: unable to resolve class XSSFWorkbook
 @ line 72, column 14.
   XSSFWorkbook workbook = new XSSFWorkbook(sourceFile)
                ^

file:/C:/Users/User/git/frameworks-regression-test-automation/Scripts/CHC_Instance/PointofSale_Module/TS9_POS_SuspendResume_Sale/POS_Suspend_Sale_CHC/Script1727953249910.groovy: 72: unable to resolve class XSSFWorkbook
 @ line 72, column 25.
   XSSFWorkbook workbook = new XSSFWorkbook(sourceFile)
                           ^

file:/C:/Users/User/git/frameworks-regression-test-automation/Scripts/CHC_Instance/PointofSale_Module/TS9_POS_SuspendResume_Sale/POS_Suspend_Sale_CHC/Script1727953249910.groovy: 74: unable to resolve class XSSFSheet
 @ line 74, column 11.
   XSSFSheet sheet = workbook.getSheet('Sheet1')
             ^

file:/C:/Users/User/git/frameworks-regression-test-automation/Scripts/CHC_Instance/PointofSale_Module/TS9_POS_SuspendResume_Sale/POS_Suspend_Sale_CHC/Script1727953249910.groovy: 77: unable to resolve class Row
 @ line 77, column 5.
   Row row = sheet.getRow(0)
       ^

file:/C:/Users/User/git/frameworks-regression-test-automation/Scripts/CHC_Instance/PointofSale_Module/TS9_POS_SuspendResume_Sale/POS_Suspend_Sale_CHC/Script1727953249910.groovy: 79: unable to resolve class Cell
 @ line 79, column 6.
   Cell cell = row.getCell(1)
        ^

5 errors

	at com.kms.katalon.core.main.ScriptEngine.getScript(ScriptEngine.java:199)
	at com.kms.katalon.core.main.ScriptEngine.run(ScriptEngine.java:194)
	at com.kms.katalon.core.main.ScriptEngine.runScriptAsRawText(ScriptEngine.java:119)
	at com.kms.katalon.core.main.TestCaseExecutor.runScript(TestCaseExecutor.java:448)
	at com.kms.katalon.core.main.TestCaseExecutor.doExecute(TestCaseExecutor.java:439)
	at com.kms.katalon.core.main.TestCaseExecutor.processExecutionPhase(TestCaseExecutor.java:418)
	at com.kms.katalon.core.main.TestCaseExecutor.accessMainPhase(TestCaseExecutor.java:410)
	at com.kms.katalon.core.main.TestCaseExecutor.execute(TestCaseExecutor.java:285)
	at com.kms.katalon.core.common.CommonExecutor.accessTestCaseMainPhase(CommonExecutor.java:65)
	at com.kms.katalon.core.main.TestSuiteExecutor.accessTestSuiteMainPhase(TestSuiteExecutor.java:150)
	at com.kms.katalon.core.main.TestSuiteExecutor.execute(TestSuiteExecutor.java:106)
	at com.kms.katalon.core.main.TestCaseMain.startTestSuite(TestCaseMain.java:180)
	at TempTestSuite1727957337623.run(TempTestSuite1727957337623.groovy:35)
	at java.base/jdk.internal.reflect.NativeMethodAccessorImpl.invoke0(Native Method)
	at java.base/jdk.internal.reflect.NativeMethodAccessorImpl.invoke(NativeMethodAccessorImpl.java:77)
	at java.base/jdk.internal.reflect.DelegatingMethodAccessorImpl.invoke(DelegatingMethodAccessorImpl.java:43)]]></system-err>
   </testsuite>
</testsuites>
