<?xml version="1.0" encoding="UTF-8"?>
<testsuites name="TS7_POS_AccountPayment_CHC" time="41.583" tests="2" failures="0" errors="1">
   <testsuite name="TS7_POS_AccountPayment_CHC" tests="2" failures="0" errors="1" time="41.583" skipped="0" timestamp="06-10-2024T23:07:05" hostname="User - ROG" id="Test Suites/CHC_Instance/PointofSale_Module/TS7_POS_AccountPayment_CHC">
      <properties>
         <property name="deviceName" value=""/>
         <property name="devicePlatform"/>
         <property name="logFolder" value="C:\\Users\\User\\git\\frameworks-regression-test-automation\\Reports\\20241006_230659\\CHC_Instance\\PointofSale_Module\\TS7_POS_AccountPayment_CHC\\20241006_230659"/>
         <property name="logFiles" value="C:\\Users\\User\\git\\frameworks-regression-test-automation\\Reports\\20241006_230659\\CHC_Instance\\PointofSale_Module\\TS7_POS_AccountPayment_CHC\\20241006_230659\\execution0.log"/>
         <property name="attachments" value="C:\\Users\\User\\git\\frameworks-regression-test-automation\\Reports\\20241006_230659\\CHC_Instance\\PointofSale_Module\\TS7_POS_AccountPayment_CHC\\20241006_230659\\1728216449715.png, C:\\Users\\User\\git\\frameworks-regression-test-automation\\Reports\\20241006_230659\\CHC_Instance\\PointofSale_Module\\TS7_POS_AccountPayment_CHC\\20241006_230659\\1728216458644.png, C:\\Users\\User\\git\\frameworks-regression-test-automation\\Reports\\20241006_230659\\CHC_Instance\\PointofSale_Module\\TS7_POS_AccountPayment_CHC\\20241006_230659\\1728216461529.png, C:\\Users\\User\\git\\frameworks-regression-test-automation\\Reports\\20241006_230659\\CHC_Instance\\PointofSale_Module\\TS7_POS_AccountPayment_CHC\\20241006_230659\\1728216464448.png"/>
         <property name="hostName" value="User - ROG"/>
         <property name="os" value="Windows 11 64bit"/>
         <property name="katalonVersion" value="9.5.0.217"/>
         <property name="browser" value="Chrome 129.0.0.0"/>
         <property name="hostAddress" value="10.192.251.2"/>
         <property name="sessionId" value="b1a3dc7faa13fe442421fa0ac892df6a"/>
         <property name="seleniumVersion" value="3.141.59"/>
         <property name="proxyInformation" value="ProxyInformation { proxyOption=NO_PROXY, proxyServerType=HTTP, username=, password=********, proxyServerAddress=, proxyServerPort=0, executionList=&quot;&quot;, isApplyToDesiredCapabilities=true }"/>
         <property name="platform" value="Windows 11"/>
      </properties>
      <testcase name="Test Cases/CHC_Instance/PointofSale_Module/TS7_POS_AccountPayment/POS_AccountPayment_CHC" time="40.819" classname="Test Cases/CHC_Instance/PointofSale_Module/TS7_POS_AccountPayment/POS_AccountPayment_CHC" status="PASSED">
         <system-out><![CDATA[06-10-2024T23:07:05 - [TEST_CASE][PASSED] - Test Cases/CHC_Instance/PointofSale_Module/TS7_POS_AccountPayment/POS_AccountPayment_CHC: Test Cases/CHC_Instance/PointofSale_Module/TS7_POS_AccountPayment/POS_AccountPayment_CHC

06-10-2024T23:07:06 - [TEST_STEP][PASSED] - openBrowser(""): Browser is opened with url: ''

06-10-2024T23:07:06 - [MESSAGE][INFO] - Starting 'Chrome' driver

06-10-2024T23:07:06 - [MESSAGE][INFO] - Action delay is set to 0 milliseconds

06-10-2024T23:07:08 - [MESSAGE][PASSED] - Browser is opened with url: ''

06-10-2024T23:07:08 - [TEST_STEP][PASSED] - maximizeWindow(): Current window maximized

06-10-2024T23:07:08 - [MESSAGE][PASSED] - Current window maximized

06-10-2024T23:07:08 - [TEST_STEP][PASSED] - navigateToUrl("http://frameworks.cairnshardware.com.au:8080/FWDemo/Fluid.html#homeDashboard,dash,Frameworks.Activity.Menu.HomeDashBoard"): Navigate to 'http://frameworks.cairnshardware.com.au:8080/FWDemo/Fluid.html#homeDashboard,dash,Frameworks.Activity.Menu.HomeDashBoard' successfully

06-10-2024T23:07:12 - [MESSAGE][PASSED] - Navigate to 'http://frameworks.cairnshardware.com.au:8080/FWDemo/Fluid.html#homeDashboard,dash,Frameworks.Activity.Menu.HomeDashBoard' successfully

06-10-2024T23:07:12 - [TEST_STEP][PASSED] - setText(findTestObject("Object Repository/TS7_POS_AccountPayment_CHC/Page_Frameworks (Demo)/input_User ID_userid"), userName): Text 'manaki' is set on object 'Object Repository/TS7_POS_AccountPayment_CHC/Page_Frameworks (Demo)/input_User ID_userid'

06-10-2024T23:07:20 - [MESSAGE][PASSED] - Text 'manaki' is set on object 'Object Repository/TS7_POS_AccountPayment_CHC/Page_Frameworks (Demo)/input_User ID_userid'

06-10-2024T23:07:20 - [TEST_STEP][PASSED] - setEncryptedText(findTestObject("Object Repository/TS7_POS_AccountPayment_CHC/Page_Frameworks (Demo)/input_Password_password"), "BvRmjN+0xFM="): Text ****** has been set on object 'Object Repository/TS7_POS_AccountPayment_CHC/Page_Frameworks (Demo)/input_Password_password'

06-10-2024T23:07:20 - [MESSAGE][PASSED] - Text ****** has been set on object 'Object Repository/TS7_POS_AccountPayment_CHC/Page_Frameworks (Demo)/input_Password_password'

06-10-2024T23:07:20 - [TEST_STEP][PASSED] - click(findTestObject("Object Repository/TS7_POS_AccountPayment_CHC/Page_Frameworks (Demo)/div_Login")): Object: 'Object Repository/TS7_POS_AccountPayment_CHC/Page_Frameworks (Demo)/div_Login' is clicked on

06-10-2024T23:07:21 - [MESSAGE][PASSED] - Object: 'Object Repository/TS7_POS_AccountPayment_CHC/Page_Frameworks (Demo)/div_Login' is clicked on

06-10-2024T23:07:21 - [TEST_STEP][PASSED] - click(findTestObject("Object Repository/TS7_POS_AccountPayment_CHC/Page_Frameworks (Demo)/Fws_Menu")): Object: 'Object Repository/TS7_POS_AccountPayment_CHC/Page_Frameworks (Demo)/Fws_Menu' is clicked on

06-10-2024T23:07:23 - [MESSAGE][PASSED] - Object: 'Object Repository/TS7_POS_AccountPayment_CHC/Page_Frameworks (Demo)/Fws_Menu' is clicked on

06-10-2024T23:07:23 - [TEST_STEP][PASSED] - click(findTestObject("Object Repository/TS7_POS_AccountPayment_CHC/Page_Frameworks (Demo)/Sales_TransactionProcessing")): Object: 'Object Repository/TS7_POS_AccountPayment_CHC/Page_Frameworks (Demo)/Sales_TransactionProcessing' is clicked on

06-10-2024T23:07:23 - [MESSAGE][PASSED] - Object: 'Object Repository/TS7_POS_AccountPayment_CHC/Page_Frameworks (Demo)/Sales_TransactionProcessing' is clicked on

06-10-2024T23:07:23 - [TEST_STEP][PASSED] - click(findTestObject("Object Repository/TS7_POS_AccountPayment_CHC/Page_Frameworks (Demo)/td_Point Of Sale")): Object: 'Object Repository/TS7_POS_AccountPayment_CHC/Page_Frameworks (Demo)/td_Point Of Sale' is clicked on

06-10-2024T23:07:24 - [MESSAGE][PASSED] - Object: 'Object Repository/TS7_POS_AccountPayment_CHC/Page_Frameworks (Demo)/td_Point Of Sale' is clicked on

06-10-2024T23:07:24 - [TEST_STEP][PASSED] - transactionNum = getText(findTestObject("Object Repository/TS7_POS_AccountPayment_CHC/Page_Frameworks (Demo)/div_invoiceNum")): Text of object 'Object Repository/TS7_POS_AccountPayment_CHC/Page_Frameworks (Demo)/div_invoiceNum' is: '13072728'

06-10-2024T23:07:27 - [MESSAGE][PASSED] - Text of object 'Object Repository/TS7_POS_AccountPayment_CHC/Page_Frameworks (Demo)/div_invoiceNum' is: '13072728'

06-10-2024T23:07:27 - [TEST_STEP][PASSED] - println(transactionNum): null

06-10-2024T23:07:27 - [TEST_STEP][PASSED] - transactionNum = transactionNum.toInteger() + 1: null

06-10-2024T23:07:27 - [TEST_STEP][PASSED] - println(transactionNum): null

06-10-2024T23:07:27 - [TEST_STEP][PASSED] - click(findTestObject("Object Repository/TS7_POS_AccountPayment_CHC/Page_Frameworks (Demo)/div_Actions")): Object: 'Object Repository/TS7_POS_AccountPayment_CHC/Page_Frameworks (Demo)/div_Actions' is clicked on

06-10-2024T23:07:27 - [MESSAGE][PASSED] - Object: 'Object Repository/TS7_POS_AccountPayment_CHC/Page_Frameworks (Demo)/div_Actions' is clicked on

06-10-2024T23:07:27 - [TEST_STEP][PASSED] - delay(2): Delayed 2 second(s)

06-10-2024T23:07:29 - [MESSAGE][PASSED] - Delayed 2 second(s)

06-10-2024T23:07:29 - [TEST_STEP][PASSED] - takeFullPageScreenshot(): Taking screenshot successfully

06-10-2024T23:07:30 - [MESSAGE][INFO] - 0 hidden object(s)

06-10-2024T23:07:30 - [MESSAGE][PASSED] - Taking screenshot successfully
[[ATTACHMENT|C:\\Users\\User\\git\\frameworks-regression-test-automation\\Reports\\20241006_230659\\CHC_Instance\\PointofSale_Module\\TS7_POS_AccountPayment_CHC\\20241006_230659\\1728216449715.png]]

06-10-2024T23:07:30 - [TEST_STEP][PASSED] - click(findTestObject("Object Repository/TS7_POS_AccountPayment_CHC/Page_Frameworks (Demo)/div_PayAccount")): Object: 'Object Repository/TS7_POS_AccountPayment_CHC/Page_Frameworks (Demo)/div_PayAccount' is clicked on

06-10-2024T23:07:31 - [MESSAGE][PASSED] - Object: 'Object Repository/TS7_POS_AccountPayment_CHC/Page_Frameworks (Demo)/div_PayAccount' is clicked on

06-10-2024T23:07:31 - [TEST_STEP][PASSED] - setText(findTestObject("Object Repository/TS7_POS_AccountPayment/Page_Frameworks (Demo)/input_Customer_idCustX"), "Lee Pearce (518451)"): Text 'Lee Pearce (518451)' is set on object 'Object Repository/TS7_POS_AccountPayment/Page_Frameworks (Demo)/input_Customer_idCustX'

06-10-2024T23:07:33 - [MESSAGE][PASSED] - Text 'Lee Pearce (518451)' is set on object 'Object Repository/TS7_POS_AccountPayment/Page_Frameworks (Demo)/input_Customer_idCustX'

06-10-2024T23:07:33 - [TEST_STEP][PASSED] - click(findTestObject("Object Repository/TS7_POS_AccountPayment_CHC/Page_Frameworks (Demo)/div_Lee Pearce (518451)")): Object: 'Object Repository/TS7_POS_AccountPayment_CHC/Page_Frameworks (Demo)/div_Lee Pearce (518451)' is clicked on

06-10-2024T23:07:34 - [MESSAGE][PASSED] - Object: 'Object Repository/TS7_POS_AccountPayment_CHC/Page_Frameworks (Demo)/div_Lee Pearce (518451)' is clicked on

06-10-2024T23:07:34 - [TEST_STEP][PASSED] - click(findTestObject("Object Repository/TS7_POS_AccountPayment_CHC/Page_Frameworks (Demo)/td_Payment Number_isc_QH")): Object: 'Object Repository/TS7_POS_AccountPayment_CHC/Page_Frameworks (Demo)/td_Payment Number_isc_QH' is clicked on

06-10-2024T23:07:34 - [MESSAGE][PASSED] - Object: 'Object Repository/TS7_POS_AccountPayment_CHC/Page_Frameworks (Demo)/td_Payment Number_isc_QH' is clicked on

06-10-2024T23:07:34 - [TEST_STEP][PASSED] - click(findTestObject("Object Repository/TS7_POS_AccountPayment_CHC/Page_Frameworks (Demo)/input_Payment Amount_valuePayment")): Object: 'Object Repository/TS7_POS_AccountPayment_CHC/Page_Frameworks (Demo)/input_Payment Amount_valuePayment' is clicked on

06-10-2024T23:07:35 - [MESSAGE][PASSED] - Object: 'Object Repository/TS7_POS_AccountPayment_CHC/Page_Frameworks (Demo)/input_Payment Amount_valuePayment' is clicked on

06-10-2024T23:07:35 - [TEST_STEP][PASSED] - sendKeys(findTestObject("Object Repository/TS7_POS_AccountPayment_CHC/Page_Frameworks (Demo)/input_Payment Amount_valuePayment"), "5"): Keys '5' sent to object: 'Object Repository/TS7_POS_AccountPayment_CHC/Page_Frameworks (Demo)/input_Payment Amount_valuePayment'

06-10-2024T23:07:36 - [MESSAGE][PASSED] - Keys '5' sent to object: 'Object Repository/TS7_POS_AccountPayment_CHC/Page_Frameworks (Demo)/input_Payment Amount_valuePayment'

06-10-2024T23:07:36 - [TEST_STEP][PASSED] - delay(2): Delayed 2 second(s)

06-10-2024T23:07:38 - [MESSAGE][PASSED] - Delayed 2 second(s)

06-10-2024T23:07:38 - [TEST_STEP][PASSED] - takeFullPageScreenshot(): Taking screenshot successfully

06-10-2024T23:07:39 - [MESSAGE][INFO] - 0 hidden object(s)

06-10-2024T23:07:39 - [MESSAGE][PASSED] - Taking screenshot successfully
[[ATTACHMENT|C:\\Users\\User\\git\\frameworks-regression-test-automation\\Reports\\20241006_230659\\CHC_Instance\\PointofSale_Module\\TS7_POS_AccountPayment_CHC\\20241006_230659\\1728216458644.png]]

06-10-2024T23:07:39 - [TEST_STEP][PASSED] - click(findTestObject("Object Repository/TS7_POS_AccountPayment_CHC/Page_Frameworks (Demo)/td_Tendering")): Object: 'Object Repository/TS7_POS_AccountPayment_CHC/Page_Frameworks (Demo)/td_Tendering' is clicked on

06-10-2024T23:07:39 - [MESSAGE][PASSED] - Object: 'Object Repository/TS7_POS_AccountPayment_CHC/Page_Frameworks (Demo)/td_Tendering' is clicked on

06-10-2024T23:07:39 - [TEST_STEP][PASSED] - delay(2): Delayed 2 second(s)

06-10-2024T23:07:41 - [MESSAGE][PASSED] - Delayed 2 second(s)

06-10-2024T23:07:41 - [TEST_STEP][PASSED] - takeFullPageScreenshot(): Taking screenshot successfully

06-10-2024T23:07:41 - [MESSAGE][INFO] - 0 hidden object(s)

06-10-2024T23:07:42 - [MESSAGE][PASSED] - Taking screenshot successfully
[[ATTACHMENT|C:\\Users\\User\\git\\frameworks-regression-test-automation\\Reports\\20241006_230659\\CHC_Instance\\PointofSale_Module\\TS7_POS_AccountPayment_CHC\\20241006_230659\\1728216461529.png]]

06-10-2024T23:07:42 - [TEST_STEP][PASSED] - click(findTestObject("Object Repository/TS7_POS_AccountPayment_CHC/Page_Frameworks (Demo)/div_5 Cash")): Object: 'Object Repository/TS7_POS_AccountPayment_CHC/Page_Frameworks (Demo)/div_5 Cash' is clicked on

06-10-2024T23:07:42 - [MESSAGE][PASSED] - Object: 'Object Repository/TS7_POS_AccountPayment_CHC/Page_Frameworks (Demo)/div_5 Cash' is clicked on

06-10-2024T23:07:42 - [TEST_STEP][PASSED] - delay(2): Delayed 2 second(s)

06-10-2024T23:07:44 - [MESSAGE][PASSED] - Delayed 2 second(s)

06-10-2024T23:07:44 - [TEST_STEP][PASSED] - takeFullPageScreenshot(): Taking screenshot successfully

06-10-2024T23:07:44 - [MESSAGE][INFO] - 0 hidden object(s)

06-10-2024T23:07:44 - [MESSAGE][PASSED] - Taking screenshot successfully
[[ATTACHMENT|C:\\Users\\User\\git\\frameworks-regression-test-automation\\Reports\\20241006_230659\\CHC_Instance\\PointofSale_Module\\TS7_POS_AccountPayment_CHC\\20241006_230659\\1728216464448.png]]

06-10-2024T23:07:44 - [TEST_STEP][PASSED] - sourceFile = new java.io.FileInputStream(ExcelFile): null

06-10-2024T23:07:44 - [TEST_STEP][PASSED] - workbook = new org.apache.poi.xssf.usermodel.XSSFWorkbook(sourceFile): null

06-10-2024T23:07:45 - [TEST_STEP][PASSED] - sheet = workbook.getSheet("Sheet1"): null

06-10-2024T23:07:45 - [TEST_STEP][PASSED] - row = sheet.getRow(0): null

06-10-2024T23:07:45 - [TEST_STEP][PASSED] - cell = row.getCell(1): null

06-10-2024T23:07:45 - [TEST_STEP][PASSED] - row = sheet.createRow(1): null

06-10-2024T23:07:45 - [TEST_STEP][PASSED] - cell = row.createCell(0): null

06-10-2024T23:07:45 - [TEST_STEP][PASSED] - cell.setCellValue("TransactionNumber"): null

06-10-2024T23:07:45 - [TEST_STEP][PASSED] - cell = row.createCell(1): null

06-10-2024T23:07:45 - [TEST_STEP][PASSED] - cell.setCellValue(transactionNum): null

06-10-2024T23:07:45 - [TEST_STEP][PASSED] - fos = new java.io.FileOutputStream(ExcelFile): null

06-10-2024T23:07:45 - [TEST_STEP][PASSED] - workbook.write(fos): null

06-10-2024T23:07:45 - [TEST_STEP][PASSED] - fos.close(): null

06-10-2024T23:07:45 - [TEST_STEP][PASSED] - sourceFile.close(): null

06-10-2024T23:07:45 - [TEST_STEP][PASSED] - click(findTestObject("Object Repository/TS7_POS_AccountPayment_CHC/Page_Frameworks (Demo)/img_Accountdropd")): Object: 'Object Repository/TS7_POS_AccountPayment_CHC/Page_Frameworks (Demo)/img_Accountdropd' is clicked on

06-10-2024T23:07:46 - [MESSAGE][PASSED] - Object: 'Object Repository/TS7_POS_AccountPayment_CHC/Page_Frameworks (Demo)/img_Accountdropd' is clicked on

06-10-2024T23:07:46 - [TEST_STEP][PASSED] - click(findTestObject("Object Repository/TS7_POS_AccountPayment_CHC/Page_Frameworks (Demo)/div_Logout")): Object: 'Object Repository/TS7_POS_AccountPayment_CHC/Page_Frameworks (Demo)/div_Logout' is clicked on

06-10-2024T23:07:46 - [MESSAGE][PASSED] - Object: 'Object Repository/TS7_POS_AccountPayment_CHC/Page_Frameworks (Demo)/div_Logout' is clicked on]]></system-out>
         <system-err><![CDATA[]]></system-err>
      </testcase>
      <testcase name="Test Cases/CHC_Instance/PointofSale_Module/TS7_POS_AccountPayment/POS_AccountPayment_ValidatePayment_CHC" time="0.034" classname="Test Cases/CHC_Instance/PointofSale_Module/TS7_POS_AccountPayment/POS_AccountPayment_ValidatePayment_CHC" status="ERROR">
         <error type="ERROR" message="Test Cases/CHC_Instance/PointofSale_Module/TS7_POS_AccountPayment/POS_AccountPayment_ValidatePayment_CHC FAILED.&#xa;Reason:&#xa;java.io.FileNotFoundException: D:\Dahlsen\Frameworks Testing\AutomationTesting\TestData\POS_Module\TS7_POS_AccountPayment_testdata.xlsx (The system cannot find the file specified)&#xa;	at POS_AccountPayment_ValidatePayment_CHC.run(POS_AccountPayment_ValidatePayment_CHC:25)&#xa;	at com.kms.katalon.core.main.ScriptEngine.run(ScriptEngine.java:194)&#xa;	at com.kms.katalon.core.main.ScriptEngine.runScriptAsRawText(ScriptEngine.java:119)&#xa;	at com.kms.katalon.core.main.TestCaseExecutor.runScript(TestCaseExecutor.java:448)&#xa;	at com.kms.katalon.core.main.TestCaseExecutor.doExecute(TestCaseExecutor.java:439)&#xa;	at com.kms.katalon.core.main.TestCaseExecutor.processExecutionPhase(TestCaseExecutor.java:418)&#xa;	at com.kms.katalon.core.main.TestCaseExecutor.accessMainPhase(TestCaseExecutor.java:410)&#xa;	at com.kms.katalon.core.main.TestCaseExecutor.execute(TestCaseExecutor.java:285)&#xa;	at com.kms.katalon.core.main.TestCaseExecutor.execute(TestCaseExecutor.java:369)&#xa;	at com.kms.katalon.core.main.TestCaseExecutor.execute(TestCaseExecutor.java:369)&#xa;	at com.kms.katalon.core.main.TestCaseExecutor.execute(TestCaseExecutor.java:369)&#xa;	at com.kms.katalon.core.common.CommonExecutor.accessTestCaseMainPhase(CommonExecutor.java:65)&#xa;	at com.kms.katalon.core.main.TestSuiteExecutor.accessTestSuiteMainPhase(TestSuiteExecutor.java:150)&#xa;	at com.kms.katalon.core.main.TestSuiteExecutor.execute(TestSuiteExecutor.java:106)&#xa;	at com.kms.katalon.core.main.TestCaseMain.startTestSuite(TestCaseMain.java:180)&#xa;	at TempTestSuite1728216419229.run(TempTestSuite1728216419229.groovy:35)&#xa;	at java.base/jdk.internal.reflect.NativeMethodAccessorImpl.invoke0(Native Method)&#xa;	at java.base/jdk.internal.reflect.NativeMethodAccessorImpl.invoke(NativeMethodAccessorImpl.java:77)&#xa;	at java.base/jdk.internal.reflect.DelegatingMethodAccessorImpl.invoke(DelegatingMethodAccessorImpl.java:43)&#xa;"/>
         <system-out><![CDATA[06-10-2024T23:07:47 - [TEST_CASE][ERROR] - Test Cases/CHC_Instance/PointofSale_Module/TS7_POS_AccountPayment/POS_AccountPayment_ValidatePayment_CHC: Test Cases/CHC_Instance/PointofSale_Module/TS7_POS_AccountPayment/POS_AccountPayment_ValidatePayment_CHC FAILED.
Reason:
java.io.FileNotFoundException: D:\Dahlsen\Frameworks Testing\AutomationTesting\TestData\POS_Module\TS7_POS_AccountPayment_testdata.xlsx (The system cannot find the file specified)
	at POS_AccountPayment_ValidatePayment_CHC.run(POS_AccountPayment_ValidatePayment_CHC:25)
	at com.kms.katalon.core.main.ScriptEngine.run(ScriptEngine.java:194)
	at com.kms.katalon.core.main.ScriptEngine.runScriptAsRawText(ScriptEngine.java:119)
	at com.kms.katalon.core.main.TestCaseExecutor.runScript(TestCaseExecutor.java:448)
	at com.kms.katalon.core.main.TestCaseExecutor.doExecute(TestCaseExecutor.java:439)
	at com.kms.katalon.core.main.TestCaseExecutor.processExecutionPhase(TestCaseExecutor.java:418)
	at com.kms.katalon.core.main.TestCaseExecutor.accessMainPhase(TestCaseExecutor.java:410)
	at com.kms.katalon.core.main.TestCaseExecutor.execute(TestCaseExecutor.java:285)
	at com.kms.katalon.core.main.TestCaseExecutor.execute(TestCaseExecutor.java:369)
	at com.kms.katalon.core.main.TestCaseExecutor.execute(TestCaseExecutor.java:369)
	at com.kms.katalon.core.main.TestCaseExecutor.execute(TestCaseExecutor.java:369)
	at com.kms.katalon.core.common.CommonExecutor.accessTestCaseMainPhase(CommonExecutor.java:65)
	at com.kms.katalon.core.main.TestSuiteExecutor.accessTestSuiteMainPhase(TestSuiteExecutor.java:150)
	at com.kms.katalon.core.main.TestSuiteExecutor.execute(TestSuiteExecutor.java:106)
	at com.kms.katalon.core.main.TestCaseMain.startTestSuite(TestCaseMain.java:180)
	at TempTestSuite1728216419229.run(TempTestSuite1728216419229.groovy:35)
	at java.base/jdk.internal.reflect.NativeMethodAccessorImpl.invoke0(Native Method)
	at java.base/jdk.internal.reflect.NativeMethodAccessorImpl.invoke(NativeMethodAccessorImpl.java:77)
	at java.base/jdk.internal.reflect.DelegatingMethodAccessorImpl.invoke(DelegatingMethodAccessorImpl.java:43)


06-10-2024T23:07:47 - [TEST_STEP][ERROR] - sourceFile = new java.io.FileInputStream(ExcelFile): Test Cases/CHC_Instance/PointofSale_Module/TS7_POS_AccountPayment/POS_AccountPayment_ValidatePayment_CHC FAILED.
Reason:
java.io.FileNotFoundException: D:\Dahlsen\Frameworks Testing\AutomationTesting\TestData\POS_Module\TS7_POS_AccountPayment_testdata.xlsx (The system cannot find the file specified)
	at POS_AccountPayment_ValidatePayment_CHC.run(POS_AccountPayment_ValidatePayment_CHC:25)
	at com.kms.katalon.core.main.ScriptEngine.run(ScriptEngine.java:194)
	at com.kms.katalon.core.main.ScriptEngine.runScriptAsRawText(ScriptEngine.java:119)
	at com.kms.katalon.core.main.TestCaseExecutor.runScript(TestCaseExecutor.java:448)
	at com.kms.katalon.core.main.TestCaseExecutor.doExecute(TestCaseExecutor.java:439)
	at com.kms.katalon.core.main.TestCaseExecutor.processExecutionPhase(TestCaseExecutor.java:418)
	at com.kms.katalon.core.main.TestCaseExecutor.accessMainPhase(TestCaseExecutor.java:410)
	at com.kms.katalon.core.main.TestCaseExecutor.execute(TestCaseExecutor.java:285)
	at com.kms.katalon.core.main.TestCaseExecutor.execute(TestCaseExecutor.java:369)
	at com.kms.katalon.core.main.TestCaseExecutor.execute(TestCaseExecutor.java:369)
	at com.kms.katalon.core.main.TestCaseExecutor.execute(TestCaseExecutor.java:369)
	at com.kms.katalon.core.common.CommonExecutor.accessTestCaseMainPhase(CommonExecutor.java:65)
	at com.kms.katalon.core.main.TestSuiteExecutor.accessTestSuiteMainPhase(TestSuiteExecutor.java:150)
	at com.kms.katalon.core.main.TestSuiteExecutor.execute(TestSuiteExecutor.java:106)
	at com.kms.katalon.core.main.TestCaseMain.startTestSuite(TestCaseMain.java:180)
	at TempTestSuite1728216419229.run(TempTestSuite1728216419229.groovy:35)
	at java.base/jdk.internal.reflect.NativeMethodAccessorImpl.invoke0(Native Method)
	at java.base/jdk.internal.reflect.NativeMethodAccessorImpl.invoke(NativeMethodAccessorImpl.java:77)
	at java.base/jdk.internal.reflect.DelegatingMethodAccessorImpl.invoke(DelegatingMethodAccessorImpl.java:43)


06-10-2024T23:07:47 - [MESSAGE][ERROR] - Test Cases/CHC_Instance/PointofSale_Module/TS7_POS_AccountPayment/POS_AccountPayment_ValidatePayment_CHC FAILED.
Reason:
java.io.FileNotFoundException: D:\Dahlsen\Frameworks Testing\AutomationTesting\TestData\POS_Module\TS7_POS_AccountPayment_testdata.xlsx (The system cannot find the file specified)
	at POS_AccountPayment_ValidatePayment_CHC.run(POS_AccountPayment_ValidatePayment_CHC:25)
	at com.kms.katalon.core.main.ScriptEngine.run(ScriptEngine.java:194)
	at com.kms.katalon.core.main.ScriptEngine.runScriptAsRawText(ScriptEngine.java:119)
	at com.kms.katalon.core.main.TestCaseExecutor.runScript(TestCaseExecutor.java:448)
	at com.kms.katalon.core.main.TestCaseExecutor.doExecute(TestCaseExecutor.java:439)
	at com.kms.katalon.core.main.TestCaseExecutor.processExecutionPhase(TestCaseExecutor.java:418)
	at com.kms.katalon.core.main.TestCaseExecutor.accessMainPhase(TestCaseExecutor.java:410)
	at com.kms.katalon.core.main.TestCaseExecutor.execute(TestCaseExecutor.java:285)
	at com.kms.katalon.core.main.TestCaseExecutor.execute(TestCaseExecutor.java:369)
	at com.kms.katalon.core.main.TestCaseExecutor.execute(TestCaseExecutor.java:369)
	at com.kms.katalon.core.main.TestCaseExecutor.execute(TestCaseExecutor.java:369)
	at com.kms.katalon.core.common.CommonExecutor.accessTestCaseMainPhase(CommonExecutor.java:65)
	at com.kms.katalon.core.main.TestSuiteExecutor.accessTestSuiteMainPhase(TestSuiteExecutor.java:150)
	at com.kms.katalon.core.main.TestSuiteExecutor.execute(TestSuiteExecutor.java:106)
	at com.kms.katalon.core.main.TestCaseMain.startTestSuite(TestCaseMain.java:180)
	at TempTestSuite1728216419229.run(TempTestSuite1728216419229.groovy:35)
	at java.base/jdk.internal.reflect.NativeMethodAccessorImpl.invoke0(Native Method)
	at java.base/jdk.internal.reflect.NativeMethodAccessorImpl.invoke(NativeMethodAccessorImpl.java:77)
	at java.base/jdk.internal.reflect.DelegatingMethodAccessorImpl.invoke(DelegatingMethodAccessorImpl.java:43)]]></system-out>
         <system-err><![CDATA[06-10-2024T23:07:47 - [TEST_CASE][ERROR] - Test Cases/CHC_Instance/PointofSale_Module/TS7_POS_AccountPayment/POS_AccountPayment_ValidatePayment_CHC: Test Cases/CHC_Instance/PointofSale_Module/TS7_POS_AccountPayment/POS_AccountPayment_ValidatePayment_CHC FAILED.
Reason:
java.io.FileNotFoundException: D:\Dahlsen\Frameworks Testing\AutomationTesting\TestData\POS_Module\TS7_POS_AccountPayment_testdata.xlsx (The system cannot find the file specified)
	at POS_AccountPayment_ValidatePayment_CHC.run(POS_AccountPayment_ValidatePayment_CHC:25)
	at com.kms.katalon.core.main.ScriptEngine.run(ScriptEngine.java:194)
	at com.kms.katalon.core.main.ScriptEngine.runScriptAsRawText(ScriptEngine.java:119)
	at com.kms.katalon.core.main.TestCaseExecutor.runScript(TestCaseExecutor.java:448)
	at com.kms.katalon.core.main.TestCaseExecutor.doExecute(TestCaseExecutor.java:439)
	at com.kms.katalon.core.main.TestCaseExecutor.processExecutionPhase(TestCaseExecutor.java:418)
	at com.kms.katalon.core.main.TestCaseExecutor.accessMainPhase(TestCaseExecutor.java:410)
	at com.kms.katalon.core.main.TestCaseExecutor.execute(TestCaseExecutor.java:285)
	at com.kms.katalon.core.main.TestCaseExecutor.execute(TestCaseExecutor.java:369)
	at com.kms.katalon.core.main.TestCaseExecutor.execute(TestCaseExecutor.java:369)
	at com.kms.katalon.core.main.TestCaseExecutor.execute(TestCaseExecutor.java:369)
	at com.kms.katalon.core.common.CommonExecutor.accessTestCaseMainPhase(CommonExecutor.java:65)
	at com.kms.katalon.core.main.TestSuiteExecutor.accessTestSuiteMainPhase(TestSuiteExecutor.java:150)
	at com.kms.katalon.core.main.TestSuiteExecutor.execute(TestSuiteExecutor.java:106)
	at com.kms.katalon.core.main.TestCaseMain.startTestSuite(TestCaseMain.java:180)
	at TempTestSuite1728216419229.run(TempTestSuite1728216419229.groovy:35)
	at java.base/jdk.internal.reflect.NativeMethodAccessorImpl.invoke0(Native Method)
	at java.base/jdk.internal.reflect.NativeMethodAccessorImpl.invoke(NativeMethodAccessorImpl.java:77)
	at java.base/jdk.internal.reflect.DelegatingMethodAccessorImpl.invoke(DelegatingMethodAccessorImpl.java:43)]]></system-err>
      </testcase>
      <system-out><![CDATA[06-10-2024T23:07:05 - [TEST_SUITE][ERROR] - TS7_POS_AccountPayment_CHC: Test Cases/CHC_Instance/PointofSale_Module/TS7_POS_AccountPayment/POS_AccountPayment_ValidatePayment_CHC FAILED.
Reason:
java.io.FileNotFoundException: D:\Dahlsen\Frameworks Testing\AutomationTesting\TestData\POS_Module\TS7_POS_AccountPayment_testdata.xlsx (The system cannot find the file specified)
	at POS_AccountPayment_ValidatePayment_CHC.run(POS_AccountPayment_ValidatePayment_CHC:25)
	at com.kms.katalon.core.main.ScriptEngine.run(ScriptEngine.java:194)
	at com.kms.katalon.core.main.ScriptEngine.runScriptAsRawText(ScriptEngine.java:119)
	at com.kms.katalon.core.main.TestCaseExecutor.runScript(TestCaseExecutor.java:448)
	at com.kms.katalon.core.main.TestCaseExecutor.doExecute(TestCaseExecutor.java:439)
	at com.kms.katalon.core.main.TestCaseExecutor.processExecutionPhase(TestCaseExecutor.java:418)
	at com.kms.katalon.core.main.TestCaseExecutor.accessMainPhase(TestCaseExecutor.java:410)
	at com.kms.katalon.core.main.TestCaseExecutor.execute(TestCaseExecutor.java:285)
	at com.kms.katalon.core.common.CommonExecutor.accessTestCaseMainPhase(CommonExecutor.java:65)
	at com.kms.katalon.core.main.TestSuiteExecutor.accessTestSuiteMainPhase(TestSuiteExecutor.java:150)
	at com.kms.katalon.core.main.TestSuiteExecutor.execute(TestSuiteExecutor.java:106)
	at com.kms.katalon.core.main.TestCaseMain.startTestSuite(TestCaseMain.java:180)
	at TempTestSuite1728216419229.run(TempTestSuite1728216419229.groovy:35)
	at java.base/jdk.internal.reflect.NativeMethodAccessorImpl.invoke0(Native Method)
	at java.base/jdk.internal.reflect.NativeMethodAccessorImpl.invoke(NativeMethodAccessorImpl.java:77)
	at java.base/jdk.internal.reflect.DelegatingMethodAccessorImpl.invoke(DelegatingMethodAccessorImpl.java:43)]]></system-out>
      <system-err><![CDATA[06-10-2024T23:07:05 - [TEST_SUITE][ERROR] - TS7_POS_AccountPayment_CHC: Test Cases/CHC_Instance/PointofSale_Module/TS7_POS_AccountPayment/POS_AccountPayment_ValidatePayment_CHC FAILED.
Reason:
java.io.FileNotFoundException: D:\Dahlsen\Frameworks Testing\AutomationTesting\TestData\POS_Module\TS7_POS_AccountPayment_testdata.xlsx (The system cannot find the file specified)
	at POS_AccountPayment_ValidatePayment_CHC.run(POS_AccountPayment_ValidatePayment_CHC:25)
	at com.kms.katalon.core.main.ScriptEngine.run(ScriptEngine.java:194)
	at com.kms.katalon.core.main.ScriptEngine.runScriptAsRawText(ScriptEngine.java:119)
	at com.kms.katalon.core.main.TestCaseExecutor.runScript(TestCaseExecutor.java:448)
	at com.kms.katalon.core.main.TestCaseExecutor.doExecute(TestCaseExecutor.java:439)
	at com.kms.katalon.core.main.TestCaseExecutor.processExecutionPhase(TestCaseExecutor.java:418)
	at com.kms.katalon.core.main.TestCaseExecutor.accessMainPhase(TestCaseExecutor.java:410)
	at com.kms.katalon.core.main.TestCaseExecutor.execute(TestCaseExecutor.java:285)
	at com.kms.katalon.core.common.CommonExecutor.accessTestCaseMainPhase(CommonExecutor.java:65)
	at com.kms.katalon.core.main.TestSuiteExecutor.accessTestSuiteMainPhase(TestSuiteExecutor.java:150)
	at com.kms.katalon.core.main.TestSuiteExecutor.execute(TestSuiteExecutor.java:106)
	at com.kms.katalon.core.main.TestCaseMain.startTestSuite(TestCaseMain.java:180)
	at TempTestSuite1728216419229.run(TempTestSuite1728216419229.groovy:35)
	at java.base/jdk.internal.reflect.NativeMethodAccessorImpl.invoke0(Native Method)
	at java.base/jdk.internal.reflect.NativeMethodAccessorImpl.invoke(NativeMethodAccessorImpl.java:77)
	at java.base/jdk.internal.reflect.DelegatingMethodAccessorImpl.invoke(DelegatingMethodAccessorImpl.java:43)]]></system-err>
   </testsuite>
</testsuites>
