<?xml version="1.0" encoding="UTF-8"?>
<testsuites name="TS3_POS_Account_Credit_Full_CHC" time="85.009" tests="4" failures="0" errors="2">
   <testsuite name="TS3_POS_Account_Credit_Full_CHC" tests="4" failures="0" errors="2" time="85.009" skipped="0" timestamp="06-10-2024T22:37:41" hostname="User - ROG" id="Test Suites/CHC_Instance/PointofSale_Module/TS3_POS_Account_Credit_Full_CHC">
      <properties>
         <property name="deviceName" value=""/>
         <property name="devicePlatform"/>
         <property name="logFolder" value="C:\\Users\\User\\git\\frameworks-regression-test-automation\\Reports\\20241006_223735\\CHC_Instance\\PointofSale_Module\\TS3_POS_Account_Credit_Full_CHC\\20241006_223735"/>
         <property name="logFiles" value="C:\\Users\\User\\git\\frameworks-regression-test-automation\\Reports\\20241006_223735\\CHC_Instance\\PointofSale_Module\\TS3_POS_Account_Credit_Full_CHC\\20241006_223735\\execution0.log"/>
         <property name="attachments" value="C:\\Users\\User\\git\\frameworks-regression-test-automation\\Reports\\20241006_223735\\CHC_Instance\\PointofSale_Module\\TS3_POS_Account_Credit_Full_CHC\\20241006_223735\\1728214693211.png, C:\\Users\\User\\git\\frameworks-regression-test-automation\\Reports\\20241006_223735\\CHC_Instance\\PointofSale_Module\\TS3_POS_Account_Credit_Full_CHC\\20241006_223735\\1728214696313.png, C:\\Users\\User\\git\\frameworks-regression-test-automation\\Reports\\20241006_223735\\CHC_Instance\\PointofSale_Module\\TS3_POS_Account_Credit_Full_CHC\\20241006_223735\\1728214720827.png, C:\\Users\\User\\git\\frameworks-regression-test-automation\\Reports\\20241006_223735\\CHC_Instance\\PointofSale_Module\\TS3_POS_Account_Credit_Full_CHC\\20241006_223735\\1728214723734.png, C:\\Users\\User\\git\\frameworks-regression-test-automation\\Reports\\20241006_223735\\CHC_Instance\\PointofSale_Module\\TS3_POS_Account_Credit_Full_CHC\\20241006_223735\\1728214734850.png, C:\\Users\\User\\git\\frameworks-regression-test-automation\\Reports\\20241006_223735\\CHC_Instance\\PointofSale_Module\\TS3_POS_Account_Credit_Full_CHC\\20241006_223735\\1728214737711.png, C:\\Users\\User\\git\\frameworks-regression-test-automation\\Reports\\20241006_223735\\CHC_Instance\\PointofSale_Module\\TS3_POS_Account_Credit_Full_CHC\\20241006_223735\\1728214740601.png, C:\\Users\\User\\git\\frameworks-regression-test-automation\\Reports\\20241006_223735\\CHC_Instance\\PointofSale_Module\\TS3_POS_Account_Credit_Full_CHC\\20241006_223735\\1728214743450.png"/>
         <property name="hostName" value="User - ROG"/>
         <property name="os" value="Windows 11 64bit"/>
         <property name="katalonVersion" value="9.5.0.217"/>
         <property name="browser" value="Chrome 129.0.0.0"/>
         <property name="hostAddress" value="10.192.251.2"/>
         <property name="sessionId" value="460bb7e366b6da72ed3830e93519e7a5"/>
         <property name="seleniumVersion" value="3.141.59"/>
         <property name="proxyInformation" value="ProxyInformation { proxyOption=NO_PROXY, proxyServerType=HTTP, username=, password=********, proxyServerAddress=, proxyServerPort=0, executionList=&quot;&quot;, isApplyToDesiredCapabilities=true }"/>
         <property name="platform" value="Windows 11"/>
      </properties>
      <testcase name="Test Cases/CHC_Instance/PointofSale_Module/TS2_POS_AccountSale/POS_AccountSale-5006866(TS3)" time="38.908" classname="Test Cases/CHC_Instance/PointofSale_Module/TS2_POS_AccountSale/POS_AccountSale-5006866(TS3)" status="PASSED">
         <system-out><![CDATA[06-10-2024T22:37:42 - [TEST_CASE][PASSED] - Test Cases/CHC_Instance/PointofSale_Module/TS2_POS_AccountSale/POS_AccountSale-5006866(TS3): Test Cases/CHC_Instance/PointofSale_Module/TS2_POS_AccountSale/POS_AccountSale-5006866(TS3)

06-10-2024T22:37:42 - [TEST_STEP][PASSED] - openBrowser(""): Browser is opened with url: ''

06-10-2024T22:37:42 - [MESSAGE][INFO] - Starting 'Chrome' driver

06-10-2024T22:37:43 - [MESSAGE][INFO] - Action delay is set to 0 milliseconds

06-10-2024T22:37:44 - [MESSAGE][PASSED] - Browser is opened with url: ''

06-10-2024T22:37:44 - [TEST_STEP][PASSED] - maximizeWindow(): Current window maximized

06-10-2024T22:37:44 - [MESSAGE][PASSED] - Current window maximized

06-10-2024T22:37:44 - [TEST_STEP][PASSED] - navigateToUrl("http://frameworks.cairnshardware.com.au:8080/FWDemo/Fluid.html#homeDashboard,dash,Frameworks.Activity.Menu.HomeDashBoard"): Navigate to 'http://frameworks.cairnshardware.com.au:8080/FWDemo/Fluid.html#homeDashboard,dash,Frameworks.Activity.Menu.HomeDashBoard' successfully

06-10-2024T22:37:49 - [MESSAGE][PASSED] - Navigate to 'http://frameworks.cairnshardware.com.au:8080/FWDemo/Fluid.html#homeDashboard,dash,Frameworks.Activity.Menu.HomeDashBoard' successfully

06-10-2024T22:37:49 - [TEST_STEP][PASSED] - setText(findTestObject("Object Repository/POS_AccountSale_CHC/Page_Frameworks (Demo)/input_User ID_userid"), userName): Text 'manaki' is set on object 'Object Repository/POS_AccountSale_CHC/Page_Frameworks (Demo)/input_User ID_userid'

06-10-2024T22:37:55 - [MESSAGE][PASSED] - Text 'manaki' is set on object 'Object Repository/POS_AccountSale_CHC/Page_Frameworks (Demo)/input_User ID_userid'

06-10-2024T22:37:55 - [TEST_STEP][PASSED] - setEncryptedText(findTestObject("Object Repository/POS_AccountSale_CHC/Page_Frameworks (Demo)/input_Password_password"), "BvRmjN+0xFM="): Text ****** has been set on object 'Object Repository/POS_AccountSale_CHC/Page_Frameworks (Demo)/input_Password_password'

06-10-2024T22:37:55 - [MESSAGE][PASSED] - Text ****** has been set on object 'Object Repository/POS_AccountSale_CHC/Page_Frameworks (Demo)/input_Password_password'

06-10-2024T22:37:55 - [TEST_STEP][PASSED] - click(findTestObject("Object Repository/POS_AccountSale_CHC/Page_Frameworks (Demo)/div_Login")): Object: 'Object Repository/POS_AccountSale_CHC/Page_Frameworks (Demo)/div_Login' is clicked on

06-10-2024T22:37:56 - [MESSAGE][PASSED] - Object: 'Object Repository/POS_AccountSale_CHC/Page_Frameworks (Demo)/div_Login' is clicked on

06-10-2024T22:37:56 - [TEST_STEP][PASSED] - click(findTestObject("Object Repository/POS_AccountSale_CHC/Page_Frameworks (Demo)/Fws_Menu")): Object: 'Object Repository/POS_AccountSale_CHC/Page_Frameworks (Demo)/Fws_Menu' is clicked on

06-10-2024T22:37:57 - [MESSAGE][PASSED] - Object: 'Object Repository/POS_AccountSale_CHC/Page_Frameworks (Demo)/Fws_Menu' is clicked on

06-10-2024T22:37:57 - [TEST_STEP][PASSED] - click(findTestObject("Object Repository/POS_AccountSale_CHC/Page_Frameworks (Demo)/Sales_TransactionProcessing")): Object: 'Object Repository/POS_AccountSale_CHC/Page_Frameworks (Demo)/Sales_TransactionProcessing' is clicked on

06-10-2024T22:37:58 - [MESSAGE][PASSED] - Object: 'Object Repository/POS_AccountSale_CHC/Page_Frameworks (Demo)/Sales_TransactionProcessing' is clicked on

06-10-2024T22:37:58 - [TEST_STEP][PASSED] - click(findTestObject("Object Repository/POS_AccountSale_CHC/Page_Frameworks (Demo)/td_Point Of Sale")): Object: 'Object Repository/POS_AccountSale_CHC/Page_Frameworks (Demo)/td_Point Of Sale' is clicked on

06-10-2024T22:37:59 - [MESSAGE][PASSED] - Object: 'Object Repository/POS_AccountSale_CHC/Page_Frameworks (Demo)/td_Point Of Sale' is clicked on

06-10-2024T22:37:59 - [TEST_STEP][PASSED] - delay(2): Delayed 2 second(s)

06-10-2024T22:38:01 - [MESSAGE][PASSED] - Delayed 2 second(s)

06-10-2024T22:38:01 - [TEST_STEP][PASSED] - setText(findTestObject("Object Repository/POS_AccountSale_CHC/Page_Frameworks (Demo)/input_m_customerIdX"), customerName): Text 'Lee Pearce (518451)' is set on object 'Object Repository/POS_AccountSale_CHC/Page_Frameworks (Demo)/input_m_customerIdX'

06-10-2024T22:38:02 - [MESSAGE][PASSED] - Text 'Lee Pearce (518451)' is set on object 'Object Repository/POS_AccountSale_CHC/Page_Frameworks (Demo)/input_m_customerIdX'

06-10-2024T22:38:02 - [TEST_STEP][PASSED] - click(findTestObject("Object Repository/POS_AccountSale_CHC/Page_Frameworks (Demo)/div_Lee Pearce (518451)")): Object: 'Object Repository/POS_AccountSale_CHC/Page_Frameworks (Demo)/div_Lee Pearce (518451)' is clicked on

06-10-2024T22:38:03 - [MESSAGE][PASSED] - Object: 'Object Repository/POS_AccountSale_CHC/Page_Frameworks (Demo)/div_Lee Pearce (518451)' is clicked on

06-10-2024T22:38:03 - [TEST_STEP][PASSED] - click(findTestObject("Object Repository/POS_AccountSale_CHC/Page_Frameworks (Demo)/Page_Frameworks (Demo)/span_Point Of Sale")): Object: 'Object Repository/POS_AccountSale_CHC/Page_Frameworks (Demo)/Page_Frameworks (Demo)/span_Point Of Sale' is clicked on

06-10-2024T22:38:04 - [MESSAGE][PASSED] - Object: 'Object Repository/POS_AccountSale_CHC/Page_Frameworks (Demo)/Page_Frameworks (Demo)/span_Point Of Sale' is clicked on

06-10-2024T22:38:04 - [TEST_STEP][PASSED] - click(findTestObject("Object Repository/POS_AccountSale_CHC/Page_Frameworks (Demo)/Page_Frameworks (Demo)/td_Close (O)")): Object: 'Object Repository/POS_AccountSale_CHC/Page_Frameworks (Demo)/Page_Frameworks (Demo)/td_Close (O)' is clicked on

06-10-2024T22:38:05 - [MESSAGE][PASSED] - Object: 'Object Repository/POS_AccountSale_CHC/Page_Frameworks (Demo)/Page_Frameworks (Demo)/td_Close (O)' is clicked on

06-10-2024T22:38:05 - [TEST_STEP][PASSED] - invoiceNum = getText(findTestObject("Object Repository/TS2_POS_AccountSale_DBC/New_Interface/Page_Frameworks (Demo)/div_invoiceNum")): Text of object 'Object Repository/TS2_POS_AccountSale_DBC/New_Interface/Page_Frameworks (Demo)/div_invoiceNum' is: '13072713'

06-10-2024T22:38:07 - [MESSAGE][PASSED] - Text of object 'Object Repository/TS2_POS_AccountSale_DBC/New_Interface/Page_Frameworks (Demo)/div_invoiceNum' is: '13072713'

06-10-2024T22:38:07 - [TEST_STEP][PASSED] - setText(findTestObject("Object Repository/POS_AccountSale_CHC/Page_Frameworks (Demo)/input_P_prodId"), "5006866"): Text '5006866' is set on object 'Object Repository/POS_AccountSale_CHC/Page_Frameworks (Demo)/input_P_prodId'

06-10-2024T22:38:07 - [MESSAGE][PASSED] - Text '5006866' is set on object 'Object Repository/POS_AccountSale_CHC/Page_Frameworks (Demo)/input_P_prodId'

06-10-2024T22:38:07 - [TEST_STEP][PASSED] - delay(2): Delayed 2 second(s)

06-10-2024T22:38:09 - [MESSAGE][PASSED] - Delayed 2 second(s)

06-10-2024T22:38:09 - [TEST_STEP][PASSED] - setText(findTestObject("Object Repository/POS_AccountSale_CHC/Page_Frameworks (Demo)/input_Quantity_quantityOrdered"), "2"): Text '2' is set on object 'Object Repository/POS_AccountSale_CHC/Page_Frameworks (Demo)/input_Quantity_quantityOrdered'

06-10-2024T22:38:10 - [MESSAGE][PASSED] - Text '2' is set on object 'Object Repository/POS_AccountSale_CHC/Page_Frameworks (Demo)/input_Quantity_quantityOrdered'

06-10-2024T22:38:10 - [TEST_STEP][PASSED] - click(findTestObject("Object Repository/POS_AccountSale_CHC/Page_Frameworks (Demo)/input_Quantity_quantityOrdered")): Object: 'Object Repository/POS_AccountSale_CHC/Page_Frameworks (Demo)/input_Quantity_quantityOrdered' is clicked on

06-10-2024T22:38:11 - [MESSAGE][PASSED] - Object: 'Object Repository/POS_AccountSale_CHC/Page_Frameworks (Demo)/input_Quantity_quantityOrdered' is clicked on

06-10-2024T22:38:11 - [TEST_STEP][PASSED] - delay(2): Delayed 2 second(s)

06-10-2024T22:38:13 - [MESSAGE][PASSED] - Delayed 2 second(s)

06-10-2024T22:38:13 - [TEST_STEP][PASSED] - takeFullPageScreenshot(): Taking screenshot successfully

06-10-2024T22:38:13 - [MESSAGE][INFO] - 0 hidden object(s)

06-10-2024T22:38:13 - [MESSAGE][PASSED] - Taking screenshot successfully
[[ATTACHMENT|C:\\Users\\User\\git\\frameworks-regression-test-automation\\Reports\\20241006_223735\\CHC_Instance\\PointofSale_Module\\TS3_POS_Account_Credit_Full_CHC\\20241006_223735\\1728214693211.png]]

06-10-2024T22:38:13 - [TEST_STEP][PASSED] - click(findTestObject("Object Repository/POS_AccountSale_CHC/Page_Frameworks (Demo)/img_add")): Object: 'Object Repository/POS_AccountSale_CHC/Page_Frameworks (Demo)/img_add' is clicked on

06-10-2024T22:38:14 - [MESSAGE][PASSED] - Object: 'Object Repository/POS_AccountSale_CHC/Page_Frameworks (Demo)/img_add' is clicked on

06-10-2024T22:38:14 - [TEST_STEP][PASSED] - delay(2): Delayed 2 second(s)

06-10-2024T22:38:16 - [MESSAGE][PASSED] - Delayed 2 second(s)

06-10-2024T22:38:16 - [TEST_STEP][PASSED] - takeFullPageScreenshot(): Taking screenshot successfully

06-10-2024T22:38:16 - [MESSAGE][INFO] - 0 hidden object(s)

06-10-2024T22:38:16 - [MESSAGE][PASSED] - Taking screenshot successfully
[[ATTACHMENT|C:\\Users\\User\\git\\frameworks-regression-test-automation\\Reports\\20241006_223735\\CHC_Instance\\PointofSale_Module\\TS3_POS_Account_Credit_Full_CHC\\20241006_223735\\1728214696313.png]]

06-10-2024T22:38:16 - [TEST_STEP][PASSED] - click(findTestObject("Object Repository/POS_AccountSale_CHC/Page_Frameworks (Demo)/Page_Frameworks (Demo)/div_ACCOUNT (A)")): Object: 'Object Repository/POS_AccountSale_CHC/Page_Frameworks (Demo)/Page_Frameworks (Demo)/div_ACCOUNT (A)' is clicked on

06-10-2024T22:38:17 - [MESSAGE][PASSED] - Object: 'Object Repository/POS_AccountSale_CHC/Page_Frameworks (Demo)/Page_Frameworks (Demo)/div_ACCOUNT (A)' is clicked on

06-10-2024T22:38:17 - [TEST_STEP][PASSED] - sourceFile = new java.io.FileInputStream(ExcelFile): null

06-10-2024T22:38:17 - [TEST_STEP][PASSED] - workbook = new org.apache.poi.xssf.usermodel.XSSFWorkbook(sourceFile): null

06-10-2024T22:38:17 - [TEST_STEP][PASSED] - sheet = workbook.getSheet("Sheet1"): null

06-10-2024T22:38:17 - [TEST_STEP][PASSED] - row = sheet.getRow(0): null

06-10-2024T22:38:17 - [TEST_STEP][PASSED] - cell = row.getCell(1): null

06-10-2024T22:38:17 - [TEST_STEP][PASSED] - row = sheet.createRow(1): null

06-10-2024T22:38:17 - [TEST_STEP][PASSED] - cell = row.createCell(0): null

06-10-2024T22:38:17 - [TEST_STEP][PASSED] - cell.setCellValue("Invoice Number"): null

06-10-2024T22:38:17 - [TEST_STEP][PASSED] - cell = row.createCell(1): null

06-10-2024T22:38:17 - [TEST_STEP][PASSED] - cell.setCellValue(invoiceNum): null

06-10-2024T22:38:17 - [TEST_STEP][PASSED] - fos = new java.io.FileOutputStream(ExcelFile): null

06-10-2024T22:38:17 - [TEST_STEP][PASSED] - workbook.write(fos): null

06-10-2024T22:38:18 - [TEST_STEP][PASSED] - fos.close(): null

06-10-2024T22:38:18 - [TEST_STEP][PASSED] - sourceFile.close(): null

06-10-2024T22:38:18 - [TEST_STEP][PASSED] - click(findTestObject("Object Repository/Create_PurchaseOrder_CHC/Page_Frameworks (Demo)/img_Accountdropd")): Object: 'Object Repository/Create_PurchaseOrder_CHC/Page_Frameworks (Demo)/img_Accountdropd' is clicked on

06-10-2024T22:38:20 - [MESSAGE][PASSED] - Object: 'Object Repository/Create_PurchaseOrder_CHC/Page_Frameworks (Demo)/img_Accountdropd' is clicked on

06-10-2024T22:38:20 - [TEST_STEP][PASSED] - click(findTestObject("Object Repository/Create_PurchaseOrder_CHC/Page_Frameworks (Demo)/div_Logout")): Object: 'Object Repository/Create_PurchaseOrder_CHC/Page_Frameworks (Demo)/div_Logout' is clicked on

06-10-2024T22:38:21 - [MESSAGE][PASSED] - Object: 'Object Repository/Create_PurchaseOrder_CHC/Page_Frameworks (Demo)/div_Logout' is clicked on]]></system-out>
         <system-err><![CDATA[]]></system-err>
      </testcase>
      <testcase name="Test Cases/CHC_Instance/PointofSale_Module/TS3_POS_AccountCredit_Full_StockReturn/POS_AccountCredit_Full_CHC" time="45.248" classname="Test Cases/CHC_Instance/PointofSale_Module/TS3_POS_AccountCredit_Full_StockReturn/POS_AccountCredit_Full_CHC" status="PASSED">
         <system-out><![CDATA[06-10-2024T22:38:21 - [TEST_CASE][PASSED] - Test Cases/CHC_Instance/PointofSale_Module/TS3_POS_AccountCredit_Full_StockReturn/POS_AccountCredit_Full_CHC: Test Cases/CHC_Instance/PointofSale_Module/TS3_POS_AccountCredit_Full_StockReturn/POS_AccountCredit_Full_CHC

06-10-2024T22:38:21 - [TEST_STEP][PASSED] - sourceFile = new java.io.FileInputStream(ExcelFile): null

06-10-2024T22:38:21 - [TEST_STEP][PASSED] - workbook = new org.apache.poi.xssf.usermodel.XSSFWorkbook(sourceFile): null

06-10-2024T22:38:21 - [TEST_STEP][PASSED] - sheet = workbook.getSheet("Sheet1"): null

06-10-2024T22:38:21 - [TEST_STEP][PASSED] - row = sheet.getRow(1): null

06-10-2024T22:38:21 - [TEST_STEP][PASSED] - cell = row.getCell(1): null

06-10-2024T22:38:21 - [TEST_STEP][PASSED] - docketNumber = cell.getStringCellValue(): null

06-10-2024T22:38:21 - [TEST_STEP][PASSED] - println(docketNumber): null

06-10-2024T22:38:21 - [TEST_STEP][PASSED] - sourceFile.close(): null

06-10-2024T22:38:21 - [TEST_STEP][PASSED] - openBrowser(""): Browser is opened with url: ''

06-10-2024T22:38:21 - [MESSAGE][WARNING] - A browser is already opened. Closing browser and opening a new one

06-10-2024T22:38:21 - [MESSAGE][INFO] - Starting 'Chrome' driver

06-10-2024T22:38:21 - [MESSAGE][INFO] - Action delay is set to 0 milliseconds

06-10-2024T22:38:22 - [MESSAGE][PASSED] - Browser is opened with url: ''

06-10-2024T22:38:22 - [TEST_STEP][PASSED] - maximizeWindow(): Current window maximized

06-10-2024T22:38:22 - [MESSAGE][PASSED] - Current window maximized

06-10-2024T22:38:22 - [TEST_STEP][PASSED] - navigateToUrl("http://frameworks.cairnshardware.com.au:8080/FWDemo/Fluid.html#homeDashboard,dash,Frameworks.Activity.Menu.HomeDashBoard"): Navigate to 'http://frameworks.cairnshardware.com.au:8080/FWDemo/Fluid.html#homeDashboard,dash,Frameworks.Activity.Menu.HomeDashBoard' successfully

06-10-2024T22:38:27 - [MESSAGE][PASSED] - Navigate to 'http://frameworks.cairnshardware.com.au:8080/FWDemo/Fluid.html#homeDashboard,dash,Frameworks.Activity.Menu.HomeDashBoard' successfully

06-10-2024T22:38:27 - [TEST_STEP][PASSED] - setText(findTestObject("Object Repository/TS3_POS_AccountCredit_Full_CHC/Page_Frameworks (Demo)/input_User ID_userid"), userName): Text 'manaki' is set on object 'Object Repository/TS3_POS_AccountCredit_Full_CHC/Page_Frameworks (Demo)/input_User ID_userid'

06-10-2024T22:38:33 - [MESSAGE][PASSED] - Text 'manaki' is set on object 'Object Repository/TS3_POS_AccountCredit_Full_CHC/Page_Frameworks (Demo)/input_User ID_userid'

06-10-2024T22:38:33 - [TEST_STEP][PASSED] - setEncryptedText(findTestObject("Object Repository/TS3_POS_AccountCredit_Full_CHC/Page_Frameworks (Demo)/input_Password_password"), "BvRmjN+0xFM="): Text ****** has been set on object 'Object Repository/TS3_POS_AccountCredit_Full_CHC/Page_Frameworks (Demo)/input_Password_password'

06-10-2024T22:38:34 - [MESSAGE][PASSED] - Text ****** has been set on object 'Object Repository/TS3_POS_AccountCredit_Full_CHC/Page_Frameworks (Demo)/input_Password_password'

06-10-2024T22:38:34 - [TEST_STEP][PASSED] - click(findTestObject("Object Repository/TS3_POS_AccountCredit_Full_CHC/Page_Frameworks (Demo)/div_Login")): Object: 'Object Repository/TS3_POS_AccountCredit_Full_CHC/Page_Frameworks (Demo)/div_Login' is clicked on

06-10-2024T22:38:34 - [MESSAGE][PASSED] - Object: 'Object Repository/TS3_POS_AccountCredit_Full_CHC/Page_Frameworks (Demo)/div_Login' is clicked on

06-10-2024T22:38:34 - [TEST_STEP][PASSED] - click(findTestObject("Object Repository/TS3_POS_AccountCredit_Full_CHC/Page_Frameworks (Demo)/Fws_Menu")): Object: 'Object Repository/TS3_POS_AccountCredit_Full_CHC/Page_Frameworks (Demo)/Fws_Menu' is clicked on

06-10-2024T22:38:36 - [MESSAGE][PASSED] - Object: 'Object Repository/TS3_POS_AccountCredit_Full_CHC/Page_Frameworks (Demo)/Fws_Menu' is clicked on

06-10-2024T22:38:36 - [TEST_STEP][PASSED] - click(findTestObject("Object Repository/TS3_POS_AccountCredit_Full_CHC/Page_Frameworks (Demo)/Sales_TransactionProcessing")): Object: 'Object Repository/TS3_POS_AccountCredit_Full_CHC/Page_Frameworks (Demo)/Sales_TransactionProcessing' is clicked on

06-10-2024T22:38:37 - [MESSAGE][PASSED] - Object: 'Object Repository/TS3_POS_AccountCredit_Full_CHC/Page_Frameworks (Demo)/Sales_TransactionProcessing' is clicked on

06-10-2024T22:38:37 - [TEST_STEP][PASSED] - click(findTestObject("Object Repository/TS3_POS_AccountCredit_Full_CHC/Page_Frameworks (Demo)/td_Credit Notes")): Object: 'Object Repository/TS3_POS_AccountCredit_Full_CHC/Page_Frameworks (Demo)/td_Credit Notes' is clicked on

06-10-2024T22:38:38 - [MESSAGE][PASSED] - Object: 'Object Repository/TS3_POS_AccountCredit_Full_CHC/Page_Frameworks (Demo)/td_Credit Notes' is clicked on

06-10-2024T22:38:38 - [TEST_STEP][PASSED] - delay(2): Delayed 2 second(s)

06-10-2024T22:38:40 - [MESSAGE][PASSED] - Delayed 2 second(s)

06-10-2024T22:38:40 - [TEST_STEP][PASSED] - takeFullPageScreenshot(): Taking screenshot successfully

06-10-2024T22:38:41 - [MESSAGE][INFO] - 0 hidden object(s)

06-10-2024T22:38:41 - [MESSAGE][PASSED] - Taking screenshot successfully
[[ATTACHMENT|C:\\Users\\User\\git\\frameworks-regression-test-automation\\Reports\\20241006_223735\\CHC_Instance\\PointofSale_Module\\TS3_POS_Account_Credit_Full_CHC\\20241006_223735\\1728214720827.png]]

06-10-2024T22:38:41 - [TEST_STEP][PASSED] - click(findTestObject("Object Repository/TS3_POS_AccountCredit_Full_CHC/Page_Frameworks (Demo)/div_New")): Object: 'Object Repository/TS3_POS_AccountCredit_Full_CHC/Page_Frameworks (Demo)/div_New' is clicked on

06-10-2024T22:38:41 - [MESSAGE][PASSED] - Object: 'Object Repository/TS3_POS_AccountCredit_Full_CHC/Page_Frameworks (Demo)/div_New' is clicked on

06-10-2024T22:38:41 - [TEST_STEP][PASSED] - delay(2): Delayed 2 second(s)

06-10-2024T22:38:43 - [MESSAGE][PASSED] - Delayed 2 second(s)

06-10-2024T22:38:43 - [TEST_STEP][PASSED] - takeFullPageScreenshot(): Taking screenshot successfully

06-10-2024T22:38:44 - [MESSAGE][INFO] - 0 hidden object(s)

06-10-2024T22:38:44 - [MESSAGE][PASSED] - Taking screenshot successfully
[[ATTACHMENT|C:\\Users\\User\\git\\frameworks-regression-test-automation\\Reports\\20241006_223735\\CHC_Instance\\PointofSale_Module\\TS3_POS_Account_Credit_Full_CHC\\20241006_223735\\1728214723734.png]]

06-10-2024T22:38:44 - [TEST_STEP][PASSED] - transaction_Number = getText(findTestObject("Object Repository/TS3_POS_AccountCredit_Full_CHC/Page_Frameworks (Demo)/transaction_Number")): Text of object 'Object Repository/TS3_POS_AccountCredit_Full_CHC/Page_Frameworks (Demo)/transaction_Number' is: '13072715'

06-10-2024T22:38:44 - [MESSAGE][PASSED] - Text of object 'Object Repository/TS3_POS_AccountCredit_Full_CHC/Page_Frameworks (Demo)/transaction_Number' is: '13072715'

06-10-2024T22:38:44 - [TEST_STEP][PASSED] - println(transaction_Number): null

06-10-2024T22:38:44 - [TEST_STEP][PASSED] - setText(findTestObject("Object Repository/TS3_POS_AccountCredit_Full_CHC/Page_Frameworks (Demo)/input_Customer_idCustX"), "Lee Pearce (518451)"): Text 'Lee Pearce (518451)' is set on object 'Object Repository/TS3_POS_AccountCredit_Full_CHC/Page_Frameworks (Demo)/input_Customer_idCustX'

06-10-2024T22:38:45 - [MESSAGE][PASSED] - Text 'Lee Pearce (518451)' is set on object 'Object Repository/TS3_POS_AccountCredit_Full_CHC/Page_Frameworks (Demo)/input_Customer_idCustX'

06-10-2024T22:38:45 - [TEST_STEP][PASSED] - click(findTestObject("Object Repository/TS3_POS_AccountCredit_Full_CHC/Page_Frameworks (Demo)/div_Lee Pearce (518451)")): Object: 'Object Repository/TS3_POS_AccountCredit_Full_CHC/Page_Frameworks (Demo)/div_Lee Pearce (518451)' is clicked on

06-10-2024T22:38:46 - [MESSAGE][PASSED] - Object: 'Object Repository/TS3_POS_AccountCredit_Full_CHC/Page_Frameworks (Demo)/div_Lee Pearce (518451)' is clicked on

06-10-2024T22:38:46 - [TEST_STEP][PASSED] - click(findTestObject("Object Repository/TS3_POS_AccountCredit_Full_CHC/Page_Frameworks (Demo)/table_Select a Value")): Object: 'Object Repository/TS3_POS_AccountCredit_Full_CHC/Page_Frameworks (Demo)/table_Select a Value' is clicked on

06-10-2024T22:38:47 - [MESSAGE][PASSED] - Object: 'Object Repository/TS3_POS_AccountCredit_Full_CHC/Page_Frameworks (Demo)/table_Select a Value' is clicked on

06-10-2024T22:38:47 - [TEST_STEP][PASSED] - click(findTestObject("Object Repository/TS3_POS_AccountCredit_Full_CHC/Page_Frameworks (Demo)/div_Stock Return")): Object: 'Object Repository/TS3_POS_AccountCredit_Full_CHC/Page_Frameworks (Demo)/div_Stock Return' is clicked on

06-10-2024T22:38:47 - [MESSAGE][PASSED] - Object: 'Object Repository/TS3_POS_AccountCredit_Full_CHC/Page_Frameworks (Demo)/div_Stock Return' is clicked on

06-10-2024T22:38:47 - [TEST_STEP][PASSED] - click(findTestObject("Object Repository/TS3_POS_AccountCredit_Full_CHC/Page_Frameworks (Demo)/table_Reason_isc_YX")): Object: 'Object Repository/TS3_POS_AccountCredit_Full_CHC/Page_Frameworks (Demo)/table_Reason_isc_YX' is clicked on

06-10-2024T22:38:48 - [MESSAGE][PASSED] - Object: 'Object Repository/TS3_POS_AccountCredit_Full_CHC/Page_Frameworks (Demo)/table_Reason_isc_YX' is clicked on

06-10-2024T22:38:48 - [TEST_STEP][PASSED] - click(findTestObject("Object Repository/TS3_POS_AccountCredit_Full_CHC/Page_Frameworks (Demo)/div_1 - Stock Return")): Object: 'Object Repository/TS3_POS_AccountCredit_Full_CHC/Page_Frameworks (Demo)/div_1 - Stock Return' is clicked on

06-10-2024T22:38:49 - [MESSAGE][PASSED] - Object: 'Object Repository/TS3_POS_AccountCredit_Full_CHC/Page_Frameworks (Demo)/div_1 - Stock Return' is clicked on

06-10-2024T22:38:49 - [TEST_STEP][PASSED] - click(findTestObject("Object Repository/TS3_POS_AccountCredit_Full_CHC/Page_Frameworks (Demo)/input_Original Docket_originalDocket"), STOP_ON_FAILURE): Object: 'Object Repository/TS3_POS_AccountCredit_Full_CHC/Page_Frameworks (Demo)/input_Original Docket_originalDocket' is clicked on

06-10-2024T22:38:50 - [MESSAGE][PASSED] - Object: 'Object Repository/TS3_POS_AccountCredit_Full_CHC/Page_Frameworks (Demo)/input_Original Docket_originalDocket' is clicked on

06-10-2024T22:38:50 - [TEST_STEP][PASSED] - sendKeys(findTestObject("Object Repository/TS3_POS_AccountCredit_Full_CHC/Page_Frameworks (Demo)/input_Original Docket_originalDocket"), docketNumber): Keys '13072713' sent to object: 'Object Repository/TS3_POS_AccountCredit_Full_CHC/Page_Frameworks (Demo)/input_Original Docket_originalDocket'

06-10-2024T22:38:51 - [MESSAGE][PASSED] - Keys '13072713' sent to object: 'Object Repository/TS3_POS_AccountCredit_Full_CHC/Page_Frameworks (Demo)/input_Original Docket_originalDocket'

06-10-2024T22:38:51 - [TEST_STEP][PASSED] - click(findTestObject("Object Repository/TS3_POS_AccountCredit_Full_CHC/Page_Frameworks (Demo)/div_BranchDropdown")): Object: 'Object Repository/TS3_POS_AccountCredit_Full_CHC/Page_Frameworks (Demo)/div_BranchDropdown' is clicked on

06-10-2024T22:38:51 - [MESSAGE][PASSED] - Object: 'Object Repository/TS3_POS_AccountCredit_Full_CHC/Page_Frameworks (Demo)/div_BranchDropdown' is clicked on

06-10-2024T22:38:51 - [TEST_STEP][PASSED] - click(findTestObject("Object Repository/TS3_POS_AccountCredit_Full_CHC/Page_Frameworks (Demo)/div_501 - DEMONSTRATION BRANCH 501")): Object: 'Object Repository/TS3_POS_AccountCredit_Full_CHC/Page_Frameworks (Demo)/div_501 - DEMONSTRATION BRANCH 501' is clicked on

06-10-2024T22:38:52 - [MESSAGE][PASSED] - Object: 'Object Repository/TS3_POS_AccountCredit_Full_CHC/Page_Frameworks (Demo)/div_501 - DEMONSTRATION BRANCH 501' is clicked on

06-10-2024T22:38:52 - [TEST_STEP][PASSED] - delay(2): Delayed 2 second(s)

06-10-2024T22:38:54 - [MESSAGE][PASSED] - Delayed 2 second(s)

06-10-2024T22:38:54 - [TEST_STEP][PASSED] - takeFullPageScreenshot(): Taking screenshot successfully

06-10-2024T22:38:55 - [MESSAGE][INFO] - 0 hidden object(s)

06-10-2024T22:38:55 - [MESSAGE][PASSED] - Taking screenshot successfully
[[ATTACHMENT|C:\\Users\\User\\git\\frameworks-regression-test-automation\\Reports\\20241006_223735\\CHC_Instance\\PointofSale_Module\\TS3_POS_Account_Credit_Full_CHC\\20241006_223735\\1728214734850.png]]

06-10-2024T22:38:55 - [TEST_STEP][PASSED] - click(findTestObject("Object Repository/TS3_POS_AccountCredit_Full_CHC/Page_Frameworks (Demo)/div_Load Details")): Object: 'Object Repository/TS3_POS_AccountCredit_Full_CHC/Page_Frameworks (Demo)/div_Load Details' is clicked on

06-10-2024T22:38:55 - [MESSAGE][PASSED] - Object: 'Object Repository/TS3_POS_AccountCredit_Full_CHC/Page_Frameworks (Demo)/div_Load Details' is clicked on

06-10-2024T22:38:55 - [TEST_STEP][PASSED] - delay(2): Delayed 2 second(s)

06-10-2024T22:38:57 - [MESSAGE][PASSED] - Delayed 2 second(s)

06-10-2024T22:38:57 - [TEST_STEP][PASSED] - takeFullPageScreenshot(): Taking screenshot successfully

06-10-2024T22:38:58 - [MESSAGE][INFO] - 0 hidden object(s)

06-10-2024T22:38:58 - [MESSAGE][PASSED] - Taking screenshot successfully
[[ATTACHMENT|C:\\Users\\User\\git\\frameworks-regression-test-automation\\Reports\\20241006_223735\\CHC_Instance\\PointofSale_Module\\TS3_POS_Account_Credit_Full_CHC\\20241006_223735\\1728214737711.png]]

06-10-2024T22:38:58 - [TEST_STEP][PASSED] - click(findTestObject("Object Repository/TS3_POS_AccountCredit_Full_CHC/Page_Frameworks (Demo)/div_Refund All")): Object: 'Object Repository/TS3_POS_AccountCredit_Full_CHC/Page_Frameworks (Demo)/div_Refund All' is clicked on

06-10-2024T22:38:58 - [MESSAGE][PASSED] - Object: 'Object Repository/TS3_POS_AccountCredit_Full_CHC/Page_Frameworks (Demo)/div_Refund All' is clicked on

06-10-2024T22:38:58 - [TEST_STEP][PASSED] - delay(2): Delayed 2 second(s)

06-10-2024T22:39:00 - [MESSAGE][PASSED] - Delayed 2 second(s)

06-10-2024T22:39:00 - [TEST_STEP][PASSED] - takeFullPageScreenshot(): Taking screenshot successfully

06-10-2024T22:39:01 - [MESSAGE][INFO] - 0 hidden object(s)

06-10-2024T22:39:01 - [MESSAGE][PASSED] - Taking screenshot successfully
[[ATTACHMENT|C:\\Users\\User\\git\\frameworks-regression-test-automation\\Reports\\20241006_223735\\CHC_Instance\\PointofSale_Module\\TS3_POS_Account_Credit_Full_CHC\\20241006_223735\\1728214740601.png]]

06-10-2024T22:39:01 - [TEST_STEP][PASSED] - click(findTestObject("Object Repository/TS3_POS_AccountCredit_Full_CHC/Page_Frameworks (Demo)/div_Finish (S)")): Object: 'Object Repository/TS3_POS_AccountCredit_Full_CHC/Page_Frameworks (Demo)/div_Finish (S)' is clicked on

06-10-2024T22:39:01 - [MESSAGE][PASSED] - Object: 'Object Repository/TS3_POS_AccountCredit_Full_CHC/Page_Frameworks (Demo)/div_Finish (S)' is clicked on

06-10-2024T22:39:01 - [TEST_STEP][PASSED] - delay(2): Delayed 2 second(s)

06-10-2024T22:39:03 - [MESSAGE][PASSED] - Delayed 2 second(s)

06-10-2024T22:39:03 - [TEST_STEP][PASSED] - takeFullPageScreenshot(): Taking screenshot successfully

06-10-2024T22:39:03 - [MESSAGE][INFO] - 0 hidden object(s)

06-10-2024T22:39:03 - [MESSAGE][PASSED] - Taking screenshot successfully
[[ATTACHMENT|C:\\Users\\User\\git\\frameworks-regression-test-automation\\Reports\\20241006_223735\\CHC_Instance\\PointofSale_Module\\TS3_POS_Account_Credit_Full_CHC\\20241006_223735\\1728214743450.png]]

06-10-2024T22:39:03 - [TEST_STEP][PASSED] - click(findTestObject("Object Repository/TS3_POS_AccountCredit_Full_CHC/Page_Frameworks (Demo)/div_Refund")): Object: 'Object Repository/TS3_POS_AccountCredit_Full_CHC/Page_Frameworks (Demo)/div_Refund' is clicked on

06-10-2024T22:39:04 - [MESSAGE][PASSED] - Object: 'Object Repository/TS3_POS_AccountCredit_Full_CHC/Page_Frameworks (Demo)/div_Refund' is clicked on

06-10-2024T22:39:04 - [TEST_STEP][PASSED] - updatesourceFile = new java.io.FileInputStream(ExcelFile): null

06-10-2024T22:39:04 - [TEST_STEP][PASSED] - updateWorkbook = new org.apache.poi.xssf.usermodel.XSSFWorkbook(updatesourceFile): null

06-10-2024T22:39:04 - [TEST_STEP][PASSED] - updateSheet = updateWorkbook.getSheet("Sheet1"): null

06-10-2024T22:39:04 - [TEST_STEP][PASSED] - updateRow = updateSheet.getRow(0): null

06-10-2024T22:39:04 - [TEST_STEP][PASSED] - updateCell = updateRow.getCell(1): null

06-10-2024T22:39:04 - [TEST_STEP][PASSED] - updateRow = updateSheet.createRow(2): null

06-10-2024T22:39:04 - [TEST_STEP][PASSED] - updateCell = updateRow.createCell(0): null

06-10-2024T22:39:04 - [TEST_STEP][PASSED] - updateCell.setCellValue("TransactionNumber"): null

06-10-2024T22:39:04 - [TEST_STEP][PASSED] - updateCell = updateRow.createCell(1): null

06-10-2024T22:39:04 - [TEST_STEP][PASSED] - updateCell.setCellValue(transaction_Number): null

06-10-2024T22:39:04 - [TEST_STEP][PASSED] - fos = new java.io.FileOutputStream(ExcelFile): null

06-10-2024T22:39:04 - [TEST_STEP][PASSED] - updateWorkbook.write(fos): null

06-10-2024T22:39:04 - [TEST_STEP][PASSED] - fos.close(): null

06-10-2024T22:39:04 - [TEST_STEP][PASSED] - updatesourceFile.close(): null

06-10-2024T22:39:04 - [TEST_STEP][PASSED] - click(findTestObject("Object Repository/Create_PurchaseOrder_CHC/Page_Frameworks (Demo)/img_Accountdropd")): Object: 'Object Repository/Create_PurchaseOrder_CHC/Page_Frameworks (Demo)/img_Accountdropd' is clicked on

06-10-2024T22:39:05 - [MESSAGE][PASSED] - Object: 'Object Repository/Create_PurchaseOrder_CHC/Page_Frameworks (Demo)/img_Accountdropd' is clicked on

06-10-2024T22:39:05 - [TEST_STEP][PASSED] - click(findTestObject("Object Repository/Create_PurchaseOrder_CHC/Page_Frameworks (Demo)/div_Logout")): Object: 'Object Repository/Create_PurchaseOrder_CHC/Page_Frameworks (Demo)/div_Logout' is clicked on

06-10-2024T22:39:06 - [MESSAGE][PASSED] - Object: 'Object Repository/Create_PurchaseOrder_CHC/Page_Frameworks (Demo)/div_Logout' is clicked on]]></system-out>
         <system-err><![CDATA[]]></system-err>
      </testcase>
      <testcase name="Test Cases/CHC_Instance/PointofSale_Module/TS3_POS_AccountCredit_Full_StockReturn/POS_AccountCredit_Full_ValidateRefund_CHC" time="0.471" classname="Test Cases/CHC_Instance/PointofSale_Module/TS3_POS_AccountCredit_Full_StockReturn/POS_AccountCredit_Full_ValidateRefund_CHC" status="ERROR">
         <error type="ERROR" message="Test Cases/CHC_Instance/PointofSale_Module/TS3_POS_AccountCredit_Full_StockReturn/POS_AccountCredit_Full_ValidateRefund_CHC FAILED.&#xa;Reason:&#xa;java.lang.IllegalStateException: Cannot get a NUMERIC value from a STRING cell&#xa;	at org.apache.poi.xssf.usermodel.XSSFCell.typeMismatch(XSSFCell.java:1077)&#xa;	at org.apache.poi.xssf.usermodel.XSSFCell.getNumericCellValue(XSSFCell.java:307)&#xa;	at POS_AccountCredit_Full_ValidateRefund_CHC.run(POS_AccountCredit_Full_ValidateRefund_CHC:36)&#xa;	at com.kms.katalon.core.main.ScriptEngine.run(ScriptEngine.java:194)&#xa;	at com.kms.katalon.core.main.ScriptEngine.runScriptAsRawText(ScriptEngine.java:119)&#xa;	at com.kms.katalon.core.main.TestCaseExecutor.runScript(TestCaseExecutor.java:448)&#xa;	at com.kms.katalon.core.main.TestCaseExecutor.doExecute(TestCaseExecutor.java:439)&#xa;	at com.kms.katalon.core.main.TestCaseExecutor.processExecutionPhase(TestCaseExecutor.java:418)&#xa;	at com.kms.katalon.core.main.TestCaseExecutor.accessMainPhase(TestCaseExecutor.java:410)&#xa;	at com.kms.katalon.core.main.TestCaseExecutor.execute(TestCaseExecutor.java:285)&#xa;	at com.kms.katalon.core.common.CommonExecutor.accessTestCaseMainPhase(CommonExecutor.java:65)&#xa;	at com.kms.katalon.core.main.TestSuiteExecutor.accessTestSuiteMainPhase(TestSuiteExecutor.java:150)&#xa;	at com.kms.katalon.core.main.TestSuiteExecutor.execute(TestSuiteExecutor.java:106)&#xa;	at com.kms.katalon.core.main.TestCaseMain.startTestSuite(TestCaseMain.java:180)&#xa;	at TempTestSuite1728214655034.run(TempTestSuite1728214655034.groovy:35)&#xa;	at java.base/jdk.internal.reflect.NativeMethodAccessorImpl.invoke0(Native Method)&#xa;	at java.base/jdk.internal.reflect.NativeMethodAccessorImpl.invoke(NativeMethodAccessorImpl.java:77)&#xa;	at java.base/jdk.internal.reflect.DelegatingMethodAccessorImpl.invoke(DelegatingMethodAccessorImpl.java:43)&#xa;"/>
         <system-out><![CDATA[06-10-2024T22:39:06 - [TEST_CASE][ERROR] - Test Cases/CHC_Instance/PointofSale_Module/TS3_POS_AccountCredit_Full_StockReturn/POS_AccountCredit_Full_ValidateRefund_CHC: Test Cases/CHC_Instance/PointofSale_Module/TS3_POS_AccountCredit_Full_StockReturn/POS_AccountCredit_Full_ValidateRefund_CHC FAILED.
Reason:
java.lang.IllegalStateException: Cannot get a NUMERIC value from a STRING cell
	at org.apache.poi.xssf.usermodel.XSSFCell.typeMismatch(XSSFCell.java:1077)
	at org.apache.poi.xssf.usermodel.XSSFCell.getNumericCellValue(XSSFCell.java:307)
	at POS_AccountCredit_Full_ValidateRefund_CHC.run(POS_AccountCredit_Full_ValidateRefund_CHC:36)
	at com.kms.katalon.core.main.ScriptEngine.run(ScriptEngine.java:194)
	at com.kms.katalon.core.main.ScriptEngine.runScriptAsRawText(ScriptEngine.java:119)
	at com.kms.katalon.core.main.TestCaseExecutor.runScript(TestCaseExecutor.java:448)
	at com.kms.katalon.core.main.TestCaseExecutor.doExecute(TestCaseExecutor.java:439)
	at com.kms.katalon.core.main.TestCaseExecutor.processExecutionPhase(TestCaseExecutor.java:418)
	at com.kms.katalon.core.main.TestCaseExecutor.accessMainPhase(TestCaseExecutor.java:410)
	at com.kms.katalon.core.main.TestCaseExecutor.execute(TestCaseExecutor.java:285)
	at com.kms.katalon.core.common.CommonExecutor.accessTestCaseMainPhase(CommonExecutor.java:65)
	at com.kms.katalon.core.main.TestSuiteExecutor.accessTestSuiteMainPhase(TestSuiteExecutor.java:150)
	at com.kms.katalon.core.main.TestSuiteExecutor.execute(TestSuiteExecutor.java:106)
	at com.kms.katalon.core.main.TestCaseMain.startTestSuite(TestCaseMain.java:180)
	at TempTestSuite1728214655034.run(TempTestSuite1728214655034.groovy:35)
	at java.base/jdk.internal.reflect.NativeMethodAccessorImpl.invoke0(Native Method)
	at java.base/jdk.internal.reflect.NativeMethodAccessorImpl.invoke(NativeMethodAccessorImpl.java:77)
	at java.base/jdk.internal.reflect.DelegatingMethodAccessorImpl.invoke(DelegatingMethodAccessorImpl.java:43)


06-10-2024T22:39:06 - [TEST_STEP][PASSED] - sourceFile = new java.io.FileInputStream(ExcelFile): null

06-10-2024T22:39:06 - [TEST_STEP][PASSED] - workbook = new org.apache.poi.xssf.usermodel.XSSFWorkbook(sourceFile): null

06-10-2024T22:39:06 - [TEST_STEP][PASSED] - sheet = workbook.getSheet("Sheet1"): null

06-10-2024T22:39:06 - [TEST_STEP][PASSED] - row = sheet.getRow(2): null

06-10-2024T22:39:06 - [TEST_STEP][PASSED] - cell = row.getCell(1): null

06-10-2024T22:39:06 - [TEST_STEP][ERROR] - transactionNumber = String.valueOf(cell.getNumericCellValue()): Test Cases/CHC_Instance/PointofSale_Module/TS3_POS_AccountCredit_Full_StockReturn/POS_AccountCredit_Full_ValidateRefund_CHC FAILED.
Reason:
java.lang.IllegalStateException: Cannot get a NUMERIC value from a STRING cell
	at org.apache.poi.xssf.usermodel.XSSFCell.typeMismatch(XSSFCell.java:1077)
	at org.apache.poi.xssf.usermodel.XSSFCell.getNumericCellValue(XSSFCell.java:307)
	at POS_AccountCredit_Full_ValidateRefund_CHC.run(POS_AccountCredit_Full_ValidateRefund_CHC:36)
	at com.kms.katalon.core.main.ScriptEngine.run(ScriptEngine.java:194)
	at com.kms.katalon.core.main.ScriptEngine.runScriptAsRawText(ScriptEngine.java:119)
	at com.kms.katalon.core.main.TestCaseExecutor.runScript(TestCaseExecutor.java:448)
	at com.kms.katalon.core.main.TestCaseExecutor.doExecute(TestCaseExecutor.java:439)
	at com.kms.katalon.core.main.TestCaseExecutor.processExecutionPhase(TestCaseExecutor.java:418)
	at com.kms.katalon.core.main.TestCaseExecutor.accessMainPhase(TestCaseExecutor.java:410)
	at com.kms.katalon.core.main.TestCaseExecutor.execute(TestCaseExecutor.java:285)
	at com.kms.katalon.core.common.CommonExecutor.accessTestCaseMainPhase(CommonExecutor.java:65)
	at com.kms.katalon.core.main.TestSuiteExecutor.accessTestSuiteMainPhase(TestSuiteExecutor.java:150)
	at com.kms.katalon.core.main.TestSuiteExecutor.execute(TestSuiteExecutor.java:106)
	at com.kms.katalon.core.main.TestCaseMain.startTestSuite(TestCaseMain.java:180)
	at TempTestSuite1728214655034.run(TempTestSuite1728214655034.groovy:35)
	at java.base/jdk.internal.reflect.NativeMethodAccessorImpl.invoke0(Native Method)
	at java.base/jdk.internal.reflect.NativeMethodAccessorImpl.invoke(NativeMethodAccessorImpl.java:77)
	at java.base/jdk.internal.reflect.DelegatingMethodAccessorImpl.invoke(DelegatingMethodAccessorImpl.java:43)


06-10-2024T22:39:06 - [MESSAGE][ERROR] - Test Cases/CHC_Instance/PointofSale_Module/TS3_POS_AccountCredit_Full_StockReturn/POS_AccountCredit_Full_ValidateRefund_CHC FAILED.
Reason:
java.lang.IllegalStateException: Cannot get a NUMERIC value from a STRING cell
	at org.apache.poi.xssf.usermodel.XSSFCell.typeMismatch(XSSFCell.java:1077)
	at org.apache.poi.xssf.usermodel.XSSFCell.getNumericCellValue(XSSFCell.java:307)
	at POS_AccountCredit_Full_ValidateRefund_CHC.run(POS_AccountCredit_Full_ValidateRefund_CHC:36)
	at com.kms.katalon.core.main.ScriptEngine.run(ScriptEngine.java:194)
	at com.kms.katalon.core.main.ScriptEngine.runScriptAsRawText(ScriptEngine.java:119)
	at com.kms.katalon.core.main.TestCaseExecutor.runScript(TestCaseExecutor.java:448)
	at com.kms.katalon.core.main.TestCaseExecutor.doExecute(TestCaseExecutor.java:439)
	at com.kms.katalon.core.main.TestCaseExecutor.processExecutionPhase(TestCaseExecutor.java:418)
	at com.kms.katalon.core.main.TestCaseExecutor.accessMainPhase(TestCaseExecutor.java:410)
	at com.kms.katalon.core.main.TestCaseExecutor.execute(TestCaseExecutor.java:285)
	at com.kms.katalon.core.common.CommonExecutor.accessTestCaseMainPhase(CommonExecutor.java:65)
	at com.kms.katalon.core.main.TestSuiteExecutor.accessTestSuiteMainPhase(TestSuiteExecutor.java:150)
	at com.kms.katalon.core.main.TestSuiteExecutor.execute(TestSuiteExecutor.java:106)
	at com.kms.katalon.core.main.TestCaseMain.startTestSuite(TestCaseMain.java:180)
	at TempTestSuite1728214655034.run(TempTestSuite1728214655034.groovy:35)
	at java.base/jdk.internal.reflect.NativeMethodAccessorImpl.invoke0(Native Method)
	at java.base/jdk.internal.reflect.NativeMethodAccessorImpl.invoke(NativeMethodAccessorImpl.java:77)
	at java.base/jdk.internal.reflect.DelegatingMethodAccessorImpl.invoke(DelegatingMethodAccessorImpl.java:43)]]></system-out>
         <system-err><![CDATA[06-10-2024T22:39:06 - [TEST_CASE][ERROR] - Test Cases/CHC_Instance/PointofSale_Module/TS3_POS_AccountCredit_Full_StockReturn/POS_AccountCredit_Full_ValidateRefund_CHC: Test Cases/CHC_Instance/PointofSale_Module/TS3_POS_AccountCredit_Full_StockReturn/POS_AccountCredit_Full_ValidateRefund_CHC FAILED.
Reason:
java.lang.IllegalStateException: Cannot get a NUMERIC value from a STRING cell
	at org.apache.poi.xssf.usermodel.XSSFCell.typeMismatch(XSSFCell.java:1077)
	at org.apache.poi.xssf.usermodel.XSSFCell.getNumericCellValue(XSSFCell.java:307)
	at POS_AccountCredit_Full_ValidateRefund_CHC.run(POS_AccountCredit_Full_ValidateRefund_CHC:36)
	at com.kms.katalon.core.main.ScriptEngine.run(ScriptEngine.java:194)
	at com.kms.katalon.core.main.ScriptEngine.runScriptAsRawText(ScriptEngine.java:119)
	at com.kms.katalon.core.main.TestCaseExecutor.runScript(TestCaseExecutor.java:448)
	at com.kms.katalon.core.main.TestCaseExecutor.doExecute(TestCaseExecutor.java:439)
	at com.kms.katalon.core.main.TestCaseExecutor.processExecutionPhase(TestCaseExecutor.java:418)
	at com.kms.katalon.core.main.TestCaseExecutor.accessMainPhase(TestCaseExecutor.java:410)
	at com.kms.katalon.core.main.TestCaseExecutor.execute(TestCaseExecutor.java:285)
	at com.kms.katalon.core.common.CommonExecutor.accessTestCaseMainPhase(CommonExecutor.java:65)
	at com.kms.katalon.core.main.TestSuiteExecutor.accessTestSuiteMainPhase(TestSuiteExecutor.java:150)
	at com.kms.katalon.core.main.TestSuiteExecutor.execute(TestSuiteExecutor.java:106)
	at com.kms.katalon.core.main.TestCaseMain.startTestSuite(TestCaseMain.java:180)
	at TempTestSuite1728214655034.run(TempTestSuite1728214655034.groovy:35)
	at java.base/jdk.internal.reflect.NativeMethodAccessorImpl.invoke0(Native Method)
	at java.base/jdk.internal.reflect.NativeMethodAccessorImpl.invoke(NativeMethodAccessorImpl.java:77)
	at java.base/jdk.internal.reflect.DelegatingMethodAccessorImpl.invoke(DelegatingMethodAccessorImpl.java:43)]]></system-err>
      </testcase>
      <testcase name="Test Cases/CHC_Instance/PointofSale_Module/TS3_POS_AccountCredit_Full_StockReturn/POS_AccountCredit_Full_ValidateStock_CHC" time="0.203" classname="Test Cases/CHC_Instance/PointofSale_Module/TS3_POS_AccountCredit_Full_StockReturn/POS_AccountCredit_Full_ValidateStock_CHC" status="ERROR">
         <error type="ERROR" message="Test Cases/CHC_Instance/PointofSale_Module/TS3_POS_AccountCredit_Full_StockReturn/POS_AccountCredit_Full_ValidateStock_CHC FAILED.&#xa;Reason:&#xa;java.lang.IllegalStateException: Cannot get a NUMERIC value from a STRING cell&#xa;	at org.apache.poi.xssf.usermodel.XSSFCell.typeMismatch(XSSFCell.java:1077)&#xa;	at org.apache.poi.xssf.usermodel.XSSFCell.getNumericCellValue(XSSFCell.java:307)&#xa;	at POS_AccountCredit_Full_ValidateStock_CHC.run(POS_AccountCredit_Full_ValidateStock_CHC:36)&#xa;	at com.kms.katalon.core.main.ScriptEngine.run(ScriptEngine.java:194)&#xa;	at com.kms.katalon.core.main.ScriptEngine.runScriptAsRawText(ScriptEngine.java:119)&#xa;	at com.kms.katalon.core.main.TestCaseExecutor.runScript(TestCaseExecutor.java:448)&#xa;	at com.kms.katalon.core.main.TestCaseExecutor.doExecute(TestCaseExecutor.java:439)&#xa;	at com.kms.katalon.core.main.TestCaseExecutor.processExecutionPhase(TestCaseExecutor.java:418)&#xa;	at com.kms.katalon.core.main.TestCaseExecutor.accessMainPhase(TestCaseExecutor.java:410)&#xa;	at com.kms.katalon.core.main.TestCaseExecutor.execute(TestCaseExecutor.java:285)&#xa;	at com.kms.katalon.core.common.CommonExecutor.accessTestCaseMainPhase(CommonExecutor.java:65)&#xa;	at com.kms.katalon.core.main.TestSuiteExecutor.accessTestSuiteMainPhase(TestSuiteExecutor.java:150)&#xa;	at com.kms.katalon.core.main.TestSuiteExecutor.execute(TestSuiteExecutor.java:106)&#xa;	at com.kms.katalon.core.main.TestCaseMain.startTestSuite(TestCaseMain.java:180)&#xa;	at TempTestSuite1728214655034.run(TempTestSuite1728214655034.groovy:35)&#xa;	at java.base/jdk.internal.reflect.NativeMethodAccessorImpl.invoke0(Native Method)&#xa;	at java.base/jdk.internal.reflect.NativeMethodAccessorImpl.invoke(NativeMethodAccessorImpl.java:77)&#xa;	at java.base/jdk.internal.reflect.DelegatingMethodAccessorImpl.invoke(DelegatingMethodAccessorImpl.java:43)&#xa;"/>
         <system-out><![CDATA[06-10-2024T22:39:06 - [TEST_CASE][ERROR] - Test Cases/CHC_Instance/PointofSale_Module/TS3_POS_AccountCredit_Full_StockReturn/POS_AccountCredit_Full_ValidateStock_CHC: Test Cases/CHC_Instance/PointofSale_Module/TS3_POS_AccountCredit_Full_StockReturn/POS_AccountCredit_Full_ValidateStock_CHC FAILED.
Reason:
java.lang.IllegalStateException: Cannot get a NUMERIC value from a STRING cell
	at org.apache.poi.xssf.usermodel.XSSFCell.typeMismatch(XSSFCell.java:1077)
	at org.apache.poi.xssf.usermodel.XSSFCell.getNumericCellValue(XSSFCell.java:307)
	at POS_AccountCredit_Full_ValidateStock_CHC.run(POS_AccountCredit_Full_ValidateStock_CHC:36)
	at com.kms.katalon.core.main.ScriptEngine.run(ScriptEngine.java:194)
	at com.kms.katalon.core.main.ScriptEngine.runScriptAsRawText(ScriptEngine.java:119)
	at com.kms.katalon.core.main.TestCaseExecutor.runScript(TestCaseExecutor.java:448)
	at com.kms.katalon.core.main.TestCaseExecutor.doExecute(TestCaseExecutor.java:439)
	at com.kms.katalon.core.main.TestCaseExecutor.processExecutionPhase(TestCaseExecutor.java:418)
	at com.kms.katalon.core.main.TestCaseExecutor.accessMainPhase(TestCaseExecutor.java:410)
	at com.kms.katalon.core.main.TestCaseExecutor.execute(TestCaseExecutor.java:285)
	at com.kms.katalon.core.common.CommonExecutor.accessTestCaseMainPhase(CommonExecutor.java:65)
	at com.kms.katalon.core.main.TestSuiteExecutor.accessTestSuiteMainPhase(TestSuiteExecutor.java:150)
	at com.kms.katalon.core.main.TestSuiteExecutor.execute(TestSuiteExecutor.java:106)
	at com.kms.katalon.core.main.TestCaseMain.startTestSuite(TestCaseMain.java:180)
	at TempTestSuite1728214655034.run(TempTestSuite1728214655034.groovy:35)
	at java.base/jdk.internal.reflect.NativeMethodAccessorImpl.invoke0(Native Method)
	at java.base/jdk.internal.reflect.NativeMethodAccessorImpl.invoke(NativeMethodAccessorImpl.java:77)
	at java.base/jdk.internal.reflect.DelegatingMethodAccessorImpl.invoke(DelegatingMethodAccessorImpl.java:43)


06-10-2024T22:39:06 - [TEST_STEP][PASSED] - sourceFile = new java.io.FileInputStream(ExcelFile): null

06-10-2024T22:39:06 - [TEST_STEP][PASSED] - workbook = new org.apache.poi.xssf.usermodel.XSSFWorkbook(sourceFile): null

06-10-2024T22:39:06 - [TEST_STEP][PASSED] - sheet = workbook.getSheet("Sheet1"): null

06-10-2024T22:39:06 - [TEST_STEP][PASSED] - row = sheet.getRow(2): null

06-10-2024T22:39:06 - [TEST_STEP][PASSED] - cell = row.getCell(1): null

06-10-2024T22:39:06 - [TEST_STEP][ERROR] - transactionNumber = String.valueOf(cell.getNumericCellValue()): Test Cases/CHC_Instance/PointofSale_Module/TS3_POS_AccountCredit_Full_StockReturn/POS_AccountCredit_Full_ValidateStock_CHC FAILED.
Reason:
java.lang.IllegalStateException: Cannot get a NUMERIC value from a STRING cell
	at org.apache.poi.xssf.usermodel.XSSFCell.typeMismatch(XSSFCell.java:1077)
	at org.apache.poi.xssf.usermodel.XSSFCell.getNumericCellValue(XSSFCell.java:307)
	at POS_AccountCredit_Full_ValidateStock_CHC.run(POS_AccountCredit_Full_ValidateStock_CHC:36)
	at com.kms.katalon.core.main.ScriptEngine.run(ScriptEngine.java:194)
	at com.kms.katalon.core.main.ScriptEngine.runScriptAsRawText(ScriptEngine.java:119)
	at com.kms.katalon.core.main.TestCaseExecutor.runScript(TestCaseExecutor.java:448)
	at com.kms.katalon.core.main.TestCaseExecutor.doExecute(TestCaseExecutor.java:439)
	at com.kms.katalon.core.main.TestCaseExecutor.processExecutionPhase(TestCaseExecutor.java:418)
	at com.kms.katalon.core.main.TestCaseExecutor.accessMainPhase(TestCaseExecutor.java:410)
	at com.kms.katalon.core.main.TestCaseExecutor.execute(TestCaseExecutor.java:285)
	at com.kms.katalon.core.common.CommonExecutor.accessTestCaseMainPhase(CommonExecutor.java:65)
	at com.kms.katalon.core.main.TestSuiteExecutor.accessTestSuiteMainPhase(TestSuiteExecutor.java:150)
	at com.kms.katalon.core.main.TestSuiteExecutor.execute(TestSuiteExecutor.java:106)
	at com.kms.katalon.core.main.TestCaseMain.startTestSuite(TestCaseMain.java:180)
	at TempTestSuite1728214655034.run(TempTestSuite1728214655034.groovy:35)
	at java.base/jdk.internal.reflect.NativeMethodAccessorImpl.invoke0(Native Method)
	at java.base/jdk.internal.reflect.NativeMethodAccessorImpl.invoke(NativeMethodAccessorImpl.java:77)
	at java.base/jdk.internal.reflect.DelegatingMethodAccessorImpl.invoke(DelegatingMethodAccessorImpl.java:43)


06-10-2024T22:39:06 - [MESSAGE][ERROR] - Test Cases/CHC_Instance/PointofSale_Module/TS3_POS_AccountCredit_Full_StockReturn/POS_AccountCredit_Full_ValidateStock_CHC FAILED.
Reason:
java.lang.IllegalStateException: Cannot get a NUMERIC value from a STRING cell
	at org.apache.poi.xssf.usermodel.XSSFCell.typeMismatch(XSSFCell.java:1077)
	at org.apache.poi.xssf.usermodel.XSSFCell.getNumericCellValue(XSSFCell.java:307)
	at POS_AccountCredit_Full_ValidateStock_CHC.run(POS_AccountCredit_Full_ValidateStock_CHC:36)
	at com.kms.katalon.core.main.ScriptEngine.run(ScriptEngine.java:194)
	at com.kms.katalon.core.main.ScriptEngine.runScriptAsRawText(ScriptEngine.java:119)
	at com.kms.katalon.core.main.TestCaseExecutor.runScript(TestCaseExecutor.java:448)
	at com.kms.katalon.core.main.TestCaseExecutor.doExecute(TestCaseExecutor.java:439)
	at com.kms.katalon.core.main.TestCaseExecutor.processExecutionPhase(TestCaseExecutor.java:418)
	at com.kms.katalon.core.main.TestCaseExecutor.accessMainPhase(TestCaseExecutor.java:410)
	at com.kms.katalon.core.main.TestCaseExecutor.execute(TestCaseExecutor.java:285)
	at com.kms.katalon.core.common.CommonExecutor.accessTestCaseMainPhase(CommonExecutor.java:65)
	at com.kms.katalon.core.main.TestSuiteExecutor.accessTestSuiteMainPhase(TestSuiteExecutor.java:150)
	at com.kms.katalon.core.main.TestSuiteExecutor.execute(TestSuiteExecutor.java:106)
	at com.kms.katalon.core.main.TestCaseMain.startTestSuite(TestCaseMain.java:180)
	at TempTestSuite1728214655034.run(TempTestSuite1728214655034.groovy:35)
	at java.base/jdk.internal.reflect.NativeMethodAccessorImpl.invoke0(Native Method)
	at java.base/jdk.internal.reflect.NativeMethodAccessorImpl.invoke(NativeMethodAccessorImpl.java:77)
	at java.base/jdk.internal.reflect.DelegatingMethodAccessorImpl.invoke(DelegatingMethodAccessorImpl.java:43)]]></system-out>
         <system-err><![CDATA[06-10-2024T22:39:06 - [TEST_CASE][ERROR] - Test Cases/CHC_Instance/PointofSale_Module/TS3_POS_AccountCredit_Full_StockReturn/POS_AccountCredit_Full_ValidateStock_CHC: Test Cases/CHC_Instance/PointofSale_Module/TS3_POS_AccountCredit_Full_StockReturn/POS_AccountCredit_Full_ValidateStock_CHC FAILED.
Reason:
java.lang.IllegalStateException: Cannot get a NUMERIC value from a STRING cell
	at org.apache.poi.xssf.usermodel.XSSFCell.typeMismatch(XSSFCell.java:1077)
	at org.apache.poi.xssf.usermodel.XSSFCell.getNumericCellValue(XSSFCell.java:307)
	at POS_AccountCredit_Full_ValidateStock_CHC.run(POS_AccountCredit_Full_ValidateStock_CHC:36)
	at com.kms.katalon.core.main.ScriptEngine.run(ScriptEngine.java:194)
	at com.kms.katalon.core.main.ScriptEngine.runScriptAsRawText(ScriptEngine.java:119)
	at com.kms.katalon.core.main.TestCaseExecutor.runScript(TestCaseExecutor.java:448)
	at com.kms.katalon.core.main.TestCaseExecutor.doExecute(TestCaseExecutor.java:439)
	at com.kms.katalon.core.main.TestCaseExecutor.processExecutionPhase(TestCaseExecutor.java:418)
	at com.kms.katalon.core.main.TestCaseExecutor.accessMainPhase(TestCaseExecutor.java:410)
	at com.kms.katalon.core.main.TestCaseExecutor.execute(TestCaseExecutor.java:285)
	at com.kms.katalon.core.common.CommonExecutor.accessTestCaseMainPhase(CommonExecutor.java:65)
	at com.kms.katalon.core.main.TestSuiteExecutor.accessTestSuiteMainPhase(TestSuiteExecutor.java:150)
	at com.kms.katalon.core.main.TestSuiteExecutor.execute(TestSuiteExecutor.java:106)
	at com.kms.katalon.core.main.TestCaseMain.startTestSuite(TestCaseMain.java:180)
	at TempTestSuite1728214655034.run(TempTestSuite1728214655034.groovy:35)
	at java.base/jdk.internal.reflect.NativeMethodAccessorImpl.invoke0(Native Method)
	at java.base/jdk.internal.reflect.NativeMethodAccessorImpl.invoke(NativeMethodAccessorImpl.java:77)
	at java.base/jdk.internal.reflect.DelegatingMethodAccessorImpl.invoke(DelegatingMethodAccessorImpl.java:43)]]></system-err>
      </testcase>
      <system-out><![CDATA[06-10-2024T22:37:41 - [TEST_SUITE][ERROR] - TS3_POS_Account_Credit_Full_CHC: Test Cases/CHC_Instance/PointofSale_Module/TS3_POS_AccountCredit_Full_StockReturn/POS_AccountCredit_Full_ValidateRefund_CHC FAILED.
Reason:
java.lang.IllegalStateException: Cannot get a NUMERIC value from a STRING cell
	at org.apache.poi.xssf.usermodel.XSSFCell.typeMismatch(XSSFCell.java:1077)
	at org.apache.poi.xssf.usermodel.XSSFCell.getNumericCellValue(XSSFCell.java:307)
	at POS_AccountCredit_Full_ValidateRefund_CHC.run(POS_AccountCredit_Full_ValidateRefund_CHC:36)
	at com.kms.katalon.core.main.ScriptEngine.run(ScriptEngine.java:194)
	at com.kms.katalon.core.main.ScriptEngine.runScriptAsRawText(ScriptEngine.java:119)
	at com.kms.katalon.core.main.TestCaseExecutor.runScript(TestCaseExecutor.java:448)
	at com.kms.katalon.core.main.TestCaseExecutor.doExecute(TestCaseExecutor.java:439)
	at com.kms.katalon.core.main.TestCaseExecutor.processExecutionPhase(TestCaseExecutor.java:418)
	at com.kms.katalon.core.main.TestCaseExecutor.accessMainPhase(TestCaseExecutor.java:410)
	at com.kms.katalon.core.main.TestCaseExecutor.execute(TestCaseExecutor.java:285)
	at com.kms.katalon.core.common.CommonExecutor.accessTestCaseMainPhase(CommonExecutor.java:65)
	at com.kms.katalon.core.main.TestSuiteExecutor.accessTestSuiteMainPhase(TestSuiteExecutor.java:150)
	at com.kms.katalon.core.main.TestSuiteExecutor.execute(TestSuiteExecutor.java:106)
	at com.kms.katalon.core.main.TestCaseMain.startTestSuite(TestCaseMain.java:180)
	at TempTestSuite1728214655034.run(TempTestSuite1728214655034.groovy:35)
	at java.base/jdk.internal.reflect.NativeMethodAccessorImpl.invoke0(Native Method)
	at java.base/jdk.internal.reflect.NativeMethodAccessorImpl.invoke(NativeMethodAccessorImpl.java:77)
	at java.base/jdk.internal.reflect.DelegatingMethodAccessorImpl.invoke(DelegatingMethodAccessorImpl.java:43)]]></system-out>
      <system-err><![CDATA[06-10-2024T22:37:41 - [TEST_SUITE][ERROR] - TS3_POS_Account_Credit_Full_CHC: Test Cases/CHC_Instance/PointofSale_Module/TS3_POS_AccountCredit_Full_StockReturn/POS_AccountCredit_Full_ValidateRefund_CHC FAILED.
Reason:
java.lang.IllegalStateException: Cannot get a NUMERIC value from a STRING cell
	at org.apache.poi.xssf.usermodel.XSSFCell.typeMismatch(XSSFCell.java:1077)
	at org.apache.poi.xssf.usermodel.XSSFCell.getNumericCellValue(XSSFCell.java:307)
	at POS_AccountCredit_Full_ValidateRefund_CHC.run(POS_AccountCredit_Full_ValidateRefund_CHC:36)
	at com.kms.katalon.core.main.ScriptEngine.run(ScriptEngine.java:194)
	at com.kms.katalon.core.main.ScriptEngine.runScriptAsRawText(ScriptEngine.java:119)
	at com.kms.katalon.core.main.TestCaseExecutor.runScript(TestCaseExecutor.java:448)
	at com.kms.katalon.core.main.TestCaseExecutor.doExecute(TestCaseExecutor.java:439)
	at com.kms.katalon.core.main.TestCaseExecutor.processExecutionPhase(TestCaseExecutor.java:418)
	at com.kms.katalon.core.main.TestCaseExecutor.accessMainPhase(TestCaseExecutor.java:410)
	at com.kms.katalon.core.main.TestCaseExecutor.execute(TestCaseExecutor.java:285)
	at com.kms.katalon.core.common.CommonExecutor.accessTestCaseMainPhase(CommonExecutor.java:65)
	at com.kms.katalon.core.main.TestSuiteExecutor.accessTestSuiteMainPhase(TestSuiteExecutor.java:150)
	at com.kms.katalon.core.main.TestSuiteExecutor.execute(TestSuiteExecutor.java:106)
	at com.kms.katalon.core.main.TestCaseMain.startTestSuite(TestCaseMain.java:180)
	at TempTestSuite1728214655034.run(TempTestSuite1728214655034.groovy:35)
	at java.base/jdk.internal.reflect.NativeMethodAccessorImpl.invoke0(Native Method)
	at java.base/jdk.internal.reflect.NativeMethodAccessorImpl.invoke(NativeMethodAccessorImpl.java:77)
	at java.base/jdk.internal.reflect.DelegatingMethodAccessorImpl.invoke(DelegatingMethodAccessorImpl.java:43)]]></system-err>
   </testsuite>
</testsuites>
