<?xml version="1.0" encoding="UTF-8" standalone="no"?>
<!DOCTYPE log SYSTEM "logger.dtd">
<log>
<record>
  <date>2024-11-07T08:11:11.676325500Z</date>
  <millis>1730967071676</millis>
  <nanos>325500</nanos>
  <sequence>0</sequence>
  <level>START</level>
  <class>com.kms.katalon.core.logging.XmlKeywordLogger</class>
  <method>startSuite</method>
  <thread>1</thread>
  <message>Start Test Suite : Test Suites/Nortruss instance/PointofSale_Module/TS5_POS_CashRefund_Full_NT</message>
  <nestedLevel>0</nestedLevel>
  <escapedJava>false</escapedJava>
  <property name="rerunTestFailImmediately">true</property>
  <property name="retryCount">3</property>
  <property name="name">TS5_POS_CashRefund_Full_NT</property>
  <property name="description"></property>
  <property name="id">Test Suites/Nortruss instance/PointofSale_Module/TS5_POS_CashRefund_Full_NT</property>
</record>
<record>
  <date>2024-11-07T08:11:11.713481500Z</date>
  <millis>1730967071713</millis>
  <nanos>481500</nanos>
  <sequence>1</sequence>
  <level>RUN_DATA</level>
  <class>com.kms.katalon.core.logging.XmlKeywordLogger</class>
  <method>logMessage</method>
  <thread>1</thread>
  <message>hostName = azureuser - 10.192.8.5</message>
  <nestedLevel>0</nestedLevel>
  <escapedJava>false</escapedJava>
  <property name="hostName">azureuser - 10.192.8.5</property>
</record>
<record>
  <date>2024-11-07T08:11:11.714549800Z</date>
  <millis>1730967071714</millis>
  <nanos>549800</nanos>
  <sequence>2</sequence>
  <level>RUN_DATA</level>
  <class>com.kms.katalon.core.logging.XmlKeywordLogger</class>
  <method>logMessage</method>
  <thread>1</thread>
  <message>os = Windows 11 64bit</message>
  <nestedLevel>0</nestedLevel>
  <escapedJava>false</escapedJava>
  <property name="os">Windows 11 64bit</property>
</record>
<record>
  <date>2024-11-07T08:11:11.717637200Z</date>
  <millis>1730967071717</millis>
  <nanos>637200</nanos>
  <sequence>3</sequence>
  <level>RUN_DATA</level>
  <class>com.kms.katalon.core.logging.XmlKeywordLogger</class>
  <method>logMessage</method>
  <thread>1</thread>
  <message>hostAddress = 10.192.8.5</message>
  <nestedLevel>0</nestedLevel>
  <escapedJava>false</escapedJava>
  <property name="hostAddress">10.192.8.5</property>
</record>
<record>
  <date>2024-11-07T08:11:11.717637200Z</date>
  <millis>1730967071717</millis>
  <nanos>637200</nanos>
  <sequence>4</sequence>
  <level>RUN_DATA</level>
  <class>com.kms.katalon.core.logging.XmlKeywordLogger</class>
  <method>logMessage</method>
  <thread>1</thread>
  <message>katalonVersion = 9.7.2.223</message>
  <nestedLevel>0</nestedLevel>
  <escapedJava>false</escapedJava>
  <property name="katalonVersion">9.7.2.223</property>
</record>
<record>
  <date>2024-11-07T08:11:11.996953800Z</date>
  <millis>1730967071996</millis>
  <nanos>953800</nanos>
  <sequence>5</sequence>
  <level>START</level>
  <class>com.kms.katalon.core.logging.XmlKeywordLogger</class>
  <method>startTest</method>
  <thread>1</thread>
  <message>Start Test Case : Test Cases/Nortruss Instance/PointofSale_Module/TS1_POS_CashSale/POS Cash Sale-2014086(TS5)</message>
  <nestedLevel>1</nestedLevel>
  <escapedJava>false</escapedJava>
  <property name="remainingRetryCount">3</property>
  <property name="name">Test Cases/Nortruss Instance/PointofSale_Module/TS1_POS_CashSale/POS Cash Sale-2014086(TS5)</property>
  <property name="description"></property>
  <property name="iteration"></property>
  <property name="id">Test Cases/Nortruss Instance/PointofSale_Module/TS1_POS_CashSale/POS Cash Sale-2014086(TS5)</property>
  <property name="source">C:\Users\azureuser\git\frameworks-regression-test-automation\Test Cases\Nortruss Instance\PointofSale_Module\TS1_POS_CashSale\POS Cash Sale-2014086(TS5).tc</property>
  <property name="tag"></property>
  <property name="isOptional">false</property>
  <property name="currentRetryCount">0</property>
</record>
<record>
  <date>2024-11-07T08:11:12.216957100Z</date>
  <millis>1730967072216</millis>
  <nanos>957100</nanos>
  <sequence>7</sequence>
  <level>INFO</level>
  <class>com.kms.katalon.core.logging.XmlKeywordLogger</class>
  <method>logMessage</method>
  <thread>1</thread>
  <message>(Default) userName = manaki</message>
  <nestedLevel>1</nestedLevel>
  <escapedJava>false</escapedJava>
</record>
<record>
  <date>2024-11-07T08:11:12.259927400Z</date>
  <millis>1730967072259</millis>
  <nanos>927400</nanos>
  <sequence>8</sequence>
  <level>INFO</level>
  <class>com.kms.katalon.core.logging.XmlKeywordLogger</class>
  <method>logMessage</method>
  <thread>1</thread>
  <message>(Default) invoiceNum = </message>
  <nestedLevel>1</nestedLevel>
  <escapedJava>false</escapedJava>
</record>
<record>
  <date>2024-11-07T08:11:12.262927700Z</date>
  <millis>1730967072262</millis>
  <nanos>927700</nanos>
  <sequence>9</sequence>
  <level>INFO</level>
  <class>com.kms.katalon.core.logging.XmlKeywordLogger</class>
  <method>logMessage</method>
  <thread>1</thread>
  <message>(Default) invoiceNumCheck = </message>
  <nestedLevel>1</nestedLevel>
  <escapedJava>false</escapedJava>
</record>
<record>
  <date>2024-11-07T08:11:12.326063800Z</date>
  <millis>1730967072326</millis>
  <nanos>63800</nanos>
  <sequence>10</sequence>
  <level>INFO</level>
  <class>com.kms.katalon.core.logging.XmlKeywordLogger</class>
  <method>logMessage</method>
  <thread>1</thread>
  <message>(Default) ExcelFile = C:\Users\azureuser\Documents\FrameworksAutomationTesting\TestData\NT_Instance\POS_Module\TS5_POS_CashRefundFull_testdata.xlsx</message>
  <nestedLevel>1</nestedLevel>
  <escapedJava>false</escapedJava>
</record>
<record>
  <date>2024-11-07T08:11:13.059085300Z</date>
  <millis>1730967073059</millis>
  <nanos>85300</nanos>
  <sequence>11</sequence>
  <level>START</level>
  <class>com.kms.katalon.core.logging.XmlKeywordLogger</class>
  <method>startKeyword</method>
  <thread>1</thread>
  <message>Start action : openBrowser(&amp;quot;&amp;quot;)</message>
  <nestedLevel>1</nestedLevel>
  <escapedJava>false</escapedJava>
  <property name="startLine">26</property>
  <property name="stepIndex">1</property>
</record>
<record>
  <date>2024-11-07T08:11:13.629678400Z</date>
  <millis>1730967073629</millis>
  <nanos>678400</nanos>
  <sequence>13</sequence>
  <level>INFO</level>
  <class>com.kms.katalon.core.logging.XmlKeywordLogger</class>
  <method>logMessage</method>
  <thread>1</thread>
  <message>Starting &amp;apos;Chrome&amp;apos; driver</message>
  <nestedLevel>1</nestedLevel>
  <escapedJava>false</escapedJava>
</record>
<record>
  <date>2024-11-07T08:11:13.720796300Z</date>
  <millis>1730967073720</millis>
  <nanos>796300</nanos>
  <sequence>15</sequence>
  <level>INFO</level>
  <class>com.kms.katalon.core.logging.XmlKeywordLogger</class>
  <method>logMessage</method>
  <thread>1</thread>
  <message>Action delay is set to 0 milliseconds</message>
  <nestedLevel>1</nestedLevel>
  <escapedJava>false</escapedJava>
</record>
<record>
  <date>2024-11-07T08:11:16.024434500Z</date>
  <millis>1730967076024</millis>
  <nanos>434500</nanos>
  <sequence>17</sequence>
  <level>RUN_DATA</level>
  <class>com.kms.katalon.core.logging.XmlKeywordLogger</class>
  <method>logMessage</method>
  <thread>1</thread>
  <message>sessionId = fa59a15311cfef5cc7d391efd235d973</message>
  <nestedLevel>1</nestedLevel>
  <escapedJava>false</escapedJava>
  <property name="sessionId">fa59a15311cfef5cc7d391efd235d973</property>
</record>
<record>
  <date>2024-11-07T08:11:16.047625100Z</date>
  <millis>1730967076047</millis>
  <nanos>625100</nanos>
  <sequence>18</sequence>
  <level>RUN_DATA</level>
  <class>com.kms.katalon.core.logging.XmlKeywordLogger</class>
  <method>logMessage</method>
  <thread>1</thread>
  <message>browser = Chrome 130.0.0.0</message>
  <nestedLevel>1</nestedLevel>
  <escapedJava>false</escapedJava>
  <property name="browser">Chrome 130.0.0.0</property>
</record>
<record>
  <date>2024-11-07T08:11:16.048626700Z</date>
  <millis>1730967076048</millis>
  <nanos>626700</nanos>
  <sequence>19</sequence>
  <level>RUN_DATA</level>
  <class>com.kms.katalon.core.logging.XmlKeywordLogger</class>
  <method>logMessage</method>
  <thread>1</thread>
  <message>platform = Windows 11</message>
  <nestedLevel>1</nestedLevel>
  <escapedJava>false</escapedJava>
  <property name="platform">Windows 11</property>
</record>
<record>
  <date>2024-11-07T08:11:16.048626700Z</date>
  <millis>1730967076048</millis>
  <nanos>626700</nanos>
  <sequence>20</sequence>
  <level>RUN_DATA</level>
  <class>com.kms.katalon.core.logging.XmlKeywordLogger</class>
  <method>logMessage</method>
  <thread>1</thread>
  <message>seleniumVersion = 3.141.59</message>
  <nestedLevel>1</nestedLevel>
  <escapedJava>false</escapedJava>
  <property name="seleniumVersion">3.141.59</property>
</record>
<record>
  <date>2024-11-07T08:11:16.049627900Z</date>
  <millis>1730967076049</millis>
  <nanos>627900</nanos>
  <sequence>21</sequence>
  <level>RUN_DATA</level>
  <class>com.kms.katalon.core.logging.XmlKeywordLogger</class>
  <method>logMessage</method>
  <thread>1</thread>
  <message>proxyInformation = ProxyInformation { proxyOption=NO_PROXY, proxyServerType=HTTP, username=, password=********, proxyServerAddress=, proxyServerPort=0, executionList=&amp;quot;&amp;quot;, isApplyToDesiredCapabilities=true }</message>
  <nestedLevel>1</nestedLevel>
  <escapedJava>false</escapedJava>
  <property name="proxyInformation">ProxyInformation { proxyOption=NO_PROXY, proxyServerType=HTTP, username=, password=********, proxyServerAddress=, proxyServerPort=0, executionList=&quot;&quot;, isApplyToDesiredCapabilities=true }</property>
</record>
<record>
  <date>2024-11-07T08:11:16.064304600Z</date>
  <millis>1730967076064</millis>
  <nanos>304600</nanos>
  <sequence>22</sequence>
  <level>PASSED</level>
  <class>com.kms.katalon.core.logging.XmlKeywordLogger</class>
  <method>logMessage</method>
  <thread>1</thread>
  <message>Browser is opened with url: &amp;apos;&amp;apos;</message>
  <nestedLevel>1</nestedLevel>
  <escapedJava>false</escapedJava>
  <property name="testops-method-name">com.kms.katalon.core.webui.keyword.builtin.OpenBrowserKeyword.openBrowser</property>
  <property name="testops-execution-stacktrace"></property>
</record>
<record>
  <date>2024-11-07T08:11:16.067304Z</date>
  <millis>1730967076067</millis>
  <nanos>304000</nanos>
  <sequence>23</sequence>
  <level>END</level>
  <class>com.kms.katalon.core.logging.XmlKeywordLogger</class>
  <method>endKeyword</method>
  <thread>1</thread>
  <message>End action : openBrowser(&amp;quot;&amp;quot;)</message>
  <nestedLevel>1</nestedLevel>
  <escapedJava>false</escapedJava>
</record>
<record>
  <date>2024-11-07T08:11:16.070304Z</date>
  <millis>1730967076070</millis>
  <nanos>304000</nanos>
  <sequence>24</sequence>
  <level>START</level>
  <class>com.kms.katalon.core.logging.XmlKeywordLogger</class>
  <method>startKeyword</method>
  <thread>1</thread>
  <message>Start action : maximizeWindow()</message>
  <nestedLevel>1</nestedLevel>
  <escapedJava>false</escapedJava>
  <property name="startLine">28</property>
  <property name="stepIndex">2</property>
</record>
<record>
  <date>2024-11-07T08:11:16.263314900Z</date>
  <millis>1730967076263</millis>
  <nanos>314900</nanos>
  <sequence>26</sequence>
  <level>PASSED</level>
  <class>com.kms.katalon.core.logging.XmlKeywordLogger</class>
  <method>logMessage</method>
  <thread>1</thread>
  <message>Current window maximized</message>
  <nestedLevel>1</nestedLevel>
  <escapedJava>false</escapedJava>
  <property name="testops-method-name">com.kms.katalon.core.webui.keyword.builtin.MaximizeWindowKeyword.maximizeWindow</property>
  <property name="testops-execution-stacktrace"></property>
</record>
<record>
  <date>2024-11-07T08:11:16.266315600Z</date>
  <millis>1730967076266</millis>
  <nanos>315600</nanos>
  <sequence>27</sequence>
  <level>END</level>
  <class>com.kms.katalon.core.logging.XmlKeywordLogger</class>
  <method>endKeyword</method>
  <thread>1</thread>
  <message>End action : maximizeWindow()</message>
  <nestedLevel>1</nestedLevel>
  <escapedJava>false</escapedJava>
</record>
<record>
  <date>2024-11-07T08:11:16.266315600Z</date>
  <millis>1730967076266</millis>
  <nanos>315600</nanos>
  <sequence>28</sequence>
  <level>START</level>
  <class>com.kms.katalon.core.logging.XmlKeywordLogger</class>
  <method>startKeyword</method>
  <thread>1</thread>
  <message>Start action : navigateToUrl(&amp;quot;http://frameworks.nt.nortruss.com.au:8080/FWDemo/Fluid.html#homeDashboard,dash,Frameworks.Activity.Menu.HomeDashBoard&amp;quot;)</message>
  <nestedLevel>1</nestedLevel>
  <escapedJava>false</escapedJava>
  <property name="startLine">30</property>
  <property name="stepIndex">3</property>
</record>
<record>
  <date>2024-11-07T08:11:22.514613400Z</date>
  <millis>1730967082514</millis>
  <nanos>613400</nanos>
  <sequence>31</sequence>
  <level>PASSED</level>
  <class>com.kms.katalon.core.logging.XmlKeywordLogger</class>
  <method>logMessage</method>
  <thread>1</thread>
  <message>Navigate to &amp;apos;http://frameworks.nt.nortruss.com.au:8080/FWDemo/Fluid.html#homeDashboard,dash,Frameworks.Activity.Menu.HomeDashBoard&amp;apos; successfully</message>
  <nestedLevel>1</nestedLevel>
  <escapedJava>false</escapedJava>
  <property name="testops-method-name">com.kms.katalon.core.webui.keyword.builtin.NavigateToUrlKeyword.navigateToUrl</property>
  <property name="testops-execution-stacktrace"></property>
</record>
<record>
  <date>2024-11-07T08:11:22.518612Z</date>
  <millis>1730967082518</millis>
  <nanos>612000</nanos>
  <sequence>32</sequence>
  <level>END</level>
  <class>com.kms.katalon.core.logging.XmlKeywordLogger</class>
  <method>endKeyword</method>
  <thread>1</thread>
  <message>End action : navigateToUrl(&amp;quot;http://frameworks.nt.nortruss.com.au:8080/FWDemo/Fluid.html#homeDashboard,dash,Frameworks.Activity.Menu.HomeDashBoard&amp;quot;)</message>
  <nestedLevel>1</nestedLevel>
  <escapedJava>false</escapedJava>
</record>
<record>
  <date>2024-11-07T08:11:22.520612Z</date>
  <millis>1730967082520</millis>
  <nanos>612000</nanos>
  <sequence>33</sequence>
  <level>START</level>
  <class>com.kms.katalon.core.logging.XmlKeywordLogger</class>
  <method>startKeyword</method>
  <thread>1</thread>
  <message>Start action : setText(findTestObject(&amp;quot;Object Repository/Page_Frameworks (Demo)/input_User ID_userid&amp;quot;), &amp;quot;manaki&amp;quot;)</message>
  <nestedLevel>1</nestedLevel>
  <escapedJava>false</escapedJava>
  <property name="startLine">32</property>
  <property name="stepIndex">4</property>
</record>
<record>
  <date>2024-11-07T08:11:27.290719300Z</date>
  <millis>1730967087290</millis>
  <nanos>719300</nanos>
  <sequence>59</sequence>
  <level>PASSED</level>
  <class>com.kms.katalon.core.logging.XmlKeywordLogger</class>
  <method>logMessage</method>
  <thread>1</thread>
  <message>Text &amp;apos;manaki&amp;apos; is set on object &amp;apos;Object Repository/Page_Frameworks (Demo)/input_User ID_userid&amp;apos;</message>
  <nestedLevel>1</nestedLevel>
  <escapedJava>false</escapedJava>
  <property name="testops-method-name">com.kms.katalon.core.webui.keyword.builtin.SetTextKeyword.setText</property>
  <property name="testops-execution-stacktrace"></property>
</record>
<record>
  <date>2024-11-07T08:11:27.297719800Z</date>
  <millis>1730967087297</millis>
  <nanos>719800</nanos>
  <sequence>60</sequence>
  <level>END</level>
  <class>com.kms.katalon.core.logging.XmlKeywordLogger</class>
  <method>endKeyword</method>
  <thread>1</thread>
  <message>End action : setText(findTestObject(&amp;quot;Object Repository/Page_Frameworks (Demo)/input_User ID_userid&amp;quot;), &amp;quot;manaki&amp;quot;)</message>
  <nestedLevel>1</nestedLevel>
  <escapedJava>false</escapedJava>
</record>
<record>
  <date>2024-11-07T08:11:27.297719800Z</date>
  <millis>1730967087297</millis>
  <nanos>719800</nanos>
  <sequence>61</sequence>
  <level>START</level>
  <class>com.kms.katalon.core.logging.XmlKeywordLogger</class>
  <method>startKeyword</method>
  <thread>1</thread>
  <message>Start action : setEncryptedText(findTestObject(&amp;quot;Object Repository/Page_Frameworks (Demo)/input_Password_password&amp;quot;), &amp;quot;C5+8mNJ15mA=&amp;quot;)</message>
  <nestedLevel>1</nestedLevel>
  <escapedJava>false</escapedJava>
  <property name="startLine">34</property>
  <property name="stepIndex">5</property>
</record>
<record>
  <date>2024-11-07T08:11:27.786069900Z</date>
  <millis>1730967087786</millis>
  <nanos>69900</nanos>
  <sequence>72</sequence>
  <level>PASSED</level>
  <class>com.kms.katalon.core.logging.XmlKeywordLogger</class>
  <method>logMessage</method>
  <thread>1</thread>
  <message>Text ****** has been set on object &amp;apos;Object Repository/Page_Frameworks (Demo)/input_Password_password&amp;apos;</message>
  <nestedLevel>1</nestedLevel>
  <escapedJava>false</escapedJava>
  <property name="testops-method-name">com.kms.katalon.core.webui.keyword.builtin.SetEncryptedTextKeyword.setEncryptedText</property>
  <property name="testops-execution-stacktrace"></property>
</record>
<record>
  <date>2024-11-07T08:11:27.789063500Z</date>
  <millis>1730967087789</millis>
  <nanos>63500</nanos>
  <sequence>73</sequence>
  <level>END</level>
  <class>com.kms.katalon.core.logging.XmlKeywordLogger</class>
  <method>endKeyword</method>
  <thread>1</thread>
  <message>End action : setEncryptedText(findTestObject(&amp;quot;Object Repository/Page_Frameworks (Demo)/input_Password_password&amp;quot;), &amp;quot;C5+8mNJ15mA=&amp;quot;)</message>
  <nestedLevel>1</nestedLevel>
  <escapedJava>false</escapedJava>
</record>
<record>
  <date>2024-11-07T08:11:27.789063500Z</date>
  <millis>1730967087789</millis>
  <nanos>63500</nanos>
  <sequence>74</sequence>
  <level>START</level>
  <class>com.kms.katalon.core.logging.XmlKeywordLogger</class>
  <method>startKeyword</method>
  <thread>1</thread>
  <message>Start action : click(findTestObject(&amp;quot;Object Repository/Page_Frameworks (Demo)/div_Login&amp;quot;))</message>
  <nestedLevel>1</nestedLevel>
  <escapedJava>false</escapedJava>
  <property name="startLine">36</property>
  <property name="stepIndex">6</property>
</record>
<record>
  <date>2024-11-07T08:11:28.392285300Z</date>
  <millis>1730967088392</millis>
  <nanos>285300</nanos>
  <sequence>84</sequence>
  <level>PASSED</level>
  <class>com.kms.katalon.core.logging.XmlKeywordLogger</class>
  <method>logMessage</method>
  <thread>1</thread>
  <message>Object: &amp;apos;Object Repository/Page_Frameworks (Demo)/div_Login&amp;apos; is clicked on</message>
  <nestedLevel>1</nestedLevel>
  <escapedJava>false</escapedJava>
  <property name="testops-method-name">com.kms.katalon.core.webui.keyword.builtin.ClickKeyword.click</property>
  <property name="testops-execution-stacktrace"></property>
</record>
<record>
  <date>2024-11-07T08:11:28.395285700Z</date>
  <millis>1730967088395</millis>
  <nanos>285700</nanos>
  <sequence>85</sequence>
  <level>END</level>
  <class>com.kms.katalon.core.logging.XmlKeywordLogger</class>
  <method>endKeyword</method>
  <thread>1</thread>
  <message>End action : click(findTestObject(&amp;quot;Object Repository/Page_Frameworks (Demo)/div_Login&amp;quot;))</message>
  <nestedLevel>1</nestedLevel>
  <escapedJava>false</escapedJava>
</record>
<record>
  <date>2024-11-07T08:11:28.395285700Z</date>
  <millis>1730967088395</millis>
  <nanos>285700</nanos>
  <sequence>86</sequence>
  <level>START</level>
  <class>com.kms.katalon.core.logging.XmlKeywordLogger</class>
  <method>startKeyword</method>
  <thread>1</thread>
  <message>Start action : click(findTestObject(&amp;quot;Object Repository/Page_Frameworks (Demo)/img_FW&amp;quot;))</message>
  <nestedLevel>1</nestedLevel>
  <escapedJava>false</escapedJava>
  <property name="startLine">38</property>
  <property name="stepIndex">7</property>
</record>
<record>
  <date>2024-11-07T08:11:33.121425900Z</date>
  <millis>1730967093121</millis>
  <nanos>425900</nanos>
  <sequence>96</sequence>
  <level>PASSED</level>
  <class>com.kms.katalon.core.logging.XmlKeywordLogger</class>
  <method>logMessage</method>
  <thread>1</thread>
  <message>Object: &amp;apos;Object Repository/Page_Frameworks (Demo)/img_FW&amp;apos; is clicked on</message>
  <nestedLevel>1</nestedLevel>
  <escapedJava>false</escapedJava>
  <property name="testops-method-name">com.kms.katalon.core.webui.keyword.builtin.ClickKeyword.click</property>
  <property name="testops-execution-stacktrace"></property>
</record>
<record>
  <date>2024-11-07T08:11:33.124427Z</date>
  <millis>1730967093124</millis>
  <nanos>427000</nanos>
  <sequence>97</sequence>
  <level>END</level>
  <class>com.kms.katalon.core.logging.XmlKeywordLogger</class>
  <method>endKeyword</method>
  <thread>1</thread>
  <message>End action : click(findTestObject(&amp;quot;Object Repository/Page_Frameworks (Demo)/img_FW&amp;quot;))</message>
  <nestedLevel>1</nestedLevel>
  <escapedJava>false</escapedJava>
</record>
<record>
  <date>2024-11-07T08:11:33.124427Z</date>
  <millis>1730967093124</millis>
  <nanos>427000</nanos>
  <sequence>98</sequence>
  <level>START</level>
  <class>com.kms.katalon.core.logging.XmlKeywordLogger</class>
  <method>startKeyword</method>
  <thread>1</thread>
  <message>Start action : click(findTestObject(&amp;quot;Object Repository/Page_Frameworks (Demo)/b_Transaction Processing&amp;quot;))</message>
  <nestedLevel>1</nestedLevel>
  <escapedJava>false</escapedJava>
  <property name="startLine">40</property>
  <property name="stepIndex">8</property>
</record>
<record>
  <date>2024-11-07T08:11:34.162840700Z</date>
  <millis>1730967094162</millis>
  <nanos>840700</nanos>
  <sequence>108</sequence>
  <level>PASSED</level>
  <class>com.kms.katalon.core.logging.XmlKeywordLogger</class>
  <method>logMessage</method>
  <thread>1</thread>
  <message>Object: &amp;apos;Object Repository/Page_Frameworks (Demo)/b_Transaction Processing&amp;apos; is clicked on</message>
  <nestedLevel>1</nestedLevel>
  <escapedJava>false</escapedJava>
  <property name="testops-method-name">com.kms.katalon.core.webui.keyword.builtin.ClickKeyword.click</property>
  <property name="testops-execution-stacktrace"></property>
</record>
<record>
  <date>2024-11-07T08:11:34.165840600Z</date>
  <millis>1730967094165</millis>
  <nanos>840600</nanos>
  <sequence>109</sequence>
  <level>END</level>
  <class>com.kms.katalon.core.logging.XmlKeywordLogger</class>
  <method>endKeyword</method>
  <thread>1</thread>
  <message>End action : click(findTestObject(&amp;quot;Object Repository/Page_Frameworks (Demo)/b_Transaction Processing&amp;quot;))</message>
  <nestedLevel>1</nestedLevel>
  <escapedJava>false</escapedJava>
</record>
<record>
  <date>2024-11-07T08:11:34.166842Z</date>
  <millis>1730967094166</millis>
  <nanos>842000</nanos>
  <sequence>110</sequence>
  <level>START</level>
  <class>com.kms.katalon.core.logging.XmlKeywordLogger</class>
  <method>startKeyword</method>
  <thread>1</thread>
  <message>Start action : click(findTestObject(&amp;quot;Object Repository/Page_Frameworks (Demo)/td_Point Of Sale&amp;quot;))</message>
  <nestedLevel>1</nestedLevel>
  <escapedJava>false</escapedJava>
  <property name="startLine">42</property>
  <property name="stepIndex">9</property>
</record>
<record>
  <date>2024-11-07T08:11:34.979112500Z</date>
  <millis>1730967094979</millis>
  <nanos>112500</nanos>
  <sequence>120</sequence>
  <level>PASSED</level>
  <class>com.kms.katalon.core.logging.XmlKeywordLogger</class>
  <method>logMessage</method>
  <thread>1</thread>
  <message>Object: &amp;apos;Object Repository/Page_Frameworks (Demo)/td_Point Of Sale&amp;apos; is clicked on</message>
  <nestedLevel>1</nestedLevel>
  <escapedJava>false</escapedJava>
  <property name="testops-method-name">com.kms.katalon.core.webui.keyword.builtin.ClickKeyword.click</property>
  <property name="testops-execution-stacktrace"></property>
</record>
<record>
  <date>2024-11-07T08:11:34.981113900Z</date>
  <millis>1730967094981</millis>
  <nanos>113900</nanos>
  <sequence>121</sequence>
  <level>END</level>
  <class>com.kms.katalon.core.logging.XmlKeywordLogger</class>
  <method>endKeyword</method>
  <thread>1</thread>
  <message>End action : click(findTestObject(&amp;quot;Object Repository/Page_Frameworks (Demo)/td_Point Of Sale&amp;quot;))</message>
  <nestedLevel>1</nestedLevel>
  <escapedJava>false</escapedJava>
</record>
<record>
  <date>2024-11-07T08:11:34.982124Z</date>
  <millis>1730967094982</millis>
  <nanos>124000</nanos>
  <sequence>122</sequence>
  <level>START</level>
  <class>com.kms.katalon.core.logging.XmlKeywordLogger</class>
  <method>startKeyword</method>
  <thread>1</thread>
  <message>Start action : setEncryptedText(findTestObject(&amp;quot;Object Repository/Page_Frameworks (Demo)/input_Operator No_operatorId&amp;quot;), &amp;quot;uzzxF8+Oh1A=&amp;quot;)</message>
  <nestedLevel>1</nestedLevel>
  <escapedJava>false</escapedJava>
  <property name="startLine">44</property>
  <property name="stepIndex">10</property>
</record>
<record>
  <date>2024-11-07T08:11:38.390607800Z</date>
  <millis>1730967098390</millis>
  <nanos>607800</nanos>
  <sequence>133</sequence>
  <level>PASSED</level>
  <class>com.kms.katalon.core.logging.XmlKeywordLogger</class>
  <method>logMessage</method>
  <thread>1</thread>
  <message>Text ****** has been set on object &amp;apos;Object Repository/Page_Frameworks (Demo)/input_Operator No_operatorId&amp;apos;</message>
  <nestedLevel>1</nestedLevel>
  <escapedJava>false</escapedJava>
  <property name="testops-method-name">com.kms.katalon.core.webui.keyword.builtin.SetEncryptedTextKeyword.setEncryptedText</property>
  <property name="testops-execution-stacktrace"></property>
</record>
<record>
  <date>2024-11-07T08:11:38.393329700Z</date>
  <millis>1730967098393</millis>
  <nanos>329700</nanos>
  <sequence>134</sequence>
  <level>END</level>
  <class>com.kms.katalon.core.logging.XmlKeywordLogger</class>
  <method>endKeyword</method>
  <thread>1</thread>
  <message>End action : setEncryptedText(findTestObject(&amp;quot;Object Repository/Page_Frameworks (Demo)/input_Operator No_operatorId&amp;quot;), &amp;quot;uzzxF8+Oh1A=&amp;quot;)</message>
  <nestedLevel>1</nestedLevel>
  <escapedJava>false</escapedJava>
</record>
<record>
  <date>2024-11-07T08:11:38.394031Z</date>
  <millis>1730967098394</millis>
  <nanos>31000</nanos>
  <sequence>135</sequence>
  <level>START</level>
  <class>com.kms.katalon.core.logging.XmlKeywordLogger</class>
  <method>startKeyword</method>
  <thread>1</thread>
  <message>Start action : setEncryptedText(findTestObject(&amp;quot;Object Repository/Page_Frameworks (Demo)/input_PIN_pin&amp;quot;), &amp;quot;uzzxF8+Oh1A=&amp;quot;)</message>
  <nestedLevel>1</nestedLevel>
  <escapedJava>false</escapedJava>
  <property name="startLine">46</property>
  <property name="stepIndex">11</property>
</record>
<record>
  <date>2024-11-07T08:11:38.822343500Z</date>
  <millis>1730967098822</millis>
  <nanos>343500</nanos>
  <sequence>146</sequence>
  <level>PASSED</level>
  <class>com.kms.katalon.core.logging.XmlKeywordLogger</class>
  <method>logMessage</method>
  <thread>1</thread>
  <message>Text ****** has been set on object &amp;apos;Object Repository/Page_Frameworks (Demo)/input_PIN_pin&amp;apos;</message>
  <nestedLevel>1</nestedLevel>
  <escapedJava>false</escapedJava>
  <property name="testops-method-name">com.kms.katalon.core.webui.keyword.builtin.SetEncryptedTextKeyword.setEncryptedText</property>
  <property name="testops-execution-stacktrace"></property>
</record>
<record>
  <date>2024-11-07T08:11:38.824343300Z</date>
  <millis>1730967098824</millis>
  <nanos>343300</nanos>
  <sequence>147</sequence>
  <level>END</level>
  <class>com.kms.katalon.core.logging.XmlKeywordLogger</class>
  <method>endKeyword</method>
  <thread>1</thread>
  <message>End action : setEncryptedText(findTestObject(&amp;quot;Object Repository/Page_Frameworks (Demo)/input_PIN_pin&amp;quot;), &amp;quot;uzzxF8+Oh1A=&amp;quot;)</message>
  <nestedLevel>1</nestedLevel>
  <escapedJava>false</escapedJava>
</record>
<record>
  <date>2024-11-07T08:11:38.825343100Z</date>
  <millis>1730967098825</millis>
  <nanos>343100</nanos>
  <sequence>148</sequence>
  <level>START</level>
  <class>com.kms.katalon.core.logging.XmlKeywordLogger</class>
  <method>startKeyword</method>
  <thread>1</thread>
  <message>Start action : click(findTestObject(&amp;quot;Object Repository/Page_Frameworks (Demo)/div_OK&amp;quot;))</message>
  <nestedLevel>1</nestedLevel>
  <escapedJava>false</escapedJava>
  <property name="startLine">48</property>
  <property name="stepIndex">12</property>
</record>
<record>
  <date>2024-11-07T08:11:40.000804600Z</date>
  <millis>1730967100000</millis>
  <nanos>804600</nanos>
  <sequence>158</sequence>
  <level>PASSED</level>
  <class>com.kms.katalon.core.logging.XmlKeywordLogger</class>
  <method>logMessage</method>
  <thread>1</thread>
  <message>Object: &amp;apos;Object Repository/Page_Frameworks (Demo)/div_OK&amp;apos; is clicked on</message>
  <nestedLevel>1</nestedLevel>
  <escapedJava>false</escapedJava>
  <property name="testops-method-name">com.kms.katalon.core.webui.keyword.builtin.ClickKeyword.click</property>
  <property name="testops-execution-stacktrace"></property>
</record>
<record>
  <date>2024-11-07T08:11:40.005206900Z</date>
  <millis>1730967100005</millis>
  <nanos>206900</nanos>
  <sequence>159</sequence>
  <level>END</level>
  <class>com.kms.katalon.core.logging.XmlKeywordLogger</class>
  <method>endKeyword</method>
  <thread>1</thread>
  <message>End action : click(findTestObject(&amp;quot;Object Repository/Page_Frameworks (Demo)/div_OK&amp;quot;))</message>
  <nestedLevel>1</nestedLevel>
  <escapedJava>false</escapedJava>
</record>
<record>
  <date>2024-11-07T08:11:40.007061700Z</date>
  <millis>1730967100007</millis>
  <nanos>61700</nanos>
  <sequence>160</sequence>
  <level>START</level>
  <class>com.kms.katalon.core.logging.XmlKeywordLogger</class>
  <method>startKeyword</method>
  <thread>1</thread>
  <message>Start action : invoiceNum = getText(findTestObject(&amp;quot;Object Repository/Page_Frameworks (Demo)/div_invoiceNum&amp;quot;))</message>
  <nestedLevel>1</nestedLevel>
  <escapedJava>false</escapedJava>
  <property name="startLine">50</property>
  <property name="stepIndex">13</property>
</record>
<record>
  <date>2024-11-07T08:11:41.745771600Z</date>
  <millis>1730967101745</millis>
  <nanos>771600</nanos>
  <sequence>169</sequence>
  <level>PASSED</level>
  <class>com.kms.katalon.core.logging.XmlKeywordLogger</class>
  <method>logMessage</method>
  <thread>1</thread>
  <message>Text of object &amp;apos;Object Repository/Page_Frameworks (Demo)/div_invoiceNum&amp;apos; is: &amp;apos;40559313&amp;apos;</message>
  <nestedLevel>1</nestedLevel>
  <escapedJava>false</escapedJava>
  <property name="testops-method-name">com.kms.katalon.core.webui.keyword.builtin.GetTextKeyword.getText</property>
  <property name="testops-execution-stacktrace"></property>
</record>
<record>
  <date>2024-11-07T08:11:41.747769900Z</date>
  <millis>1730967101747</millis>
  <nanos>769900</nanos>
  <sequence>170</sequence>
  <level>END</level>
  <class>com.kms.katalon.core.logging.XmlKeywordLogger</class>
  <method>endKeyword</method>
  <thread>1</thread>
  <message>End action : invoiceNum = getText(findTestObject(&amp;quot;Object Repository/Page_Frameworks (Demo)/div_invoiceNum&amp;quot;))</message>
  <nestedLevel>1</nestedLevel>
  <escapedJava>false</escapedJava>
</record>
<record>
  <date>2024-11-07T08:11:41.747769900Z</date>
  <millis>1730967101747</millis>
  <nanos>769900</nanos>
  <sequence>171</sequence>
  <level>START</level>
  <class>com.kms.katalon.core.logging.XmlKeywordLogger</class>
  <method>startKeyword</method>
  <thread>1</thread>
  <message>Start action : println(invoiceNum)</message>
  <nestedLevel>1</nestedLevel>
  <escapedJava>false</escapedJava>
  <property name="startLine">52</property>
  <property name="stepIndex">14</property>
</record>
<record>
  <date>2024-11-07T08:11:41.752291Z</date>
  <millis>1730967101752</millis>
  <nanos>291000</nanos>
  <sequence>172</sequence>
  <level>END</level>
  <class>com.kms.katalon.core.logging.XmlKeywordLogger</class>
  <method>endKeyword</method>
  <thread>1</thread>
  <message>End action : println(invoiceNum)</message>
  <nestedLevel>1</nestedLevel>
  <escapedJava>false</escapedJava>
</record>
<record>
  <date>2024-11-07T08:11:41.752291Z</date>
  <millis>1730967101752</millis>
  <nanos>291000</nanos>
  <sequence>173</sequence>
  <level>START</level>
  <class>com.kms.katalon.core.logging.XmlKeywordLogger</class>
  <method>startKeyword</method>
  <thread>1</thread>
  <message>Start action : setText(findTestObject(&amp;quot;Object Repository/Page_Frameworks (Demo)/input_P_prodId&amp;quot;), &amp;quot;2014086&amp;quot;)</message>
  <nestedLevel>1</nestedLevel>
  <escapedJava>false</escapedJava>
  <property name="startLine">54</property>
  <property name="stepIndex">15</property>
</record>
<record>
  <date>2024-11-07T08:11:42.742191Z</date>
  <millis>1730967102742</millis>
  <nanos>191000</nanos>
  <sequence>189</sequence>
  <level>PASSED</level>
  <class>com.kms.katalon.core.logging.XmlKeywordLogger</class>
  <method>logMessage</method>
  <thread>1</thread>
  <message>Text &amp;apos;2014086&amp;apos; is set on object &amp;apos;Object Repository/Page_Frameworks (Demo)/input_P_prodId&amp;apos;</message>
  <nestedLevel>1</nestedLevel>
  <escapedJava>false</escapedJava>
  <property name="testops-method-name">com.kms.katalon.core.webui.keyword.builtin.SetTextKeyword.setText</property>
  <property name="testops-execution-stacktrace"></property>
</record>
<record>
  <date>2024-11-07T08:11:42.746382500Z</date>
  <millis>1730967102746</millis>
  <nanos>382500</nanos>
  <sequence>190</sequence>
  <level>END</level>
  <class>com.kms.katalon.core.logging.XmlKeywordLogger</class>
  <method>endKeyword</method>
  <thread>1</thread>
  <message>End action : setText(findTestObject(&amp;quot;Object Repository/Page_Frameworks (Demo)/input_P_prodId&amp;quot;), &amp;quot;2014086&amp;quot;)</message>
  <nestedLevel>1</nestedLevel>
  <escapedJava>false</escapedJava>
</record>
<record>
  <date>2024-11-07T08:11:42.746382500Z</date>
  <millis>1730967102746</millis>
  <nanos>382500</nanos>
  <sequence>191</sequence>
  <level>START</level>
  <class>com.kms.katalon.core.logging.XmlKeywordLogger</class>
  <method>startKeyword</method>
  <thread>1</thread>
  <message>Start action : click(findTestObject(&amp;quot;Object Repository/Page_Frameworks (Demo)/input_Quantity_quantityOrdered&amp;quot;))</message>
  <nestedLevel>1</nestedLevel>
  <escapedJava>false</escapedJava>
  <property name="startLine">56</property>
  <property name="stepIndex">16</property>
</record>
<record>
  <date>2024-11-07T08:11:43.278185200Z</date>
  <millis>1730967103278</millis>
  <nanos>185200</nanos>
  <sequence>201</sequence>
  <level>PASSED</level>
  <class>com.kms.katalon.core.logging.XmlKeywordLogger</class>
  <method>logMessage</method>
  <thread>1</thread>
  <message>Object: &amp;apos;Object Repository/Page_Frameworks (Demo)/input_Quantity_quantityOrdered&amp;apos; is clicked on</message>
  <nestedLevel>1</nestedLevel>
  <escapedJava>false</escapedJava>
  <property name="testops-method-name">com.kms.katalon.core.webui.keyword.builtin.ClickKeyword.click</property>
  <property name="testops-execution-stacktrace"></property>
</record>
<record>
  <date>2024-11-07T08:11:43.281188100Z</date>
  <millis>1730967103281</millis>
  <nanos>188100</nanos>
  <sequence>202</sequence>
  <level>END</level>
  <class>com.kms.katalon.core.logging.XmlKeywordLogger</class>
  <method>endKeyword</method>
  <thread>1</thread>
  <message>End action : click(findTestObject(&amp;quot;Object Repository/Page_Frameworks (Demo)/input_Quantity_quantityOrdered&amp;quot;))</message>
  <nestedLevel>1</nestedLevel>
  <escapedJava>false</escapedJava>
</record>
<record>
  <date>2024-11-07T08:11:43.281188100Z</date>
  <millis>1730967103281</millis>
  <nanos>188100</nanos>
  <sequence>203</sequence>
  <level>START</level>
  <class>com.kms.katalon.core.logging.XmlKeywordLogger</class>
  <method>startKeyword</method>
  <thread>1</thread>
  <message>Start action : click(findTestObject(&amp;quot;Object Repository/Page_Frameworks (Demo)/img_1&amp;quot;))</message>
  <nestedLevel>1</nestedLevel>
  <escapedJava>false</escapedJava>
  <property name="startLine">58</property>
  <property name="stepIndex">17</property>
</record>
<record>
  <date>2024-11-07T08:11:44.529400700Z</date>
  <millis>1730967104529</millis>
  <nanos>400700</nanos>
  <sequence>213</sequence>
  <level>PASSED</level>
  <class>com.kms.katalon.core.logging.XmlKeywordLogger</class>
  <method>logMessage</method>
  <thread>1</thread>
  <message>Object: &amp;apos;Object Repository/Page_Frameworks (Demo)/img_1&amp;apos; is clicked on</message>
  <nestedLevel>1</nestedLevel>
  <escapedJava>false</escapedJava>
  <property name="testops-method-name">com.kms.katalon.core.webui.keyword.builtin.ClickKeyword.click</property>
  <property name="testops-execution-stacktrace"></property>
</record>
<record>
  <date>2024-11-07T08:11:44.532410200Z</date>
  <millis>1730967104532</millis>
  <nanos>410200</nanos>
  <sequence>214</sequence>
  <level>END</level>
  <class>com.kms.katalon.core.logging.XmlKeywordLogger</class>
  <method>endKeyword</method>
  <thread>1</thread>
  <message>End action : click(findTestObject(&amp;quot;Object Repository/Page_Frameworks (Demo)/img_1&amp;quot;))</message>
  <nestedLevel>1</nestedLevel>
  <escapedJava>false</escapedJava>
</record>
<record>
  <date>2024-11-07T08:11:44.533413100Z</date>
  <millis>1730967104533</millis>
  <nanos>413100</nanos>
  <sequence>215</sequence>
  <level>START</level>
  <class>com.kms.katalon.core.logging.XmlKeywordLogger</class>
  <method>startKeyword</method>
  <thread>1</thread>
  <message>Start action : click(findTestObject(&amp;quot;Object Repository/Page_Frameworks (Demo)/div_FinishSale (S)&amp;quot;))</message>
  <nestedLevel>1</nestedLevel>
  <escapedJava>false</escapedJava>
  <property name="startLine">60</property>
  <property name="stepIndex">18</property>
</record>
<record>
  <date>2024-11-07T08:11:46.325657100Z</date>
  <millis>1730967106325</millis>
  <nanos>657100</nanos>
  <sequence>225</sequence>
  <level>PASSED</level>
  <class>com.kms.katalon.core.logging.XmlKeywordLogger</class>
  <method>logMessage</method>
  <thread>1</thread>
  <message>Object: &amp;apos;Object Repository/Page_Frameworks (Demo)/div_FinishSale (S)&amp;apos; is clicked on</message>
  <nestedLevel>1</nestedLevel>
  <escapedJava>false</escapedJava>
  <property name="testops-method-name">com.kms.katalon.core.webui.keyword.builtin.ClickKeyword.click</property>
  <property name="testops-execution-stacktrace"></property>
</record>
<record>
  <date>2024-11-07T08:11:46.330659200Z</date>
  <millis>1730967106330</millis>
  <nanos>659200</nanos>
  <sequence>226</sequence>
  <level>END</level>
  <class>com.kms.katalon.core.logging.XmlKeywordLogger</class>
  <method>endKeyword</method>
  <thread>1</thread>
  <message>End action : click(findTestObject(&amp;quot;Object Repository/Page_Frameworks (Demo)/div_FinishSale (S)&amp;quot;))</message>
  <nestedLevel>1</nestedLevel>
  <escapedJava>false</escapedJava>
</record>
<record>
  <date>2024-11-07T08:11:46.330659200Z</date>
  <millis>1730967106330</millis>
  <nanos>659200</nanos>
  <sequence>227</sequence>
  <level>START</level>
  <class>com.kms.katalon.core.logging.XmlKeywordLogger</class>
  <method>startKeyword</method>
  <thread>1</thread>
  <message>Start action : click(findTestObject(&amp;quot;Object Repository/Page_Frameworks (Demo)/div_Pay&amp;quot;))</message>
  <nestedLevel>1</nestedLevel>
  <escapedJava>false</escapedJava>
  <property name="startLine">62</property>
  <property name="stepIndex">19</property>
</record>
<record>
  <date>2024-11-07T08:11:49.582112500Z</date>
  <millis>1730967109582</millis>
  <nanos>112500</nanos>
  <sequence>237</sequence>
  <level>PASSED</level>
  <class>com.kms.katalon.core.logging.XmlKeywordLogger</class>
  <method>logMessage</method>
  <thread>1</thread>
  <message>Object: &amp;apos;Object Repository/Page_Frameworks (Demo)/div_Pay&amp;apos; is clicked on</message>
  <nestedLevel>1</nestedLevel>
  <escapedJava>false</escapedJava>
  <property name="testops-method-name">com.kms.katalon.core.webui.keyword.builtin.ClickKeyword.click</property>
  <property name="testops-execution-stacktrace"></property>
</record>
<record>
  <date>2024-11-07T08:11:49.584848700Z</date>
  <millis>1730967109584</millis>
  <nanos>848700</nanos>
  <sequence>238</sequence>
  <level>END</level>
  <class>com.kms.katalon.core.logging.XmlKeywordLogger</class>
  <method>endKeyword</method>
  <thread>1</thread>
  <message>End action : click(findTestObject(&amp;quot;Object Repository/Page_Frameworks (Demo)/div_Pay&amp;quot;))</message>
  <nestedLevel>1</nestedLevel>
  <escapedJava>false</escapedJava>
</record>
<record>
  <date>2024-11-07T08:11:49.584848700Z</date>
  <millis>1730967109584</millis>
  <nanos>848700</nanos>
  <sequence>239</sequence>
  <level>START</level>
  <class>com.kms.katalon.core.logging.XmlKeywordLogger</class>
  <method>startKeyword</method>
  <thread>1</thread>
  <message>Start action : setEncryptedText(findTestObject(&amp;quot;Object Repository/Page_Frameworks (Demo)/input_Operator No_operatorId_1&amp;quot;), &amp;quot;uzzxF8+Oh1A=&amp;quot;)</message>
  <nestedLevel>1</nestedLevel>
  <escapedJava>false</escapedJava>
  <property name="startLine">64</property>
  <property name="stepIndex">20</property>
</record>
<record>
  <date>2024-11-07T08:11:51.341361700Z</date>
  <millis>1730967111341</millis>
  <nanos>361700</nanos>
  <sequence>250</sequence>
  <level>PASSED</level>
  <class>com.kms.katalon.core.logging.XmlKeywordLogger</class>
  <method>logMessage</method>
  <thread>1</thread>
  <message>Text ****** has been set on object &amp;apos;Object Repository/Page_Frameworks (Demo)/input_Operator No_operatorId_1&amp;apos;</message>
  <nestedLevel>1</nestedLevel>
  <escapedJava>false</escapedJava>
  <property name="testops-method-name">com.kms.katalon.core.webui.keyword.builtin.SetEncryptedTextKeyword.setEncryptedText</property>
  <property name="testops-execution-stacktrace"></property>
</record>
<record>
  <date>2024-11-07T08:11:51.343337700Z</date>
  <millis>1730967111343</millis>
  <nanos>337700</nanos>
  <sequence>251</sequence>
  <level>END</level>
  <class>com.kms.katalon.core.logging.XmlKeywordLogger</class>
  <method>endKeyword</method>
  <thread>1</thread>
  <message>End action : setEncryptedText(findTestObject(&amp;quot;Object Repository/Page_Frameworks (Demo)/input_Operator No_operatorId_1&amp;quot;), &amp;quot;uzzxF8+Oh1A=&amp;quot;)</message>
  <nestedLevel>1</nestedLevel>
  <escapedJava>false</escapedJava>
</record>
<record>
  <date>2024-11-07T08:11:51.343337700Z</date>
  <millis>1730967111343</millis>
  <nanos>337700</nanos>
  <sequence>252</sequence>
  <level>START</level>
  <class>com.kms.katalon.core.logging.XmlKeywordLogger</class>
  <method>startKeyword</method>
  <thread>1</thread>
  <message>Start action : setEncryptedText(findTestObject(&amp;quot;Object Repository/Page_Frameworks (Demo)/input_PIN_pin_1&amp;quot;), &amp;quot;uzzxF8+Oh1A=&amp;quot;)</message>
  <nestedLevel>1</nestedLevel>
  <escapedJava>false</escapedJava>
  <property name="startLine">66</property>
  <property name="stepIndex">21</property>
</record>
<record>
  <date>2024-11-07T08:11:52.071107100Z</date>
  <millis>1730967112071</millis>
  <nanos>107100</nanos>
  <sequence>263</sequence>
  <level>PASSED</level>
  <class>com.kms.katalon.core.logging.XmlKeywordLogger</class>
  <method>logMessage</method>
  <thread>1</thread>
  <message>Text ****** has been set on object &amp;apos;Object Repository/Page_Frameworks (Demo)/input_PIN_pin_1&amp;apos;</message>
  <nestedLevel>1</nestedLevel>
  <escapedJava>false</escapedJava>
  <property name="testops-method-name">com.kms.katalon.core.webui.keyword.builtin.SetEncryptedTextKeyword.setEncryptedText</property>
  <property name="testops-execution-stacktrace"></property>
</record>
<record>
  <date>2024-11-07T08:11:52.073988400Z</date>
  <millis>1730967112073</millis>
  <nanos>988400</nanos>
  <sequence>264</sequence>
  <level>END</level>
  <class>com.kms.katalon.core.logging.XmlKeywordLogger</class>
  <method>endKeyword</method>
  <thread>1</thread>
  <message>End action : setEncryptedText(findTestObject(&amp;quot;Object Repository/Page_Frameworks (Demo)/input_PIN_pin_1&amp;quot;), &amp;quot;uzzxF8+Oh1A=&amp;quot;)</message>
  <nestedLevel>1</nestedLevel>
  <escapedJava>false</escapedJava>
</record>
<record>
  <date>2024-11-07T08:11:52.074987900Z</date>
  <millis>1730967112074</millis>
  <nanos>987900</nanos>
  <sequence>265</sequence>
  <level>START</level>
  <class>com.kms.katalon.core.logging.XmlKeywordLogger</class>
  <method>startKeyword</method>
  <thread>1</thread>
  <message>Start action : click(findTestObject(&amp;quot;Object Repository/Page_Frameworks (Demo)/div_OK_1&amp;quot;))</message>
  <nestedLevel>1</nestedLevel>
  <escapedJava>false</escapedJava>
  <property name="startLine">68</property>
  <property name="stepIndex">22</property>
</record>
<record>
  <date>2024-11-07T08:11:52.633760700Z</date>
  <millis>1730967112633</millis>
  <nanos>760700</nanos>
  <sequence>275</sequence>
  <level>PASSED</level>
  <class>com.kms.katalon.core.logging.XmlKeywordLogger</class>
  <method>logMessage</method>
  <thread>1</thread>
  <message>Object: &amp;apos;Object Repository/Page_Frameworks (Demo)/div_OK_1&amp;apos; is clicked on</message>
  <nestedLevel>1</nestedLevel>
  <escapedJava>false</escapedJava>
  <property name="testops-method-name">com.kms.katalon.core.webui.keyword.builtin.ClickKeyword.click</property>
  <property name="testops-execution-stacktrace"></property>
</record>
<record>
  <date>2024-11-07T08:11:52.635761300Z</date>
  <millis>1730967112635</millis>
  <nanos>761300</nanos>
  <sequence>276</sequence>
  <level>END</level>
  <class>com.kms.katalon.core.logging.XmlKeywordLogger</class>
  <method>endKeyword</method>
  <thread>1</thread>
  <message>End action : click(findTestObject(&amp;quot;Object Repository/Page_Frameworks (Demo)/div_OK_1&amp;quot;))</message>
  <nestedLevel>1</nestedLevel>
  <escapedJava>false</escapedJava>
</record>
<record>
  <date>2024-11-07T08:11:52.635761300Z</date>
  <millis>1730967112635</millis>
  <nanos>761300</nanos>
  <sequence>277</sequence>
  <level>START</level>
  <class>com.kms.katalon.core.logging.XmlKeywordLogger</class>
  <method>startKeyword</method>
  <thread>1</thread>
  <message>Start action : sourceFile = new java.io.FileInputStream(ExcelFile)</message>
  <nestedLevel>1</nestedLevel>
  <escapedJava>false</escapedJava>
  <property name="startLine">70</property>
  <property name="stepIndex">23</property>
</record>
<record>
  <date>2024-11-07T08:11:52.656708900Z</date>
  <millis>1730967112656</millis>
  <nanos>708900</nanos>
  <sequence>278</sequence>
  <level>END</level>
  <class>com.kms.katalon.core.logging.XmlKeywordLogger</class>
  <method>endKeyword</method>
  <thread>1</thread>
  <message>End action : sourceFile = new java.io.FileInputStream(ExcelFile)</message>
  <nestedLevel>1</nestedLevel>
  <escapedJava>false</escapedJava>
</record>
<record>
  <date>2024-11-07T08:11:52.657707600Z</date>
  <millis>1730967112657</millis>
  <nanos>707600</nanos>
  <sequence>279</sequence>
  <level>START</level>
  <class>com.kms.katalon.core.logging.XmlKeywordLogger</class>
  <method>startKeyword</method>
  <thread>1</thread>
  <message>Start action : workbook = new org.apache.poi.xssf.usermodel.XSSFWorkbook(sourceFile)</message>
  <nestedLevel>1</nestedLevel>
  <escapedJava>false</escapedJava>
  <property name="startLine">72</property>
  <property name="stepIndex">24</property>
</record>
<record>
  <date>2024-11-07T08:11:53.802492800Z</date>
  <millis>1730967113802</millis>
  <nanos>492800</nanos>
  <sequence>280</sequence>
  <level>END</level>
  <class>com.kms.katalon.core.logging.XmlKeywordLogger</class>
  <method>endKeyword</method>
  <thread>1</thread>
  <message>End action : workbook = new org.apache.poi.xssf.usermodel.XSSFWorkbook(sourceFile)</message>
  <nestedLevel>1</nestedLevel>
  <escapedJava>false</escapedJava>
</record>
<record>
  <date>2024-11-07T08:11:53.804493500Z</date>
  <millis>1730967113804</millis>
  <nanos>493500</nanos>
  <sequence>281</sequence>
  <level>START</level>
  <class>com.kms.katalon.core.logging.XmlKeywordLogger</class>
  <method>startKeyword</method>
  <thread>1</thread>
  <message>Start action : sheet = workbook.getSheet(&amp;quot;Sheet1&amp;quot;)</message>
  <nestedLevel>1</nestedLevel>
  <escapedJava>false</escapedJava>
  <property name="startLine">74</property>
  <property name="stepIndex">25</property>
</record>
<record>
  <date>2024-11-07T08:11:53.805892100Z</date>
  <millis>1730967113805</millis>
  <nanos>892100</nanos>
  <sequence>282</sequence>
  <level>END</level>
  <class>com.kms.katalon.core.logging.XmlKeywordLogger</class>
  <method>endKeyword</method>
  <thread>1</thread>
  <message>End action : sheet = workbook.getSheet(&amp;quot;Sheet1&amp;quot;)</message>
  <nestedLevel>1</nestedLevel>
  <escapedJava>false</escapedJava>
</record>
<record>
  <date>2024-11-07T08:11:53.812929700Z</date>
  <millis>1730967113812</millis>
  <nanos>929700</nanos>
  <sequence>283</sequence>
  <level>START</level>
  <class>com.kms.katalon.core.logging.XmlKeywordLogger</class>
  <method>startKeyword</method>
  <thread>1</thread>
  <message>Start action : row = sheet.getRow(0)</message>
  <nestedLevel>1</nestedLevel>
  <escapedJava>false</escapedJava>
  <property name="startLine">77</property>
  <property name="stepIndex">26</property>
</record>
<record>
  <date>2024-11-07T08:11:53.892604200Z</date>
  <millis>1730967113892</millis>
  <nanos>604200</nanos>
  <sequence>284</sequence>
  <level>END</level>
  <class>com.kms.katalon.core.logging.XmlKeywordLogger</class>
  <method>endKeyword</method>
  <thread>1</thread>
  <message>End action : row = sheet.getRow(0)</message>
  <nestedLevel>1</nestedLevel>
  <escapedJava>false</escapedJava>
</record>
<record>
  <date>2024-11-07T08:11:53.892604200Z</date>
  <millis>1730967113892</millis>
  <nanos>604200</nanos>
  <sequence>285</sequence>
  <level>START</level>
  <class>com.kms.katalon.core.logging.XmlKeywordLogger</class>
  <method>startKeyword</method>
  <thread>1</thread>
  <message>Start action : cell = row.getCell(1)</message>
  <nestedLevel>1</nestedLevel>
  <escapedJava>false</escapedJava>
  <property name="startLine">79</property>
  <property name="stepIndex">27</property>
</record>
<record>
  <date>2024-11-07T08:11:53.908212400Z</date>
  <millis>1730967113908</millis>
  <nanos>212400</nanos>
  <sequence>286</sequence>
  <level>END</level>
  <class>com.kms.katalon.core.logging.XmlKeywordLogger</class>
  <method>endKeyword</method>
  <thread>1</thread>
  <message>End action : cell = row.getCell(1)</message>
  <nestedLevel>1</nestedLevel>
  <escapedJava>false</escapedJava>
</record>
<record>
  <date>2024-11-07T08:11:53.908212400Z</date>
  <millis>1730967113908</millis>
  <nanos>212400</nanos>
  <sequence>287</sequence>
  <level>START</level>
  <class>com.kms.katalon.core.logging.XmlKeywordLogger</class>
  <method>startKeyword</method>
  <thread>1</thread>
  <message>Start action : row = sheet.createRow(1)</message>
  <nestedLevel>1</nestedLevel>
  <escapedJava>false</escapedJava>
  <property name="startLine">81</property>
  <property name="stepIndex">28</property>
</record>
<record>
  <date>2024-11-07T08:11:53.908212400Z</date>
  <millis>1730967113908</millis>
  <nanos>212400</nanos>
  <sequence>288</sequence>
  <level>END</level>
  <class>com.kms.katalon.core.logging.XmlKeywordLogger</class>
  <method>endKeyword</method>
  <thread>1</thread>
  <message>End action : row = sheet.createRow(1)</message>
  <nestedLevel>1</nestedLevel>
  <escapedJava>false</escapedJava>
</record>
<record>
  <date>2024-11-07T08:11:53.908212400Z</date>
  <millis>1730967113908</millis>
  <nanos>212400</nanos>
  <sequence>289</sequence>
  <level>START</level>
  <class>com.kms.katalon.core.logging.XmlKeywordLogger</class>
  <method>startKeyword</method>
  <thread>1</thread>
  <message>Start action : cell = row.createCell(0)</message>
  <nestedLevel>1</nestedLevel>
  <escapedJava>false</escapedJava>
  <property name="startLine">83</property>
  <property name="stepIndex">29</property>
</record>
<record>
  <date>2024-11-07T08:11:53.908212400Z</date>
  <millis>1730967113908</millis>
  <nanos>212400</nanos>
  <sequence>290</sequence>
  <level>END</level>
  <class>com.kms.katalon.core.logging.XmlKeywordLogger</class>
  <method>endKeyword</method>
  <thread>1</thread>
  <message>End action : cell = row.createCell(0)</message>
  <nestedLevel>1</nestedLevel>
  <escapedJava>false</escapedJava>
</record>
<record>
  <date>2024-11-07T08:11:53.908212400Z</date>
  <millis>1730967113908</millis>
  <nanos>212400</nanos>
  <sequence>291</sequence>
  <level>START</level>
  <class>com.kms.katalon.core.logging.XmlKeywordLogger</class>
  <method>startKeyword</method>
  <thread>1</thread>
  <message>Start action : cell.setCellValue(&amp;quot;Invoice Number&amp;quot;)</message>
  <nestedLevel>1</nestedLevel>
  <escapedJava>false</escapedJava>
  <property name="startLine">85</property>
  <property name="stepIndex">30</property>
</record>
<record>
  <date>2024-11-07T08:11:53.970712100Z</date>
  <millis>1730967113970</millis>
  <nanos>712100</nanos>
  <sequence>292</sequence>
  <level>END</level>
  <class>com.kms.katalon.core.logging.XmlKeywordLogger</class>
  <method>endKeyword</method>
  <thread>1</thread>
  <message>End action : cell.setCellValue(&amp;quot;Invoice Number&amp;quot;)</message>
  <nestedLevel>1</nestedLevel>
  <escapedJava>false</escapedJava>
</record>
<record>
  <date>2024-11-07T08:11:53.970712100Z</date>
  <millis>1730967113970</millis>
  <nanos>712100</nanos>
  <sequence>293</sequence>
  <level>START</level>
  <class>com.kms.katalon.core.logging.XmlKeywordLogger</class>
  <method>startKeyword</method>
  <thread>1</thread>
  <message>Start action : cell = row.createCell(1)</message>
  <nestedLevel>1</nestedLevel>
  <escapedJava>false</escapedJava>
  <property name="startLine">87</property>
  <property name="stepIndex">31</property>
</record>
<record>
  <date>2024-11-07T08:11:53.970712100Z</date>
  <millis>1730967113970</millis>
  <nanos>712100</nanos>
  <sequence>294</sequence>
  <level>END</level>
  <class>com.kms.katalon.core.logging.XmlKeywordLogger</class>
  <method>endKeyword</method>
  <thread>1</thread>
  <message>End action : cell = row.createCell(1)</message>
  <nestedLevel>1</nestedLevel>
  <escapedJava>false</escapedJava>
</record>
<record>
  <date>2024-11-07T08:11:53.970712100Z</date>
  <millis>1730967113970</millis>
  <nanos>712100</nanos>
  <sequence>295</sequence>
  <level>START</level>
  <class>com.kms.katalon.core.logging.XmlKeywordLogger</class>
  <method>startKeyword</method>
  <thread>1</thread>
  <message>Start action : cell.setCellValue(invoiceNum)</message>
  <nestedLevel>1</nestedLevel>
  <escapedJava>false</escapedJava>
  <property name="startLine">89</property>
  <property name="stepIndex">32</property>
</record>
<record>
  <date>2024-11-07T08:11:53.970712100Z</date>
  <millis>1730967113970</millis>
  <nanos>712100</nanos>
  <sequence>296</sequence>
  <level>END</level>
  <class>com.kms.katalon.core.logging.XmlKeywordLogger</class>
  <method>endKeyword</method>
  <thread>1</thread>
  <message>End action : cell.setCellValue(invoiceNum)</message>
  <nestedLevel>1</nestedLevel>
  <escapedJava>false</escapedJava>
</record>
<record>
  <date>2024-11-07T08:11:53.970712100Z</date>
  <millis>1730967113970</millis>
  <nanos>712100</nanos>
  <sequence>297</sequence>
  <level>START</level>
  <class>com.kms.katalon.core.logging.XmlKeywordLogger</class>
  <method>startKeyword</method>
  <thread>1</thread>
  <message>Start action : fos = new java.io.FileOutputStream(ExcelFile)</message>
  <nestedLevel>1</nestedLevel>
  <escapedJava>false</escapedJava>
  <property name="startLine">91</property>
  <property name="stepIndex">33</property>
</record>
<record>
  <date>2024-11-07T08:11:53.986336400Z</date>
  <millis>1730967113986</millis>
  <nanos>336400</nanos>
  <sequence>298</sequence>
  <level>END</level>
  <class>com.kms.katalon.core.logging.XmlKeywordLogger</class>
  <method>endKeyword</method>
  <thread>1</thread>
  <message>End action : fos = new java.io.FileOutputStream(ExcelFile)</message>
  <nestedLevel>1</nestedLevel>
  <escapedJava>false</escapedJava>
</record>
<record>
  <date>2024-11-07T08:11:53.986336400Z</date>
  <millis>1730967113986</millis>
  <nanos>336400</nanos>
  <sequence>299</sequence>
  <level>START</level>
  <class>com.kms.katalon.core.logging.XmlKeywordLogger</class>
  <method>startKeyword</method>
  <thread>1</thread>
  <message>Start action : workbook.write(fos)</message>
  <nestedLevel>1</nestedLevel>
  <escapedJava>false</escapedJava>
  <property name="startLine">93</property>
  <property name="stepIndex">34</property>
</record>
<record>
  <date>2024-11-07T08:11:54.160725600Z</date>
  <millis>1730967114160</millis>
  <nanos>725600</nanos>
  <sequence>300</sequence>
  <level>END</level>
  <class>com.kms.katalon.core.logging.XmlKeywordLogger</class>
  <method>endKeyword</method>
  <thread>1</thread>
  <message>End action : workbook.write(fos)</message>
  <nestedLevel>1</nestedLevel>
  <escapedJava>false</escapedJava>
</record>
<record>
  <date>2024-11-07T08:11:54.160725600Z</date>
  <millis>1730967114160</millis>
  <nanos>725600</nanos>
  <sequence>301</sequence>
  <level>START</level>
  <class>com.kms.katalon.core.logging.XmlKeywordLogger</class>
  <method>startKeyword</method>
  <thread>1</thread>
  <message>Start action : fos.close()</message>
  <nestedLevel>1</nestedLevel>
  <escapedJava>false</escapedJava>
  <property name="startLine">95</property>
  <property name="stepIndex">35</property>
</record>
<record>
  <date>2024-11-07T08:11:54.176364400Z</date>
  <millis>1730967114176</millis>
  <nanos>364400</nanos>
  <sequence>302</sequence>
  <level>END</level>
  <class>com.kms.katalon.core.logging.XmlKeywordLogger</class>
  <method>endKeyword</method>
  <thread>1</thread>
  <message>End action : fos.close()</message>
  <nestedLevel>1</nestedLevel>
  <escapedJava>false</escapedJava>
</record>
<record>
  <date>2024-11-07T08:11:54.176364400Z</date>
  <millis>1730967114176</millis>
  <nanos>364400</nanos>
  <sequence>303</sequence>
  <level>START</level>
  <class>com.kms.katalon.core.logging.XmlKeywordLogger</class>
  <method>startKeyword</method>
  <thread>1</thread>
  <message>Start action : sourceFile.close()</message>
  <nestedLevel>1</nestedLevel>
  <escapedJava>false</escapedJava>
  <property name="startLine">97</property>
  <property name="stepIndex">36</property>
</record>
<record>
  <date>2024-11-07T08:11:54.176364400Z</date>
  <millis>1730967114176</millis>
  <nanos>364400</nanos>
  <sequence>304</sequence>
  <level>END</level>
  <class>com.kms.katalon.core.logging.XmlKeywordLogger</class>
  <method>endKeyword</method>
  <thread>1</thread>
  <message>End action : sourceFile.close()</message>
  <nestedLevel>1</nestedLevel>
  <escapedJava>false</escapedJava>
</record>
<record>
  <date>2024-11-07T08:11:54.176364400Z</date>
  <millis>1730967114176</millis>
  <nanos>364400</nanos>
  <sequence>305</sequence>
  <level>START</level>
  <class>com.kms.katalon.core.logging.XmlKeywordLogger</class>
  <method>startKeyword</method>
  <thread>1</thread>
  <message>Start action : click(findTestObject(&amp;quot;Object Repository/Page_Frameworks (Demo)/img_dropdownLogout&amp;quot;))</message>
  <nestedLevel>1</nestedLevel>
  <escapedJava>false</escapedJava>
  <property name="startLine">99</property>
  <property name="stepIndex">37</property>
</record>
<record>
  <date>2024-11-07T08:11:55.075565100Z</date>
  <millis>1730967115075</millis>
  <nanos>565100</nanos>
  <sequence>315</sequence>
  <level>PASSED</level>
  <class>com.kms.katalon.core.logging.XmlKeywordLogger</class>
  <method>logMessage</method>
  <thread>1</thread>
  <message>Object: &amp;apos;Object Repository/Page_Frameworks (Demo)/img_dropdownLogout&amp;apos; is clicked on</message>
  <nestedLevel>1</nestedLevel>
  <escapedJava>false</escapedJava>
  <property name="testops-method-name">com.kms.katalon.core.webui.keyword.builtin.ClickKeyword.click</property>
  <property name="testops-execution-stacktrace"></property>
</record>
<record>
  <date>2024-11-07T08:11:55.075565100Z</date>
  <millis>1730967115075</millis>
  <nanos>565100</nanos>
  <sequence>316</sequence>
  <level>END</level>
  <class>com.kms.katalon.core.logging.XmlKeywordLogger</class>
  <method>endKeyword</method>
  <thread>1</thread>
  <message>End action : click(findTestObject(&amp;quot;Object Repository/Page_Frameworks (Demo)/img_dropdownLogout&amp;quot;))</message>
  <nestedLevel>1</nestedLevel>
  <escapedJava>false</escapedJava>
</record>
<record>
  <date>2024-11-07T08:11:55.075565100Z</date>
  <millis>1730967115075</millis>
  <nanos>565100</nanos>
  <sequence>317</sequence>
  <level>START</level>
  <class>com.kms.katalon.core.logging.XmlKeywordLogger</class>
  <method>startKeyword</method>
  <thread>1</thread>
  <message>Start action : click(findTestObject(&amp;quot;Object Repository/Page_Frameworks (Demo)/td_Logout&amp;quot;))</message>
  <nestedLevel>1</nestedLevel>
  <escapedJava>false</escapedJava>
  <property name="startLine">101</property>
  <property name="stepIndex">38</property>
</record>
<record>
  <date>2024-11-07T08:11:55.670233Z</date>
  <millis>1730967115670</millis>
  <nanos>233000</nanos>
  <sequence>327</sequence>
  <level>PASSED</level>
  <class>com.kms.katalon.core.logging.XmlKeywordLogger</class>
  <method>logMessage</method>
  <thread>1</thread>
  <message>Object: &amp;apos;Object Repository/Page_Frameworks (Demo)/td_Logout&amp;apos; is clicked on</message>
  <nestedLevel>1</nestedLevel>
  <escapedJava>false</escapedJava>
  <property name="testops-method-name">com.kms.katalon.core.webui.keyword.builtin.ClickKeyword.click</property>
  <property name="testops-execution-stacktrace"></property>
</record>
<record>
  <date>2024-11-07T08:11:55.672230200Z</date>
  <millis>1730967115672</millis>
  <nanos>230200</nanos>
  <sequence>328</sequence>
  <level>END</level>
  <class>com.kms.katalon.core.logging.XmlKeywordLogger</class>
  <method>endKeyword</method>
  <thread>1</thread>
  <message>End action : click(findTestObject(&amp;quot;Object Repository/Page_Frameworks (Demo)/td_Logout&amp;quot;))</message>
  <nestedLevel>1</nestedLevel>
  <escapedJava>false</escapedJava>
</record>
<record>
  <date>2024-11-07T08:11:55.672230200Z</date>
  <millis>1730967115672</millis>
  <nanos>230200</nanos>
  <sequence>329</sequence>
  <level>PASSED</level>
  <class>com.kms.katalon.core.logging.XmlKeywordLogger</class>
  <method>logMessage</method>
  <thread>1</thread>
  <message>Test Cases/Nortruss Instance/PointofSale_Module/TS1_POS_CashSale/POS Cash Sale-2014086(TS5)</message>
  <nestedLevel>1</nestedLevel>
  <escapedJava>false</escapedJava>
</record>
<record>
  <date>2024-11-07T08:11:55.674813Z</date>
  <millis>1730967115674</millis>
  <nanos>813000</nanos>
  <sequence>330</sequence>
  <level>END</level>
  <class>com.kms.katalon.core.logging.XmlKeywordLogger</class>
  <method>endTest</method>
  <thread>1</thread>
  <message>End Test Case : Test Cases/Nortruss Instance/PointofSale_Module/TS1_POS_CashSale/POS Cash Sale-2014086(TS5)</message>
  <nestedLevel>0</nestedLevel>
  <escapedJava>false</escapedJava>
  <property name="executionBindingVariables">[
  {
    &quot;displayReportName&quot;: &quot;(Default) userN...&quot;,
    &quot;value&quot;: &quot;manaki&quot;,
    &quot;name&quot;: &quot;(Default) userName&quot;,
    &quot;masked&quot;: false
  },
  {
    &quot;displayReportName&quot;: &quot;(Default) invoi...&quot;,
    &quot;value&quot;: &quot;&quot;,
    &quot;name&quot;: &quot;(Default) invoiceNum&quot;,
    &quot;masked&quot;: false
  },
  {
    &quot;displayReportName&quot;: &quot;(Default) invoi...&quot;,
    &quot;value&quot;: &quot;&quot;,
    &quot;name&quot;: &quot;(Default) invoiceNumCheck&quot;,
    &quot;masked&quot;: false
  },
  {
    &quot;displayReportName&quot;: &quot;(Default) Excel...&quot;,
    &quot;value&quot;: &quot;C:\\Users\\azureuser\\Documents\\FrameworksAutomationTesting\\TestData\\NT_Instance\\POS_Module\\TS5_POS_CashRefundFull_testdata.xlsx&quot;,
    &quot;name&quot;: &quot;(Default) ExcelFile&quot;,
    &quot;masked&quot;: false
  }
]</property>
  <property name="applitools">false</property>
  <property name="remainingRetryCount">3</property>
  <property name="currentRetryCount">0</property>
  <property name="keywordsUsage">{
  &quot;web_ui&quot;: true,
  &quot;web_service&quot;: false,
  &quot;cucumber&quot;: false,
  &quot;builtin&quot;: false,
  &quot;mobile&quot;: false,
  &quot;windows&quot;: false,
  &quot;testng&quot;: false
}</property>
</record>
<record>
  <date>2024-11-07T08:11:55.689810500Z</date>
  <millis>1730967115689</millis>
  <nanos>810500</nanos>
  <sequence>331</sequence>
  <level>START</level>
  <class>com.kms.katalon.core.logging.XmlKeywordLogger</class>
  <method>startTest</method>
  <thread>1</thread>
  <message>Start Test Case : Test Cases/Nortruss Instance/PointofSale_Module/TS5_POS_CashRefund_Full_StockReturn/POS_CashRefund_Full</message>
  <nestedLevel>1</nestedLevel>
  <escapedJava>false</escapedJava>
  <property name="remainingRetryCount">3</property>
  <property name="name">Test Cases/Nortruss Instance/PointofSale_Module/TS5_POS_CashRefund_Full_StockReturn/POS_CashRefund_Full</property>
  <property name="description"></property>
  <property name="iteration"></property>
  <property name="id">Test Cases/Nortruss Instance/PointofSale_Module/TS5_POS_CashRefund_Full_StockReturn/POS_CashRefund_Full</property>
  <property name="source">C:\Users\azureuser\git\frameworks-regression-test-automation\Test Cases\Nortruss Instance\PointofSale_Module\TS5_POS_CashRefund_Full_StockReturn\POS_CashRefund_Full.tc</property>
  <property name="tag"></property>
  <property name="isOptional">false</property>
  <property name="currentRetryCount">0</property>
</record>
<record>
  <date>2024-11-07T08:11:55.797881600Z</date>
  <millis>1730967115797</millis>
  <nanos>881600</nanos>
  <sequence>333</sequence>
  <level>INFO</level>
  <class>com.kms.katalon.core.logging.XmlKeywordLogger</class>
  <method>logMessage</method>
  <thread>1</thread>
  <message>(Default) userName = manaki</message>
  <nestedLevel>1</nestedLevel>
  <escapedJava>false</escapedJava>
</record>
<record>
  <date>2024-11-07T08:11:55.800982600Z</date>
  <millis>1730967115800</millis>
  <nanos>982600</nanos>
  <sequence>334</sequence>
  <level>INFO</level>
  <class>com.kms.katalon.core.logging.XmlKeywordLogger</class>
  <method>logMessage</method>
  <thread>1</thread>
  <message>(Default) transactionNumber = </message>
  <nestedLevel>1</nestedLevel>
  <escapedJava>false</escapedJava>
</record>
<record>
  <date>2024-11-07T08:11:55.801982700Z</date>
  <millis>1730967115801</millis>
  <nanos>982700</nanos>
  <sequence>335</sequence>
  <level>INFO</level>
  <class>com.kms.katalon.core.logging.XmlKeywordLogger</class>
  <method>logMessage</method>
  <thread>1</thread>
  <message>(Default) docketNumber = </message>
  <nestedLevel>1</nestedLevel>
  <escapedJava>false</escapedJava>
</record>
<record>
  <date>2024-11-07T08:11:55.802981900Z</date>
  <millis>1730967115802</millis>
  <nanos>981900</nanos>
  <sequence>336</sequence>
  <level>INFO</level>
  <class>com.kms.katalon.core.logging.XmlKeywordLogger</class>
  <method>logMessage</method>
  <thread>1</thread>
  <message>(Default) ExcelFile = C:\Users\azureuser\Documents\FrameworksAutomationTesting\TestData\NT_Instance\POS_Module\TS5_POS_CashRefundFull_testdata.xlsx</message>
  <nestedLevel>1</nestedLevel>
  <escapedJava>false</escapedJava>
</record>
<record>
  <date>2024-11-07T08:11:56.540291900Z</date>
  <millis>1730967116540</millis>
  <nanos>291900</nanos>
  <sequence>338</sequence>
  <level>ERROR</level>
  <class>com.kms.katalon.core.logging.XmlKeywordLogger</class>
  <method>logMessage</method>
  <thread>1</thread>
  <message>Test Cases/Nortruss Instance/PointofSale_Module/TS5_POS_CashRefund_Full_StockReturn/POS_CashRefund_Full FAILED.
Reason:
org.codehaus.groovy.control.MultipleCompilationErrorsException: startup failed:
file:/C:/Users/azureuser/git/frameworks-regression-test-automation/Scripts/Nortruss%20Instance/PointofSale_Module/TS5_POS_CashRefund_Full_StockReturn/POS_CashRefund_Full/Script1730789351775.groovy: 112: The current scope already contains a variable of the name sourceFile
 @ line 112, column 17.
   FileInputStream sourceFile = new FileInputStream(ExcelFile)
                   ^

file:/C:/Users/azureuser/git/frameworks-regression-test-automation/Scripts/Nortruss%20Instance/PointofSale_Module/TS5_POS_CashRefund_Full_StockReturn/POS_CashRefund_Full/Script1730789351775.groovy: 114: The current scope already contains a variable of the name workbook
 @ line 114, column 14.
   XSSFWorkbook workbook = new XSSFWorkbook(sourceFile)
                ^

file:/C:/Users/azureuser/git/frameworks-regression-test-automation/Scripts/Nortruss%20Instance/PointofSale_Module/TS5_POS_CashRefund_Full_StockReturn/POS_CashRefund_Full/Script1730789351775.groovy: 116: The current scope already contains a variable of the name sheet
 @ line 116, column 11.
   XSSFSheet sheet = workbook.getSheet(&amp;apos;Sheet1&amp;apos;)
             ^

file:/C:/Users/azureuser/git/frameworks-regression-test-automation/Scripts/Nortruss%20Instance/PointofSale_Module/TS5_POS_CashRefund_Full_StockReturn/POS_CashRefund_Full/Script1730789351775.groovy: 119: The current scope already contains a variable of the name row
 @ line 119, column 5.
   Row row = sheet.getRow(0)
       ^

file:/C:/Users/azureuser/git/frameworks-regression-test-automation/Scripts/Nortruss%20Instance/PointofSale_Module/TS5_POS_CashRefund_Full_StockReturn/POS_CashRefund_Full/Script1730789351775.groovy: 121: The current scope already contains a variable of the name cell
 @ line 121, column 6.
   Cell cell = row.getCell(1)
        ^

5 errors

	at com.kms.katalon.core.main.ScriptEngine.getScript(ScriptEngine.java:199)
	at com.kms.katalon.core.main.ScriptEngine.run(ScriptEngine.java:194)
	at com.kms.katalon.core.main.ScriptEngine.runScriptAsRawText(ScriptEngine.java:119)
	at com.kms.katalon.core.main.TestCaseExecutor.runScript(TestCaseExecutor.java:448)
	at com.kms.katalon.core.main.TestCaseExecutor.doExecute(TestCaseExecutor.java:439)
	at com.kms.katalon.core.main.TestCaseExecutor.processExecutionPhase(TestCaseExecutor.java:418)
	at com.kms.katalon.core.main.TestCaseExecutor.accessMainPhase(TestCaseExecutor.java:410)
	at com.kms.katalon.core.main.TestCaseExecutor.execute(TestCaseExecutor.java:285)
	at com.kms.katalon.core.common.CommonExecutor.accessTestCaseMainPhase(CommonExecutor.java:65)
	at com.kms.katalon.core.main.TestSuiteExecutor.accessTestSuiteMainPhase(TestSuiteExecutor.java:150)
	at com.kms.katalon.core.main.TestSuiteExecutor.execute(TestSuiteExecutor.java:106)
	at com.kms.katalon.core.main.TestCaseMain.startTestSuite(TestCaseMain.java:180)
	at TempTestSuite1730967062199.run(TempTestSuite1730967062199.groovy:35)
	at java.base/jdk.internal.reflect.NativeMethodAccessorImpl.invoke0(Native Method)
	at java.base/jdk.internal.reflect.NativeMethodAccessorImpl.invoke(NativeMethodAccessorImpl.java:77)
	at java.base/jdk.internal.reflect.DelegatingMethodAccessorImpl.invoke(DelegatingMethodAccessorImpl.java:43)
</message>
  <exception>
    <message>org.codehaus.groovy.control.MultipleCompilationErrorsException: startup failed:
file:/C:/Users/azureuser/git/frameworks-regression-test-automation/Scripts/Nortruss%20Instance/PointofSale_Module/TS5_POS_CashRefund_Full_StockReturn/POS_CashRefund_Full/Script1730789351775.groovy: 112: The current scope already contains a variable of the name sourceFile
 @ line 112, column 17.
   FileInputStream sourceFile = new FileInputStream(ExcelFile)
                   ^

file:/C:/Users/azureuser/git/frameworks-regression-test-automation/Scripts/Nortruss%20Instance/PointofSale_Module/TS5_POS_CashRefund_Full_StockReturn/POS_CashRefund_Full/Script1730789351775.groovy: 114: The current scope already contains a variable of the name workbook
 @ line 114, column 14.
   XSSFWorkbook workbook = new XSSFWorkbook(sourceFile)
                ^

file:/C:/Users/azureuser/git/frameworks-regression-test-automation/Scripts/Nortruss%20Instance/PointofSale_Module/TS5_POS_CashRefund_Full_StockReturn/POS_CashRefund_Full/Script1730789351775.groovy: 116: The current scope already contains a variable of the name sheet
 @ line 116, column 11.
   XSSFSheet sheet = workbook.getSheet('Sheet1')
             ^

file:/C:/Users/azureuser/git/frameworks-regression-test-automation/Scripts/Nortruss%20Instance/PointofSale_Module/TS5_POS_CashRefund_Full_StockReturn/POS_CashRefund_Full/Script1730789351775.groovy: 119: The current scope already contains a variable of the name row
 @ line 119, column 5.
   Row row = sheet.getRow(0)
       ^

file:/C:/Users/azureuser/git/frameworks-regression-test-automation/Scripts/Nortruss%20Instance/PointofSale_Module/TS5_POS_CashRefund_Full_StockReturn/POS_CashRefund_Full/Script1730789351775.groovy: 121: The current scope already contains a variable of the name cell
 @ line 121, column 6.
   Cell cell = row.getCell(1)
        ^

5 errors
</message>
    <frame>
      <class>com.kms.katalon.core.main.ScriptEngine</class>
      <method>getScript</method>
      <line>199</line>
    </frame>
    <frame>
      <class>com.kms.katalon.core.main.ScriptEngine</class>
      <method>run</method>
      <line>194</line>
    </frame>
    <frame>
      <class>com.kms.katalon.core.main.ScriptEngine</class>
      <method>runScriptAsRawText</method>
      <line>119</line>
    </frame>
    <frame>
      <class>com.kms.katalon.core.main.TestCaseExecutor</class>
      <method>runScript</method>
      <line>448</line>
    </frame>
    <frame>
      <class>com.kms.katalon.core.main.TestCaseExecutor</class>
      <method>doExecute</method>
      <line>439</line>
    </frame>
    <frame>
      <class>com.kms.katalon.core.main.TestCaseExecutor</class>
      <method>processExecutionPhase</method>
      <line>418</line>
    </frame>
    <frame>
      <class>com.kms.katalon.core.main.TestCaseExecutor</class>
      <method>accessMainPhase</method>
      <line>410</line>
    </frame>
    <frame>
      <class>com.kms.katalon.core.main.TestCaseExecutor</class>
      <method>execute</method>
      <line>285</line>
    </frame>
    <frame>
      <class>com.kms.katalon.core.common.CommonExecutor</class>
      <method>accessTestCaseMainPhase</method>
      <line>65</line>
    </frame>
    <frame>
      <class>com.kms.katalon.core.main.TestSuiteExecutor</class>
      <method>accessTestSuiteMainPhase</method>
      <line>150</line>
    </frame>
    <frame>
      <class>com.kms.katalon.core.main.TestSuiteExecutor</class>
      <method>execute</method>
      <line>106</line>
    </frame>
    <frame>
      <class>com.kms.katalon.core.main.TestCaseMain</class>
      <method>startTestSuite</method>
      <line>180</line>
    </frame>
    <frame>
      <class>TempTestSuite1730967062199</class>
      <method>run</method>
      <line>35</line>
    </frame>
    <frame>
      <class>jdk.internal.reflect.NativeMethodAccessorImpl</class>
      <method>invoke0</method>
    </frame>
    <frame>
      <class>jdk.internal.reflect.NativeMethodAccessorImpl</class>
      <method>invoke</method>
      <line>77</line>
    </frame>
    <frame>
      <class>jdk.internal.reflect.DelegatingMethodAccessorImpl</class>
      <method>invoke</method>
      <line>43</line>
    </frame>
  </exception>
  <nestedLevel>0</nestedLevel>
  <escapedJava>false</escapedJava>
  <property name="failed.exception.stacktrace">org.codehaus.groovy.control.MultipleCompilationErrorsException: startup failed:
file:/C:/Users/azureuser/git/frameworks-regression-test-automation/Scripts/Nortruss%20Instance/PointofSale_Module/TS5_POS_CashRefund_Full_StockReturn/POS_CashRefund_Full/Script1730789351775.groovy: 112: The current scope already contains a variable of the name sourceFile
 @ line 112, column 17.
   FileInputStream sourceFile = new FileInputStream(ExcelFile)
                   ^

file:/C:/Users/azureuser/git/frameworks-regression-test-automation/Scripts/Nortruss%20Instance/PointofSale_Module/TS5_POS_CashRefund_Full_StockReturn/POS_CashRefund_Full/Script1730789351775.groovy: 114: The current scope already contains a variable of the name workbook
 @ line 114, column 14.
   XSSFWorkbook workbook = new XSSFWorkbook(sourceFile)
                ^

file:/C:/Users/azureuser/git/frameworks-regression-test-automation/Scripts/Nortruss%20Instance/PointofSale_Module/TS5_POS_CashRefund_Full_StockReturn/POS_CashRefund_Full/Script1730789351775.groovy: 116: The current scope already contains a variable of the name sheet
 @ line 116, column 11.
   XSSFSheet sheet = workbook.getSheet(&apos;Sheet1&apos;)
             ^

file:/C:/Users/azureuser/git/frameworks-regression-test-automation/Scripts/Nortruss%20Instance/PointofSale_Module/TS5_POS_CashRefund_Full_StockReturn/POS_CashRefund_Full/Script1730789351775.groovy: 119: The current scope already contains a variable of the name row
 @ line 119, column 5.
   Row row = sheet.getRow(0)
       ^

file:/C:/Users/azureuser/git/frameworks-regression-test-automation/Scripts/Nortruss%20Instance/PointofSale_Module/TS5_POS_CashRefund_Full_StockReturn/POS_CashRefund_Full/Script1730789351775.groovy: 121: The current scope already contains a variable of the name cell
 @ line 121, column 6.
   Cell cell = row.getCell(1)
        ^

5 errors

	at com.kms.katalon.core.main.ScriptEngine.getScript(ScriptEngine.java:199)
	at com.kms.katalon.core.main.ScriptEngine.run(ScriptEngine.java:194)
	at com.kms.katalon.core.main.ScriptEngine.runScriptAsRawText(ScriptEngine.java:119)
	at com.kms.katalon.core.main.TestCaseExecutor.runScript(TestCaseExecutor.java:448)
	at com.kms.katalon.core.main.TestCaseExecutor.doExecute(TestCaseExecutor.java:439)
	at com.kms.katalon.core.main.TestCaseExecutor.processExecutionPhase(TestCaseExecutor.java:418)
	at com.kms.katalon.core.main.TestCaseExecutor.accessMainPhase(TestCaseExecutor.java:410)
	at com.kms.katalon.core.main.TestCaseExecutor.execute(TestCaseExecutor.java:285)
	at com.kms.katalon.core.common.CommonExecutor.accessTestCaseMainPhase(CommonExecutor.java:65)
	at com.kms.katalon.core.main.TestSuiteExecutor.accessTestSuiteMainPhase(TestSuiteExecutor.java:150)
	at com.kms.katalon.core.main.TestSuiteExecutor.execute(TestSuiteExecutor.java:106)
	at com.kms.katalon.core.main.TestCaseMain.startTestSuite(TestCaseMain.java:180)
	at TempTestSuite1730967062199.run(TempTestSuite1730967062199.groovy:35)
	at java.base/jdk.internal.reflect.NativeMethodAccessorImpl.invoke0(Native Method)
	at java.base/jdk.internal.reflect.NativeMethodAccessorImpl.invoke(NativeMethodAccessorImpl.java:77)
	at java.base/jdk.internal.reflect.DelegatingMethodAccessorImpl.invoke(DelegatingMethodAccessorImpl.java:43)
</property>
  <property name="failed.exception.class">org.codehaus.groovy.control.MultipleCompilationErrorsException</property>
  <property name="failed.exception.message">startup failed:
file:/C:/Users/azureuser/git/frameworks-regression-test-automation/Scripts/Nortruss%20Instance/PointofSale_Module/TS5_POS_CashRefund_Full_StockReturn/POS_CashRefund_Full/Script1730789351775.groovy: 112: The current scope already contains a variable of the name sourceFile
 @ line 112, column 17.
   FileInputStream sourceFile = new FileInputStream(ExcelFile)
                   ^

file:/C:/Users/azureuser/git/frameworks-regression-test-automation/Scripts/Nortruss%20Instance/PointofSale_Module/TS5_POS_CashRefund_Full_StockReturn/POS_CashRefund_Full/Script1730789351775.groovy: 114: The current scope already contains a variable of the name workbook
 @ line 114, column 14.
   XSSFWorkbook workbook = new XSSFWorkbook(sourceFile)
                ^

file:/C:/Users/azureuser/git/frameworks-regression-test-automation/Scripts/Nortruss%20Instance/PointofSale_Module/TS5_POS_CashRefund_Full_StockReturn/POS_CashRefund_Full/Script1730789351775.groovy: 116: The current scope already contains a variable of the name sheet
 @ line 116, column 11.
   XSSFSheet sheet = workbook.getSheet(&apos;Sheet1&apos;)
             ^

file:/C:/Users/azureuser/git/frameworks-regression-test-automation/Scripts/Nortruss%20Instance/PointofSale_Module/TS5_POS_CashRefund_Full_StockReturn/POS_CashRefund_Full/Script1730789351775.groovy: 119: The current scope already contains a variable of the name row
 @ line 119, column 5.
   Row row = sheet.getRow(0)
       ^

file:/C:/Users/azureuser/git/frameworks-regression-test-automation/Scripts/Nortruss%20Instance/PointofSale_Module/TS5_POS_CashRefund_Full_StockReturn/POS_CashRefund_Full/Script1730789351775.groovy: 121: The current scope already contains a variable of the name cell
 @ line 121, column 6.
   Cell cell = row.getCell(1)
        ^

5 errors
</property>
</record>
<record>
  <date>2024-11-07T08:11:56.547296400Z</date>
  <millis>1730967116547</millis>
  <nanos>296400</nanos>
  <sequence>340</sequence>
  <level>END</level>
  <class>com.kms.katalon.core.logging.XmlKeywordLogger</class>
  <method>endTest</method>
  <thread>1</thread>
  <message>End Test Case : Test Cases/Nortruss Instance/PointofSale_Module/TS5_POS_CashRefund_Full_StockReturn/POS_CashRefund_Full</message>
  <nestedLevel>0</nestedLevel>
  <escapedJava>false</escapedJava>
  <property name="executionBindingVariables">[
  {
    &quot;displayReportName&quot;: &quot;(Default) userN...&quot;,
    &quot;value&quot;: &quot;manaki&quot;,
    &quot;name&quot;: &quot;(Default) userName&quot;,
    &quot;masked&quot;: false
  },
  {
    &quot;displayReportName&quot;: &quot;(Default) trans...&quot;,
    &quot;value&quot;: &quot;&quot;,
    &quot;name&quot;: &quot;(Default) transactionNumber&quot;,
    &quot;masked&quot;: false
  },
  {
    &quot;displayReportName&quot;: &quot;(Default) docke...&quot;,
    &quot;value&quot;: &quot;&quot;,
    &quot;name&quot;: &quot;(Default) docketNumber&quot;,
    &quot;masked&quot;: false
  },
  {
    &quot;displayReportName&quot;: &quot;(Default) Excel...&quot;,
    &quot;value&quot;: &quot;C:\\Users\\azureuser\\Documents\\FrameworksAutomationTesting\\TestData\\NT_Instance\\POS_Module\\TS5_POS_CashRefundFull_testdata.xlsx&quot;,
    &quot;name&quot;: &quot;(Default) ExcelFile&quot;,
    &quot;masked&quot;: false
  }
]</property>
  <property name="applitools">false</property>
  <property name="remainingRetryCount">3</property>
  <property name="currentRetryCount">0</property>
  <property name="keywordsUsage">{
  &quot;web_ui&quot;: false,
  &quot;web_service&quot;: false,
  &quot;cucumber&quot;: false,
  &quot;builtin&quot;: false,
  &quot;mobile&quot;: false,
  &quot;windows&quot;: false,
  &quot;testng&quot;: false
}</property>
</record>
<record>
  <date>2024-11-07T08:11:56.553261700Z</date>
  <millis>1730967116553</millis>
  <nanos>261700</nanos>
  <sequence>341</sequence>
  <level>START</level>
  <class>com.kms.katalon.core.logging.XmlKeywordLogger</class>
  <method>startTest</method>
  <thread>1</thread>
  <message>Start Test Case : Test Cases/Nortruss Instance/PointofSale_Module/TS5_POS_CashRefund_Full_StockReturn/POS_CashRefund_Full</message>
  <nestedLevel>1</nestedLevel>
  <escapedJava>false</escapedJava>
  <property name="remainingRetryCount">2</property>
  <property name="name">Test Cases/Nortruss Instance/PointofSale_Module/TS5_POS_CashRefund_Full_StockReturn/POS_CashRefund_Full</property>
  <property name="description"></property>
  <property name="iteration"></property>
  <property name="id">Test Cases/Nortruss Instance/PointofSale_Module/TS5_POS_CashRefund_Full_StockReturn/POS_CashRefund_Full</property>
  <property name="source">C:\Users\azureuser\git\frameworks-regression-test-automation\Test Cases\Nortruss Instance\PointofSale_Module\TS5_POS_CashRefund_Full_StockReturn\POS_CashRefund_Full.tc</property>
  <property name="tag"></property>
  <property name="isOptional">false</property>
  <property name="currentRetryCount">1</property>
</record>
<record>
  <date>2024-11-07T08:11:56.564260500Z</date>
  <millis>1730967116564</millis>
  <nanos>260500</nanos>
  <sequence>343</sequence>
  <level>INFO</level>
  <class>com.kms.katalon.core.logging.XmlKeywordLogger</class>
  <method>logMessage</method>
  <thread>1</thread>
  <message>(Default) userName = manaki</message>
  <nestedLevel>1</nestedLevel>
  <escapedJava>false</escapedJava>
</record>
<record>
  <date>2024-11-07T08:11:56.564260500Z</date>
  <millis>1730967116564</millis>
  <nanos>260500</nanos>
  <sequence>344</sequence>
  <level>INFO</level>
  <class>com.kms.katalon.core.logging.XmlKeywordLogger</class>
  <method>logMessage</method>
  <thread>1</thread>
  <message>(Default) transactionNumber = </message>
  <nestedLevel>1</nestedLevel>
  <escapedJava>false</escapedJava>
</record>
<record>
  <date>2024-11-07T08:11:56.564260500Z</date>
  <millis>1730967116564</millis>
  <nanos>260500</nanos>
  <sequence>345</sequence>
  <level>INFO</level>
  <class>com.kms.katalon.core.logging.XmlKeywordLogger</class>
  <method>logMessage</method>
  <thread>1</thread>
  <message>(Default) docketNumber = </message>
  <nestedLevel>1</nestedLevel>
  <escapedJava>false</escapedJava>
</record>
<record>
  <date>2024-11-07T08:11:56.564260500Z</date>
  <millis>1730967116564</millis>
  <nanos>260500</nanos>
  <sequence>346</sequence>
  <level>INFO</level>
  <class>com.kms.katalon.core.logging.XmlKeywordLogger</class>
  <method>logMessage</method>
  <thread>1</thread>
  <message>(Default) ExcelFile = C:\Users\azureuser\Documents\FrameworksAutomationTesting\TestData\NT_Instance\POS_Module\TS5_POS_CashRefundFull_testdata.xlsx</message>
  <nestedLevel>1</nestedLevel>
  <escapedJava>false</escapedJava>
</record>
<record>
  <date>2024-11-07T08:11:56.846220200Z</date>
  <millis>1730967116846</millis>
  <nanos>220200</nanos>
  <sequence>348</sequence>
  <level>ERROR</level>
  <class>com.kms.katalon.core.logging.XmlKeywordLogger</class>
  <method>logMessage</method>
  <thread>1</thread>
  <message>Test Cases/Nortruss Instance/PointofSale_Module/TS5_POS_CashRefund_Full_StockReturn/POS_CashRefund_Full FAILED.
Reason:
org.codehaus.groovy.control.MultipleCompilationErrorsException: startup failed:
file:/C:/Users/azureuser/git/frameworks-regression-test-automation/Scripts/Nortruss%20Instance/PointofSale_Module/TS5_POS_CashRefund_Full_StockReturn/POS_CashRefund_Full/Script1730789351775.groovy: 112: The current scope already contains a variable of the name sourceFile
 @ line 112, column 17.
   FileInputStream sourceFile = new FileInputStream(ExcelFile)
                   ^

file:/C:/Users/azureuser/git/frameworks-regression-test-automation/Scripts/Nortruss%20Instance/PointofSale_Module/TS5_POS_CashRefund_Full_StockReturn/POS_CashRefund_Full/Script1730789351775.groovy: 114: The current scope already contains a variable of the name workbook
 @ line 114, column 14.
   XSSFWorkbook workbook = new XSSFWorkbook(sourceFile)
                ^

file:/C:/Users/azureuser/git/frameworks-regression-test-automation/Scripts/Nortruss%20Instance/PointofSale_Module/TS5_POS_CashRefund_Full_StockReturn/POS_CashRefund_Full/Script1730789351775.groovy: 116: The current scope already contains a variable of the name sheet
 @ line 116, column 11.
   XSSFSheet sheet = workbook.getSheet(&amp;apos;Sheet1&amp;apos;)
             ^

file:/C:/Users/azureuser/git/frameworks-regression-test-automation/Scripts/Nortruss%20Instance/PointofSale_Module/TS5_POS_CashRefund_Full_StockReturn/POS_CashRefund_Full/Script1730789351775.groovy: 119: The current scope already contains a variable of the name row
 @ line 119, column 5.
   Row row = sheet.getRow(0)
       ^

file:/C:/Users/azureuser/git/frameworks-regression-test-automation/Scripts/Nortruss%20Instance/PointofSale_Module/TS5_POS_CashRefund_Full_StockReturn/POS_CashRefund_Full/Script1730789351775.groovy: 121: The current scope already contains a variable of the name cell
 @ line 121, column 6.
   Cell cell = row.getCell(1)
        ^

5 errors

	at com.kms.katalon.core.main.ScriptEngine.getScript(ScriptEngine.java:199)
	at com.kms.katalon.core.main.ScriptEngine.run(ScriptEngine.java:194)
	at com.kms.katalon.core.main.ScriptEngine.runScriptAsRawText(ScriptEngine.java:119)
	at com.kms.katalon.core.main.TestCaseExecutor.runScript(TestCaseExecutor.java:448)
	at com.kms.katalon.core.main.TestCaseExecutor.doExecute(TestCaseExecutor.java:439)
	at com.kms.katalon.core.main.TestCaseExecutor.processExecutionPhase(TestCaseExecutor.java:418)
	at com.kms.katalon.core.main.TestCaseExecutor.accessMainPhase(TestCaseExecutor.java:410)
	at com.kms.katalon.core.main.TestCaseExecutor.execute(TestCaseExecutor.java:285)
	at com.kms.katalon.core.main.TestCaseExecutor.execute(TestCaseExecutor.java:369)
	at com.kms.katalon.core.common.CommonExecutor.accessTestCaseMainPhase(CommonExecutor.java:65)
	at com.kms.katalon.core.main.TestSuiteExecutor.accessTestSuiteMainPhase(TestSuiteExecutor.java:150)
	at com.kms.katalon.core.main.TestSuiteExecutor.execute(TestSuiteExecutor.java:106)
	at com.kms.katalon.core.main.TestCaseMain.startTestSuite(TestCaseMain.java:180)
	at TempTestSuite1730967062199.run(TempTestSuite1730967062199.groovy:35)
	at java.base/jdk.internal.reflect.NativeMethodAccessorImpl.invoke0(Native Method)
	at java.base/jdk.internal.reflect.NativeMethodAccessorImpl.invoke(NativeMethodAccessorImpl.java:77)
	at java.base/jdk.internal.reflect.DelegatingMethodAccessorImpl.invoke(DelegatingMethodAccessorImpl.java:43)
</message>
  <exception>
    <message>org.codehaus.groovy.control.MultipleCompilationErrorsException: startup failed:
file:/C:/Users/azureuser/git/frameworks-regression-test-automation/Scripts/Nortruss%20Instance/PointofSale_Module/TS5_POS_CashRefund_Full_StockReturn/POS_CashRefund_Full/Script1730789351775.groovy: 112: The current scope already contains a variable of the name sourceFile
 @ line 112, column 17.
   FileInputStream sourceFile = new FileInputStream(ExcelFile)
                   ^

file:/C:/Users/azureuser/git/frameworks-regression-test-automation/Scripts/Nortruss%20Instance/PointofSale_Module/TS5_POS_CashRefund_Full_StockReturn/POS_CashRefund_Full/Script1730789351775.groovy: 114: The current scope already contains a variable of the name workbook
 @ line 114, column 14.
   XSSFWorkbook workbook = new XSSFWorkbook(sourceFile)
                ^

file:/C:/Users/azureuser/git/frameworks-regression-test-automation/Scripts/Nortruss%20Instance/PointofSale_Module/TS5_POS_CashRefund_Full_StockReturn/POS_CashRefund_Full/Script1730789351775.groovy: 116: The current scope already contains a variable of the name sheet
 @ line 116, column 11.
   XSSFSheet sheet = workbook.getSheet('Sheet1')
             ^

file:/C:/Users/azureuser/git/frameworks-regression-test-automation/Scripts/Nortruss%20Instance/PointofSale_Module/TS5_POS_CashRefund_Full_StockReturn/POS_CashRefund_Full/Script1730789351775.groovy: 119: The current scope already contains a variable of the name row
 @ line 119, column 5.
   Row row = sheet.getRow(0)
       ^

file:/C:/Users/azureuser/git/frameworks-regression-test-automation/Scripts/Nortruss%20Instance/PointofSale_Module/TS5_POS_CashRefund_Full_StockReturn/POS_CashRefund_Full/Script1730789351775.groovy: 121: The current scope already contains a variable of the name cell
 @ line 121, column 6.
   Cell cell = row.getCell(1)
        ^

5 errors
</message>
    <frame>
      <class>com.kms.katalon.core.main.ScriptEngine</class>
      <method>getScript</method>
      <line>199</line>
    </frame>
    <frame>
      <class>com.kms.katalon.core.main.ScriptEngine</class>
      <method>run</method>
      <line>194</line>
    </frame>
    <frame>
      <class>com.kms.katalon.core.main.ScriptEngine</class>
      <method>runScriptAsRawText</method>
      <line>119</line>
    </frame>
    <frame>
      <class>com.kms.katalon.core.main.TestCaseExecutor</class>
      <method>runScript</method>
      <line>448</line>
    </frame>
    <frame>
      <class>com.kms.katalon.core.main.TestCaseExecutor</class>
      <method>doExecute</method>
      <line>439</line>
    </frame>
    <frame>
      <class>com.kms.katalon.core.main.TestCaseExecutor</class>
      <method>processExecutionPhase</method>
      <line>418</line>
    </frame>
    <frame>
      <class>com.kms.katalon.core.main.TestCaseExecutor</class>
      <method>accessMainPhase</method>
      <line>410</line>
    </frame>
    <frame>
      <class>com.kms.katalon.core.main.TestCaseExecutor</class>
      <method>execute</method>
      <line>285</line>
    </frame>
    <frame>
      <class>com.kms.katalon.core.main.TestCaseExecutor</class>
      <method>execute</method>
      <line>369</line>
    </frame>
    <frame>
      <class>com.kms.katalon.core.common.CommonExecutor</class>
      <method>accessTestCaseMainPhase</method>
      <line>65</line>
    </frame>
    <frame>
      <class>com.kms.katalon.core.main.TestSuiteExecutor</class>
      <method>accessTestSuiteMainPhase</method>
      <line>150</line>
    </frame>
    <frame>
      <class>com.kms.katalon.core.main.TestSuiteExecutor</class>
      <method>execute</method>
      <line>106</line>
    </frame>
    <frame>
      <class>com.kms.katalon.core.main.TestCaseMain</class>
      <method>startTestSuite</method>
      <line>180</line>
    </frame>
    <frame>
      <class>TempTestSuite1730967062199</class>
      <method>run</method>
      <line>35</line>
    </frame>
    <frame>
      <class>jdk.internal.reflect.NativeMethodAccessorImpl</class>
      <method>invoke0</method>
    </frame>
    <frame>
      <class>jdk.internal.reflect.NativeMethodAccessorImpl</class>
      <method>invoke</method>
      <line>77</line>
    </frame>
    <frame>
      <class>jdk.internal.reflect.DelegatingMethodAccessorImpl</class>
      <method>invoke</method>
      <line>43</line>
    </frame>
  </exception>
  <nestedLevel>0</nestedLevel>
  <escapedJava>false</escapedJava>
  <property name="failed.exception.stacktrace">org.codehaus.groovy.control.MultipleCompilationErrorsException: startup failed:
file:/C:/Users/azureuser/git/frameworks-regression-test-automation/Scripts/Nortruss%20Instance/PointofSale_Module/TS5_POS_CashRefund_Full_StockReturn/POS_CashRefund_Full/Script1730789351775.groovy: 112: The current scope already contains a variable of the name sourceFile
 @ line 112, column 17.
   FileInputStream sourceFile = new FileInputStream(ExcelFile)
                   ^

file:/C:/Users/azureuser/git/frameworks-regression-test-automation/Scripts/Nortruss%20Instance/PointofSale_Module/TS5_POS_CashRefund_Full_StockReturn/POS_CashRefund_Full/Script1730789351775.groovy: 114: The current scope already contains a variable of the name workbook
 @ line 114, column 14.
   XSSFWorkbook workbook = new XSSFWorkbook(sourceFile)
                ^

file:/C:/Users/azureuser/git/frameworks-regression-test-automation/Scripts/Nortruss%20Instance/PointofSale_Module/TS5_POS_CashRefund_Full_StockReturn/POS_CashRefund_Full/Script1730789351775.groovy: 116: The current scope already contains a variable of the name sheet
 @ line 116, column 11.
   XSSFSheet sheet = workbook.getSheet(&apos;Sheet1&apos;)
             ^

file:/C:/Users/azureuser/git/frameworks-regression-test-automation/Scripts/Nortruss%20Instance/PointofSale_Module/TS5_POS_CashRefund_Full_StockReturn/POS_CashRefund_Full/Script1730789351775.groovy: 119: The current scope already contains a variable of the name row
 @ line 119, column 5.
   Row row = sheet.getRow(0)
       ^

file:/C:/Users/azureuser/git/frameworks-regression-test-automation/Scripts/Nortruss%20Instance/PointofSale_Module/TS5_POS_CashRefund_Full_StockReturn/POS_CashRefund_Full/Script1730789351775.groovy: 121: The current scope already contains a variable of the name cell
 @ line 121, column 6.
   Cell cell = row.getCell(1)
        ^

5 errors

	at com.kms.katalon.core.main.ScriptEngine.getScript(ScriptEngine.java:199)
	at com.kms.katalon.core.main.ScriptEngine.run(ScriptEngine.java:194)
	at com.kms.katalon.core.main.ScriptEngine.runScriptAsRawText(ScriptEngine.java:119)
	at com.kms.katalon.core.main.TestCaseExecutor.runScript(TestCaseExecutor.java:448)
	at com.kms.katalon.core.main.TestCaseExecutor.doExecute(TestCaseExecutor.java:439)
	at com.kms.katalon.core.main.TestCaseExecutor.processExecutionPhase(TestCaseExecutor.java:418)
	at com.kms.katalon.core.main.TestCaseExecutor.accessMainPhase(TestCaseExecutor.java:410)
	at com.kms.katalon.core.main.TestCaseExecutor.execute(TestCaseExecutor.java:285)
	at com.kms.katalon.core.main.TestCaseExecutor.execute(TestCaseExecutor.java:369)
	at com.kms.katalon.core.common.CommonExecutor.accessTestCaseMainPhase(CommonExecutor.java:65)
	at com.kms.katalon.core.main.TestSuiteExecutor.accessTestSuiteMainPhase(TestSuiteExecutor.java:150)
	at com.kms.katalon.core.main.TestSuiteExecutor.execute(TestSuiteExecutor.java:106)
	at com.kms.katalon.core.main.TestCaseMain.startTestSuite(TestCaseMain.java:180)
	at TempTestSuite1730967062199.run(TempTestSuite1730967062199.groovy:35)
	at java.base/jdk.internal.reflect.NativeMethodAccessorImpl.invoke0(Native Method)
	at java.base/jdk.internal.reflect.NativeMethodAccessorImpl.invoke(NativeMethodAccessorImpl.java:77)
	at java.base/jdk.internal.reflect.DelegatingMethodAccessorImpl.invoke(DelegatingMethodAccessorImpl.java:43)
</property>
  <property name="failed.exception.class">org.codehaus.groovy.control.MultipleCompilationErrorsException</property>
  <property name="failed.exception.message">startup failed:
file:/C:/Users/azureuser/git/frameworks-regression-test-automation/Scripts/Nortruss%20Instance/PointofSale_Module/TS5_POS_CashRefund_Full_StockReturn/POS_CashRefund_Full/Script1730789351775.groovy: 112: The current scope already contains a variable of the name sourceFile
 @ line 112, column 17.
   FileInputStream sourceFile = new FileInputStream(ExcelFile)
                   ^

file:/C:/Users/azureuser/git/frameworks-regression-test-automation/Scripts/Nortruss%20Instance/PointofSale_Module/TS5_POS_CashRefund_Full_StockReturn/POS_CashRefund_Full/Script1730789351775.groovy: 114: The current scope already contains a variable of the name workbook
 @ line 114, column 14.
   XSSFWorkbook workbook = new XSSFWorkbook(sourceFile)
                ^

file:/C:/Users/azureuser/git/frameworks-regression-test-automation/Scripts/Nortruss%20Instance/PointofSale_Module/TS5_POS_CashRefund_Full_StockReturn/POS_CashRefund_Full/Script1730789351775.groovy: 116: The current scope already contains a variable of the name sheet
 @ line 116, column 11.
   XSSFSheet sheet = workbook.getSheet(&apos;Sheet1&apos;)
             ^

file:/C:/Users/azureuser/git/frameworks-regression-test-automation/Scripts/Nortruss%20Instance/PointofSale_Module/TS5_POS_CashRefund_Full_StockReturn/POS_CashRefund_Full/Script1730789351775.groovy: 119: The current scope already contains a variable of the name row
 @ line 119, column 5.
   Row row = sheet.getRow(0)
       ^

file:/C:/Users/azureuser/git/frameworks-regression-test-automation/Scripts/Nortruss%20Instance/PointofSale_Module/TS5_POS_CashRefund_Full_StockReturn/POS_CashRefund_Full/Script1730789351775.groovy: 121: The current scope already contains a variable of the name cell
 @ line 121, column 6.
   Cell cell = row.getCell(1)
        ^

5 errors
</property>
</record>
<record>
  <date>2024-11-07T08:11:56.846220200Z</date>
  <millis>1730967116846</millis>
  <nanos>220200</nanos>
  <sequence>350</sequence>
  <level>END</level>
  <class>com.kms.katalon.core.logging.XmlKeywordLogger</class>
  <method>endTest</method>
  <thread>1</thread>
  <message>End Test Case : Test Cases/Nortruss Instance/PointofSale_Module/TS5_POS_CashRefund_Full_StockReturn/POS_CashRefund_Full</message>
  <nestedLevel>0</nestedLevel>
  <escapedJava>false</escapedJava>
  <property name="executionBindingVariables">[
  {
    &quot;displayReportName&quot;: &quot;(Default) userN...&quot;,
    &quot;value&quot;: &quot;manaki&quot;,
    &quot;name&quot;: &quot;(Default) userName&quot;,
    &quot;masked&quot;: false
  },
  {
    &quot;displayReportName&quot;: &quot;(Default) trans...&quot;,
    &quot;value&quot;: &quot;&quot;,
    &quot;name&quot;: &quot;(Default) transactionNumber&quot;,
    &quot;masked&quot;: false
  },
  {
    &quot;displayReportName&quot;: &quot;(Default) docke...&quot;,
    &quot;value&quot;: &quot;&quot;,
    &quot;name&quot;: &quot;(Default) docketNumber&quot;,
    &quot;masked&quot;: false
  },
  {
    &quot;displayReportName&quot;: &quot;(Default) Excel...&quot;,
    &quot;value&quot;: &quot;C:\\Users\\azureuser\\Documents\\FrameworksAutomationTesting\\TestData\\NT_Instance\\POS_Module\\TS5_POS_CashRefundFull_testdata.xlsx&quot;,
    &quot;name&quot;: &quot;(Default) ExcelFile&quot;,
    &quot;masked&quot;: false
  }
]</property>
  <property name="applitools">false</property>
  <property name="remainingRetryCount">2</property>
  <property name="currentRetryCount">1</property>
  <property name="keywordsUsage">{
  &quot;web_ui&quot;: false,
  &quot;web_service&quot;: false,
  &quot;cucumber&quot;: false,
  &quot;builtin&quot;: false,
  &quot;mobile&quot;: false,
  &quot;windows&quot;: false,
  &quot;testng&quot;: false
}</property>
</record>
<record>
  <date>2024-11-07T08:11:56.846220200Z</date>
  <millis>1730967116846</millis>
  <nanos>220200</nanos>
  <sequence>351</sequence>
  <level>START</level>
  <class>com.kms.katalon.core.logging.XmlKeywordLogger</class>
  <method>startTest</method>
  <thread>1</thread>
  <message>Start Test Case : Test Cases/Nortruss Instance/PointofSale_Module/TS5_POS_CashRefund_Full_StockReturn/POS_CashRefund_Full</message>
  <nestedLevel>1</nestedLevel>
  <escapedJava>false</escapedJava>
  <property name="remainingRetryCount">1</property>
  <property name="name">Test Cases/Nortruss Instance/PointofSale_Module/TS5_POS_CashRefund_Full_StockReturn/POS_CashRefund_Full</property>
  <property name="description"></property>
  <property name="iteration"></property>
  <property name="id">Test Cases/Nortruss Instance/PointofSale_Module/TS5_POS_CashRefund_Full_StockReturn/POS_CashRefund_Full</property>
  <property name="source">C:\Users\azureuser\git\frameworks-regression-test-automation\Test Cases\Nortruss Instance\PointofSale_Module\TS5_POS_CashRefund_Full_StockReturn\POS_CashRefund_Full.tc</property>
  <property name="tag"></property>
  <property name="isOptional">false</property>
  <property name="currentRetryCount">2</property>
</record>
<record>
  <date>2024-11-07T08:11:56.877444700Z</date>
  <millis>1730967116877</millis>
  <nanos>444700</nanos>
  <sequence>353</sequence>
  <level>INFO</level>
  <class>com.kms.katalon.core.logging.XmlKeywordLogger</class>
  <method>logMessage</method>
  <thread>1</thread>
  <message>(Default) userName = manaki</message>
  <nestedLevel>1</nestedLevel>
  <escapedJava>false</escapedJava>
</record>
<record>
  <date>2024-11-07T08:11:56.877444700Z</date>
  <millis>1730967116877</millis>
  <nanos>444700</nanos>
  <sequence>354</sequence>
  <level>INFO</level>
  <class>com.kms.katalon.core.logging.XmlKeywordLogger</class>
  <method>logMessage</method>
  <thread>1</thread>
  <message>(Default) transactionNumber = </message>
  <nestedLevel>1</nestedLevel>
  <escapedJava>false</escapedJava>
</record>
<record>
  <date>2024-11-07T08:11:56.877444700Z</date>
  <millis>1730967116877</millis>
  <nanos>444700</nanos>
  <sequence>355</sequence>
  <level>INFO</level>
  <class>com.kms.katalon.core.logging.XmlKeywordLogger</class>
  <method>logMessage</method>
  <thread>1</thread>
  <message>(Default) docketNumber = </message>
  <nestedLevel>1</nestedLevel>
  <escapedJava>false</escapedJava>
</record>
<record>
  <date>2024-11-07T08:11:56.877444700Z</date>
  <millis>1730967116877</millis>
  <nanos>444700</nanos>
  <sequence>356</sequence>
  <level>INFO</level>
  <class>com.kms.katalon.core.logging.XmlKeywordLogger</class>
  <method>logMessage</method>
  <thread>1</thread>
  <message>(Default) ExcelFile = C:\Users\azureuser\Documents\FrameworksAutomationTesting\TestData\NT_Instance\POS_Module\TS5_POS_CashRefundFull_testdata.xlsx</message>
  <nestedLevel>1</nestedLevel>
  <escapedJava>false</escapedJava>
</record>
<record>
  <date>2024-11-07T08:11:57.096267200Z</date>
  <millis>1730967117096</millis>
  <nanos>267200</nanos>
  <sequence>358</sequence>
  <level>ERROR</level>
  <class>com.kms.katalon.core.logging.XmlKeywordLogger</class>
  <method>logMessage</method>
  <thread>1</thread>
  <message>Test Cases/Nortruss Instance/PointofSale_Module/TS5_POS_CashRefund_Full_StockReturn/POS_CashRefund_Full FAILED.
Reason:
org.codehaus.groovy.control.MultipleCompilationErrorsException: startup failed:
file:/C:/Users/azureuser/git/frameworks-regression-test-automation/Scripts/Nortruss%20Instance/PointofSale_Module/TS5_POS_CashRefund_Full_StockReturn/POS_CashRefund_Full/Script1730789351775.groovy: 112: The current scope already contains a variable of the name sourceFile
 @ line 112, column 17.
   FileInputStream sourceFile = new FileInputStream(ExcelFile)
                   ^

file:/C:/Users/azureuser/git/frameworks-regression-test-automation/Scripts/Nortruss%20Instance/PointofSale_Module/TS5_POS_CashRefund_Full_StockReturn/POS_CashRefund_Full/Script1730789351775.groovy: 114: The current scope already contains a variable of the name workbook
 @ line 114, column 14.
   XSSFWorkbook workbook = new XSSFWorkbook(sourceFile)
                ^

file:/C:/Users/azureuser/git/frameworks-regression-test-automation/Scripts/Nortruss%20Instance/PointofSale_Module/TS5_POS_CashRefund_Full_StockReturn/POS_CashRefund_Full/Script1730789351775.groovy: 116: The current scope already contains a variable of the name sheet
 @ line 116, column 11.
   XSSFSheet sheet = workbook.getSheet(&amp;apos;Sheet1&amp;apos;)
             ^

file:/C:/Users/azureuser/git/frameworks-regression-test-automation/Scripts/Nortruss%20Instance/PointofSale_Module/TS5_POS_CashRefund_Full_StockReturn/POS_CashRefund_Full/Script1730789351775.groovy: 119: The current scope already contains a variable of the name row
 @ line 119, column 5.
   Row row = sheet.getRow(0)
       ^

file:/C:/Users/azureuser/git/frameworks-regression-test-automation/Scripts/Nortruss%20Instance/PointofSale_Module/TS5_POS_CashRefund_Full_StockReturn/POS_CashRefund_Full/Script1730789351775.groovy: 121: The current scope already contains a variable of the name cell
 @ line 121, column 6.
   Cell cell = row.getCell(1)
        ^

5 errors

	at com.kms.katalon.core.main.ScriptEngine.getScript(ScriptEngine.java:199)
	at com.kms.katalon.core.main.ScriptEngine.run(ScriptEngine.java:194)
	at com.kms.katalon.core.main.ScriptEngine.runScriptAsRawText(ScriptEngine.java:119)
	at com.kms.katalon.core.main.TestCaseExecutor.runScript(TestCaseExecutor.java:448)
	at com.kms.katalon.core.main.TestCaseExecutor.doExecute(TestCaseExecutor.java:439)
	at com.kms.katalon.core.main.TestCaseExecutor.processExecutionPhase(TestCaseExecutor.java:418)
	at com.kms.katalon.core.main.TestCaseExecutor.accessMainPhase(TestCaseExecutor.java:410)
	at com.kms.katalon.core.main.TestCaseExecutor.execute(TestCaseExecutor.java:285)
	at com.kms.katalon.core.main.TestCaseExecutor.execute(TestCaseExecutor.java:369)
	at com.kms.katalon.core.main.TestCaseExecutor.execute(TestCaseExecutor.java:369)
	at com.kms.katalon.core.common.CommonExecutor.accessTestCaseMainPhase(CommonExecutor.java:65)
	at com.kms.katalon.core.main.TestSuiteExecutor.accessTestSuiteMainPhase(TestSuiteExecutor.java:150)
	at com.kms.katalon.core.main.TestSuiteExecutor.execute(TestSuiteExecutor.java:106)
	at com.kms.katalon.core.main.TestCaseMain.startTestSuite(TestCaseMain.java:180)
	at TempTestSuite1730967062199.run(TempTestSuite1730967062199.groovy:35)
	at java.base/jdk.internal.reflect.NativeMethodAccessorImpl.invoke0(Native Method)
	at java.base/jdk.internal.reflect.NativeMethodAccessorImpl.invoke(NativeMethodAccessorImpl.java:77)
	at java.base/jdk.internal.reflect.DelegatingMethodAccessorImpl.invoke(DelegatingMethodAccessorImpl.java:43)
</message>
  <exception>
    <message>org.codehaus.groovy.control.MultipleCompilationErrorsException: startup failed:
file:/C:/Users/azureuser/git/frameworks-regression-test-automation/Scripts/Nortruss%20Instance/PointofSale_Module/TS5_POS_CashRefund_Full_StockReturn/POS_CashRefund_Full/Script1730789351775.groovy: 112: The current scope already contains a variable of the name sourceFile
 @ line 112, column 17.
   FileInputStream sourceFile = new FileInputStream(ExcelFile)
                   ^

file:/C:/Users/azureuser/git/frameworks-regression-test-automation/Scripts/Nortruss%20Instance/PointofSale_Module/TS5_POS_CashRefund_Full_StockReturn/POS_CashRefund_Full/Script1730789351775.groovy: 114: The current scope already contains a variable of the name workbook
 @ line 114, column 14.
   XSSFWorkbook workbook = new XSSFWorkbook(sourceFile)
                ^

file:/C:/Users/azureuser/git/frameworks-regression-test-automation/Scripts/Nortruss%20Instance/PointofSale_Module/TS5_POS_CashRefund_Full_StockReturn/POS_CashRefund_Full/Script1730789351775.groovy: 116: The current scope already contains a variable of the name sheet
 @ line 116, column 11.
   XSSFSheet sheet = workbook.getSheet('Sheet1')
             ^

file:/C:/Users/azureuser/git/frameworks-regression-test-automation/Scripts/Nortruss%20Instance/PointofSale_Module/TS5_POS_CashRefund_Full_StockReturn/POS_CashRefund_Full/Script1730789351775.groovy: 119: The current scope already contains a variable of the name row
 @ line 119, column 5.
   Row row = sheet.getRow(0)
       ^

file:/C:/Users/azureuser/git/frameworks-regression-test-automation/Scripts/Nortruss%20Instance/PointofSale_Module/TS5_POS_CashRefund_Full_StockReturn/POS_CashRefund_Full/Script1730789351775.groovy: 121: The current scope already contains a variable of the name cell
 @ line 121, column 6.
   Cell cell = row.getCell(1)
        ^

5 errors
</message>
    <frame>
      <class>com.kms.katalon.core.main.ScriptEngine</class>
      <method>getScript</method>
      <line>199</line>
    </frame>
    <frame>
      <class>com.kms.katalon.core.main.ScriptEngine</class>
      <method>run</method>
      <line>194</line>
    </frame>
    <frame>
      <class>com.kms.katalon.core.main.ScriptEngine</class>
      <method>runScriptAsRawText</method>
      <line>119</line>
    </frame>
    <frame>
      <class>com.kms.katalon.core.main.TestCaseExecutor</class>
      <method>runScript</method>
      <line>448</line>
    </frame>
    <frame>
      <class>com.kms.katalon.core.main.TestCaseExecutor</class>
      <method>doExecute</method>
      <line>439</line>
    </frame>
    <frame>
      <class>com.kms.katalon.core.main.TestCaseExecutor</class>
      <method>processExecutionPhase</method>
      <line>418</line>
    </frame>
    <frame>
      <class>com.kms.katalon.core.main.TestCaseExecutor</class>
      <method>accessMainPhase</method>
      <line>410</line>
    </frame>
    <frame>
      <class>com.kms.katalon.core.main.TestCaseExecutor</class>
      <method>execute</method>
      <line>285</line>
    </frame>
    <frame>
      <class>com.kms.katalon.core.main.TestCaseExecutor</class>
      <method>execute</method>
      <line>369</line>
    </frame>
    <frame>
      <class>com.kms.katalon.core.main.TestCaseExecutor</class>
      <method>execute</method>
      <line>369</line>
    </frame>
    <frame>
      <class>com.kms.katalon.core.common.CommonExecutor</class>
      <method>accessTestCaseMainPhase</method>
      <line>65</line>
    </frame>
    <frame>
      <class>com.kms.katalon.core.main.TestSuiteExecutor</class>
      <method>accessTestSuiteMainPhase</method>
      <line>150</line>
    </frame>
    <frame>
      <class>com.kms.katalon.core.main.TestSuiteExecutor</class>
      <method>execute</method>
      <line>106</line>
    </frame>
    <frame>
      <class>com.kms.katalon.core.main.TestCaseMain</class>
      <method>startTestSuite</method>
      <line>180</line>
    </frame>
    <frame>
      <class>TempTestSuite1730967062199</class>
      <method>run</method>
      <line>35</line>
    </frame>
    <frame>
      <class>jdk.internal.reflect.NativeMethodAccessorImpl</class>
      <method>invoke0</method>
    </frame>
    <frame>
      <class>jdk.internal.reflect.NativeMethodAccessorImpl</class>
      <method>invoke</method>
      <line>77</line>
    </frame>
    <frame>
      <class>jdk.internal.reflect.DelegatingMethodAccessorImpl</class>
      <method>invoke</method>
      <line>43</line>
    </frame>
  </exception>
  <nestedLevel>0</nestedLevel>
  <escapedJava>false</escapedJava>
  <property name="failed.exception.stacktrace">org.codehaus.groovy.control.MultipleCompilationErrorsException: startup failed:
file:/C:/Users/azureuser/git/frameworks-regression-test-automation/Scripts/Nortruss%20Instance/PointofSale_Module/TS5_POS_CashRefund_Full_StockReturn/POS_CashRefund_Full/Script1730789351775.groovy: 112: The current scope already contains a variable of the name sourceFile
 @ line 112, column 17.
   FileInputStream sourceFile = new FileInputStream(ExcelFile)
                   ^

file:/C:/Users/azureuser/git/frameworks-regression-test-automation/Scripts/Nortruss%20Instance/PointofSale_Module/TS5_POS_CashRefund_Full_StockReturn/POS_CashRefund_Full/Script1730789351775.groovy: 114: The current scope already contains a variable of the name workbook
 @ line 114, column 14.
   XSSFWorkbook workbook = new XSSFWorkbook(sourceFile)
                ^

file:/C:/Users/azureuser/git/frameworks-regression-test-automation/Scripts/Nortruss%20Instance/PointofSale_Module/TS5_POS_CashRefund_Full_StockReturn/POS_CashRefund_Full/Script1730789351775.groovy: 116: The current scope already contains a variable of the name sheet
 @ line 116, column 11.
   XSSFSheet sheet = workbook.getSheet(&apos;Sheet1&apos;)
             ^

file:/C:/Users/azureuser/git/frameworks-regression-test-automation/Scripts/Nortruss%20Instance/PointofSale_Module/TS5_POS_CashRefund_Full_StockReturn/POS_CashRefund_Full/Script1730789351775.groovy: 119: The current scope already contains a variable of the name row
 @ line 119, column 5.
   Row row = sheet.getRow(0)
       ^

file:/C:/Users/azureuser/git/frameworks-regression-test-automation/Scripts/Nortruss%20Instance/PointofSale_Module/TS5_POS_CashRefund_Full_StockReturn/POS_CashRefund_Full/Script1730789351775.groovy: 121: The current scope already contains a variable of the name cell
 @ line 121, column 6.
   Cell cell = row.getCell(1)
        ^

5 errors

	at com.kms.katalon.core.main.ScriptEngine.getScript(ScriptEngine.java:199)
	at com.kms.katalon.core.main.ScriptEngine.run(ScriptEngine.java:194)
	at com.kms.katalon.core.main.ScriptEngine.runScriptAsRawText(ScriptEngine.java:119)
	at com.kms.katalon.core.main.TestCaseExecutor.runScript(TestCaseExecutor.java:448)
	at com.kms.katalon.core.main.TestCaseExecutor.doExecute(TestCaseExecutor.java:439)
	at com.kms.katalon.core.main.TestCaseExecutor.processExecutionPhase(TestCaseExecutor.java:418)
	at com.kms.katalon.core.main.TestCaseExecutor.accessMainPhase(TestCaseExecutor.java:410)
	at com.kms.katalon.core.main.TestCaseExecutor.execute(TestCaseExecutor.java:285)
	at com.kms.katalon.core.main.TestCaseExecutor.execute(TestCaseExecutor.java:369)
	at com.kms.katalon.core.main.TestCaseExecutor.execute(TestCaseExecutor.java:369)
	at com.kms.katalon.core.common.CommonExecutor.accessTestCaseMainPhase(CommonExecutor.java:65)
	at com.kms.katalon.core.main.TestSuiteExecutor.accessTestSuiteMainPhase(TestSuiteExecutor.java:150)
	at com.kms.katalon.core.main.TestSuiteExecutor.execute(TestSuiteExecutor.java:106)
	at com.kms.katalon.core.main.TestCaseMain.startTestSuite(TestCaseMain.java:180)
	at TempTestSuite1730967062199.run(TempTestSuite1730967062199.groovy:35)
	at java.base/jdk.internal.reflect.NativeMethodAccessorImpl.invoke0(Native Method)
	at java.base/jdk.internal.reflect.NativeMethodAccessorImpl.invoke(NativeMethodAccessorImpl.java:77)
	at java.base/jdk.internal.reflect.DelegatingMethodAccessorImpl.invoke(DelegatingMethodAccessorImpl.java:43)
</property>
  <property name="failed.exception.class">org.codehaus.groovy.control.MultipleCompilationErrorsException</property>
  <property name="failed.exception.message">startup failed:
file:/C:/Users/azureuser/git/frameworks-regression-test-automation/Scripts/Nortruss%20Instance/PointofSale_Module/TS5_POS_CashRefund_Full_StockReturn/POS_CashRefund_Full/Script1730789351775.groovy: 112: The current scope already contains a variable of the name sourceFile
 @ line 112, column 17.
   FileInputStream sourceFile = new FileInputStream(ExcelFile)
                   ^

file:/C:/Users/azureuser/git/frameworks-regression-test-automation/Scripts/Nortruss%20Instance/PointofSale_Module/TS5_POS_CashRefund_Full_StockReturn/POS_CashRefund_Full/Script1730789351775.groovy: 114: The current scope already contains a variable of the name workbook
 @ line 114, column 14.
   XSSFWorkbook workbook = new XSSFWorkbook(sourceFile)
                ^

file:/C:/Users/azureuser/git/frameworks-regression-test-automation/Scripts/Nortruss%20Instance/PointofSale_Module/TS5_POS_CashRefund_Full_StockReturn/POS_CashRefund_Full/Script1730789351775.groovy: 116: The current scope already contains a variable of the name sheet
 @ line 116, column 11.
   XSSFSheet sheet = workbook.getSheet(&apos;Sheet1&apos;)
             ^

file:/C:/Users/azureuser/git/frameworks-regression-test-automation/Scripts/Nortruss%20Instance/PointofSale_Module/TS5_POS_CashRefund_Full_StockReturn/POS_CashRefund_Full/Script1730789351775.groovy: 119: The current scope already contains a variable of the name row
 @ line 119, column 5.
   Row row = sheet.getRow(0)
       ^

file:/C:/Users/azureuser/git/frameworks-regression-test-automation/Scripts/Nortruss%20Instance/PointofSale_Module/TS5_POS_CashRefund_Full_StockReturn/POS_CashRefund_Full/Script1730789351775.groovy: 121: The current scope already contains a variable of the name cell
 @ line 121, column 6.
   Cell cell = row.getCell(1)
        ^

5 errors
</property>
</record>
<record>
  <date>2024-11-07T08:11:57.096267200Z</date>
  <millis>1730967117096</millis>
  <nanos>267200</nanos>
  <sequence>360</sequence>
  <level>END</level>
  <class>com.kms.katalon.core.logging.XmlKeywordLogger</class>
  <method>endTest</method>
  <thread>1</thread>
  <message>End Test Case : Test Cases/Nortruss Instance/PointofSale_Module/TS5_POS_CashRefund_Full_StockReturn/POS_CashRefund_Full</message>
  <nestedLevel>0</nestedLevel>
  <escapedJava>false</escapedJava>
  <property name="executionBindingVariables">[
  {
    &quot;displayReportName&quot;: &quot;(Default) userN...&quot;,
    &quot;value&quot;: &quot;manaki&quot;,
    &quot;name&quot;: &quot;(Default) userName&quot;,
    &quot;masked&quot;: false
  },
  {
    &quot;displayReportName&quot;: &quot;(Default) trans...&quot;,
    &quot;value&quot;: &quot;&quot;,
    &quot;name&quot;: &quot;(Default) transactionNumber&quot;,
    &quot;masked&quot;: false
  },
  {
    &quot;displayReportName&quot;: &quot;(Default) docke...&quot;,
    &quot;value&quot;: &quot;&quot;,
    &quot;name&quot;: &quot;(Default) docketNumber&quot;,
    &quot;masked&quot;: false
  },
  {
    &quot;displayReportName&quot;: &quot;(Default) Excel...&quot;,
    &quot;value&quot;: &quot;C:\\Users\\azureuser\\Documents\\FrameworksAutomationTesting\\TestData\\NT_Instance\\POS_Module\\TS5_POS_CashRefundFull_testdata.xlsx&quot;,
    &quot;name&quot;: &quot;(Default) ExcelFile&quot;,
    &quot;masked&quot;: false
  }
]</property>
  <property name="applitools">false</property>
  <property name="remainingRetryCount">1</property>
  <property name="currentRetryCount">2</property>
  <property name="keywordsUsage">{
  &quot;web_ui&quot;: false,
  &quot;web_service&quot;: false,
  &quot;cucumber&quot;: false,
  &quot;builtin&quot;: false,
  &quot;mobile&quot;: false,
  &quot;windows&quot;: false,
  &quot;testng&quot;: false
}</property>
</record>
<record>
  <date>2024-11-07T08:11:57.111825600Z</date>
  <millis>1730967117111</millis>
  <nanos>825600</nanos>
  <sequence>361</sequence>
  <level>START</level>
  <class>com.kms.katalon.core.logging.XmlKeywordLogger</class>
  <method>startTest</method>
  <thread>1</thread>
  <message>Start Test Case : Test Cases/Nortruss Instance/PointofSale_Module/TS5_POS_CashRefund_Full_StockReturn/POS_CashRefund_Full</message>
  <nestedLevel>1</nestedLevel>
  <escapedJava>false</escapedJava>
  <property name="remainingRetryCount">0</property>
  <property name="name">Test Cases/Nortruss Instance/PointofSale_Module/TS5_POS_CashRefund_Full_StockReturn/POS_CashRefund_Full</property>
  <property name="description"></property>
  <property name="iteration"></property>
  <property name="id">Test Cases/Nortruss Instance/PointofSale_Module/TS5_POS_CashRefund_Full_StockReturn/POS_CashRefund_Full</property>
  <property name="source">C:\Users\azureuser\git\frameworks-regression-test-automation\Test Cases\Nortruss Instance\PointofSale_Module\TS5_POS_CashRefund_Full_StockReturn\POS_CashRefund_Full.tc</property>
  <property name="tag"></property>
  <property name="isOptional">false</property>
  <property name="currentRetryCount">3</property>
</record>
<record>
  <date>2024-11-07T08:11:57.143294700Z</date>
  <millis>1730967117143</millis>
  <nanos>294700</nanos>
  <sequence>363</sequence>
  <level>INFO</level>
  <class>com.kms.katalon.core.logging.XmlKeywordLogger</class>
  <method>logMessage</method>
  <thread>1</thread>
  <message>(Default) userName = manaki</message>
  <nestedLevel>1</nestedLevel>
  <escapedJava>false</escapedJava>
</record>
<record>
  <date>2024-11-07T08:11:57.143294700Z</date>
  <millis>1730967117143</millis>
  <nanos>294700</nanos>
  <sequence>364</sequence>
  <level>INFO</level>
  <class>com.kms.katalon.core.logging.XmlKeywordLogger</class>
  <method>logMessage</method>
  <thread>1</thread>
  <message>(Default) transactionNumber = </message>
  <nestedLevel>1</nestedLevel>
  <escapedJava>false</escapedJava>
</record>
<record>
  <date>2024-11-07T08:11:57.143294700Z</date>
  <millis>1730967117143</millis>
  <nanos>294700</nanos>
  <sequence>365</sequence>
  <level>INFO</level>
  <class>com.kms.katalon.core.logging.XmlKeywordLogger</class>
  <method>logMessage</method>
  <thread>1</thread>
  <message>(Default) docketNumber = </message>
  <nestedLevel>1</nestedLevel>
  <escapedJava>false</escapedJava>
</record>
<record>
  <date>2024-11-07T08:11:57.143294700Z</date>
  <millis>1730967117143</millis>
  <nanos>294700</nanos>
  <sequence>366</sequence>
  <level>INFO</level>
  <class>com.kms.katalon.core.logging.XmlKeywordLogger</class>
  <method>logMessage</method>
  <thread>1</thread>
  <message>(Default) ExcelFile = C:\Users\azureuser\Documents\FrameworksAutomationTesting\TestData\NT_Instance\POS_Module\TS5_POS_CashRefundFull_testdata.xlsx</message>
  <nestedLevel>1</nestedLevel>
  <escapedJava>false</escapedJava>
</record>
<record>
  <date>2024-11-07T08:11:57.377454500Z</date>
  <millis>1730967117377</millis>
  <nanos>454500</nanos>
  <sequence>368</sequence>
  <level>ERROR</level>
  <class>com.kms.katalon.core.logging.XmlKeywordLogger</class>
  <method>logMessage</method>
  <thread>1</thread>
  <message>Test Cases/Nortruss Instance/PointofSale_Module/TS5_POS_CashRefund_Full_StockReturn/POS_CashRefund_Full FAILED.
Reason:
org.codehaus.groovy.control.MultipleCompilationErrorsException: startup failed:
file:/C:/Users/azureuser/git/frameworks-regression-test-automation/Scripts/Nortruss%20Instance/PointofSale_Module/TS5_POS_CashRefund_Full_StockReturn/POS_CashRefund_Full/Script1730789351775.groovy: 112: The current scope already contains a variable of the name sourceFile
 @ line 112, column 17.
   FileInputStream sourceFile = new FileInputStream(ExcelFile)
                   ^

file:/C:/Users/azureuser/git/frameworks-regression-test-automation/Scripts/Nortruss%20Instance/PointofSale_Module/TS5_POS_CashRefund_Full_StockReturn/POS_CashRefund_Full/Script1730789351775.groovy: 114: The current scope already contains a variable of the name workbook
 @ line 114, column 14.
   XSSFWorkbook workbook = new XSSFWorkbook(sourceFile)
                ^

file:/C:/Users/azureuser/git/frameworks-regression-test-automation/Scripts/Nortruss%20Instance/PointofSale_Module/TS5_POS_CashRefund_Full_StockReturn/POS_CashRefund_Full/Script1730789351775.groovy: 116: The current scope already contains a variable of the name sheet
 @ line 116, column 11.
   XSSFSheet sheet = workbook.getSheet(&amp;apos;Sheet1&amp;apos;)
             ^

file:/C:/Users/azureuser/git/frameworks-regression-test-automation/Scripts/Nortruss%20Instance/PointofSale_Module/TS5_POS_CashRefund_Full_StockReturn/POS_CashRefund_Full/Script1730789351775.groovy: 119: The current scope already contains a variable of the name row
 @ line 119, column 5.
   Row row = sheet.getRow(0)
       ^

file:/C:/Users/azureuser/git/frameworks-regression-test-automation/Scripts/Nortruss%20Instance/PointofSale_Module/TS5_POS_CashRefund_Full_StockReturn/POS_CashRefund_Full/Script1730789351775.groovy: 121: The current scope already contains a variable of the name cell
 @ line 121, column 6.
   Cell cell = row.getCell(1)
        ^

5 errors

	at com.kms.katalon.core.main.ScriptEngine.getScript(ScriptEngine.java:199)
	at com.kms.katalon.core.main.ScriptEngine.run(ScriptEngine.java:194)
	at com.kms.katalon.core.main.ScriptEngine.runScriptAsRawText(ScriptEngine.java:119)
	at com.kms.katalon.core.main.TestCaseExecutor.runScript(TestCaseExecutor.java:448)
	at com.kms.katalon.core.main.TestCaseExecutor.doExecute(TestCaseExecutor.java:439)
	at com.kms.katalon.core.main.TestCaseExecutor.processExecutionPhase(TestCaseExecutor.java:418)
	at com.kms.katalon.core.main.TestCaseExecutor.accessMainPhase(TestCaseExecutor.java:410)
	at com.kms.katalon.core.main.TestCaseExecutor.execute(TestCaseExecutor.java:285)
	at com.kms.katalon.core.main.TestCaseExecutor.execute(TestCaseExecutor.java:369)
	at com.kms.katalon.core.main.TestCaseExecutor.execute(TestCaseExecutor.java:369)
	at com.kms.katalon.core.main.TestCaseExecutor.execute(TestCaseExecutor.java:369)
	at com.kms.katalon.core.common.CommonExecutor.accessTestCaseMainPhase(CommonExecutor.java:65)
	at com.kms.katalon.core.main.TestSuiteExecutor.accessTestSuiteMainPhase(TestSuiteExecutor.java:150)
	at com.kms.katalon.core.main.TestSuiteExecutor.execute(TestSuiteExecutor.java:106)
	at com.kms.katalon.core.main.TestCaseMain.startTestSuite(TestCaseMain.java:180)
	at TempTestSuite1730967062199.run(TempTestSuite1730967062199.groovy:35)
	at java.base/jdk.internal.reflect.NativeMethodAccessorImpl.invoke0(Native Method)
	at java.base/jdk.internal.reflect.NativeMethodAccessorImpl.invoke(NativeMethodAccessorImpl.java:77)
	at java.base/jdk.internal.reflect.DelegatingMethodAccessorImpl.invoke(DelegatingMethodAccessorImpl.java:43)
</message>
  <exception>
    <message>org.codehaus.groovy.control.MultipleCompilationErrorsException: startup failed:
file:/C:/Users/azureuser/git/frameworks-regression-test-automation/Scripts/Nortruss%20Instance/PointofSale_Module/TS5_POS_CashRefund_Full_StockReturn/POS_CashRefund_Full/Script1730789351775.groovy: 112: The current scope already contains a variable of the name sourceFile
 @ line 112, column 17.
   FileInputStream sourceFile = new FileInputStream(ExcelFile)
                   ^

file:/C:/Users/azureuser/git/frameworks-regression-test-automation/Scripts/Nortruss%20Instance/PointofSale_Module/TS5_POS_CashRefund_Full_StockReturn/POS_CashRefund_Full/Script1730789351775.groovy: 114: The current scope already contains a variable of the name workbook
 @ line 114, column 14.
   XSSFWorkbook workbook = new XSSFWorkbook(sourceFile)
                ^

file:/C:/Users/azureuser/git/frameworks-regression-test-automation/Scripts/Nortruss%20Instance/PointofSale_Module/TS5_POS_CashRefund_Full_StockReturn/POS_CashRefund_Full/Script1730789351775.groovy: 116: The current scope already contains a variable of the name sheet
 @ line 116, column 11.
   XSSFSheet sheet = workbook.getSheet('Sheet1')
             ^

file:/C:/Users/azureuser/git/frameworks-regression-test-automation/Scripts/Nortruss%20Instance/PointofSale_Module/TS5_POS_CashRefund_Full_StockReturn/POS_CashRefund_Full/Script1730789351775.groovy: 119: The current scope already contains a variable of the name row
 @ line 119, column 5.
   Row row = sheet.getRow(0)
       ^

file:/C:/Users/azureuser/git/frameworks-regression-test-automation/Scripts/Nortruss%20Instance/PointofSale_Module/TS5_POS_CashRefund_Full_StockReturn/POS_CashRefund_Full/Script1730789351775.groovy: 121: The current scope already contains a variable of the name cell
 @ line 121, column 6.
   Cell cell = row.getCell(1)
        ^

5 errors
</message>
    <frame>
      <class>com.kms.katalon.core.main.ScriptEngine</class>
      <method>getScript</method>
      <line>199</line>
    </frame>
    <frame>
      <class>com.kms.katalon.core.main.ScriptEngine</class>
      <method>run</method>
      <line>194</line>
    </frame>
    <frame>
      <class>com.kms.katalon.core.main.ScriptEngine</class>
      <method>runScriptAsRawText</method>
      <line>119</line>
    </frame>
    <frame>
      <class>com.kms.katalon.core.main.TestCaseExecutor</class>
      <method>runScript</method>
      <line>448</line>
    </frame>
    <frame>
      <class>com.kms.katalon.core.main.TestCaseExecutor</class>
      <method>doExecute</method>
      <line>439</line>
    </frame>
    <frame>
      <class>com.kms.katalon.core.main.TestCaseExecutor</class>
      <method>processExecutionPhase</method>
      <line>418</line>
    </frame>
    <frame>
      <class>com.kms.katalon.core.main.TestCaseExecutor</class>
      <method>accessMainPhase</method>
      <line>410</line>
    </frame>
    <frame>
      <class>com.kms.katalon.core.main.TestCaseExecutor</class>
      <method>execute</method>
      <line>285</line>
    </frame>
    <frame>
      <class>com.kms.katalon.core.main.TestCaseExecutor</class>
      <method>execute</method>
      <line>369</line>
    </frame>
    <frame>
      <class>com.kms.katalon.core.main.TestCaseExecutor</class>
      <method>execute</method>
      <line>369</line>
    </frame>
    <frame>
      <class>com.kms.katalon.core.main.TestCaseExecutor</class>
      <method>execute</method>
      <line>369</line>
    </frame>
    <frame>
      <class>com.kms.katalon.core.common.CommonExecutor</class>
      <method>accessTestCaseMainPhase</method>
      <line>65</line>
    </frame>
    <frame>
      <class>com.kms.katalon.core.main.TestSuiteExecutor</class>
      <method>accessTestSuiteMainPhase</method>
      <line>150</line>
    </frame>
    <frame>
      <class>com.kms.katalon.core.main.TestSuiteExecutor</class>
      <method>execute</method>
      <line>106</line>
    </frame>
    <frame>
      <class>com.kms.katalon.core.main.TestCaseMain</class>
      <method>startTestSuite</method>
      <line>180</line>
    </frame>
    <frame>
      <class>TempTestSuite1730967062199</class>
      <method>run</method>
      <line>35</line>
    </frame>
    <frame>
      <class>jdk.internal.reflect.NativeMethodAccessorImpl</class>
      <method>invoke0</method>
    </frame>
    <frame>
      <class>jdk.internal.reflect.NativeMethodAccessorImpl</class>
      <method>invoke</method>
      <line>77</line>
    </frame>
    <frame>
      <class>jdk.internal.reflect.DelegatingMethodAccessorImpl</class>
      <method>invoke</method>
      <line>43</line>
    </frame>
  </exception>
  <nestedLevel>0</nestedLevel>
  <escapedJava>false</escapedJava>
  <property name="failed.exception.stacktrace">org.codehaus.groovy.control.MultipleCompilationErrorsException: startup failed:
file:/C:/Users/azureuser/git/frameworks-regression-test-automation/Scripts/Nortruss%20Instance/PointofSale_Module/TS5_POS_CashRefund_Full_StockReturn/POS_CashRefund_Full/Script1730789351775.groovy: 112: The current scope already contains a variable of the name sourceFile
 @ line 112, column 17.
   FileInputStream sourceFile = new FileInputStream(ExcelFile)
                   ^

file:/C:/Users/azureuser/git/frameworks-regression-test-automation/Scripts/Nortruss%20Instance/PointofSale_Module/TS5_POS_CashRefund_Full_StockReturn/POS_CashRefund_Full/Script1730789351775.groovy: 114: The current scope already contains a variable of the name workbook
 @ line 114, column 14.
   XSSFWorkbook workbook = new XSSFWorkbook(sourceFile)
                ^

file:/C:/Users/azureuser/git/frameworks-regression-test-automation/Scripts/Nortruss%20Instance/PointofSale_Module/TS5_POS_CashRefund_Full_StockReturn/POS_CashRefund_Full/Script1730789351775.groovy: 116: The current scope already contains a variable of the name sheet
 @ line 116, column 11.
   XSSFSheet sheet = workbook.getSheet(&apos;Sheet1&apos;)
             ^

file:/C:/Users/azureuser/git/frameworks-regression-test-automation/Scripts/Nortruss%20Instance/PointofSale_Module/TS5_POS_CashRefund_Full_StockReturn/POS_CashRefund_Full/Script1730789351775.groovy: 119: The current scope already contains a variable of the name row
 @ line 119, column 5.
   Row row = sheet.getRow(0)
       ^

file:/C:/Users/azureuser/git/frameworks-regression-test-automation/Scripts/Nortruss%20Instance/PointofSale_Module/TS5_POS_CashRefund_Full_StockReturn/POS_CashRefund_Full/Script1730789351775.groovy: 121: The current scope already contains a variable of the name cell
 @ line 121, column 6.
   Cell cell = row.getCell(1)
        ^

5 errors

	at com.kms.katalon.core.main.ScriptEngine.getScript(ScriptEngine.java:199)
	at com.kms.katalon.core.main.ScriptEngine.run(ScriptEngine.java:194)
	at com.kms.katalon.core.main.ScriptEngine.runScriptAsRawText(ScriptEngine.java:119)
	at com.kms.katalon.core.main.TestCaseExecutor.runScript(TestCaseExecutor.java:448)
	at com.kms.katalon.core.main.TestCaseExecutor.doExecute(TestCaseExecutor.java:439)
	at com.kms.katalon.core.main.TestCaseExecutor.processExecutionPhase(TestCaseExecutor.java:418)
	at com.kms.katalon.core.main.TestCaseExecutor.accessMainPhase(TestCaseExecutor.java:410)
	at com.kms.katalon.core.main.TestCaseExecutor.execute(TestCaseExecutor.java:285)
	at com.kms.katalon.core.main.TestCaseExecutor.execute(TestCaseExecutor.java:369)
	at com.kms.katalon.core.main.TestCaseExecutor.execute(TestCaseExecutor.java:369)
	at com.kms.katalon.core.main.TestCaseExecutor.execute(TestCaseExecutor.java:369)
	at com.kms.katalon.core.common.CommonExecutor.accessTestCaseMainPhase(CommonExecutor.java:65)
	at com.kms.katalon.core.main.TestSuiteExecutor.accessTestSuiteMainPhase(TestSuiteExecutor.java:150)
	at com.kms.katalon.core.main.TestSuiteExecutor.execute(TestSuiteExecutor.java:106)
	at com.kms.katalon.core.main.TestCaseMain.startTestSuite(TestCaseMain.java:180)
	at TempTestSuite1730967062199.run(TempTestSuite1730967062199.groovy:35)
	at java.base/jdk.internal.reflect.NativeMethodAccessorImpl.invoke0(Native Method)
	at java.base/jdk.internal.reflect.NativeMethodAccessorImpl.invoke(NativeMethodAccessorImpl.java:77)
	at java.base/jdk.internal.reflect.DelegatingMethodAccessorImpl.invoke(DelegatingMethodAccessorImpl.java:43)
</property>
  <property name="failed.exception.class">org.codehaus.groovy.control.MultipleCompilationErrorsException</property>
  <property name="failed.exception.message">startup failed:
file:/C:/Users/azureuser/git/frameworks-regression-test-automation/Scripts/Nortruss%20Instance/PointofSale_Module/TS5_POS_CashRefund_Full_StockReturn/POS_CashRefund_Full/Script1730789351775.groovy: 112: The current scope already contains a variable of the name sourceFile
 @ line 112, column 17.
   FileInputStream sourceFile = new FileInputStream(ExcelFile)
                   ^

file:/C:/Users/azureuser/git/frameworks-regression-test-automation/Scripts/Nortruss%20Instance/PointofSale_Module/TS5_POS_CashRefund_Full_StockReturn/POS_CashRefund_Full/Script1730789351775.groovy: 114: The current scope already contains a variable of the name workbook
 @ line 114, column 14.
   XSSFWorkbook workbook = new XSSFWorkbook(sourceFile)
                ^

file:/C:/Users/azureuser/git/frameworks-regression-test-automation/Scripts/Nortruss%20Instance/PointofSale_Module/TS5_POS_CashRefund_Full_StockReturn/POS_CashRefund_Full/Script1730789351775.groovy: 116: The current scope already contains a variable of the name sheet
 @ line 116, column 11.
   XSSFSheet sheet = workbook.getSheet(&apos;Sheet1&apos;)
             ^

file:/C:/Users/azureuser/git/frameworks-regression-test-automation/Scripts/Nortruss%20Instance/PointofSale_Module/TS5_POS_CashRefund_Full_StockReturn/POS_CashRefund_Full/Script1730789351775.groovy: 119: The current scope already contains a variable of the name row
 @ line 119, column 5.
   Row row = sheet.getRow(0)
       ^

file:/C:/Users/azureuser/git/frameworks-regression-test-automation/Scripts/Nortruss%20Instance/PointofSale_Module/TS5_POS_CashRefund_Full_StockReturn/POS_CashRefund_Full/Script1730789351775.groovy: 121: The current scope already contains a variable of the name cell
 @ line 121, column 6.
   Cell cell = row.getCell(1)
        ^

5 errors
</property>
</record>
<record>
  <date>2024-11-07T08:11:57.393081400Z</date>
  <millis>1730967117393</millis>
  <nanos>81400</nanos>
  <sequence>370</sequence>
  <level>END</level>
  <class>com.kms.katalon.core.logging.XmlKeywordLogger</class>
  <method>endTest</method>
  <thread>1</thread>
  <message>End Test Case : Test Cases/Nortruss Instance/PointofSale_Module/TS5_POS_CashRefund_Full_StockReturn/POS_CashRefund_Full</message>
  <nestedLevel>0</nestedLevel>
  <escapedJava>false</escapedJava>
  <property name="executionBindingVariables">[
  {
    &quot;displayReportName&quot;: &quot;(Default) userN...&quot;,
    &quot;value&quot;: &quot;manaki&quot;,
    &quot;name&quot;: &quot;(Default) userName&quot;,
    &quot;masked&quot;: false
  },
  {
    &quot;displayReportName&quot;: &quot;(Default) trans...&quot;,
    &quot;value&quot;: &quot;&quot;,
    &quot;name&quot;: &quot;(Default) transactionNumber&quot;,
    &quot;masked&quot;: false
  },
  {
    &quot;displayReportName&quot;: &quot;(Default) docke...&quot;,
    &quot;value&quot;: &quot;&quot;,
    &quot;name&quot;: &quot;(Default) docketNumber&quot;,
    &quot;masked&quot;: false
  },
  {
    &quot;displayReportName&quot;: &quot;(Default) Excel...&quot;,
    &quot;value&quot;: &quot;C:\\Users\\azureuser\\Documents\\FrameworksAutomationTesting\\TestData\\NT_Instance\\POS_Module\\TS5_POS_CashRefundFull_testdata.xlsx&quot;,
    &quot;name&quot;: &quot;(Default) ExcelFile&quot;,
    &quot;masked&quot;: false
  }
]</property>
  <property name="applitools">false</property>
  <property name="remainingRetryCount">0</property>
  <property name="currentRetryCount">3</property>
  <property name="keywordsUsage">{
  &quot;web_ui&quot;: false,
  &quot;web_service&quot;: false,
  &quot;cucumber&quot;: false,
  &quot;builtin&quot;: false,
  &quot;mobile&quot;: false,
  &quot;windows&quot;: false,
  &quot;testng&quot;: false
}</property>
</record>
<record>
  <date>2024-11-07T08:11:57.393081400Z</date>
  <millis>1730967117393</millis>
  <nanos>81400</nanos>
  <sequence>371</sequence>
  <level>START</level>
  <class>com.kms.katalon.core.logging.XmlKeywordLogger</class>
  <method>startKeyword</method>
  <thread>1</thread>
  <message>Start listener action : exportKatalonReports</message>
  <nestedLevel>0</nestedLevel>
  <escapedJava>false</escapedJava>
</record>
<record>
  <date>2024-11-07T08:11:57.783712100Z</date>
  <millis>1730967117783</millis>
  <nanos>712100</nanos>
  <sequence>667</sequence>
  <level>INFO</level>
  <class>com.kms.katalon.core.logging.XmlKeywordLogger</class>
  <method>logMessage</method>
  <thread>1</thread>
  <message>Start generating HTML report folder at: C:\Users\azureuser\git\frameworks-regression-test-automation\Reports\20241107_081102\Nortruss instance\PointofSale_Module\TS5_POS_CashRefund_Full_NT\20241107_081102...</message>
  <nestedLevel>0</nestedLevel>
  <escapedJava>false</escapedJava>
</record>
<record>
  <date>2024-11-07T08:11:58.708765400Z</date>
  <millis>1730967118708</millis>
  <nanos>765400</nanos>
  <sequence>668</sequence>
  <level>INFO</level>
  <class>com.kms.katalon.core.logging.XmlKeywordLogger</class>
  <method>logMessage</method>
  <thread>1</thread>
  <message>HTML report generated</message>
  <nestedLevel>0</nestedLevel>
  <escapedJava>false</escapedJava>
</record>
<record>
  <date>2024-11-07T08:11:58.708765400Z</date>
  <millis>1730967118708</millis>
  <nanos>765400</nanos>
  <sequence>669</sequence>
  <level>INFO</level>
  <class>com.kms.katalon.core.logging.XmlKeywordLogger</class>
  <method>logMessage</method>
  <thread>1</thread>
  <message>Start generating CSV report folder at: C:\Users\azureuser\git\frameworks-regression-test-automation\Reports\20241107_081102\Nortruss instance\PointofSale_Module\TS5_POS_CashRefund_Full_NT\20241107_081102...</message>
  <nestedLevel>0</nestedLevel>
  <escapedJava>false</escapedJava>
</record>
<record>
  <date>2024-11-07T08:11:58.756657500Z</date>
  <millis>1730967118756</millis>
  <nanos>657500</nanos>
  <sequence>670</sequence>
  <level>INFO</level>
  <class>com.kms.katalon.core.logging.XmlKeywordLogger</class>
  <method>logMessage</method>
  <thread>1</thread>
  <message>CSV report generated</message>
  <nestedLevel>0</nestedLevel>
  <escapedJava>false</escapedJava>
</record>
<record>
  <date>2024-11-07T08:11:58.772296600Z</date>
  <millis>1730967118772</millis>
  <nanos>296600</nanos>
  <sequence>672</sequence>
  <level>END</level>
  <class>com.kms.katalon.core.logging.XmlKeywordLogger</class>
  <method>endKeyword</method>
  <thread>1</thread>
  <message>End listener action : exportKatalonReports</message>
  <nestedLevel>0</nestedLevel>
  <escapedJava>false</escapedJava>
</record>
<record>
  <date>2024-11-07T08:11:59.228204200Z</date>
  <millis>1730967119228</millis>
  <nanos>204200</nanos>
  <sequence>673</sequence>
  <level>END</level>
  <class>com.kms.katalon.core.logging.XmlKeywordLogger</class>
  <method>endSuite</method>
  <thread>1</thread>
  <message>End Test Suite : Test Suites/Nortruss instance/PointofSale_Module/TS5_POS_CashRefund_Full_NT</message>
  <nestedLevel>0</nestedLevel>
  <escapedJava>false</escapedJava>
</record>
</log>
