<?xml version="1.0" encoding="UTF-8"?>
<testsuites name="TS5_POS_CashRefund_Full_NT" time="45.717" tests="2" failures="0" errors="1">
   <testsuite name="TS5_POS_CashRefund_Full_NT" tests="2" failures="0" errors="1" time="45.717" skipped="0" timestamp="07-11-2024T08:11:11" hostname="azureuser - 10.192.8.5" id="Test Suites/Nortruss instance/PointofSale_Module/TS5_POS_CashRefund_Full_NT">
      <properties>
         <property name="deviceName" value=""/>
         <property name="devicePlatform"/>
         <property name="logFolder" value="C:\\Users\\azureuser\\git\\frameworks-regression-test-automation\\Reports\\20241107_081102\\Nortruss instance\\PointofSale_Module\\TS5_POS_CashRefund_Full_NT\\20241107_081102"/>
         <property name="logFiles" value="C:\\Users\\azureuser\\git\\frameworks-regression-test-automation\\Reports\\20241107_081102\\Nortruss instance\\PointofSale_Module\\TS5_POS_CashRefund_Full_NT\\20241107_081102\\execution0.log"/>
         <property name="attachments" value=""/>
         <property name="hostName" value="azureuser - 10.192.8.5"/>
         <property name="os" value="Windows 11 64bit"/>
         <property name="katalonVersion" value="9.7.2.223"/>
         <property name="browser" value="Chrome 130.0.0.0"/>
         <property name="hostAddress" value="10.192.8.5"/>
         <property name="sessionId" value="fa59a15311cfef5cc7d391efd235d973"/>
         <property name="seleniumVersion" value="3.141.59"/>
         <property name="proxyInformation" value="ProxyInformation { proxyOption=NO_PROXY, proxyServerType=HTTP, username=, password=********, proxyServerAddress=, proxyServerPort=0, executionList=&quot;&quot;, isApplyToDesiredCapabilities=true }"/>
         <property name="platform" value="Windows 11"/>
      </properties>
      <testcase name="Test Cases/Nortruss Instance/PointofSale_Module/TS1_POS_CashSale/POS Cash Sale-2014086(TS5)" time="43.678" classname="Test Cases/Nortruss Instance/PointofSale_Module/TS1_POS_CashSale/POS Cash Sale-2014086(TS5)" status="PASSED">
         <system-out><![CDATA[07-11-2024T08:11:11 - [TEST_CASE][PASSED] - Test Cases/Nortruss Instance/PointofSale_Module/TS1_POS_CashSale/POS Cash Sale-2014086(TS5): Test Cases/Nortruss Instance/PointofSale_Module/TS1_POS_CashSale/POS Cash Sale-2014086(TS5)

07-11-2024T08:11:13 - [TEST_STEP][PASSED] - openBrowser(""): Browser is opened with url: ''

07-11-2024T08:11:13 - [MESSAGE][INFO] - Starting 'Chrome' driver

07-11-2024T08:11:13 - [MESSAGE][INFO] - Action delay is set to 0 milliseconds

07-11-2024T08:11:16 - [MESSAGE][PASSED] - Browser is opened with url: ''

07-11-2024T08:11:16 - [TEST_STEP][PASSED] - maximizeWindow(): Current window maximized

07-11-2024T08:11:16 - [MESSAGE][PASSED] - Current window maximized

07-11-2024T08:11:16 - [TEST_STEP][PASSED] - navigateToUrl("http://frameworks.nt.nortruss.com.au:8080/FWDemo/Fluid.html#homeDashboard,dash,Frameworks.Activity.Menu.HomeDashBoard"): Navigate to 'http://frameworks.nt.nortruss.com.au:8080/FWDemo/Fluid.html#homeDashboard,dash,Frameworks.Activity.Menu.HomeDashBoard' successfully

07-11-2024T08:11:22 - [MESSAGE][PASSED] - Navigate to 'http://frameworks.nt.nortruss.com.au:8080/FWDemo/Fluid.html#homeDashboard,dash,Frameworks.Activity.Menu.HomeDashBoard' successfully

07-11-2024T08:11:22 - [TEST_STEP][PASSED] - setText(findTestObject("Object Repository/Page_Frameworks (Demo)/input_User ID_userid"), "manaki"): Text 'manaki' is set on object 'Object Repository/Page_Frameworks (Demo)/input_User ID_userid'

07-11-2024T08:11:27 - [MESSAGE][PASSED] - Text 'manaki' is set on object 'Object Repository/Page_Frameworks (Demo)/input_User ID_userid'

07-11-2024T08:11:27 - [TEST_STEP][PASSED] - setEncryptedText(findTestObject("Object Repository/Page_Frameworks (Demo)/input_Password_password"), "C5+8mNJ15mA="): Text ****** has been set on object 'Object Repository/Page_Frameworks (Demo)/input_Password_password'

07-11-2024T08:11:27 - [MESSAGE][PASSED] - Text ****** has been set on object 'Object Repository/Page_Frameworks (Demo)/input_Password_password'

07-11-2024T08:11:27 - [TEST_STEP][PASSED] - click(findTestObject("Object Repository/Page_Frameworks (Demo)/div_Login")): Object: 'Object Repository/Page_Frameworks (Demo)/div_Login' is clicked on

07-11-2024T08:11:28 - [MESSAGE][PASSED] - Object: 'Object Repository/Page_Frameworks (Demo)/div_Login' is clicked on

07-11-2024T08:11:28 - [TEST_STEP][PASSED] - click(findTestObject("Object Repository/Page_Frameworks (Demo)/img_FW")): Object: 'Object Repository/Page_Frameworks (Demo)/img_FW' is clicked on

07-11-2024T08:11:33 - [MESSAGE][PASSED] - Object: 'Object Repository/Page_Frameworks (Demo)/img_FW' is clicked on

07-11-2024T08:11:33 - [TEST_STEP][PASSED] - click(findTestObject("Object Repository/Page_Frameworks (Demo)/b_Transaction Processing")): Object: 'Object Repository/Page_Frameworks (Demo)/b_Transaction Processing' is clicked on

07-11-2024T08:11:34 - [MESSAGE][PASSED] - Object: 'Object Repository/Page_Frameworks (Demo)/b_Transaction Processing' is clicked on

07-11-2024T08:11:34 - [TEST_STEP][PASSED] - click(findTestObject("Object Repository/Page_Frameworks (Demo)/td_Point Of Sale")): Object: 'Object Repository/Page_Frameworks (Demo)/td_Point Of Sale' is clicked on

07-11-2024T08:11:34 - [MESSAGE][PASSED] - Object: 'Object Repository/Page_Frameworks (Demo)/td_Point Of Sale' is clicked on

07-11-2024T08:11:34 - [TEST_STEP][PASSED] - setEncryptedText(findTestObject("Object Repository/Page_Frameworks (Demo)/input_Operator No_operatorId"), "uzzxF8+Oh1A="): Text ****** has been set on object 'Object Repository/Page_Frameworks (Demo)/input_Operator No_operatorId'

07-11-2024T08:11:38 - [MESSAGE][PASSED] - Text ****** has been set on object 'Object Repository/Page_Frameworks (Demo)/input_Operator No_operatorId'

07-11-2024T08:11:38 - [TEST_STEP][PASSED] - setEncryptedText(findTestObject("Object Repository/Page_Frameworks (Demo)/input_PIN_pin"), "uzzxF8+Oh1A="): Text ****** has been set on object 'Object Repository/Page_Frameworks (Demo)/input_PIN_pin'

07-11-2024T08:11:38 - [MESSAGE][PASSED] - Text ****** has been set on object 'Object Repository/Page_Frameworks (Demo)/input_PIN_pin'

07-11-2024T08:11:38 - [TEST_STEP][PASSED] - click(findTestObject("Object Repository/Page_Frameworks (Demo)/div_OK")): Object: 'Object Repository/Page_Frameworks (Demo)/div_OK' is clicked on

07-11-2024T08:11:40 - [MESSAGE][PASSED] - Object: 'Object Repository/Page_Frameworks (Demo)/div_OK' is clicked on

07-11-2024T08:11:40 - [TEST_STEP][PASSED] - invoiceNum = getText(findTestObject("Object Repository/Page_Frameworks (Demo)/div_invoiceNum")): Text of object 'Object Repository/Page_Frameworks (Demo)/div_invoiceNum' is: '40559313'

07-11-2024T08:11:41 - [MESSAGE][PASSED] - Text of object 'Object Repository/Page_Frameworks (Demo)/div_invoiceNum' is: '40559313'

07-11-2024T08:11:41 - [TEST_STEP][PASSED] - println(invoiceNum): null

07-11-2024T08:11:41 - [TEST_STEP][PASSED] - setText(findTestObject("Object Repository/Page_Frameworks (Demo)/input_P_prodId"), "2014086"): Text '2014086' is set on object 'Object Repository/Page_Frameworks (Demo)/input_P_prodId'

07-11-2024T08:11:42 - [MESSAGE][PASSED] - Text '2014086' is set on object 'Object Repository/Page_Frameworks (Demo)/input_P_prodId'

07-11-2024T08:11:42 - [TEST_STEP][PASSED] - click(findTestObject("Object Repository/Page_Frameworks (Demo)/input_Quantity_quantityOrdered")): Object: 'Object Repository/Page_Frameworks (Demo)/input_Quantity_quantityOrdered' is clicked on

07-11-2024T08:11:43 - [MESSAGE][PASSED] - Object: 'Object Repository/Page_Frameworks (Demo)/input_Quantity_quantityOrdered' is clicked on

07-11-2024T08:11:43 - [TEST_STEP][PASSED] - click(findTestObject("Object Repository/Page_Frameworks (Demo)/img_1")): Object: 'Object Repository/Page_Frameworks (Demo)/img_1' is clicked on

07-11-2024T08:11:44 - [MESSAGE][PASSED] - Object: 'Object Repository/Page_Frameworks (Demo)/img_1' is clicked on

07-11-2024T08:11:44 - [TEST_STEP][PASSED] - click(findTestObject("Object Repository/Page_Frameworks (Demo)/div_FinishSale (S)")): Object: 'Object Repository/Page_Frameworks (Demo)/div_FinishSale (S)' is clicked on

07-11-2024T08:11:46 - [MESSAGE][PASSED] - Object: 'Object Repository/Page_Frameworks (Demo)/div_FinishSale (S)' is clicked on

07-11-2024T08:11:46 - [TEST_STEP][PASSED] - click(findTestObject("Object Repository/Page_Frameworks (Demo)/div_Pay")): Object: 'Object Repository/Page_Frameworks (Demo)/div_Pay' is clicked on

07-11-2024T08:11:49 - [MESSAGE][PASSED] - Object: 'Object Repository/Page_Frameworks (Demo)/div_Pay' is clicked on

07-11-2024T08:11:49 - [TEST_STEP][PASSED] - setEncryptedText(findTestObject("Object Repository/Page_Frameworks (Demo)/input_Operator No_operatorId_1"), "uzzxF8+Oh1A="): Text ****** has been set on object 'Object Repository/Page_Frameworks (Demo)/input_Operator No_operatorId_1'

07-11-2024T08:11:51 - [MESSAGE][PASSED] - Text ****** has been set on object 'Object Repository/Page_Frameworks (Demo)/input_Operator No_operatorId_1'

07-11-2024T08:11:51 - [TEST_STEP][PASSED] - setEncryptedText(findTestObject("Object Repository/Page_Frameworks (Demo)/input_PIN_pin_1"), "uzzxF8+Oh1A="): Text ****** has been set on object 'Object Repository/Page_Frameworks (Demo)/input_PIN_pin_1'

07-11-2024T08:11:52 - [MESSAGE][PASSED] - Text ****** has been set on object 'Object Repository/Page_Frameworks (Demo)/input_PIN_pin_1'

07-11-2024T08:11:52 - [TEST_STEP][PASSED] - click(findTestObject("Object Repository/Page_Frameworks (Demo)/div_OK_1")): Object: 'Object Repository/Page_Frameworks (Demo)/div_OK_1' is clicked on

07-11-2024T08:11:52 - [MESSAGE][PASSED] - Object: 'Object Repository/Page_Frameworks (Demo)/div_OK_1' is clicked on

07-11-2024T08:11:52 - [TEST_STEP][PASSED] - sourceFile = new java.io.FileInputStream(ExcelFile): null

07-11-2024T08:11:52 - [TEST_STEP][PASSED] - workbook = new org.apache.poi.xssf.usermodel.XSSFWorkbook(sourceFile): null

07-11-2024T08:11:53 - [TEST_STEP][PASSED] - sheet = workbook.getSheet("Sheet1"): null

07-11-2024T08:11:53 - [TEST_STEP][PASSED] - row = sheet.getRow(0): null

07-11-2024T08:11:53 - [TEST_STEP][PASSED] - cell = row.getCell(1): null

07-11-2024T08:11:53 - [TEST_STEP][PASSED] - row = sheet.createRow(1): null

07-11-2024T08:11:53 - [TEST_STEP][PASSED] - cell = row.createCell(0): null

07-11-2024T08:11:53 - [TEST_STEP][PASSED] - cell.setCellValue("Invoice Number"): null

07-11-2024T08:11:53 - [TEST_STEP][PASSED] - cell = row.createCell(1): null

07-11-2024T08:11:53 - [TEST_STEP][PASSED] - cell.setCellValue(invoiceNum): null

07-11-2024T08:11:53 - [TEST_STEP][PASSED] - fos = new java.io.FileOutputStream(ExcelFile): null

07-11-2024T08:11:53 - [TEST_STEP][PASSED] - workbook.write(fos): null

07-11-2024T08:11:54 - [TEST_STEP][PASSED] - fos.close(): null

07-11-2024T08:11:54 - [TEST_STEP][PASSED] - sourceFile.close(): null

07-11-2024T08:11:54 - [TEST_STEP][PASSED] - click(findTestObject("Object Repository/Page_Frameworks (Demo)/img_dropdownLogout")): Object: 'Object Repository/Page_Frameworks (Demo)/img_dropdownLogout' is clicked on

07-11-2024T08:11:55 - [MESSAGE][PASSED] - Object: 'Object Repository/Page_Frameworks (Demo)/img_dropdownLogout' is clicked on

07-11-2024T08:11:55 - [TEST_STEP][PASSED] - click(findTestObject("Object Repository/Page_Frameworks (Demo)/td_Logout")): Object: 'Object Repository/Page_Frameworks (Demo)/td_Logout' is clicked on

07-11-2024T08:11:55 - [MESSAGE][PASSED] - Object: 'Object Repository/Page_Frameworks (Demo)/td_Logout' is clicked on]]></system-out>
         <system-err><![CDATA[]]></system-err>
      </testcase>
      <testcase name="Test Cases/Nortruss Instance/PointofSale_Module/TS5_POS_CashRefund_Full_StockReturn/POS_CashRefund_Full" time="0.282" classname="Test Cases/Nortruss Instance/PointofSale_Module/TS5_POS_CashRefund_Full_StockReturn/POS_CashRefund_Full" status="ERROR">
         <error type="ERROR" message="Test Cases/Nortruss Instance/PointofSale_Module/TS5_POS_CashRefund_Full_StockReturn/POS_CashRefund_Full FAILED.&#xa;Reason:&#xa;org.codehaus.groovy.control.MultipleCompilationErrorsException: startup failed:&#xa;file:/C:/Users/azureuser/git/frameworks-regression-test-automation/Scripts/Nortruss%20Instance/PointofSale_Module/TS5_POS_CashRefund_Full_StockReturn/POS_CashRefund_Full/Script1730789351775.groovy: 112: The current scope already contains a variable of the name sourceFile&#xa; @ line 112, column 17.&#xa;   FileInputStream sourceFile = new FileInputStream(ExcelFile)&#xa;                   ^&#xa;&#xa;file:/C:/Users/azureuser/git/frameworks-regression-test-automation/Scripts/Nortruss%20Instance/PointofSale_Module/TS5_POS_CashRefund_Full_StockReturn/POS_CashRefund_Full/Script1730789351775.groovy: 114: The current scope already contains a variable of the name workbook&#xa; @ line 114, column 14.&#xa;   XSSFWorkbook workbook = new XSSFWorkbook(sourceFile)&#xa;                ^&#xa;&#xa;file:/C:/Users/azureuser/git/frameworks-regression-test-automation/Scripts/Nortruss%20Instance/PointofSale_Module/TS5_POS_CashRefund_Full_StockReturn/POS_CashRefund_Full/Script1730789351775.groovy: 116: The current scope already contains a variable of the name sheet&#xa; @ line 116, column 11.&#xa;   XSSFSheet sheet = workbook.getSheet('Sheet1')&#xa;             ^&#xa;&#xa;file:/C:/Users/azureuser/git/frameworks-regression-test-automation/Scripts/Nortruss%20Instance/PointofSale_Module/TS5_POS_CashRefund_Full_StockReturn/POS_CashRefund_Full/Script1730789351775.groovy: 119: The current scope already contains a variable of the name row&#xa; @ line 119, column 5.&#xa;   Row row = sheet.getRow(0)&#xa;       ^&#xa;&#xa;file:/C:/Users/azureuser/git/frameworks-regression-test-automation/Scripts/Nortruss%20Instance/PointofSale_Module/TS5_POS_CashRefund_Full_StockReturn/POS_CashRefund_Full/Script1730789351775.groovy: 121: The current scope already contains a variable of the name cell&#xa; @ line 121, column 6.&#xa;   Cell cell = row.getCell(1)&#xa;        ^&#xa;&#xa;5 errors&#xa;&#xa;	at com.kms.katalon.core.main.ScriptEngine.getScript(ScriptEngine.java:199)&#xa;	at com.kms.katalon.core.main.ScriptEngine.run(ScriptEngine.java:194)&#xa;	at com.kms.katalon.core.main.ScriptEngine.runScriptAsRawText(ScriptEngine.java:119)&#xa;	at com.kms.katalon.core.main.TestCaseExecutor.runScript(TestCaseExecutor.java:448)&#xa;	at com.kms.katalon.core.main.TestCaseExecutor.doExecute(TestCaseExecutor.java:439)&#xa;	at com.kms.katalon.core.main.TestCaseExecutor.processExecutionPhase(TestCaseExecutor.java:418)&#xa;	at com.kms.katalon.core.main.TestCaseExecutor.accessMainPhase(TestCaseExecutor.java:410)&#xa;	at com.kms.katalon.core.main.TestCaseExecutor.execute(TestCaseExecutor.java:285)&#xa;	at com.kms.katalon.core.main.TestCaseExecutor.execute(TestCaseExecutor.java:369)&#xa;	at com.kms.katalon.core.main.TestCaseExecutor.execute(TestCaseExecutor.java:369)&#xa;	at com.kms.katalon.core.main.TestCaseExecutor.execute(TestCaseExecutor.java:369)&#xa;	at com.kms.katalon.core.common.CommonExecutor.accessTestCaseMainPhase(CommonExecutor.java:65)&#xa;	at com.kms.katalon.core.main.TestSuiteExecutor.accessTestSuiteMainPhase(TestSuiteExecutor.java:150)&#xa;	at com.kms.katalon.core.main.TestSuiteExecutor.execute(TestSuiteExecutor.java:106)&#xa;	at com.kms.katalon.core.main.TestCaseMain.startTestSuite(TestCaseMain.java:180)&#xa;	at TempTestSuite1730967062199.run(TempTestSuite1730967062199.groovy:35)&#xa;	at java.base/jdk.internal.reflect.NativeMethodAccessorImpl.invoke0(Native Method)&#xa;	at java.base/jdk.internal.reflect.NativeMethodAccessorImpl.invoke(NativeMethodAccessorImpl.java:77)&#xa;	at java.base/jdk.internal.reflect.DelegatingMethodAccessorImpl.invoke(DelegatingMethodAccessorImpl.java:43)&#xa;"/>
         <system-out><![CDATA[07-11-2024T08:11:57 - [TEST_CASE][ERROR] - Test Cases/Nortruss Instance/PointofSale_Module/TS5_POS_CashRefund_Full_StockReturn/POS_CashRefund_Full: Test Cases/Nortruss Instance/PointofSale_Module/TS5_POS_CashRefund_Full_StockReturn/POS_CashRefund_Full FAILED.
Reason:
org.codehaus.groovy.control.MultipleCompilationErrorsException: startup failed:
file:/C:/Users/azureuser/git/frameworks-regression-test-automation/Scripts/Nortruss%20Instance/PointofSale_Module/TS5_POS_CashRefund_Full_StockReturn/POS_CashRefund_Full/Script1730789351775.groovy: 112: The current scope already contains a variable of the name sourceFile
 @ line 112, column 17.
   FileInputStream sourceFile = new FileInputStream(ExcelFile)
                   ^

file:/C:/Users/azureuser/git/frameworks-regression-test-automation/Scripts/Nortruss%20Instance/PointofSale_Module/TS5_POS_CashRefund_Full_StockReturn/POS_CashRefund_Full/Script1730789351775.groovy: 114: The current scope already contains a variable of the name workbook
 @ line 114, column 14.
   XSSFWorkbook workbook = new XSSFWorkbook(sourceFile)
                ^

file:/C:/Users/azureuser/git/frameworks-regression-test-automation/Scripts/Nortruss%20Instance/PointofSale_Module/TS5_POS_CashRefund_Full_StockReturn/POS_CashRefund_Full/Script1730789351775.groovy: 116: The current scope already contains a variable of the name sheet
 @ line 116, column 11.
   XSSFSheet sheet = workbook.getSheet('Sheet1')
             ^

file:/C:/Users/azureuser/git/frameworks-regression-test-automation/Scripts/Nortruss%20Instance/PointofSale_Module/TS5_POS_CashRefund_Full_StockReturn/POS_CashRefund_Full/Script1730789351775.groovy: 119: The current scope already contains a variable of the name row
 @ line 119, column 5.
   Row row = sheet.getRow(0)
       ^

file:/C:/Users/azureuser/git/frameworks-regression-test-automation/Scripts/Nortruss%20Instance/PointofSale_Module/TS5_POS_CashRefund_Full_StockReturn/POS_CashRefund_Full/Script1730789351775.groovy: 121: The current scope already contains a variable of the name cell
 @ line 121, column 6.
   Cell cell = row.getCell(1)
        ^

5 errors

	at com.kms.katalon.core.main.ScriptEngine.getScript(ScriptEngine.java:199)
	at com.kms.katalon.core.main.ScriptEngine.run(ScriptEngine.java:194)
	at com.kms.katalon.core.main.ScriptEngine.runScriptAsRawText(ScriptEngine.java:119)
	at com.kms.katalon.core.main.TestCaseExecutor.runScript(TestCaseExecutor.java:448)
	at com.kms.katalon.core.main.TestCaseExecutor.doExecute(TestCaseExecutor.java:439)
	at com.kms.katalon.core.main.TestCaseExecutor.processExecutionPhase(TestCaseExecutor.java:418)
	at com.kms.katalon.core.main.TestCaseExecutor.accessMainPhase(TestCaseExecutor.java:410)
	at com.kms.katalon.core.main.TestCaseExecutor.execute(TestCaseExecutor.java:285)
	at com.kms.katalon.core.main.TestCaseExecutor.execute(TestCaseExecutor.java:369)
	at com.kms.katalon.core.main.TestCaseExecutor.execute(TestCaseExecutor.java:369)
	at com.kms.katalon.core.main.TestCaseExecutor.execute(TestCaseExecutor.java:369)
	at com.kms.katalon.core.common.CommonExecutor.accessTestCaseMainPhase(CommonExecutor.java:65)
	at com.kms.katalon.core.main.TestSuiteExecutor.accessTestSuiteMainPhase(TestSuiteExecutor.java:150)
	at com.kms.katalon.core.main.TestSuiteExecutor.execute(TestSuiteExecutor.java:106)
	at com.kms.katalon.core.main.TestCaseMain.startTestSuite(TestCaseMain.java:180)
	at TempTestSuite1730967062199.run(TempTestSuite1730967062199.groovy:35)
	at java.base/jdk.internal.reflect.NativeMethodAccessorImpl.invoke0(Native Method)
	at java.base/jdk.internal.reflect.NativeMethodAccessorImpl.invoke(NativeMethodAccessorImpl.java:77)
	at java.base/jdk.internal.reflect.DelegatingMethodAccessorImpl.invoke(DelegatingMethodAccessorImpl.java:43)]]></system-out>
         <system-err><![CDATA[07-11-2024T08:11:57 - [TEST_CASE][ERROR] - Test Cases/Nortruss Instance/PointofSale_Module/TS5_POS_CashRefund_Full_StockReturn/POS_CashRefund_Full: Test Cases/Nortruss Instance/PointofSale_Module/TS5_POS_CashRefund_Full_StockReturn/POS_CashRefund_Full FAILED.
Reason:
org.codehaus.groovy.control.MultipleCompilationErrorsException: startup failed:
file:/C:/Users/azureuser/git/frameworks-regression-test-automation/Scripts/Nortruss%20Instance/PointofSale_Module/TS5_POS_CashRefund_Full_StockReturn/POS_CashRefund_Full/Script1730789351775.groovy: 112: The current scope already contains a variable of the name sourceFile
 @ line 112, column 17.
   FileInputStream sourceFile = new FileInputStream(ExcelFile)
                   ^

file:/C:/Users/azureuser/git/frameworks-regression-test-automation/Scripts/Nortruss%20Instance/PointofSale_Module/TS5_POS_CashRefund_Full_StockReturn/POS_CashRefund_Full/Script1730789351775.groovy: 114: The current scope already contains a variable of the name workbook
 @ line 114, column 14.
   XSSFWorkbook workbook = new XSSFWorkbook(sourceFile)
                ^

file:/C:/Users/azureuser/git/frameworks-regression-test-automation/Scripts/Nortruss%20Instance/PointofSale_Module/TS5_POS_CashRefund_Full_StockReturn/POS_CashRefund_Full/Script1730789351775.groovy: 116: The current scope already contains a variable of the name sheet
 @ line 116, column 11.
   XSSFSheet sheet = workbook.getSheet('Sheet1')
             ^

file:/C:/Users/azureuser/git/frameworks-regression-test-automation/Scripts/Nortruss%20Instance/PointofSale_Module/TS5_POS_CashRefund_Full_StockReturn/POS_CashRefund_Full/Script1730789351775.groovy: 119: The current scope already contains a variable of the name row
 @ line 119, column 5.
   Row row = sheet.getRow(0)
       ^

file:/C:/Users/azureuser/git/frameworks-regression-test-automation/Scripts/Nortruss%20Instance/PointofSale_Module/TS5_POS_CashRefund_Full_StockReturn/POS_CashRefund_Full/Script1730789351775.groovy: 121: The current scope already contains a variable of the name cell
 @ line 121, column 6.
   Cell cell = row.getCell(1)
        ^

5 errors

	at com.kms.katalon.core.main.ScriptEngine.getScript(ScriptEngine.java:199)
	at com.kms.katalon.core.main.ScriptEngine.run(ScriptEngine.java:194)
	at com.kms.katalon.core.main.ScriptEngine.runScriptAsRawText(ScriptEngine.java:119)
	at com.kms.katalon.core.main.TestCaseExecutor.runScript(TestCaseExecutor.java:448)
	at com.kms.katalon.core.main.TestCaseExecutor.doExecute(TestCaseExecutor.java:439)
	at com.kms.katalon.core.main.TestCaseExecutor.processExecutionPhase(TestCaseExecutor.java:418)
	at com.kms.katalon.core.main.TestCaseExecutor.accessMainPhase(TestCaseExecutor.java:410)
	at com.kms.katalon.core.main.TestCaseExecutor.execute(TestCaseExecutor.java:285)
	at com.kms.katalon.core.main.TestCaseExecutor.execute(TestCaseExecutor.java:369)
	at com.kms.katalon.core.main.TestCaseExecutor.execute(TestCaseExecutor.java:369)
	at com.kms.katalon.core.main.TestCaseExecutor.execute(TestCaseExecutor.java:369)
	at com.kms.katalon.core.common.CommonExecutor.accessTestCaseMainPhase(CommonExecutor.java:65)
	at com.kms.katalon.core.main.TestSuiteExecutor.accessTestSuiteMainPhase(TestSuiteExecutor.java:150)
	at com.kms.katalon.core.main.TestSuiteExecutor.execute(TestSuiteExecutor.java:106)
	at com.kms.katalon.core.main.TestCaseMain.startTestSuite(TestCaseMain.java:180)
	at TempTestSuite1730967062199.run(TempTestSuite1730967062199.groovy:35)
	at java.base/jdk.internal.reflect.NativeMethodAccessorImpl.invoke0(Native Method)
	at java.base/jdk.internal.reflect.NativeMethodAccessorImpl.invoke(NativeMethodAccessorImpl.java:77)
	at java.base/jdk.internal.reflect.DelegatingMethodAccessorImpl.invoke(DelegatingMethodAccessorImpl.java:43)]]></system-err>
      </testcase>
      <system-out><![CDATA[07-11-2024T08:11:11 - [TEST_SUITE][ERROR] - TS5_POS_CashRefund_Full_NT: Test Cases/Nortruss Instance/PointofSale_Module/TS5_POS_CashRefund_Full_StockReturn/POS_CashRefund_Full FAILED.
Reason:
org.codehaus.groovy.control.MultipleCompilationErrorsException: startup failed:
file:/C:/Users/azureuser/git/frameworks-regression-test-automation/Scripts/Nortruss%20Instance/PointofSale_Module/TS5_POS_CashRefund_Full_StockReturn/POS_CashRefund_Full/Script1730789351775.groovy: 112: The current scope already contains a variable of the name sourceFile
 @ line 112, column 17.
   FileInputStream sourceFile = new FileInputStream(ExcelFile)
                   ^

file:/C:/Users/azureuser/git/frameworks-regression-test-automation/Scripts/Nortruss%20Instance/PointofSale_Module/TS5_POS_CashRefund_Full_StockReturn/POS_CashRefund_Full/Script1730789351775.groovy: 114: The current scope already contains a variable of the name workbook
 @ line 114, column 14.
   XSSFWorkbook workbook = new XSSFWorkbook(sourceFile)
                ^

file:/C:/Users/azureuser/git/frameworks-regression-test-automation/Scripts/Nortruss%20Instance/PointofSale_Module/TS5_POS_CashRefund_Full_StockReturn/POS_CashRefund_Full/Script1730789351775.groovy: 116: The current scope already contains a variable of the name sheet
 @ line 116, column 11.
   XSSFSheet sheet = workbook.getSheet('Sheet1')
             ^

file:/C:/Users/azureuser/git/frameworks-regression-test-automation/Scripts/Nortruss%20Instance/PointofSale_Module/TS5_POS_CashRefund_Full_StockReturn/POS_CashRefund_Full/Script1730789351775.groovy: 119: The current scope already contains a variable of the name row
 @ line 119, column 5.
   Row row = sheet.getRow(0)
       ^

file:/C:/Users/azureuser/git/frameworks-regression-test-automation/Scripts/Nortruss%20Instance/PointofSale_Module/TS5_POS_CashRefund_Full_StockReturn/POS_CashRefund_Full/Script1730789351775.groovy: 121: The current scope already contains a variable of the name cell
 @ line 121, column 6.
   Cell cell = row.getCell(1)
        ^

5 errors

	at com.kms.katalon.core.main.ScriptEngine.getScript(ScriptEngine.java:199)
	at com.kms.katalon.core.main.ScriptEngine.run(ScriptEngine.java:194)
	at com.kms.katalon.core.main.ScriptEngine.runScriptAsRawText(ScriptEngine.java:119)
	at com.kms.katalon.core.main.TestCaseExecutor.runScript(TestCaseExecutor.java:448)
	at com.kms.katalon.core.main.TestCaseExecutor.doExecute(TestCaseExecutor.java:439)
	at com.kms.katalon.core.main.TestCaseExecutor.processExecutionPhase(TestCaseExecutor.java:418)
	at com.kms.katalon.core.main.TestCaseExecutor.accessMainPhase(TestCaseExecutor.java:410)
	at com.kms.katalon.core.main.TestCaseExecutor.execute(TestCaseExecutor.java:285)
	at com.kms.katalon.core.common.CommonExecutor.accessTestCaseMainPhase(CommonExecutor.java:65)
	at com.kms.katalon.core.main.TestSuiteExecutor.accessTestSuiteMainPhase(TestSuiteExecutor.java:150)
	at com.kms.katalon.core.main.TestSuiteExecutor.execute(TestSuiteExecutor.java:106)
	at com.kms.katalon.core.main.TestCaseMain.startTestSuite(TestCaseMain.java:180)
	at TempTestSuite1730967062199.run(TempTestSuite1730967062199.groovy:35)
	at java.base/jdk.internal.reflect.NativeMethodAccessorImpl.invoke0(Native Method)
	at java.base/jdk.internal.reflect.NativeMethodAccessorImpl.invoke(NativeMethodAccessorImpl.java:77)
	at java.base/jdk.internal.reflect.DelegatingMethodAccessorImpl.invoke(DelegatingMethodAccessorImpl.java:43)]]></system-out>
      <system-err><![CDATA[07-11-2024T08:11:11 - [TEST_SUITE][ERROR] - TS5_POS_CashRefund_Full_NT: Test Cases/Nortruss Instance/PointofSale_Module/TS5_POS_CashRefund_Full_StockReturn/POS_CashRefund_Full FAILED.
Reason:
org.codehaus.groovy.control.MultipleCompilationErrorsException: startup failed:
file:/C:/Users/azureuser/git/frameworks-regression-test-automation/Scripts/Nortruss%20Instance/PointofSale_Module/TS5_POS_CashRefund_Full_StockReturn/POS_CashRefund_Full/Script1730789351775.groovy: 112: The current scope already contains a variable of the name sourceFile
 @ line 112, column 17.
   FileInputStream sourceFile = new FileInputStream(ExcelFile)
                   ^

file:/C:/Users/azureuser/git/frameworks-regression-test-automation/Scripts/Nortruss%20Instance/PointofSale_Module/TS5_POS_CashRefund_Full_StockReturn/POS_CashRefund_Full/Script1730789351775.groovy: 114: The current scope already contains a variable of the name workbook
 @ line 114, column 14.
   XSSFWorkbook workbook = new XSSFWorkbook(sourceFile)
                ^

file:/C:/Users/azureuser/git/frameworks-regression-test-automation/Scripts/Nortruss%20Instance/PointofSale_Module/TS5_POS_CashRefund_Full_StockReturn/POS_CashRefund_Full/Script1730789351775.groovy: 116: The current scope already contains a variable of the name sheet
 @ line 116, column 11.
   XSSFSheet sheet = workbook.getSheet('Sheet1')
             ^

file:/C:/Users/azureuser/git/frameworks-regression-test-automation/Scripts/Nortruss%20Instance/PointofSale_Module/TS5_POS_CashRefund_Full_StockReturn/POS_CashRefund_Full/Script1730789351775.groovy: 119: The current scope already contains a variable of the name row
 @ line 119, column 5.
   Row row = sheet.getRow(0)
       ^

file:/C:/Users/azureuser/git/frameworks-regression-test-automation/Scripts/Nortruss%20Instance/PointofSale_Module/TS5_POS_CashRefund_Full_StockReturn/POS_CashRefund_Full/Script1730789351775.groovy: 121: The current scope already contains a variable of the name cell
 @ line 121, column 6.
   Cell cell = row.getCell(1)
        ^

5 errors

	at com.kms.katalon.core.main.ScriptEngine.getScript(ScriptEngine.java:199)
	at com.kms.katalon.core.main.ScriptEngine.run(ScriptEngine.java:194)
	at com.kms.katalon.core.main.ScriptEngine.runScriptAsRawText(ScriptEngine.java:119)
	at com.kms.katalon.core.main.TestCaseExecutor.runScript(TestCaseExecutor.java:448)
	at com.kms.katalon.core.main.TestCaseExecutor.doExecute(TestCaseExecutor.java:439)
	at com.kms.katalon.core.main.TestCaseExecutor.processExecutionPhase(TestCaseExecutor.java:418)
	at com.kms.katalon.core.main.TestCaseExecutor.accessMainPhase(TestCaseExecutor.java:410)
	at com.kms.katalon.core.main.TestCaseExecutor.execute(TestCaseExecutor.java:285)
	at com.kms.katalon.core.common.CommonExecutor.accessTestCaseMainPhase(CommonExecutor.java:65)
	at com.kms.katalon.core.main.TestSuiteExecutor.accessTestSuiteMainPhase(TestSuiteExecutor.java:150)
	at com.kms.katalon.core.main.TestSuiteExecutor.execute(TestSuiteExecutor.java:106)
	at com.kms.katalon.core.main.TestCaseMain.startTestSuite(TestCaseMain.java:180)
	at TempTestSuite1730967062199.run(TempTestSuite1730967062199.groovy:35)
	at java.base/jdk.internal.reflect.NativeMethodAccessorImpl.invoke0(Native Method)
	at java.base/jdk.internal.reflect.NativeMethodAccessorImpl.invoke(NativeMethodAccessorImpl.java:77)
	at java.base/jdk.internal.reflect.DelegatingMethodAccessorImpl.invoke(DelegatingMethodAccessorImpl.java:43)]]></system-err>
   </testsuite>
</testsuites>
