<?xml version="1.0" encoding="UTF-8"?>
<testsuites name="TS5_POS_Cash_Refund_Full" time="109.881" tests="3" failures="1" errors="0">
   <testsuite name="TS5_POS_Cash_Refund_Full" tests="3" failures="1" errors="0" time="109.881" skipped="0" timestamp="01-11-2024T10:39:17" hostname="azureuser - 10.192.8.5" id="Test Suites/DBC_Instance/PointofSale_Module/New_Interface/TS5_POS_Cash_Refund_Full">
      <properties>
         <property name="deviceName" value=""/>
         <property name="devicePlatform"/>
         <property name="logFolder" value="C:\\Users\\azureuser\\git\\frameworks-regression-test-automation\\Reports\\20241101_103907\\DBC_Instance\\PointofSale_Module\\New_Interface\\TS5_POS_Cash_Refund_Full\\20241101_103907"/>
         <property name="logFiles" value="C:\\Users\\azureuser\\git\\frameworks-regression-test-automation\\Reports\\20241101_103907\\DBC_Instance\\PointofSale_Module\\New_Interface\\TS5_POS_Cash_Refund_Full\\20241101_103907\\execution0.log"/>
         <property name="attachments" value="C:\\Users\\azureuser\\git\\frameworks-regression-test-automation\\Reports\\20241101_103907\\DBC_Instance\\PointofSale_Module\\New_Interface\\TS5_POS_Cash_Refund_Full\\20241101_103907\\1730457583560.png, C:\\Users\\azureuser\\git\\frameworks-regression-test-automation\\Reports\\20241101_103907\\DBC_Instance\\PointofSale_Module\\New_Interface\\TS5_POS_Cash_Refund_Full\\20241101_103907\\1730457591028.png, C:\\Users\\azureuser\\git\\frameworks-regression-test-automation\\Reports\\20241101_103907\\DBC_Instance\\PointofSale_Module\\New_Interface\\TS5_POS_Cash_Refund_Full\\20241101_103907\\1730457614357.png, C:\\Users\\azureuser\\git\\frameworks-regression-test-automation\\Reports\\20241101_103907\\DBC_Instance\\PointofSale_Module\\New_Interface\\TS5_POS_Cash_Refund_Full\\20241101_103907\\1730457618174.png, C:\\Users\\azureuser\\git\\frameworks-regression-test-automation\\Reports\\20241101_103907\\DBC_Instance\\PointofSale_Module\\New_Interface\\TS5_POS_Cash_Refund_Full\\20241101_103907\\1730457629150.png, C:\\Users\\azureuser\\git\\frameworks-regression-test-automation\\Reports\\20241101_103907\\DBC_Instance\\PointofSale_Module\\New_Interface\\TS5_POS_Cash_Refund_Full\\20241101_103907\\1730457632290.png, C:\\Users\\azureuser\\git\\frameworks-regression-test-automation\\Reports\\20241101_103907\\DBC_Instance\\PointofSale_Module\\New_Interface\\TS5_POS_Cash_Refund_Full\\20241101_103907\\1730457635383.png, C:\\Users\\azureuser\\git\\frameworks-regression-test-automation\\Reports\\20241101_103907\\DBC_Instance\\PointofSale_Module\\New_Interface\\TS5_POS_Cash_Refund_Full\\20241101_103907\\1730457638400.png, C:\\Users\\azureuser\\git\\frameworks-regression-test-automation\\Reports\\20241101_103907\\DBC_Instance\\PointofSale_Module\\New_Interface\\TS5_POS_Cash_Refund_Full\\20241101_103907\\1730457641440.png, C:\\Users\\azureuser\\git\\frameworks-regression-test-automation\\Reports\\20241101_103907\\DBC_Instance\\PointofSale_Module\\New_Interface\\TS5_POS_Cash_Refund_Full\\20241101_103907\\1730457662062.png"/>
         <property name="hostName" value="azureuser - 10.192.8.5"/>
         <property name="os" value="Windows 11 64bit"/>
         <property name="katalonVersion" value="9.7.2.223"/>
         <property name="browser" value="Chrome 130.0.0.0"/>
         <property name="hostAddress" value="10.192.8.5"/>
         <property name="sessionId" value="20f94c491a56107cb35b24d917123160"/>
         <property name="seleniumVersion" value="3.141.59"/>
         <property name="proxyInformation" value="ProxyInformation { proxyOption=NO_PROXY, proxyServerType=HTTP, username=, password=********, proxyServerAddress=, proxyServerPort=0, executionList=&quot;&quot;, isApplyToDesiredCapabilities=true }"/>
         <property name="platform" value="Windows 11"/>
      </properties>
      <testcase name="Test Cases/DBC_Instance/PointofSale_Module/TS1_POS_CashSale/POS_CashSale-LM20(TS5)" time="38.452" classname="Test Cases/DBC_Instance/PointofSale_Module/TS1_POS_CashSale/POS_CashSale-LM20(TS5)" status="PASSED">
         <system-out><![CDATA[01-11-2024T10:39:18 - [TEST_CASE][PASSED] - Test Cases/DBC_Instance/PointofSale_Module/TS1_POS_CashSale/POS_CashSale-LM20(TS5): Test Cases/DBC_Instance/PointofSale_Module/TS1_POS_CashSale/POS_CashSale-LM20(TS5)

01-11-2024T10:39:19 - [TEST_STEP][PASSED] - openBrowser(""): Browser is opened with url: ''

01-11-2024T10:39:19 - [MESSAGE][INFO] - Starting 'Chrome' driver

01-11-2024T10:39:20 - [MESSAGE][INFO] - Action delay is set to 0 milliseconds

01-11-2024T10:39:23 - [MESSAGE][PASSED] - Browser is opened with url: ''

01-11-2024T10:39:23 - [TEST_STEP][PASSED] - maximizeWindow(): Current window maximized

01-11-2024T10:39:23 - [MESSAGE][PASSED] - Current window maximized

01-11-2024T10:39:23 - [TEST_STEP][PASSED] - navigateToUrl("http://frameworks.dahlsens.com.au:8080/FWDemo/Fluid.html#homeDashboard,dash,Frameworks.Activity.Menu.HomeDashBoard"): Navigate to 'http://frameworks.dahlsens.com.au:8080/FWDemo/Fluid.html#homeDashboard,dash,Frameworks.Activity.Menu.HomeDashBoard' successfully

01-11-2024T10:39:25 - [MESSAGE][PASSED] - Navigate to 'http://frameworks.dahlsens.com.au:8080/FWDemo/Fluid.html#homeDashboard,dash,Frameworks.Activity.Menu.HomeDashBoard' successfully

01-11-2024T10:39:25 - [TEST_STEP][PASSED] - setText(findTestObject("Object Repository/TS1_POS_CashSale_DBC/New_Interface/Page_Frameworks (Demo)/input_User ID_userid"), userName): Text 'manaki' is set on object 'Object Repository/TS1_POS_CashSale_DBC/New_Interface/Page_Frameworks (Demo)/input_User ID_userid'

01-11-2024T10:39:27 - [MESSAGE][PASSED] - Text 'manaki' is set on object 'Object Repository/TS1_POS_CashSale_DBC/New_Interface/Page_Frameworks (Demo)/input_User ID_userid'

01-11-2024T10:39:27 - [TEST_STEP][PASSED] - setEncryptedText(findTestObject("Object Repository/TS1_POS_CashSale_DBC/New_Interface/Page_Frameworks (Demo)/input_Password_password"), "FHoXGFMjtD0="): Text ****** has been set on object 'Object Repository/TS1_POS_CashSale_DBC/New_Interface/Page_Frameworks (Demo)/input_Password_password'

01-11-2024T10:39:27 - [MESSAGE][PASSED] - Text ****** has been set on object 'Object Repository/TS1_POS_CashSale_DBC/New_Interface/Page_Frameworks (Demo)/input_Password_password'

01-11-2024T10:39:27 - [TEST_STEP][PASSED] - click(findTestObject("Object Repository/TS1_POS_CashSale_DBC/New_Interface/Page_Frameworks (Demo)/div_Login")): Object: 'Object Repository/TS1_POS_CashSale_DBC/New_Interface/Page_Frameworks (Demo)/div_Login' is clicked on

01-11-2024T10:39:28 - [MESSAGE][PASSED] - Object: 'Object Repository/TS1_POS_CashSale_DBC/New_Interface/Page_Frameworks (Demo)/div_Login' is clicked on

01-11-2024T10:39:28 - [TEST_STEP][PASSED] - click(findTestObject("Object Repository/TS1_POS_CashSale_DBC/New_Interface/Page_Frameworks (Demo)/img_MenuIcon")): Object: 'Object Repository/TS1_POS_CashSale_DBC/New_Interface/Page_Frameworks (Demo)/img_MenuIcon' is clicked on

01-11-2024T10:39:31 - [MESSAGE][PASSED] - Object: 'Object Repository/TS1_POS_CashSale_DBC/New_Interface/Page_Frameworks (Demo)/img_MenuIcon' is clicked on

01-11-2024T10:39:31 - [TEST_STEP][PASSED] - click(findTestObject("Object Repository/TS1_POS_CashSale_DBC/New_Interface/Page_Frameworks (Demo)/b_Transaction Processing")): Object: 'Object Repository/TS1_POS_CashSale_DBC/New_Interface/Page_Frameworks (Demo)/b_Transaction Processing' is clicked on

01-11-2024T10:39:32 - [MESSAGE][PASSED] - Object: 'Object Repository/TS1_POS_CashSale_DBC/New_Interface/Page_Frameworks (Demo)/b_Transaction Processing' is clicked on

01-11-2024T10:39:32 - [TEST_STEP][PASSED] - click(findTestObject("Object Repository/TS1_POS_CashSale_DBC/New_Interface/Page_Frameworks (Demo)/td_Point Of Sale")): Object: 'Object Repository/TS1_POS_CashSale_DBC/New_Interface/Page_Frameworks (Demo)/td_Point Of Sale' is clicked on

01-11-2024T10:39:33 - [MESSAGE][PASSED] - Object: 'Object Repository/TS1_POS_CashSale_DBC/New_Interface/Page_Frameworks (Demo)/td_Point Of Sale' is clicked on

01-11-2024T10:39:33 - [TEST_STEP][PASSED] - invoiceNum = getText(findTestObject("Object Repository/TS1_POS_CashSale_DBC/New_Interface/Page_Frameworks (Demo)/div_invoiceNum")): Text of object 'Object Repository/TS1_POS_CashSale_DBC/New_Interface/Page_Frameworks (Demo)/div_invoiceNum' is: '20305078'

01-11-2024T10:39:36 - [MESSAGE][PASSED] - Text of object 'Object Repository/TS1_POS_CashSale_DBC/New_Interface/Page_Frameworks (Demo)/div_invoiceNum' is: '20305078'

01-11-2024T10:39:36 - [TEST_STEP][PASSED] - setText(findTestObject("Object Repository/TS1_POS_CashSale_DBC/New_Interface/Page_Frameworks (Demo)/input_P_prodId"), "LM20"): Text 'LM20' is set on object 'Object Repository/TS1_POS_CashSale_DBC/New_Interface/Page_Frameworks (Demo)/input_P_prodId'

01-11-2024T10:39:38 - [MESSAGE][PASSED] - Text 'LM20' is set on object 'Object Repository/TS1_POS_CashSale_DBC/New_Interface/Page_Frameworks (Demo)/input_P_prodId'

01-11-2024T10:39:38 - [TEST_STEP][PASSED] - setText(findTestObject("Object Repository/TS1_POS_CashSale_DBC/New_Interface/Page_Frameworks (Demo)/input_Quantity_quantityOrdered"), "2"): Text '2' is set on object 'Object Repository/TS1_POS_CashSale_DBC/New_Interface/Page_Frameworks (Demo)/input_Quantity_quantityOrdered'

01-11-2024T10:39:39 - [MESSAGE][PASSED] - Text '2' is set on object 'Object Repository/TS1_POS_CashSale_DBC/New_Interface/Page_Frameworks (Demo)/input_Quantity_quantityOrdered'

01-11-2024T10:39:39 - [TEST_STEP][PASSED] - click(findTestObject("Object Repository/TS1_POS_CashSale_DBC/New_Interface/Page_Frameworks (Demo)/input_Quantity_quantityOrdered")): Object: 'Object Repository/TS1_POS_CashSale_DBC/New_Interface/Page_Frameworks (Demo)/input_Quantity_quantityOrdered' is clicked on

01-11-2024T10:39:40 - [MESSAGE][PASSED] - Object: 'Object Repository/TS1_POS_CashSale_DBC/New_Interface/Page_Frameworks (Demo)/input_Quantity_quantityOrdered' is clicked on

01-11-2024T10:39:40 - [TEST_STEP][PASSED] - click(findTestObject("Object Repository/TS1_POS_CashSale_DBC/New_Interface/Page_Frameworks (Demo)/img_add")): Object: 'Object Repository/TS1_POS_CashSale_DBC/New_Interface/Page_Frameworks (Demo)/img_add' is clicked on

01-11-2024T10:39:41 - [MESSAGE][PASSED] - Object: 'Object Repository/TS1_POS_CashSale_DBC/New_Interface/Page_Frameworks (Demo)/img_add' is clicked on

01-11-2024T10:39:41 - [TEST_STEP][PASSED] - delay(2): Delayed 2 second(s)

01-11-2024T10:39:43 - [MESSAGE][PASSED] - Delayed 2 second(s)

01-11-2024T10:39:43 - [TEST_STEP][PASSED] - takeFullPageScreenshot(): Taking screenshot successfully

01-11-2024T10:39:44 - [MESSAGE][INFO] - 0 hidden object(s)

01-11-2024T10:39:44 - [MESSAGE][PASSED] - Taking screenshot successfully
[[ATTACHMENT|C:\\Users\\azureuser\\git\\frameworks-regression-test-automation\\Reports\\20241101_103907\\DBC_Instance\\PointofSale_Module\\New_Interface\\TS5_POS_Cash_Refund_Full\\20241101_103907\\1730457583560.png]]

01-11-2024T10:39:44 - [TEST_STEP][PASSED] - click(findTestObject("Object Repository/TS1_POS_CashSale_DBC/New_Interface/Page_Frameworks (Demo)/div_FinishSale (S)")): Object: 'Object Repository/TS1_POS_CashSale_DBC/New_Interface/Page_Frameworks (Demo)/div_FinishSale (S)' is clicked on

01-11-2024T10:39:44 - [MESSAGE][PASSED] - Object: 'Object Repository/TS1_POS_CashSale_DBC/New_Interface/Page_Frameworks (Demo)/div_FinishSale (S)' is clicked on

01-11-2024T10:39:44 - [TEST_STEP][PASSED] - click(findTestObject("Object Repository/TS1_POS_CashSale_DBC/New_Interface/Page_Frameworks (Demo)/div_100 Cash")): Object: 'Object Repository/TS1_POS_CashSale_DBC/New_Interface/Page_Frameworks (Demo)/div_100 Cash' is clicked on

01-11-2024T10:39:49 - [MESSAGE][PASSED] - Object: 'Object Repository/TS1_POS_CashSale_DBC/New_Interface/Page_Frameworks (Demo)/div_100 Cash' is clicked on

01-11-2024T10:39:49 - [TEST_STEP][PASSED] - delay(2): Delayed 2 second(s)

01-11-2024T10:39:51 - [MESSAGE][PASSED] - Delayed 2 second(s)

01-11-2024T10:39:51 - [TEST_STEP][PASSED] - takeFullPageScreenshot(): Taking screenshot successfully

01-11-2024T10:39:51 - [MESSAGE][INFO] - 0 hidden object(s)

01-11-2024T10:39:51 - [MESSAGE][PASSED] - Taking screenshot successfully
[[ATTACHMENT|C:\\Users\\azureuser\\git\\frameworks-regression-test-automation\\Reports\\20241101_103907\\DBC_Instance\\PointofSale_Module\\New_Interface\\TS5_POS_Cash_Refund_Full\\20241101_103907\\1730457591028.png]]

01-11-2024T10:39:51 - [TEST_STEP][PASSED] - click(findTestObject("Object Repository/TS1_POS_CashSale_DBC/New_Interface/Page_Frameworks (Demo)/td_SaveClose (S)")): Object: 'Object Repository/TS1_POS_CashSale_DBC/New_Interface/Page_Frameworks (Demo)/td_SaveClose (S)' is clicked on

01-11-2024T10:39:53 - [MESSAGE][PASSED] - Object: 'Object Repository/TS1_POS_CashSale_DBC/New_Interface/Page_Frameworks (Demo)/td_SaveClose (S)' is clicked on

01-11-2024T10:39:53 - [TEST_STEP][PASSED] - sourceFile = new java.io.FileInputStream(ExcelFile): null

01-11-2024T10:39:53 - [TEST_STEP][PASSED] - workbook = new org.apache.poi.xssf.usermodel.XSSFWorkbook(sourceFile): null

01-11-2024T10:39:54 - [TEST_STEP][PASSED] - sheet = workbook.getSheet("Sheet1"): null

01-11-2024T10:39:54 - [TEST_STEP][PASSED] - row = sheet.getRow(0): null

01-11-2024T10:39:54 - [TEST_STEP][PASSED] - cell = row.getCell(1): null

01-11-2024T10:39:54 - [TEST_STEP][PASSED] - row = sheet.createRow(1): null

01-11-2024T10:39:54 - [TEST_STEP][PASSED] - cell = row.createCell(0): null

01-11-2024T10:39:54 - [TEST_STEP][PASSED] - cell.setCellValue("Invoice Number"): null

01-11-2024T10:39:54 - [TEST_STEP][PASSED] - cell = row.createCell(1): null

01-11-2024T10:39:54 - [TEST_STEP][PASSED] - cell.setCellValue(invoiceNum): null

01-11-2024T10:39:55 - [TEST_STEP][PASSED] - fos = new java.io.FileOutputStream(ExcelFile): null

01-11-2024T10:39:55 - [TEST_STEP][PASSED] - workbook.write(fos): null

01-11-2024T10:39:55 - [TEST_STEP][PASSED] - fos.close(): null

01-11-2024T10:39:55 - [TEST_STEP][PASSED] - sourceFile.close(): null

01-11-2024T10:39:55 - [TEST_STEP][PASSED] - click(findTestObject("Object Repository/TS2_POS_AccountSale_DBC/New_Interface/Page_Frameworks (Demo)/img_AccountDropdown")): Object: 'Object Repository/TS2_POS_AccountSale_DBC/New_Interface/Page_Frameworks (Demo)/img_AccountDropdown' is clicked on

01-11-2024T10:39:55 - [MESSAGE][PASSED] - Object: 'Object Repository/TS2_POS_AccountSale_DBC/New_Interface/Page_Frameworks (Demo)/img_AccountDropdown' is clicked on

01-11-2024T10:39:55 - [TEST_STEP][PASSED] - click(findTestObject("Object Repository/TS2_POS_AccountSale_DBC/New_Interface/Page_Frameworks (Demo)/div_Logout")): Object: 'Object Repository/TS2_POS_AccountSale_DBC/New_Interface/Page_Frameworks (Demo)/div_Logout' is clicked on

01-11-2024T10:39:56 - [MESSAGE][PASSED] - Object: 'Object Repository/TS2_POS_AccountSale_DBC/New_Interface/Page_Frameworks (Demo)/div_Logout' is clicked on]]></system-out>
         <system-err><![CDATA[]]></system-err>
      </testcase>
      <testcase name="Test Cases/DBC_Instance/PointofSale_Module/TS5_POS_CashRefund_Full_StockReturn/POS_CashRefund_Full" time="49.386" classname="Test Cases/DBC_Instance/PointofSale_Module/TS5_POS_CashRefund_Full_StockReturn/POS_CashRefund_Full" status="PASSED">
         <system-out><![CDATA[01-11-2024T10:39:56 - [TEST_CASE][PASSED] - Test Cases/DBC_Instance/PointofSale_Module/TS5_POS_CashRefund_Full_StockReturn/POS_CashRefund_Full: Test Cases/DBC_Instance/PointofSale_Module/TS5_POS_CashRefund_Full_StockReturn/POS_CashRefund_Full

01-11-2024T10:39:57 - [TEST_STEP][PASSED] - sourceFile = new java.io.FileInputStream(ExcelFile): null

01-11-2024T10:39:57 - [TEST_STEP][PASSED] - workbook = new org.apache.poi.xssf.usermodel.XSSFWorkbook(sourceFile): null

01-11-2024T10:39:57 - [TEST_STEP][PASSED] - sheet = workbook.getSheet("Sheet1"): null

01-11-2024T10:39:57 - [TEST_STEP][PASSED] - row = sheet.getRow(1): null

01-11-2024T10:39:57 - [TEST_STEP][PASSED] - cell = row.getCell(1): null

01-11-2024T10:39:57 - [TEST_STEP][PASSED] - docketNumber = cell.getStringCellValue(): null

01-11-2024T10:39:57 - [TEST_STEP][PASSED] - println(docketNumber): null

01-11-2024T10:39:57 - [TEST_STEP][PASSED] - openBrowser(""): Browser is opened with url: ''

01-11-2024T10:39:57 - [MESSAGE][WARNING] - A browser is already opened. Closing browser and opening a new one

01-11-2024T10:39:59 - [MESSAGE][INFO] - Starting 'Chrome' driver

01-11-2024T10:39:59 - [MESSAGE][INFO] - Action delay is set to 0 milliseconds

01-11-2024T10:40:01 - [MESSAGE][PASSED] - Browser is opened with url: ''

01-11-2024T10:40:01 - [TEST_STEP][PASSED] - maximizeWindow(): Current window maximized

01-11-2024T10:40:01 - [MESSAGE][PASSED] - Current window maximized

01-11-2024T10:40:01 - [TEST_STEP][PASSED] - navigateToUrl("http://frameworks.dahlsens.com.au:8080/FWDemo/Fluid.html#homeDashboard,dash,Frameworks.Activity.Menu.HomeDashBoard"): Navigate to 'http://frameworks.dahlsens.com.au:8080/FWDemo/Fluid.html#homeDashboard,dash,Frameworks.Activity.Menu.HomeDashBoard' successfully

01-11-2024T10:40:01 - [MESSAGE][PASSED] - Navigate to 'http://frameworks.dahlsens.com.au:8080/FWDemo/Fluid.html#homeDashboard,dash,Frameworks.Activity.Menu.HomeDashBoard' successfully

01-11-2024T10:40:01 - [TEST_STEP][PASSED] - setText(findTestObject("Object Repository/TS5_POS_CashRefund_Full_DBC/Page_Frameworks (Demo)/input_User ID_userid"), userName): Text 'manaki' is set on object 'Object Repository/TS5_POS_CashRefund_Full_DBC/Page_Frameworks (Demo)/input_User ID_userid'

01-11-2024T10:40:05 - [MESSAGE][PASSED] - Text 'manaki' is set on object 'Object Repository/TS5_POS_CashRefund_Full_DBC/Page_Frameworks (Demo)/input_User ID_userid'

01-11-2024T10:40:05 - [TEST_STEP][PASSED] - setEncryptedText(findTestObject("Object Repository/TS5_POS_CashRefund_Full_DBC/Page_Frameworks (Demo)/input_Password_password"), "FHoXGFMjtD0="): Text ****** has been set on object 'Object Repository/TS5_POS_CashRefund_Full_DBC/Page_Frameworks (Demo)/input_Password_password'

01-11-2024T10:40:05 - [MESSAGE][PASSED] - Text ****** has been set on object 'Object Repository/TS5_POS_CashRefund_Full_DBC/Page_Frameworks (Demo)/input_Password_password'

01-11-2024T10:40:05 - [TEST_STEP][PASSED] - click(findTestObject("Object Repository/TS5_POS_CashRefund_Full_DBC/Page_Frameworks (Demo)/div_Login")): Object: 'Object Repository/TS5_POS_CashRefund_Full_DBC/Page_Frameworks (Demo)/div_Login' is clicked on

01-11-2024T10:40:06 - [MESSAGE][PASSED] - Object: 'Object Repository/TS5_POS_CashRefund_Full_DBC/Page_Frameworks (Demo)/div_Login' is clicked on

01-11-2024T10:40:06 - [TEST_STEP][PASSED] - click(findTestObject("Object Repository/TS5_POS_CashRefund_Full_DBC/Page_Frameworks (Demo)/burger_Menu")): Object: 'Object Repository/TS5_POS_CashRefund_Full_DBC/Page_Frameworks (Demo)/burger_Menu' is clicked on

01-11-2024T10:40:09 - [MESSAGE][PASSED] - Object: 'Object Repository/TS5_POS_CashRefund_Full_DBC/Page_Frameworks (Demo)/burger_Menu' is clicked on

01-11-2024T10:40:09 - [TEST_STEP][PASSED] - click(findTestObject("Object Repository/TS5_POS_CashRefund_Full_DBC/Page_Frameworks (Demo)/b_Transaction Processing")): Object: 'Object Repository/TS5_POS_CashRefund_Full_DBC/Page_Frameworks (Demo)/b_Transaction Processing' is clicked on

01-11-2024T10:40:10 - [MESSAGE][PASSED] - Object: 'Object Repository/TS5_POS_CashRefund_Full_DBC/Page_Frameworks (Demo)/b_Transaction Processing' is clicked on

01-11-2024T10:40:10 - [TEST_STEP][PASSED] - click(findTestObject("Object Repository/TS5_POS_CashRefund_Full_DBC/Page_Frameworks (Demo)/td_Credit Notes")): Object: 'Object Repository/TS5_POS_CashRefund_Full_DBC/Page_Frameworks (Demo)/td_Credit Notes' is clicked on

01-11-2024T10:40:12 - [MESSAGE][PASSED] - Object: 'Object Repository/TS5_POS_CashRefund_Full_DBC/Page_Frameworks (Demo)/td_Credit Notes' is clicked on

01-11-2024T10:40:12 - [TEST_STEP][PASSED] - delay(2): Delayed 2 second(s)

01-11-2024T10:40:14 - [MESSAGE][PASSED] - Delayed 2 second(s)

01-11-2024T10:40:14 - [TEST_STEP][PASSED] - takeFullPageScreenshot(): Taking screenshot successfully

01-11-2024T10:40:15 - [MESSAGE][INFO] - 0 hidden object(s)

01-11-2024T10:40:15 - [MESSAGE][PASSED] - Taking screenshot successfully
[[ATTACHMENT|C:\\Users\\azureuser\\git\\frameworks-regression-test-automation\\Reports\\20241101_103907\\DBC_Instance\\PointofSale_Module\\New_Interface\\TS5_POS_Cash_Refund_Full\\20241101_103907\\1730457614357.png]]

01-11-2024T10:40:15 - [TEST_STEP][PASSED] - click(findTestObject("Object Repository/TS5_POS_CashRefund_Full_DBC/Page_Frameworks (Demo)/div_New")): Object: 'Object Repository/TS5_POS_CashRefund_Full_DBC/Page_Frameworks (Demo)/div_New' is clicked on

01-11-2024T10:40:16 - [MESSAGE][PASSED] - Object: 'Object Repository/TS5_POS_CashRefund_Full_DBC/Page_Frameworks (Demo)/div_New' is clicked on

01-11-2024T10:40:16 - [TEST_STEP][PASSED] - delay(2): Delayed 2 second(s)

01-11-2024T10:40:18 - [MESSAGE][PASSED] - Delayed 2 second(s)

01-11-2024T10:40:18 - [TEST_STEP][PASSED] - takeFullPageScreenshot(): Taking screenshot successfully

01-11-2024T10:40:18 - [MESSAGE][INFO] - 0 hidden object(s)

01-11-2024T10:40:18 - [MESSAGE][PASSED] - Taking screenshot successfully
[[ATTACHMENT|C:\\Users\\azureuser\\git\\frameworks-regression-test-automation\\Reports\\20241101_103907\\DBC_Instance\\PointofSale_Module\\New_Interface\\TS5_POS_Cash_Refund_Full\\20241101_103907\\1730457618174.png]]

01-11-2024T10:40:18 - [TEST_STEP][PASSED] - transaction_Number = getText(findTestObject("Object Repository/TS5_POS_CashRefund_Full_DBC/Page_Frameworks (Demo)/transaction_Number")): Text of object 'Object Repository/TS5_POS_CashRefund_Full_DBC/Page_Frameworks (Demo)/transaction_Number' is: '20305080'

01-11-2024T10:40:20 - [MESSAGE][PASSED] - Text of object 'Object Repository/TS5_POS_CashRefund_Full_DBC/Page_Frameworks (Demo)/transaction_Number' is: '20305080'

01-11-2024T10:40:20 - [TEST_STEP][PASSED] - println(transaction_Number): null

01-11-2024T10:40:20 - [TEST_STEP][PASSED] - click(findTestObject("Object Repository/TS5_POS_CashRefund_Full_DBC/Page_Frameworks (Demo)/table_Select a Value")): Object: 'Object Repository/TS5_POS_CashRefund_Full_DBC/Page_Frameworks (Demo)/table_Select a Value' is clicked on

01-11-2024T10:40:20 - [MESSAGE][PASSED] - Object: 'Object Repository/TS5_POS_CashRefund_Full_DBC/Page_Frameworks (Demo)/table_Select a Value' is clicked on

01-11-2024T10:40:20 - [TEST_STEP][PASSED] - click(findTestObject("Object Repository/TS5_POS_CashRefund_Full_DBC/Page_Frameworks (Demo)/div_Stock Return")): Object: 'Object Repository/TS5_POS_CashRefund_Full_DBC/Page_Frameworks (Demo)/div_Stock Return' is clicked on

01-11-2024T10:40:21 - [MESSAGE][PASSED] - Object: 'Object Repository/TS5_POS_CashRefund_Full_DBC/Page_Frameworks (Demo)/div_Stock Return' is clicked on

01-11-2024T10:40:21 - [TEST_STEP][PASSED] - click(findTestObject("Object Repository/TS5_POS_CashRefund_Full_DBC/Page_Frameworks (Demo)/table_Reason")): Object: 'Object Repository/TS5_POS_CashRefund_Full_DBC/Page_Frameworks (Demo)/table_Reason' is clicked on

01-11-2024T10:40:22 - [MESSAGE][PASSED] - Object: 'Object Repository/TS5_POS_CashRefund_Full_DBC/Page_Frameworks (Demo)/table_Reason' is clicked on

01-11-2024T10:40:22 - [TEST_STEP][PASSED] - click(findTestObject("Object Repository/TS5_POS_CashRefund_Full_DBC/Page_Frameworks (Demo)/div_C - Not ReqdOver Order")): Object: 'Object Repository/TS5_POS_CashRefund_Full_DBC/Page_Frameworks (Demo)/div_C - Not ReqdOver Order' is clicked on

01-11-2024T10:40:23 - [MESSAGE][PASSED] - Object: 'Object Repository/TS5_POS_CashRefund_Full_DBC/Page_Frameworks (Demo)/div_C - Not ReqdOver Order' is clicked on

01-11-2024T10:40:23 - [TEST_STEP][PASSED] - click(findTestObject("Object Repository/TS5_POS_CashRefund_Full_DBC/Page_Frameworks (Demo)/input_Original Docket_originalDocket"), STOP_ON_FAILURE): Object: 'Object Repository/TS5_POS_CashRefund_Full_DBC/Page_Frameworks (Demo)/input_Original Docket_originalDocket' is clicked on

01-11-2024T10:40:24 - [MESSAGE][PASSED] - Object: 'Object Repository/TS5_POS_CashRefund_Full_DBC/Page_Frameworks (Demo)/input_Original Docket_originalDocket' is clicked on

01-11-2024T10:40:24 - [TEST_STEP][PASSED] - sendKeys(findTestObject("Object Repository/TS5_POS_CashRefund_Full_DBC/Page_Frameworks (Demo)/input_Original Docket_originalDocket"), docketNumber): Keys '20305078' sent to object: 'Object Repository/TS5_POS_CashRefund_Full_DBC/Page_Frameworks (Demo)/input_Original Docket_originalDocket'

01-11-2024T10:40:25 - [MESSAGE][PASSED] - Keys '20305078' sent to object: 'Object Repository/TS5_POS_CashRefund_Full_DBC/Page_Frameworks (Demo)/input_Original Docket_originalDocket'

01-11-2024T10:40:25 - [TEST_STEP][PASSED] - click(findTestObject("Object Repository/TS5_POS_CashRefund_Full_DBC/Page_Frameworks (Demo)/div_BranchDropdown")): Object: 'Object Repository/TS5_POS_CashRefund_Full_DBC/Page_Frameworks (Demo)/div_BranchDropdown' is clicked on

01-11-2024T10:40:26 - [MESSAGE][PASSED] - Object: 'Object Repository/TS5_POS_CashRefund_Full_DBC/Page_Frameworks (Demo)/div_BranchDropdown' is clicked on

01-11-2024T10:40:26 - [TEST_STEP][PASSED] - click(findTestObject("Object Repository/TS5_POS_CashRefund_Full_DBC/Page_Frameworks (Demo)/div_228 - DEMONSTRATION BRANCH 228")): Object: 'Object Repository/TS5_POS_CashRefund_Full_DBC/Page_Frameworks (Demo)/div_228 - DEMONSTRATION BRANCH 228' is clicked on

01-11-2024T10:40:27 - [MESSAGE][PASSED] - Object: 'Object Repository/TS5_POS_CashRefund_Full_DBC/Page_Frameworks (Demo)/div_228 - DEMONSTRATION BRANCH 228' is clicked on

01-11-2024T10:40:27 - [TEST_STEP][PASSED] - delay(2): Delayed 2 second(s)

01-11-2024T10:40:29 - [MESSAGE][PASSED] - Delayed 2 second(s)

01-11-2024T10:40:29 - [TEST_STEP][PASSED] - takeFullPageScreenshot(): Taking screenshot successfully

01-11-2024T10:40:29 - [MESSAGE][INFO] - 0 hidden object(s)

01-11-2024T10:40:29 - [MESSAGE][PASSED] - Taking screenshot successfully
[[ATTACHMENT|C:\\Users\\azureuser\\git\\frameworks-regression-test-automation\\Reports\\20241101_103907\\DBC_Instance\\PointofSale_Module\\New_Interface\\TS5_POS_Cash_Refund_Full\\20241101_103907\\1730457629150.png]]

01-11-2024T10:40:29 - [TEST_STEP][PASSED] - click(findTestObject("Object Repository/TS5_POS_CashRefund_Full_DBC/Page_Frameworks (Demo)/div_Load Details")): Object: 'Object Repository/TS5_POS_CashRefund_Full_DBC/Page_Frameworks (Demo)/div_Load Details' is clicked on

01-11-2024T10:40:30 - [MESSAGE][PASSED] - Object: 'Object Repository/TS5_POS_CashRefund_Full_DBC/Page_Frameworks (Demo)/div_Load Details' is clicked on

01-11-2024T10:40:30 - [TEST_STEP][PASSED] - delay(2): Delayed 2 second(s)

01-11-2024T10:40:32 - [MESSAGE][PASSED] - Delayed 2 second(s)

01-11-2024T10:40:32 - [TEST_STEP][PASSED] - takeFullPageScreenshot(): Taking screenshot successfully

01-11-2024T10:40:32 - [MESSAGE][INFO] - 0 hidden object(s)

01-11-2024T10:40:32 - [MESSAGE][PASSED] - Taking screenshot successfully
[[ATTACHMENT|C:\\Users\\azureuser\\git\\frameworks-regression-test-automation\\Reports\\20241101_103907\\DBC_Instance\\PointofSale_Module\\New_Interface\\TS5_POS_Cash_Refund_Full\\20241101_103907\\1730457632290.png]]

01-11-2024T10:40:32 - [TEST_STEP][PASSED] - click(findTestObject("Object Repository/TS5_POS_CashRefund_Full_DBC/Page_Frameworks (Demo)/div_Refund All")): Object: 'Object Repository/TS5_POS_CashRefund_Full_DBC/Page_Frameworks (Demo)/div_Refund All' is clicked on

01-11-2024T10:40:33 - [MESSAGE][PASSED] - Object: 'Object Repository/TS5_POS_CashRefund_Full_DBC/Page_Frameworks (Demo)/div_Refund All' is clicked on

01-11-2024T10:40:33 - [TEST_STEP][PASSED] - delay(2): Delayed 2 second(s)

01-11-2024T10:40:35 - [MESSAGE][PASSED] - Delayed 2 second(s)

01-11-2024T10:40:35 - [TEST_STEP][PASSED] - takeFullPageScreenshot(): Taking screenshot successfully

01-11-2024T10:40:35 - [MESSAGE][INFO] - 0 hidden object(s)

01-11-2024T10:40:35 - [MESSAGE][PASSED] - Taking screenshot successfully
[[ATTACHMENT|C:\\Users\\azureuser\\git\\frameworks-regression-test-automation\\Reports\\20241101_103907\\DBC_Instance\\PointofSale_Module\\New_Interface\\TS5_POS_Cash_Refund_Full\\20241101_103907\\1730457635383.png]]

01-11-2024T10:40:35 - [TEST_STEP][PASSED] - click(findTestObject("Object Repository/TS5_POS_CashRefund_Full_DBC/Page_Frameworks (Demo)/div_Finish (S)")): Object: 'Object Repository/TS5_POS_CashRefund_Full_DBC/Page_Frameworks (Demo)/div_Finish (S)' is clicked on

01-11-2024T10:40:36 - [MESSAGE][PASSED] - Object: 'Object Repository/TS5_POS_CashRefund_Full_DBC/Page_Frameworks (Demo)/div_Finish (S)' is clicked on

01-11-2024T10:40:36 - [TEST_STEP][PASSED] - delay(2): Delayed 2 second(s)

01-11-2024T10:40:38 - [MESSAGE][PASSED] - Delayed 2 second(s)

01-11-2024T10:40:38 - [TEST_STEP][PASSED] - takeFullPageScreenshot(): Taking screenshot successfully

01-11-2024T10:40:38 - [MESSAGE][INFO] - 0 hidden object(s)

01-11-2024T10:40:38 - [MESSAGE][PASSED] - Taking screenshot successfully
[[ATTACHMENT|C:\\Users\\azureuser\\git\\frameworks-regression-test-automation\\Reports\\20241101_103907\\DBC_Instance\\PointofSale_Module\\New_Interface\\TS5_POS_Cash_Refund_Full\\20241101_103907\\1730457638400.png]]

01-11-2024T10:40:38 - [TEST_STEP][PASSED] - click(findTestObject("Object Repository/TS5_POS_CashRefund_Full_DBC/Page_Frameworks (Demo)/div_EFTPOS")): Object: 'Object Repository/TS5_POS_CashRefund_Full_DBC/Page_Frameworks (Demo)/div_EFTPOS' is clicked on

01-11-2024T10:40:39 - [MESSAGE][PASSED] - Object: 'Object Repository/TS5_POS_CashRefund_Full_DBC/Page_Frameworks (Demo)/div_EFTPOS' is clicked on

01-11-2024T10:40:39 - [TEST_STEP][PASSED] - delay(2): Delayed 2 second(s)

01-11-2024T10:40:41 - [MESSAGE][PASSED] - Delayed 2 second(s)

01-11-2024T10:40:41 - [TEST_STEP][PASSED] - takeFullPageScreenshot(): Taking screenshot successfully

01-11-2024T10:40:41 - [MESSAGE][INFO] - 0 hidden object(s)

01-11-2024T10:40:41 - [MESSAGE][PASSED] - Taking screenshot successfully
[[ATTACHMENT|C:\\Users\\azureuser\\git\\frameworks-regression-test-automation\\Reports\\20241101_103907\\DBC_Instance\\PointofSale_Module\\New_Interface\\TS5_POS_Cash_Refund_Full\\20241101_103907\\1730457641440.png]]

01-11-2024T10:40:41 - [TEST_STEP][PASSED] - click(findTestObject("Object Repository/TS5_POS_CashRefund_Full_DBC/Page_Frameworks (Demo)/img_Eftpos_Transact")): Object: 'Object Repository/TS5_POS_CashRefund_Full_DBC/Page_Frameworks (Demo)/img_Eftpos_Transact' is clicked on

01-11-2024T10:40:42 - [MESSAGE][PASSED] - Object: 'Object Repository/TS5_POS_CashRefund_Full_DBC/Page_Frameworks (Demo)/img_Eftpos_Transact' is clicked on

01-11-2024T10:40:42 - [TEST_STEP][PASSED] - updatesourceFile = new java.io.FileInputStream(ExcelFile): null

01-11-2024T10:40:42 - [TEST_STEP][PASSED] - updateWorkbook = new org.apache.poi.xssf.usermodel.XSSFWorkbook(updatesourceFile): null

01-11-2024T10:40:42 - [TEST_STEP][PASSED] - updateSheet = updateWorkbook.getSheet("Sheet1"): null

01-11-2024T10:40:42 - [TEST_STEP][PASSED] - updateRow = updateSheet.getRow(0): null

01-11-2024T10:40:42 - [TEST_STEP][PASSED] - updateCell = updateRow.getCell(1): null

01-11-2024T10:40:42 - [TEST_STEP][PASSED] - updateRow = updateSheet.createRow(2): null

01-11-2024T10:40:42 - [TEST_STEP][PASSED] - updateCell = updateRow.createCell(0): null

01-11-2024T10:40:42 - [TEST_STEP][PASSED] - updateCell.setCellValue("TransactionNumber"): null

01-11-2024T10:40:42 - [TEST_STEP][PASSED] - updateCell = updateRow.createCell(1): null

01-11-2024T10:40:42 - [TEST_STEP][PASSED] - updateCell.setCellValue(transaction_Number): null

01-11-2024T10:40:42 - [TEST_STEP][PASSED] - fos = new java.io.FileOutputStream(ExcelFile): null

01-11-2024T10:40:42 - [TEST_STEP][PASSED] - updateWorkbook.write(fos): null

01-11-2024T10:40:42 - [TEST_STEP][PASSED] - fos.close(): null

01-11-2024T10:40:42 - [TEST_STEP][PASSED] - updatesourceFile.close(): null

01-11-2024T10:40:42 - [TEST_STEP][PASSED] - click(findTestObject("Object Repository/TS2_POS_AccountSale_DBC/New_Interface/Page_Frameworks (Demo)/img_AccountDropdown")): Object: 'Object Repository/TS2_POS_AccountSale_DBC/New_Interface/Page_Frameworks (Demo)/img_AccountDropdown' is clicked on

01-11-2024T10:40:45 - [MESSAGE][PASSED] - Object: 'Object Repository/TS2_POS_AccountSale_DBC/New_Interface/Page_Frameworks (Demo)/img_AccountDropdown' is clicked on

01-11-2024T10:40:45 - [TEST_STEP][PASSED] - click(findTestObject("Object Repository/TS2_POS_AccountSale_DBC/New_Interface/Page_Frameworks (Demo)/div_Logout")): Object: 'Object Repository/TS2_POS_AccountSale_DBC/New_Interface/Page_Frameworks (Demo)/div_Logout' is clicked on

01-11-2024T10:40:45 - [MESSAGE][PASSED] - Object: 'Object Repository/TS2_POS_AccountSale_DBC/New_Interface/Page_Frameworks (Demo)/div_Logout' is clicked on]]></system-out>
         <system-err><![CDATA[]]></system-err>
      </testcase>
      <testcase name="Test Cases/DBC_Instance/PointofSale_Module/TS5_POS_CashRefund_Full_StockReturn/POS_CashRefund_Full_ValidateStock" time="21.641" classname="Test Cases/DBC_Instance/PointofSale_Module/TS5_POS_CashRefund_Full_StockReturn/POS_CashRefund_Full_ValidateStock" status="FAILED">
         <failure type="FAILED" message="Test Cases/DBC_Instance/PointofSale_Module/TS5_POS_CashRefund_Full_StockReturn/POS_CashRefund_Full_ValidateStock FAILED.&#xa;Reason:&#xa;com.kms.katalon.core.exception.StepFailedException: Unable to click on object 'Object Repository/TS1_BT_BranchTransfer_DBC/New_Interface/Stock_Receipt/Page_Frameworks (Demo)/div_Stock Movements'&#xa;	at com.kms.katalon.core.webui.keyword.internal.WebUIKeywordMain.stepFailed(WebUIKeywordMain.groovy:117)&#xa;	at com.kms.katalon.core.webui.keyword.internal.WebUIKeywordMain.runKeyword(WebUIKeywordMain.groovy:43)&#xa;	at com.kms.katalon.core.webui.keyword.builtin.ClickKeyword.click(ClickKeyword.groovy:74)&#xa;	at com.kms.katalon.core.webui.keyword.builtin.ClickKeyword.execute(ClickKeyword.groovy:40)&#xa;	at com.kms.katalon.core.keyword.internal.KeywordExecutor.executeKeywordForPlatform(KeywordExecutor.groovy:74)&#xa;	at com.kms.katalon.core.webui.keyword.WebUiBuiltInKeywords.click(WebUiBuiltInKeywords.groovy:659)&#xa;	at POS_CashRefund_Full_ValidateStock.run(POS_CashRefund_Full_ValidateStock:69)&#xa;	at com.kms.katalon.core.main.ScriptEngine.run(ScriptEngine.java:194)&#xa;	at com.kms.katalon.core.main.ScriptEngine.runScriptAsRawText(ScriptEngine.java:119)&#xa;	at com.kms.katalon.core.main.TestCaseExecutor.runScript(TestCaseExecutor.java:448)&#xa;	at com.kms.katalon.core.main.TestCaseExecutor.doExecute(TestCaseExecutor.java:439)&#xa;	at com.kms.katalon.core.main.TestCaseExecutor.processExecutionPhase(TestCaseExecutor.java:418)&#xa;	at com.kms.katalon.core.main.TestCaseExecutor.accessMainPhase(TestCaseExecutor.java:410)&#xa;	at com.kms.katalon.core.main.TestCaseExecutor.execute(TestCaseExecutor.java:285)&#xa;	at com.kms.katalon.core.common.CommonExecutor.accessTestCaseMainPhase(CommonExecutor.java:65)&#xa;	at com.kms.katalon.core.main.TestSuiteExecutor.accessTestSuiteMainPhase(TestSuiteExecutor.java:150)&#xa;	at com.kms.katalon.core.main.TestSuiteExecutor.execute(TestSuiteExecutor.java:106)&#xa;	at com.kms.katalon.core.main.TestCaseMain.startTestSuite(TestCaseMain.java:180)&#xa;	at TempTestSuite1730457547167.run(TempTestSuite1730457547167.groovy:35)&#xa;	at java.base/jdk.internal.reflect.NativeMethodAccessorImpl.invoke0(Native Method)&#xa;	at java.base/jdk.internal.reflect.NativeMethodAccessorImpl.invoke(NativeMethodAccessorImpl.java:77)&#xa;	at java.base/jdk.internal.reflect.DelegatingMethodAccessorImpl.invoke(DelegatingMethodAccessorImpl.java:43)&#xa;Caused by: org.openqa.selenium.ElementNotInteractableException: element not interactable&#xa;  (Session info: chrome=130.0.6723.92)&#xa;Build info: version: '3.141.59', revision: 'unknown', time: 'unknown'&#xa;System info: host: 'P-AS-JCD-DVM01', ip: '10.192.8.5', os.name: 'Windows 11', os.arch: 'amd64', os.version: '10.0', java.version: '17.0.7'&#xa;Driver info: com.kms.katalon.selenium.driver.CChromeDriver&#xa;Capabilities {acceptInsecureCerts: false, browserName: chrome, browserVersion: 130.0.6723.92, chrome: {chromedriverVersion: 129.0.6668.91 (b00bc8b76d60..., userDataDir: C:\Windows\SystemTemp\scope...}, fedcm:accounts: true, goog:chromeOptions: {debuggerAddress: localhost:57265}, javascriptEnabled: true, networkConnectionEnabled: false, pageLoadStrategy: normal, platform: WINDOWS, platformName: WINDOWS, proxy: Proxy(), setWindowRect: true, strictFileInteractability: false, timeouts: {implicit: 0, pageLoad: 300000, script: 30000}, unhandledPromptBehavior: dismiss and notify, webauthn:extension:credBlob: true, webauthn:extension:largeBlob: true, webauthn:extension:minPinLength: true, webauthn:extension:prf: true, webauthn:virtualAuthenticators: true}&#xa;Session ID: 20f94c491a56107cb35b24d917123160&#xa;	at java.base/jdk.internal.reflect.NativeConstructorAccessorImpl.newInstance0(Native Method)&#xa;	at java.base/jdk.internal.reflect.NativeConstructorAccessorImpl.newInstance(NativeConstructorAccessorImpl.java:77)&#xa;	at java.base/jdk.internal.reflect.DelegatingConstructorAccessorImpl.newInstance(DelegatingConstructorAccessorImpl.java:45)&#xa;	at org.openqa.selenium.remote.http.W3CHttpResponseCodec.createException(W3CHttpResponseCodec.java:187)&#xa;	at org.openqa.selenium.remote.http.W3CHttpResponseCodec.decode(W3CHttpResponseCodec.java:122)&#xa;	at org.openqa.selenium.remote.http.W3CHttpResponseCodec.decode(W3CHttpResponseCodec.java:49)&#xa;	at org.openqa.selenium.remote.HttpCommandExecutor.execute(HttpCommandExecutor.java:158)&#xa;	at org.openqa.selenium.remote.service.DriverCommandExecutor.execute(DriverCommandExecutor.java:83)&#xa;	at org.openqa.selenium.remote.RemoteWebDriver.execute(RemoteWebDriver.java:552)&#xa;	at com.kms.katalon.selenium.driver.CChromeDriver.execute(CChromeDriver.java:19)&#xa;	at org.openqa.selenium.remote.RemoteWebElement.execute(RemoteWebElement.java:285)&#xa;	at org.openqa.selenium.remote.RemoteWebElement.click(RemoteWebElement.java:84)&#xa;	at jdk.internal.reflect.GeneratedMethodAccessor10.invoke(Unknown Source)&#xa;	at java.base/jdk.internal.reflect.DelegatingMethodAccessorImpl.invoke(DelegatingMethodAccessorImpl.java:43)&#xa;	at org.openqa.selenium.support.events.EventFiringWebDriver$EventFiringWebElement.lambda$new$0(EventFiringWebDriver.java:404)&#xa;	at jdk.proxy2/jdk.proxy2.$Proxy21.click(Unknown Source)&#xa;	at org.openqa.selenium.support.events.EventFiringWebDriver$EventFiringWebElement.click(EventFiringWebDriver.java:417)&#xa;	at org.openqa.selenium.WebElement$click.call(Unknown Source)&#xa;	at com.kms.katalon.core.webui.keyword.builtin.ClickKeyword.clickUntilSuccessWithTimeout(ClickKeyword.groovy:81)&#xa;	at com.kms.katalon.core.webui.keyword.builtin.ClickKeyword.clickUntilSuccessWithTimeout(ClickKeyword.groovy)&#xa;	at jdk.internal.reflect.GeneratedMethodAccessor8.invoke(Unknown Source)&#xa;	at java.base/jdk.internal.reflect.DelegatingMethodAccessorImpl.invoke(DelegatingMethodAccessorImpl.java:43)&#xa;	at com.kms.katalon.core.webui.keyword.builtin.ClickKeyword$_click_closure1.doCall(ClickKeyword.groovy:67)&#xa;	at com.kms.katalon.core.webui.keyword.builtin.ClickKeyword$_click_closure1.call(ClickKeyword.groovy)&#xa;	at com.kms.katalon.core.webui.keyword.internal.WebUIKeywordMain.runKeyword(WebUIKeywordMain.groovy:35)&#xa;	... 20 more&#xa;"/>
         <system-out><![CDATA[01-11-2024T10:40:45 - [TEST_CASE][FAILED] - Test Cases/DBC_Instance/PointofSale_Module/TS5_POS_CashRefund_Full_StockReturn/POS_CashRefund_Full_ValidateStock: Test Cases/DBC_Instance/PointofSale_Module/TS5_POS_CashRefund_Full_StockReturn/POS_CashRefund_Full_ValidateStock FAILED.
Reason:
com.kms.katalon.core.exception.StepFailedException: Unable to click on object 'Object Repository/TS1_BT_BranchTransfer_DBC/New_Interface/Stock_Receipt/Page_Frameworks (Demo)/div_Stock Movements'
	at com.kms.katalon.core.webui.keyword.internal.WebUIKeywordMain.stepFailed(WebUIKeywordMain.groovy:117)
	at com.kms.katalon.core.webui.keyword.internal.WebUIKeywordMain.runKeyword(WebUIKeywordMain.groovy:43)
	at com.kms.katalon.core.webui.keyword.builtin.ClickKeyword.click(ClickKeyword.groovy:74)
	at com.kms.katalon.core.webui.keyword.builtin.ClickKeyword.execute(ClickKeyword.groovy:40)
	at com.kms.katalon.core.keyword.internal.KeywordExecutor.executeKeywordForPlatform(KeywordExecutor.groovy:74)
	at com.kms.katalon.core.webui.keyword.WebUiBuiltInKeywords.click(WebUiBuiltInKeywords.groovy:659)
	at POS_CashRefund_Full_ValidateStock.run(POS_CashRefund_Full_ValidateStock:69)
	at com.kms.katalon.core.main.ScriptEngine.run(ScriptEngine.java:194)
	at com.kms.katalon.core.main.ScriptEngine.runScriptAsRawText(ScriptEngine.java:119)
	at com.kms.katalon.core.main.TestCaseExecutor.runScript(TestCaseExecutor.java:448)
	at com.kms.katalon.core.main.TestCaseExecutor.doExecute(TestCaseExecutor.java:439)
	at com.kms.katalon.core.main.TestCaseExecutor.processExecutionPhase(TestCaseExecutor.java:418)
	at com.kms.katalon.core.main.TestCaseExecutor.accessMainPhase(TestCaseExecutor.java:410)
	at com.kms.katalon.core.main.TestCaseExecutor.execute(TestCaseExecutor.java:285)
	at com.kms.katalon.core.common.CommonExecutor.accessTestCaseMainPhase(CommonExecutor.java:65)
	at com.kms.katalon.core.main.TestSuiteExecutor.accessTestSuiteMainPhase(TestSuiteExecutor.java:150)
	at com.kms.katalon.core.main.TestSuiteExecutor.execute(TestSuiteExecutor.java:106)
	at com.kms.katalon.core.main.TestCaseMain.startTestSuite(TestCaseMain.java:180)
	at TempTestSuite1730457547167.run(TempTestSuite1730457547167.groovy:35)
	at java.base/jdk.internal.reflect.NativeMethodAccessorImpl.invoke0(Native Method)
	at java.base/jdk.internal.reflect.NativeMethodAccessorImpl.invoke(NativeMethodAccessorImpl.java:77)
	at java.base/jdk.internal.reflect.DelegatingMethodAccessorImpl.invoke(DelegatingMethodAccessorImpl.java:43)
Caused by: org.openqa.selenium.ElementNotInteractableException: element not interactable
  (Session info: chrome=130.0.6723.92)
Build info: version: '3.141.59', revision: 'unknown', time: 'unknown'
System info: host: 'P-AS-JCD-DVM01', ip: '10.192.8.5', os.name: 'Windows 11', os.arch: 'amd64', os.version: '10.0', java.version: '17.0.7'
Driver info: com.kms.katalon.selenium.driver.CChromeDriver
Capabilities {acceptInsecureCerts: false, browserName: chrome, browserVersion: 130.0.6723.92, chrome: {chromedriverVersion: 129.0.6668.91 (b00bc8b76d60..., userDataDir: C:\Windows\SystemTemp\scope...}, fedcm:accounts: true, goog:chromeOptions: {debuggerAddress: localhost:57265}, javascriptEnabled: true, networkConnectionEnabled: false, pageLoadStrategy: normal, platform: WINDOWS, platformName: WINDOWS, proxy: Proxy(), setWindowRect: true, strictFileInteractability: false, timeouts: {implicit: 0, pageLoad: 300000, script: 30000}, unhandledPromptBehavior: dismiss and notify, webauthn:extension:credBlob: true, webauthn:extension:largeBlob: true, webauthn:extension:minPinLength: true, webauthn:extension:prf: true, webauthn:virtualAuthenticators: true}
Session ID: 20f94c491a56107cb35b24d917123160
	at java.base/jdk.internal.reflect.NativeConstructorAccessorImpl.newInstance0(Native Method)
	at java.base/jdk.internal.reflect.NativeConstructorAccessorImpl.newInstance(NativeConstructorAccessorImpl.java:77)
	at java.base/jdk.internal.reflect.DelegatingConstructorAccessorImpl.newInstance(DelegatingConstructorAccessorImpl.java:45)
	at org.openqa.selenium.remote.http.W3CHttpResponseCodec.createException(W3CHttpResponseCodec.java:187)
	at org.openqa.selenium.remote.http.W3CHttpResponseCodec.decode(W3CHttpResponseCodec.java:122)
	at org.openqa.selenium.remote.http.W3CHttpResponseCodec.decode(W3CHttpResponseCodec.java:49)
	at org.openqa.selenium.remote.HttpCommandExecutor.execute(HttpCommandExecutor.java:158)
	at org.openqa.selenium.remote.service.DriverCommandExecutor.execute(DriverCommandExecutor.java:83)
	at org.openqa.selenium.remote.RemoteWebDriver.execute(RemoteWebDriver.java:552)
	at com.kms.katalon.selenium.driver.CChromeDriver.execute(CChromeDriver.java:19)
	at org.openqa.selenium.remote.RemoteWebElement.execute(RemoteWebElement.java:285)
	at org.openqa.selenium.remote.RemoteWebElement.click(RemoteWebElement.java:84)
	at jdk.internal.reflect.GeneratedMethodAccessor10.invoke(Unknown Source)
	at java.base/jdk.internal.reflect.DelegatingMethodAccessorImpl.invoke(DelegatingMethodAccessorImpl.java:43)
	at org.openqa.selenium.support.events.EventFiringWebDriver$EventFiringWebElement.lambda$new$0(EventFiringWebDriver.java:404)
	at jdk.proxy2/jdk.proxy2.$Proxy21.click(Unknown Source)
	at org.openqa.selenium.support.events.EventFiringWebDriver$EventFiringWebElement.click(EventFiringWebDriver.java:417)
	at org.openqa.selenium.WebElement$click.call(Unknown Source)
	at com.kms.katalon.core.webui.keyword.builtin.ClickKeyword.clickUntilSuccessWithTimeout(ClickKeyword.groovy:81)
	at com.kms.katalon.core.webui.keyword.builtin.ClickKeyword.clickUntilSuccessWithTimeout(ClickKeyword.groovy)
	at jdk.internal.reflect.GeneratedMethodAccessor8.invoke(Unknown Source)
	at java.base/jdk.internal.reflect.DelegatingMethodAccessorImpl.invoke(DelegatingMethodAccessorImpl.java:43)
	at com.kms.katalon.core.webui.keyword.builtin.ClickKeyword$_click_closure1.doCall(ClickKeyword.groovy:67)
	at com.kms.katalon.core.webui.keyword.builtin.ClickKeyword$_click_closure1.call(ClickKeyword.groovy)
	at com.kms.katalon.core.webui.keyword.internal.WebUIKeywordMain.runKeyword(WebUIKeywordMain.groovy:35)
	... 20 more


01-11-2024T10:40:46 - [TEST_STEP][PASSED] - sourceFile = new java.io.FileInputStream(ExcelFile): null

01-11-2024T10:40:46 - [TEST_STEP][PASSED] - workbook = new org.apache.poi.xssf.usermodel.XSSFWorkbook(sourceFile): null

01-11-2024T10:40:46 - [TEST_STEP][PASSED] - sheet = workbook.getSheet("Sheet1"): null

01-11-2024T10:40:46 - [TEST_STEP][PASSED] - row = sheet.getRow(2): null

01-11-2024T10:40:46 - [TEST_STEP][PASSED] - cell = row.getCell(1): null

01-11-2024T10:40:46 - [TEST_STEP][PASSED] - transactionNumber = cell.getStringCellValue(): null

01-11-2024T10:40:46 - [TEST_STEP][PASSED] - println(transactionNumber): null

01-11-2024T10:40:46 - [TEST_STEP][PASSED] - sourceFile.close(): null

01-11-2024T10:40:46 - [TEST_STEP][PASSED] - openBrowser(""): Browser is opened with url: ''

01-11-2024T10:40:46 - [MESSAGE][WARNING] - A browser is already opened. Closing browser and opening a new one

01-11-2024T10:40:47 - [MESSAGE][INFO] - Starting 'Chrome' driver

01-11-2024T10:40:47 - [MESSAGE][INFO] - Action delay is set to 0 milliseconds

01-11-2024T10:40:48 - [MESSAGE][PASSED] - Browser is opened with url: ''

01-11-2024T10:40:48 - [TEST_STEP][PASSED] - maximizeWindow(): Current window maximized

01-11-2024T10:40:48 - [MESSAGE][PASSED] - Current window maximized

01-11-2024T10:40:48 - [TEST_STEP][PASSED] - navigateToUrl("http://frameworks.dahlsens.com.au:8080/FWDemo/Fluid.html#homeDashboard,dash,Frameworks.Activity.Menu.HomeDashBoard"): Navigate to 'http://frameworks.dahlsens.com.au:8080/FWDemo/Fluid.html#homeDashboard,dash,Frameworks.Activity.Menu.HomeDashBoard' successfully

01-11-2024T10:40:50 - [MESSAGE][PASSED] - Navigate to 'http://frameworks.dahlsens.com.au:8080/FWDemo/Fluid.html#homeDashboard,dash,Frameworks.Activity.Menu.HomeDashBoard' successfully

01-11-2024T10:40:50 - [TEST_STEP][PASSED] - setText(findTestObject("Object Repository/TS3_POS_AccountCredit_Full_DBC/Page_Frameworks (Demo)/input_User ID_userid"), userName): Text 'manaki' is set on object 'Object Repository/TS3_POS_AccountCredit_Full_DBC/Page_Frameworks (Demo)/input_User ID_userid'

01-11-2024T10:40:52 - [MESSAGE][PASSED] - Text 'manaki' is set on object 'Object Repository/TS3_POS_AccountCredit_Full_DBC/Page_Frameworks (Demo)/input_User ID_userid'

01-11-2024T10:40:52 - [TEST_STEP][PASSED] - setEncryptedText(findTestObject("Object Repository/TS3_POS_AccountCredit_Full_DBC/Page_Frameworks (Demo)/input_Password_password"), "FHoXGFMjtD0="): Text ****** has been set on object 'Object Repository/TS3_POS_AccountCredit_Full_DBC/Page_Frameworks (Demo)/input_Password_password'

01-11-2024T10:40:52 - [MESSAGE][PASSED] - Text ****** has been set on object 'Object Repository/TS3_POS_AccountCredit_Full_DBC/Page_Frameworks (Demo)/input_Password_password'

01-11-2024T10:40:52 - [TEST_STEP][PASSED] - click(findTestObject("Object Repository/TS3_POS_AccountCredit_Full_DBC/Page_Frameworks (Demo)/div_Login")): Object: 'Object Repository/TS3_POS_AccountCredit_Full_DBC/Page_Frameworks (Demo)/div_Login' is clicked on

01-11-2024T10:40:53 - [MESSAGE][PASSED] - Object: 'Object Repository/TS3_POS_AccountCredit_Full_DBC/Page_Frameworks (Demo)/div_Login' is clicked on

01-11-2024T10:40:53 - [TEST_STEP][PASSED] - click(findTestObject("Object Repository/TS1_BT_BranchTransfer_DBC/New_Interface/Stock_Receipt/Page_Frameworks (Demo)/img_ProductDashboard")): Object: 'Object Repository/TS1_BT_BranchTransfer_DBC/New_Interface/Stock_Receipt/Page_Frameworks (Demo)/img_ProductDashboard' is clicked on

01-11-2024T10:40:57 - [MESSAGE][PASSED] - Object: 'Object Repository/TS1_BT_BranchTransfer_DBC/New_Interface/Stock_Receipt/Page_Frameworks (Demo)/img_ProductDashboard' is clicked on

01-11-2024T10:40:57 - [TEST_STEP][PASSED] - setText(findTestObject("Object Repository/TS1_BT_BranchTransfer_DBC/New_Interface/Stock_Receipt/Page_Frameworks (Demo)/input_Product_ProdId"), "LM20"): Text 'LM20' is set on object 'Object Repository/TS1_BT_BranchTransfer_DBC/New_Interface/Stock_Receipt/Page_Frameworks (Demo)/input_Product_ProdId'

01-11-2024T10:40:59 - [MESSAGE][PASSED] - Text 'LM20' is set on object 'Object Repository/TS1_BT_BranchTransfer_DBC/New_Interface/Stock_Receipt/Page_Frameworks (Demo)/input_Product_ProdId'

01-11-2024T10:40:59 - [TEST_STEP][PASSED] - click(findTestObject("Object Repository/TS1_BT_BranchTransfer_DBC/New_Interface/Stock_Receipt/Page_Frameworks (Demo)/td_Find")): Object: 'Object Repository/TS1_BT_BranchTransfer_DBC/New_Interface/Stock_Receipt/Page_Frameworks (Demo)/td_Find' is clicked on

01-11-2024T10:41:00 - [MESSAGE][PASSED] - Object: 'Object Repository/TS1_BT_BranchTransfer_DBC/New_Interface/Stock_Receipt/Page_Frameworks (Demo)/td_Find' is clicked on

01-11-2024T10:41:00 - [TEST_STEP][PASSED] - delay(2): Delayed 2 second(s)

01-11-2024T10:41:02 - [MESSAGE][PASSED] - Delayed 2 second(s)

01-11-2024T10:41:02 - [TEST_STEP][PASSED] - takeFullPageScreenshot(): Taking screenshot successfully

01-11-2024T10:41:03 - [MESSAGE][INFO] - 0 hidden object(s)

01-11-2024T10:41:03 - [MESSAGE][PASSED] - Taking screenshot successfully
[[ATTACHMENT|C:\\Users\\azureuser\\git\\frameworks-regression-test-automation\\Reports\\20241101_103907\\DBC_Instance\\PointofSale_Module\\New_Interface\\TS5_POS_Cash_Refund_Full\\20241101_103907\\1730457662062.png]]

01-11-2024T10:41:03 - [TEST_STEP][FAILED] - click(findTestObject("Object Repository/TS1_BT_BranchTransfer_DBC/New_Interface/Stock_Receipt/Page_Frameworks (Demo)/div_Stock Movements")): Unable to click on object 'Object Repository/TS1_BT_BranchTransfer_DBC/New_Interface/Stock_Receipt/Page_Frameworks (Demo)/div_Stock Movements' (Root cause: com.kms.katalon.core.exception.StepFailedException: Unable to click on object 'Object Repository/TS1_BT_BranchTransfer_DBC/New_Interface/Stock_Receipt/Page_Frameworks (Demo)/div_Stock Movements'
	at com.kms.katalon.core.webui.keyword.internal.WebUIKeywordMain.stepFailed(WebUIKeywordMain.groovy:117)
	at com.kms.katalon.core.webui.keyword.internal.WebUIKeywordMain.runKeyword(WebUIKeywordMain.groovy:43)
	at com.kms.katalon.core.webui.keyword.builtin.ClickKeyword.click(ClickKeyword.groovy:74)
	at com.kms.katalon.core.webui.keyword.builtin.ClickKeyword.execute(ClickKeyword.groovy:40)
	at com.kms.katalon.core.keyword.internal.KeywordExecutor.executeKeywordForPlatform(KeywordExecutor.groovy:74)
	at com.kms.katalon.core.webui.keyword.WebUiBuiltInKeywords.click(WebUiBuiltInKeywords.groovy:659)
	at POS_CashRefund_Full_ValidateStock.run(POS_CashRefund_Full_ValidateStock:69)
	at com.kms.katalon.core.main.ScriptEngine.run(ScriptEngine.java:194)
	at com.kms.katalon.core.main.ScriptEngine.runScriptAsRawText(ScriptEngine.java:119)
	at com.kms.katalon.core.main.TestCaseExecutor.runScript(TestCaseExecutor.java:448)
	at com.kms.katalon.core.main.TestCaseExecutor.doExecute(TestCaseExecutor.java:439)
	at com.kms.katalon.core.main.TestCaseExecutor.processExecutionPhase(TestCaseExecutor.java:418)
	at com.kms.katalon.core.main.TestCaseExecutor.accessMainPhase(TestCaseExecutor.java:410)
	at com.kms.katalon.core.main.TestCaseExecutor.execute(TestCaseExecutor.java:285)
	at com.kms.katalon.core.common.CommonExecutor.accessTestCaseMainPhase(CommonExecutor.java:65)
	at com.kms.katalon.core.main.TestSuiteExecutor.accessTestSuiteMainPhase(TestSuiteExecutor.java:150)
	at com.kms.katalon.core.main.TestSuiteExecutor.execute(TestSuiteExecutor.java:106)
	at com.kms.katalon.core.main.TestCaseMain.startTestSuite(TestCaseMain.java:180)
	at TempTestSuite1730457547167.run(TempTestSuite1730457547167.groovy:35)
	at java.base/jdk.internal.reflect.NativeMethodAccessorImpl.invoke0(Native Method)
	at java.base/jdk.internal.reflect.NativeMethodAccessorImpl.invoke(NativeMethodAccessorImpl.java:77)
	at java.base/jdk.internal.reflect.DelegatingMethodAccessorImpl.invoke(DelegatingMethodAccessorImpl.java:43)
Caused by: org.openqa.selenium.ElementNotInteractableException: element not interactable
  (Session info: chrome=130.0.6723.92)
Build info: version: '3.141.59', revision: 'unknown', time: 'unknown'
System info: host: 'P-AS-JCD-DVM01', ip: '10.192.8.5', os.name: 'Windows 11', os.arch: 'amd64', os.version: '10.0', java.version: '17.0.7'
Driver info: com.kms.katalon.selenium.driver.CChromeDriver
Capabilities {acceptInsecureCerts: false, browserName: chrome, browserVersion: 130.0.6723.92, chrome: {chromedriverVersion: 129.0.6668.91 (b00bc8b76d60..., userDataDir: C:\Windows\SystemTemp\scope...}, fedcm:accounts: true, goog:chromeOptions: {debuggerAddress: localhost:57265}, javascriptEnabled: true, networkConnectionEnabled: false, pageLoadStrategy: normal, platform: WINDOWS, platformName: WINDOWS, proxy: Proxy(), setWindowRect: true, strictFileInteractability: false, timeouts: {implicit: 0, pageLoad: 300000, script: 30000}, unhandledPromptBehavior: dismiss and notify, webauthn:extension:credBlob: true, webauthn:extension:largeBlob: true, webauthn:extension:minPinLength: true, webauthn:extension:prf: true, webauthn:virtualAuthenticators: true}
Session ID: 20f94c491a56107cb35b24d917123160
	at java.base/jdk.internal.reflect.NativeConstructorAccessorImpl.newInstance0(Native Method)
	at java.base/jdk.internal.reflect.NativeConstructorAccessorImpl.newInstance(NativeConstructorAccessorImpl.java:77)
	at java.base/jdk.internal.reflect.DelegatingConstructorAccessorImpl.newInstance(DelegatingConstructorAccessorImpl.java:45)
	at org.openqa.selenium.remote.http.W3CHttpResponseCodec.createException(W3CHttpResponseCodec.java:187)
	at org.openqa.selenium.remote.http.W3CHttpResponseCodec.decode(W3CHttpResponseCodec.java:122)
	at org.openqa.selenium.remote.http.W3CHttpResponseCodec.decode(W3CHttpResponseCodec.java:49)
	at org.openqa.selenium.remote.HttpCommandExecutor.execute(HttpCommandExecutor.java:158)
	at org.openqa.selenium.remote.service.DriverCommandExecutor.execute(DriverCommandExecutor.java:83)
	at org.openqa.selenium.remote.RemoteWebDriver.execute(RemoteWebDriver.java:552)
	at com.kms.katalon.selenium.driver.CChromeDriver.execute(CChromeDriver.java:19)
	at org.openqa.selenium.remote.RemoteWebElement.execute(RemoteWebElement.java:285)
	at org.openqa.selenium.remote.RemoteWebElement.click(RemoteWebElement.java:84)
	at jdk.internal.reflect.GeneratedMethodAccessor10.invoke(Unknown Source)
	at java.base/jdk.internal.reflect.DelegatingMethodAccessorImpl.invoke(DelegatingMethodAccessorImpl.java:43)
	at org.openqa.selenium.support.events.EventFiringWebDriver$EventFiringWebElement.lambda$new$0(EventFiringWebDriver.java:404)
	at jdk.proxy2/jdk.proxy2.$Proxy21.click(Unknown Source)
	at org.openqa.selenium.support.events.EventFiringWebDriver$EventFiringWebElement.click(EventFiringWebDriver.java:417)
	at org.openqa.selenium.WebElement$click.call(Unknown Source)
	at com.kms.katalon.core.webui.keyword.builtin.ClickKeyword.clickUntilSuccessWithTimeout(ClickKeyword.groovy:81)
	at com.kms.katalon.core.webui.keyword.builtin.ClickKeyword.clickUntilSuccessWithTimeout(ClickKeyword.groovy)
	at jdk.internal.reflect.GeneratedMethodAccessor8.invoke(Unknown Source)
	at java.base/jdk.internal.reflect.DelegatingMethodAccessorImpl.invoke(DelegatingMethodAccessorImpl.java:43)
	at com.kms.katalon.core.webui.keyword.builtin.ClickKeyword$_click_closure1.doCall(ClickKeyword.groovy:67)
	at com.kms.katalon.core.webui.keyword.builtin.ClickKeyword$_click_closure1.call(ClickKeyword.groovy)
	at com.kms.katalon.core.webui.keyword.internal.WebUIKeywordMain.runKeyword(WebUIKeywordMain.groovy:35)
	at com.kms.katalon.core.webui.keyword.builtin.ClickKeyword.click(ClickKeyword.groovy:74)
	at com.kms.katalon.core.webui.keyword.builtin.ClickKeyword.execute(ClickKeyword.groovy:40)
	at com.kms.katalon.core.keyword.internal.KeywordExecutor.executeKeywordForPlatform(KeywordExecutor.groovy:74)
	at com.kms.katalon.core.webui.keyword.WebUiBuiltInKeywords.click(WebUiBuiltInKeywords.groovy:659)
	at Script1726205533449.run(Script1726205533449.groovy:69)
	... 15 more
)

01-11-2024T10:41:07 - [MESSAGE][FAILED] - Unable to click on object 'Object Repository/TS1_BT_BranchTransfer_DBC/New_Interface/Stock_Receipt/Page_Frameworks (Demo)/div_Stock Movements' (Root cause: com.kms.katalon.core.exception.StepFailedException: Unable to click on object 'Object Repository/TS1_BT_BranchTransfer_DBC/New_Interface/Stock_Receipt/Page_Frameworks (Demo)/div_Stock Movements'
	at com.kms.katalon.core.webui.keyword.internal.WebUIKeywordMain.stepFailed(WebUIKeywordMain.groovy:117)
	at com.kms.katalon.core.webui.keyword.internal.WebUIKeywordMain.runKeyword(WebUIKeywordMain.groovy:43)
	at com.kms.katalon.core.webui.keyword.builtin.ClickKeyword.click(ClickKeyword.groovy:74)
	at com.kms.katalon.core.webui.keyword.builtin.ClickKeyword.execute(ClickKeyword.groovy:40)
	at com.kms.katalon.core.keyword.internal.KeywordExecutor.executeKeywordForPlatform(KeywordExecutor.groovy:74)
	at com.kms.katalon.core.webui.keyword.WebUiBuiltInKeywords.click(WebUiBuiltInKeywords.groovy:659)
	at POS_CashRefund_Full_ValidateStock.run(POS_CashRefund_Full_ValidateStock:69)
	at com.kms.katalon.core.main.ScriptEngine.run(ScriptEngine.java:194)
	at com.kms.katalon.core.main.ScriptEngine.runScriptAsRawText(ScriptEngine.java:119)
	at com.kms.katalon.core.main.TestCaseExecutor.runScript(TestCaseExecutor.java:448)
	at com.kms.katalon.core.main.TestCaseExecutor.doExecute(TestCaseExecutor.java:439)
	at com.kms.katalon.core.main.TestCaseExecutor.processExecutionPhase(TestCaseExecutor.java:418)
	at com.kms.katalon.core.main.TestCaseExecutor.accessMainPhase(TestCaseExecutor.java:410)
	at com.kms.katalon.core.main.TestCaseExecutor.execute(TestCaseExecutor.java:285)
	at com.kms.katalon.core.common.CommonExecutor.accessTestCaseMainPhase(CommonExecutor.java:65)
	at com.kms.katalon.core.main.TestSuiteExecutor.accessTestSuiteMainPhase(TestSuiteExecutor.java:150)
	at com.kms.katalon.core.main.TestSuiteExecutor.execute(TestSuiteExecutor.java:106)
	at com.kms.katalon.core.main.TestCaseMain.startTestSuite(TestCaseMain.java:180)
	at TempTestSuite1730457547167.run(TempTestSuite1730457547167.groovy:35)
	at java.base/jdk.internal.reflect.NativeMethodAccessorImpl.invoke0(Native Method)
	at java.base/jdk.internal.reflect.NativeMethodAccessorImpl.invoke(NativeMethodAccessorImpl.java:77)
	at java.base/jdk.internal.reflect.DelegatingMethodAccessorImpl.invoke(DelegatingMethodAccessorImpl.java:43)
Caused by: org.openqa.selenium.ElementNotInteractableException: element not interactable
  (Session info: chrome=130.0.6723.92)
Build info: version: '3.141.59', revision: 'unknown', time: 'unknown'
System info: host: 'P-AS-JCD-DVM01', ip: '10.192.8.5', os.name: 'Windows 11', os.arch: 'amd64', os.version: '10.0', java.version: '17.0.7'
Driver info: com.kms.katalon.selenium.driver.CChromeDriver
Capabilities {acceptInsecureCerts: false, browserName: chrome, browserVersion: 130.0.6723.92, chrome: {chromedriverVersion: 129.0.6668.91 (b00bc8b76d60..., userDataDir: C:\Windows\SystemTemp\scope...}, fedcm:accounts: true, goog:chromeOptions: {debuggerAddress: localhost:57265}, javascriptEnabled: true, networkConnectionEnabled: false, pageLoadStrategy: normal, platform: WINDOWS, platformName: WINDOWS, proxy: Proxy(), setWindowRect: true, strictFileInteractability: false, timeouts: {implicit: 0, pageLoad: 300000, script: 30000}, unhandledPromptBehavior: dismiss and notify, webauthn:extension:credBlob: true, webauthn:extension:largeBlob: true, webauthn:extension:minPinLength: true, webauthn:extension:prf: true, webauthn:virtualAuthenticators: true}
Session ID: 20f94c491a56107cb35b24d917123160
	at java.base/jdk.internal.reflect.NativeConstructorAccessorImpl.newInstance0(Native Method)
	at java.base/jdk.internal.reflect.NativeConstructorAccessorImpl.newInstance(NativeConstructorAccessorImpl.java:77)
	at java.base/jdk.internal.reflect.DelegatingConstructorAccessorImpl.newInstance(DelegatingConstructorAccessorImpl.java:45)
	at org.openqa.selenium.remote.http.W3CHttpResponseCodec.createException(W3CHttpResponseCodec.java:187)
	at org.openqa.selenium.remote.http.W3CHttpResponseCodec.decode(W3CHttpResponseCodec.java:122)
	at org.openqa.selenium.remote.http.W3CHttpResponseCodec.decode(W3CHttpResponseCodec.java:49)
	at org.openqa.selenium.remote.HttpCommandExecutor.execute(HttpCommandExecutor.java:158)
	at org.openqa.selenium.remote.service.DriverCommandExecutor.execute(DriverCommandExecutor.java:83)
	at org.openqa.selenium.remote.RemoteWebDriver.execute(RemoteWebDriver.java:552)
	at com.kms.katalon.selenium.driver.CChromeDriver.execute(CChromeDriver.java:19)
	at org.openqa.selenium.remote.RemoteWebElement.execute(RemoteWebElement.java:285)
	at org.openqa.selenium.remote.RemoteWebElement.click(RemoteWebElement.java:84)
	at jdk.internal.reflect.GeneratedMethodAccessor10.invoke(Unknown Source)
	at java.base/jdk.internal.reflect.DelegatingMethodAccessorImpl.invoke(DelegatingMethodAccessorImpl.java:43)
	at org.openqa.selenium.support.events.EventFiringWebDriver$EventFiringWebElement.lambda$new$0(EventFiringWebDriver.java:404)
	at jdk.proxy2/jdk.proxy2.$Proxy21.click(Unknown Source)
	at org.openqa.selenium.support.events.EventFiringWebDriver$EventFiringWebElement.click(EventFiringWebDriver.java:417)
	at org.openqa.selenium.WebElement$click.call(Unknown Source)
	at com.kms.katalon.core.webui.keyword.builtin.ClickKeyword.clickUntilSuccessWithTimeout(ClickKeyword.groovy:81)
	at com.kms.katalon.core.webui.keyword.builtin.ClickKeyword.clickUntilSuccessWithTimeout(ClickKeyword.groovy)
	at jdk.internal.reflect.GeneratedMethodAccessor8.invoke(Unknown Source)
	at java.base/jdk.internal.reflect.DelegatingMethodAccessorImpl.invoke(DelegatingMethodAccessorImpl.java:43)
	at com.kms.katalon.core.webui.keyword.builtin.ClickKeyword$_click_closure1.doCall(ClickKeyword.groovy:67)
	at com.kms.katalon.core.webui.keyword.builtin.ClickKeyword$_click_closure1.call(ClickKeyword.groovy)
	at com.kms.katalon.core.webui.keyword.internal.WebUIKeywordMain.runKeyword(WebUIKeywordMain.groovy:35)
	at com.kms.katalon.core.webui.keyword.builtin.ClickKeyword.click(ClickKeyword.groovy:74)
	at com.kms.katalon.core.webui.keyword.builtin.ClickKeyword.execute(ClickKeyword.groovy:40)
	at com.kms.katalon.core.keyword.internal.KeywordExecutor.executeKeywordForPlatform(KeywordExecutor.groovy:74)
	at com.kms.katalon.core.webui.keyword.WebUiBuiltInKeywords.click(WebUiBuiltInKeywords.groovy:659)
	at Script1726205533449.run(Script1726205533449.groovy:69)
	... 15 more
)]]></system-out>
         <system-err><![CDATA[01-11-2024T10:40:45 - [TEST_CASE][FAILED] - Test Cases/DBC_Instance/PointofSale_Module/TS5_POS_CashRefund_Full_StockReturn/POS_CashRefund_Full_ValidateStock: Test Cases/DBC_Instance/PointofSale_Module/TS5_POS_CashRefund_Full_StockReturn/POS_CashRefund_Full_ValidateStock FAILED.
Reason:
com.kms.katalon.core.exception.StepFailedException: Unable to click on object 'Object Repository/TS1_BT_BranchTransfer_DBC/New_Interface/Stock_Receipt/Page_Frameworks (Demo)/div_Stock Movements'
	at com.kms.katalon.core.webui.keyword.internal.WebUIKeywordMain.stepFailed(WebUIKeywordMain.groovy:117)
	at com.kms.katalon.core.webui.keyword.internal.WebUIKeywordMain.runKeyword(WebUIKeywordMain.groovy:43)
	at com.kms.katalon.core.webui.keyword.builtin.ClickKeyword.click(ClickKeyword.groovy:74)
	at com.kms.katalon.core.webui.keyword.builtin.ClickKeyword.execute(ClickKeyword.groovy:40)
	at com.kms.katalon.core.keyword.internal.KeywordExecutor.executeKeywordForPlatform(KeywordExecutor.groovy:74)
	at com.kms.katalon.core.webui.keyword.WebUiBuiltInKeywords.click(WebUiBuiltInKeywords.groovy:659)
	at POS_CashRefund_Full_ValidateStock.run(POS_CashRefund_Full_ValidateStock:69)
	at com.kms.katalon.core.main.ScriptEngine.run(ScriptEngine.java:194)
	at com.kms.katalon.core.main.ScriptEngine.runScriptAsRawText(ScriptEngine.java:119)
	at com.kms.katalon.core.main.TestCaseExecutor.runScript(TestCaseExecutor.java:448)
	at com.kms.katalon.core.main.TestCaseExecutor.doExecute(TestCaseExecutor.java:439)
	at com.kms.katalon.core.main.TestCaseExecutor.processExecutionPhase(TestCaseExecutor.java:418)
	at com.kms.katalon.core.main.TestCaseExecutor.accessMainPhase(TestCaseExecutor.java:410)
	at com.kms.katalon.core.main.TestCaseExecutor.execute(TestCaseExecutor.java:285)
	at com.kms.katalon.core.common.CommonExecutor.accessTestCaseMainPhase(CommonExecutor.java:65)
	at com.kms.katalon.core.main.TestSuiteExecutor.accessTestSuiteMainPhase(TestSuiteExecutor.java:150)
	at com.kms.katalon.core.main.TestSuiteExecutor.execute(TestSuiteExecutor.java:106)
	at com.kms.katalon.core.main.TestCaseMain.startTestSuite(TestCaseMain.java:180)
	at TempTestSuite1730457547167.run(TempTestSuite1730457547167.groovy:35)
	at java.base/jdk.internal.reflect.NativeMethodAccessorImpl.invoke0(Native Method)
	at java.base/jdk.internal.reflect.NativeMethodAccessorImpl.invoke(NativeMethodAccessorImpl.java:77)
	at java.base/jdk.internal.reflect.DelegatingMethodAccessorImpl.invoke(DelegatingMethodAccessorImpl.java:43)
Caused by: org.openqa.selenium.ElementNotInteractableException: element not interactable
  (Session info: chrome=130.0.6723.92)
Build info: version: '3.141.59', revision: 'unknown', time: 'unknown'
System info: host: 'P-AS-JCD-DVM01', ip: '10.192.8.5', os.name: 'Windows 11', os.arch: 'amd64', os.version: '10.0', java.version: '17.0.7'
Driver info: com.kms.katalon.selenium.driver.CChromeDriver
Capabilities {acceptInsecureCerts: false, browserName: chrome, browserVersion: 130.0.6723.92, chrome: {chromedriverVersion: 129.0.6668.91 (b00bc8b76d60..., userDataDir: C:\Windows\SystemTemp\scope...}, fedcm:accounts: true, goog:chromeOptions: {debuggerAddress: localhost:57265}, javascriptEnabled: true, networkConnectionEnabled: false, pageLoadStrategy: normal, platform: WINDOWS, platformName: WINDOWS, proxy: Proxy(), setWindowRect: true, strictFileInteractability: false, timeouts: {implicit: 0, pageLoad: 300000, script: 30000}, unhandledPromptBehavior: dismiss and notify, webauthn:extension:credBlob: true, webauthn:extension:largeBlob: true, webauthn:extension:minPinLength: true, webauthn:extension:prf: true, webauthn:virtualAuthenticators: true}
Session ID: 20f94c491a56107cb35b24d917123160
	at java.base/jdk.internal.reflect.NativeConstructorAccessorImpl.newInstance0(Native Method)
	at java.base/jdk.internal.reflect.NativeConstructorAccessorImpl.newInstance(NativeConstructorAccessorImpl.java:77)
	at java.base/jdk.internal.reflect.DelegatingConstructorAccessorImpl.newInstance(DelegatingConstructorAccessorImpl.java:45)
	at org.openqa.selenium.remote.http.W3CHttpResponseCodec.createException(W3CHttpResponseCodec.java:187)
	at org.openqa.selenium.remote.http.W3CHttpResponseCodec.decode(W3CHttpResponseCodec.java:122)
	at org.openqa.selenium.remote.http.W3CHttpResponseCodec.decode(W3CHttpResponseCodec.java:49)
	at org.openqa.selenium.remote.HttpCommandExecutor.execute(HttpCommandExecutor.java:158)
	at org.openqa.selenium.remote.service.DriverCommandExecutor.execute(DriverCommandExecutor.java:83)
	at org.openqa.selenium.remote.RemoteWebDriver.execute(RemoteWebDriver.java:552)
	at com.kms.katalon.selenium.driver.CChromeDriver.execute(CChromeDriver.java:19)
	at org.openqa.selenium.remote.RemoteWebElement.execute(RemoteWebElement.java:285)
	at org.openqa.selenium.remote.RemoteWebElement.click(RemoteWebElement.java:84)
	at jdk.internal.reflect.GeneratedMethodAccessor10.invoke(Unknown Source)
	at java.base/jdk.internal.reflect.DelegatingMethodAccessorImpl.invoke(DelegatingMethodAccessorImpl.java:43)
	at org.openqa.selenium.support.events.EventFiringWebDriver$EventFiringWebElement.lambda$new$0(EventFiringWebDriver.java:404)
	at jdk.proxy2/jdk.proxy2.$Proxy21.click(Unknown Source)
	at org.openqa.selenium.support.events.EventFiringWebDriver$EventFiringWebElement.click(EventFiringWebDriver.java:417)
	at org.openqa.selenium.WebElement$click.call(Unknown Source)
	at com.kms.katalon.core.webui.keyword.builtin.ClickKeyword.clickUntilSuccessWithTimeout(ClickKeyword.groovy:81)
	at com.kms.katalon.core.webui.keyword.builtin.ClickKeyword.clickUntilSuccessWithTimeout(ClickKeyword.groovy)
	at jdk.internal.reflect.GeneratedMethodAccessor8.invoke(Unknown Source)
	at java.base/jdk.internal.reflect.DelegatingMethodAccessorImpl.invoke(DelegatingMethodAccessorImpl.java:43)
	at com.kms.katalon.core.webui.keyword.builtin.ClickKeyword$_click_closure1.doCall(ClickKeyword.groovy:67)
	at com.kms.katalon.core.webui.keyword.builtin.ClickKeyword$_click_closure1.call(ClickKeyword.groovy)
	at com.kms.katalon.core.webui.keyword.internal.WebUIKeywordMain.runKeyword(WebUIKeywordMain.groovy:35)
	... 20 more]]></system-err>
      </testcase>
      <system-out><![CDATA[01-11-2024T10:39:17 - [TEST_SUITE][FAILED] - TS5_POS_Cash_Refund_Full: Test Cases/DBC_Instance/PointofSale_Module/TS5_POS_CashRefund_Full_StockReturn/POS_CashRefund_Full_ValidateStock FAILED.
Reason:
com.kms.katalon.core.exception.StepFailedException: Unable to click on object 'Object Repository/TS1_BT_BranchTransfer_DBC/New_Interface/Stock_Receipt/Page_Frameworks (Demo)/div_Stock Movements'
	at com.kms.katalon.core.webui.keyword.internal.WebUIKeywordMain.stepFailed(WebUIKeywordMain.groovy:117)
	at com.kms.katalon.core.webui.keyword.internal.WebUIKeywordMain.runKeyword(WebUIKeywordMain.groovy:43)
	at com.kms.katalon.core.webui.keyword.builtin.ClickKeyword.click(ClickKeyword.groovy:74)
	at com.kms.katalon.core.webui.keyword.builtin.ClickKeyword.execute(ClickKeyword.groovy:40)
	at com.kms.katalon.core.keyword.internal.KeywordExecutor.executeKeywordForPlatform(KeywordExecutor.groovy:74)
	at com.kms.katalon.core.webui.keyword.WebUiBuiltInKeywords.click(WebUiBuiltInKeywords.groovy:659)
	at POS_CashRefund_Full_ValidateStock.run(POS_CashRefund_Full_ValidateStock:69)
	at com.kms.katalon.core.main.ScriptEngine.run(ScriptEngine.java:194)
	at com.kms.katalon.core.main.ScriptEngine.runScriptAsRawText(ScriptEngine.java:119)
	at com.kms.katalon.core.main.TestCaseExecutor.runScript(TestCaseExecutor.java:448)
	at com.kms.katalon.core.main.TestCaseExecutor.doExecute(TestCaseExecutor.java:439)
	at com.kms.katalon.core.main.TestCaseExecutor.processExecutionPhase(TestCaseExecutor.java:418)
	at com.kms.katalon.core.main.TestCaseExecutor.accessMainPhase(TestCaseExecutor.java:410)
	at com.kms.katalon.core.main.TestCaseExecutor.execute(TestCaseExecutor.java:285)
	at com.kms.katalon.core.common.CommonExecutor.accessTestCaseMainPhase(CommonExecutor.java:65)
	at com.kms.katalon.core.main.TestSuiteExecutor.accessTestSuiteMainPhase(TestSuiteExecutor.java:150)
	at com.kms.katalon.core.main.TestSuiteExecutor.execute(TestSuiteExecutor.java:106)
	at com.kms.katalon.core.main.TestCaseMain.startTestSuite(TestCaseMain.java:180)
	at TempTestSuite1730457547167.run(TempTestSuite1730457547167.groovy:35)
	at java.base/jdk.internal.reflect.NativeMethodAccessorImpl.invoke0(Native Method)
	at java.base/jdk.internal.reflect.NativeMethodAccessorImpl.invoke(NativeMethodAccessorImpl.java:77)
	at java.base/jdk.internal.reflect.DelegatingMethodAccessorImpl.invoke(DelegatingMethodAccessorImpl.java:43)
Caused by: org.openqa.selenium.ElementNotInteractableException: element not interactable
  (Session info: chrome=130.0.6723.92)
Build info: version: '3.141.59', revision: 'unknown', time: 'unknown'
System info: host: 'P-AS-JCD-DVM01', ip: '10.192.8.5', os.name: 'Windows 11', os.arch: 'amd64', os.version: '10.0', java.version: '17.0.7'
Driver info: com.kms.katalon.selenium.driver.CChromeDriver
Capabilities {acceptInsecureCerts: false, browserName: chrome, browserVersion: 130.0.6723.92, chrome: {chromedriverVersion: 129.0.6668.91 (b00bc8b76d60..., userDataDir: C:\Windows\SystemTemp\scope...}, fedcm:accounts: true, goog:chromeOptions: {debuggerAddress: localhost:57265}, javascriptEnabled: true, networkConnectionEnabled: false, pageLoadStrategy: normal, platform: WINDOWS, platformName: WINDOWS, proxy: Proxy(), setWindowRect: true, strictFileInteractability: false, timeouts: {implicit: 0, pageLoad: 300000, script: 30000}, unhandledPromptBehavior: dismiss and notify, webauthn:extension:credBlob: true, webauthn:extension:largeBlob: true, webauthn:extension:minPinLength: true, webauthn:extension:prf: true, webauthn:virtualAuthenticators: true}
Session ID: 20f94c491a56107cb35b24d917123160
	at java.base/jdk.internal.reflect.NativeConstructorAccessorImpl.newInstance0(Native Method)
	at java.base/jdk.internal.reflect.NativeConstructorAccessorImpl.newInstance(NativeConstructorAccessorImpl.java:77)
	at java.base/jdk.internal.reflect.DelegatingConstructorAccessorImpl.newInstance(DelegatingConstructorAccessorImpl.java:45)
	at org.openqa.selenium.remote.http.W3CHttpResponseCodec.createException(W3CHttpResponseCodec.java:187)
	at org.openqa.selenium.remote.http.W3CHttpResponseCodec.decode(W3CHttpResponseCodec.java:122)
	at org.openqa.selenium.remote.http.W3CHttpResponseCodec.decode(W3CHttpResponseCodec.java:49)
	at org.openqa.selenium.remote.HttpCommandExecutor.execute(HttpCommandExecutor.java:158)
	at org.openqa.selenium.remote.service.DriverCommandExecutor.execute(DriverCommandExecutor.java:83)
	at org.openqa.selenium.remote.RemoteWebDriver.execute(RemoteWebDriver.java:552)
	at com.kms.katalon.selenium.driver.CChromeDriver.execute(CChromeDriver.java:19)
	at org.openqa.selenium.remote.RemoteWebElement.execute(RemoteWebElement.java:285)
	at org.openqa.selenium.remote.RemoteWebElement.click(RemoteWebElement.java:84)
	at jdk.internal.reflect.GeneratedMethodAccessor10.invoke(Unknown Source)
	at java.base/jdk.internal.reflect.DelegatingMethodAccessorImpl.invoke(DelegatingMethodAccessorImpl.java:43)
	at org.openqa.selenium.support.events.EventFiringWebDriver$EventFiringWebElement.lambda$new$0(EventFiringWebDriver.java:404)
	at jdk.proxy2/jdk.proxy2.$Proxy21.click(Unknown Source)
	at org.openqa.selenium.support.events.EventFiringWebDriver$EventFiringWebElement.click(EventFiringWebDriver.java:417)
	at org.openqa.selenium.WebElement$click.call(Unknown Source)
	at com.kms.katalon.core.webui.keyword.builtin.ClickKeyword.clickUntilSuccessWithTimeout(ClickKeyword.groovy:81)
	at com.kms.katalon.core.webui.keyword.builtin.ClickKeyword.clickUntilSuccessWithTimeout(ClickKeyword.groovy)
	at jdk.internal.reflect.GeneratedMethodAccessor8.invoke(Unknown Source)
	at java.base/jdk.internal.reflect.DelegatingMethodAccessorImpl.invoke(DelegatingMethodAccessorImpl.java:43)
	at com.kms.katalon.core.webui.keyword.builtin.ClickKeyword$_click_closure1.doCall(ClickKeyword.groovy:67)
	at com.kms.katalon.core.webui.keyword.builtin.ClickKeyword$_click_closure1.call(ClickKeyword.groovy)
	at com.kms.katalon.core.webui.keyword.internal.WebUIKeywordMain.runKeyword(WebUIKeywordMain.groovy:35)
	... 20 more]]></system-out>
      <system-err><![CDATA[01-11-2024T10:39:17 - [TEST_SUITE][FAILED] - TS5_POS_Cash_Refund_Full: Test Cases/DBC_Instance/PointofSale_Module/TS5_POS_CashRefund_Full_StockReturn/POS_CashRefund_Full_ValidateStock FAILED.
Reason:
com.kms.katalon.core.exception.StepFailedException: Unable to click on object 'Object Repository/TS1_BT_BranchTransfer_DBC/New_Interface/Stock_Receipt/Page_Frameworks (Demo)/div_Stock Movements'
	at com.kms.katalon.core.webui.keyword.internal.WebUIKeywordMain.stepFailed(WebUIKeywordMain.groovy:117)
	at com.kms.katalon.core.webui.keyword.internal.WebUIKeywordMain.runKeyword(WebUIKeywordMain.groovy:43)
	at com.kms.katalon.core.webui.keyword.builtin.ClickKeyword.click(ClickKeyword.groovy:74)
	at com.kms.katalon.core.webui.keyword.builtin.ClickKeyword.execute(ClickKeyword.groovy:40)
	at com.kms.katalon.core.keyword.internal.KeywordExecutor.executeKeywordForPlatform(KeywordExecutor.groovy:74)
	at com.kms.katalon.core.webui.keyword.WebUiBuiltInKeywords.click(WebUiBuiltInKeywords.groovy:659)
	at POS_CashRefund_Full_ValidateStock.run(POS_CashRefund_Full_ValidateStock:69)
	at com.kms.katalon.core.main.ScriptEngine.run(ScriptEngine.java:194)
	at com.kms.katalon.core.main.ScriptEngine.runScriptAsRawText(ScriptEngine.java:119)
	at com.kms.katalon.core.main.TestCaseExecutor.runScript(TestCaseExecutor.java:448)
	at com.kms.katalon.core.main.TestCaseExecutor.doExecute(TestCaseExecutor.java:439)
	at com.kms.katalon.core.main.TestCaseExecutor.processExecutionPhase(TestCaseExecutor.java:418)
	at com.kms.katalon.core.main.TestCaseExecutor.accessMainPhase(TestCaseExecutor.java:410)
	at com.kms.katalon.core.main.TestCaseExecutor.execute(TestCaseExecutor.java:285)
	at com.kms.katalon.core.common.CommonExecutor.accessTestCaseMainPhase(CommonExecutor.java:65)
	at com.kms.katalon.core.main.TestSuiteExecutor.accessTestSuiteMainPhase(TestSuiteExecutor.java:150)
	at com.kms.katalon.core.main.TestSuiteExecutor.execute(TestSuiteExecutor.java:106)
	at com.kms.katalon.core.main.TestCaseMain.startTestSuite(TestCaseMain.java:180)
	at TempTestSuite1730457547167.run(TempTestSuite1730457547167.groovy:35)
	at java.base/jdk.internal.reflect.NativeMethodAccessorImpl.invoke0(Native Method)
	at java.base/jdk.internal.reflect.NativeMethodAccessorImpl.invoke(NativeMethodAccessorImpl.java:77)
	at java.base/jdk.internal.reflect.DelegatingMethodAccessorImpl.invoke(DelegatingMethodAccessorImpl.java:43)
Caused by: org.openqa.selenium.ElementNotInteractableException: element not interactable
  (Session info: chrome=130.0.6723.92)
Build info: version: '3.141.59', revision: 'unknown', time: 'unknown'
System info: host: 'P-AS-JCD-DVM01', ip: '10.192.8.5', os.name: 'Windows 11', os.arch: 'amd64', os.version: '10.0', java.version: '17.0.7'
Driver info: com.kms.katalon.selenium.driver.CChromeDriver
Capabilities {acceptInsecureCerts: false, browserName: chrome, browserVersion: 130.0.6723.92, chrome: {chromedriverVersion: 129.0.6668.91 (b00bc8b76d60..., userDataDir: C:\Windows\SystemTemp\scope...}, fedcm:accounts: true, goog:chromeOptions: {debuggerAddress: localhost:57265}, javascriptEnabled: true, networkConnectionEnabled: false, pageLoadStrategy: normal, platform: WINDOWS, platformName: WINDOWS, proxy: Proxy(), setWindowRect: true, strictFileInteractability: false, timeouts: {implicit: 0, pageLoad: 300000, script: 30000}, unhandledPromptBehavior: dismiss and notify, webauthn:extension:credBlob: true, webauthn:extension:largeBlob: true, webauthn:extension:minPinLength: true, webauthn:extension:prf: true, webauthn:virtualAuthenticators: true}
Session ID: 20f94c491a56107cb35b24d917123160
	at java.base/jdk.internal.reflect.NativeConstructorAccessorImpl.newInstance0(Native Method)
	at java.base/jdk.internal.reflect.NativeConstructorAccessorImpl.newInstance(NativeConstructorAccessorImpl.java:77)
	at java.base/jdk.internal.reflect.DelegatingConstructorAccessorImpl.newInstance(DelegatingConstructorAccessorImpl.java:45)
	at org.openqa.selenium.remote.http.W3CHttpResponseCodec.createException(W3CHttpResponseCodec.java:187)
	at org.openqa.selenium.remote.http.W3CHttpResponseCodec.decode(W3CHttpResponseCodec.java:122)
	at org.openqa.selenium.remote.http.W3CHttpResponseCodec.decode(W3CHttpResponseCodec.java:49)
	at org.openqa.selenium.remote.HttpCommandExecutor.execute(HttpCommandExecutor.java:158)
	at org.openqa.selenium.remote.service.DriverCommandExecutor.execute(DriverCommandExecutor.java:83)
	at org.openqa.selenium.remote.RemoteWebDriver.execute(RemoteWebDriver.java:552)
	at com.kms.katalon.selenium.driver.CChromeDriver.execute(CChromeDriver.java:19)
	at org.openqa.selenium.remote.RemoteWebElement.execute(RemoteWebElement.java:285)
	at org.openqa.selenium.remote.RemoteWebElement.click(RemoteWebElement.java:84)
	at jdk.internal.reflect.GeneratedMethodAccessor10.invoke(Unknown Source)
	at java.base/jdk.internal.reflect.DelegatingMethodAccessorImpl.invoke(DelegatingMethodAccessorImpl.java:43)
	at org.openqa.selenium.support.events.EventFiringWebDriver$EventFiringWebElement.lambda$new$0(EventFiringWebDriver.java:404)
	at jdk.proxy2/jdk.proxy2.$Proxy21.click(Unknown Source)
	at org.openqa.selenium.support.events.EventFiringWebDriver$EventFiringWebElement.click(EventFiringWebDriver.java:417)
	at org.openqa.selenium.WebElement$click.call(Unknown Source)
	at com.kms.katalon.core.webui.keyword.builtin.ClickKeyword.clickUntilSuccessWithTimeout(ClickKeyword.groovy:81)
	at com.kms.katalon.core.webui.keyword.builtin.ClickKeyword.clickUntilSuccessWithTimeout(ClickKeyword.groovy)
	at jdk.internal.reflect.GeneratedMethodAccessor8.invoke(Unknown Source)
	at java.base/jdk.internal.reflect.DelegatingMethodAccessorImpl.invoke(DelegatingMethodAccessorImpl.java:43)
	at com.kms.katalon.core.webui.keyword.builtin.ClickKeyword$_click_closure1.doCall(ClickKeyword.groovy:67)
	at com.kms.katalon.core.webui.keyword.builtin.ClickKeyword$_click_closure1.call(ClickKeyword.groovy)
	at com.kms.katalon.core.webui.keyword.internal.WebUIKeywordMain.runKeyword(WebUIKeywordMain.groovy:35)
	... 20 more]]></system-err>
   </testsuite>
</testsuites>
