<?xml version="1.0" encoding="UTF-8"?>
<testsuites name="TS9_POS_Suspend_Resume_Sale" time="30.292" tests="2" failures="0" errors="2">
   <testsuite name="TS9_POS_Suspend_Resume_Sale" tests="2" failures="0" errors="2" time="30.292" skipped="0" timestamp="28-10-2024T12:24:25" hostname="azureuser - 10.192.8.5" id="Test Suites/DBC_Instance/PointofSale_Module/New_Interface/TS9_POS_Suspend_Resume_Sale">
      <properties>
         <property name="deviceName" value=""/>
         <property name="devicePlatform"/>
         <property name="logFolder" value="C:\\Users\\azureuser\\git\\frameworks-regression-test-automation\\Reports\\20241028_122416\\DBC_Instance\\PointofSale_Module\\New_Interface\\TS9_POS_Suspend_Resume_Sale\\20241028_122416"/>
         <property name="logFiles" value="C:\\Users\\azureuser\\git\\frameworks-regression-test-automation\\Reports\\20241028_122416\\DBC_Instance\\PointofSale_Module\\New_Interface\\TS9_POS_Suspend_Resume_Sale\\20241028_122416\\execution0.log"/>
         <property name="attachments" value="C:\\Users\\azureuser\\git\\frameworks-regression-test-automation\\Reports\\20241028_122416\\DBC_Instance\\PointofSale_Module\\New_Interface\\TS9_POS_Suspend_Resume_Sale\\20241028_122416\\1730118290159.png, C:\\Users\\azureuser\\git\\frameworks-regression-test-automation\\Reports\\20241028_122416\\DBC_Instance\\PointofSale_Module\\New_Interface\\TS9_POS_Suspend_Resume_Sale\\20241028_122416\\1730118294117.png"/>
         <property name="hostName" value="azureuser - 10.192.8.5"/>
         <property name="os" value="Windows 11 64bit"/>
         <property name="katalonVersion" value="9.7.2.223"/>
         <property name="browser" value="Chrome 130.0.0.0"/>
         <property name="hostAddress" value="10.192.8.5"/>
         <property name="sessionId" value="d633baa5d1a1366efa86f9c845c34a30"/>
         <property name="seleniumVersion" value="3.141.59"/>
         <property name="proxyInformation" value="ProxyInformation { proxyOption=NO_PROXY, proxyServerType=HTTP, username=, password=********, proxyServerAddress=, proxyServerPort=0, executionList=&quot;&quot;, isApplyToDesiredCapabilities=true }"/>
         <property name="platform" value="Windows 11"/>
      </properties>
      <testcase name="Test Cases/DBC_Instance/PointofSale_Module/TS9_POS_SuspendResume_Sale/POS_Suspend_Sale" time="29.261" classname="Test Cases/DBC_Instance/PointofSale_Module/TS9_POS_SuspendResume_Sale/POS_Suspend_Sale" status="ERROR">
         <error type="ERROR" message="Test Cases/DBC_Instance/PointofSale_Module/TS9_POS_SuspendResume_Sale/POS_Suspend_Sale FAILED.&#xa;Reason:&#xa;java.io.FileNotFoundException: D:\Dahlsen\Frameworks Testing\AutomationTesting\TestData\POS_Module\TS9_POS_SuspendResumeSale_testdata.xlsx (The system cannot find the path specified)&#xa;	at POS_Suspend_Sale.run(POS_Suspend_Sale:65)&#xa;	at com.kms.katalon.core.main.ScriptEngine.run(ScriptEngine.java:194)&#xa;	at com.kms.katalon.core.main.ScriptEngine.runScriptAsRawText(ScriptEngine.java:119)&#xa;	at com.kms.katalon.core.main.TestCaseExecutor.runScript(TestCaseExecutor.java:448)&#xa;	at com.kms.katalon.core.main.TestCaseExecutor.doExecute(TestCaseExecutor.java:439)&#xa;	at com.kms.katalon.core.main.TestCaseExecutor.processExecutionPhase(TestCaseExecutor.java:418)&#xa;	at com.kms.katalon.core.main.TestCaseExecutor.accessMainPhase(TestCaseExecutor.java:410)&#xa;	at com.kms.katalon.core.main.TestCaseExecutor.execute(TestCaseExecutor.java:285)&#xa;	at com.kms.katalon.core.common.CommonExecutor.accessTestCaseMainPhase(CommonExecutor.java:65)&#xa;	at com.kms.katalon.core.main.TestSuiteExecutor.accessTestSuiteMainPhase(TestSuiteExecutor.java:150)&#xa;	at com.kms.katalon.core.main.TestSuiteExecutor.execute(TestSuiteExecutor.java:106)&#xa;	at com.kms.katalon.core.main.TestCaseMain.startTestSuite(TestCaseMain.java:180)&#xa;	at TempTestSuite1730118256029.run(TempTestSuite1730118256029.groovy:35)&#xa;	at java.base/jdk.internal.reflect.NativeMethodAccessorImpl.invoke0(Native Method)&#xa;	at java.base/jdk.internal.reflect.NativeMethodAccessorImpl.invoke(NativeMethodAccessorImpl.java:77)&#xa;	at java.base/jdk.internal.reflect.DelegatingMethodAccessorImpl.invoke(DelegatingMethodAccessorImpl.java:43)&#xa;"/>
         <system-out><![CDATA[28-10-2024T12:24:25 - [TEST_CASE][ERROR] - Test Cases/DBC_Instance/PointofSale_Module/TS9_POS_SuspendResume_Sale/POS_Suspend_Sale: Test Cases/DBC_Instance/PointofSale_Module/TS9_POS_SuspendResume_Sale/POS_Suspend_Sale FAILED.
Reason:
java.io.FileNotFoundException: D:\Dahlsen\Frameworks Testing\AutomationTesting\TestData\POS_Module\TS9_POS_SuspendResumeSale_testdata.xlsx (The system cannot find the path specified)
	at POS_Suspend_Sale.run(POS_Suspend_Sale:65)
	at com.kms.katalon.core.main.ScriptEngine.run(ScriptEngine.java:194)
	at com.kms.katalon.core.main.ScriptEngine.runScriptAsRawText(ScriptEngine.java:119)
	at com.kms.katalon.core.main.TestCaseExecutor.runScript(TestCaseExecutor.java:448)
	at com.kms.katalon.core.main.TestCaseExecutor.doExecute(TestCaseExecutor.java:439)
	at com.kms.katalon.core.main.TestCaseExecutor.processExecutionPhase(TestCaseExecutor.java:418)
	at com.kms.katalon.core.main.TestCaseExecutor.accessMainPhase(TestCaseExecutor.java:410)
	at com.kms.katalon.core.main.TestCaseExecutor.execute(TestCaseExecutor.java:285)
	at com.kms.katalon.core.common.CommonExecutor.accessTestCaseMainPhase(CommonExecutor.java:65)
	at com.kms.katalon.core.main.TestSuiteExecutor.accessTestSuiteMainPhase(TestSuiteExecutor.java:150)
	at com.kms.katalon.core.main.TestSuiteExecutor.execute(TestSuiteExecutor.java:106)
	at com.kms.katalon.core.main.TestCaseMain.startTestSuite(TestCaseMain.java:180)
	at TempTestSuite1730118256029.run(TempTestSuite1730118256029.groovy:35)
	at java.base/jdk.internal.reflect.NativeMethodAccessorImpl.invoke0(Native Method)
	at java.base/jdk.internal.reflect.NativeMethodAccessorImpl.invoke(NativeMethodAccessorImpl.java:77)
	at java.base/jdk.internal.reflect.DelegatingMethodAccessorImpl.invoke(DelegatingMethodAccessorImpl.java:43)


28-10-2024T12:24:27 - [TEST_STEP][PASSED] - openBrowser(""): Browser is opened with url: ''

28-10-2024T12:24:27 - [MESSAGE][INFO] - Starting 'Chrome' driver

28-10-2024T12:24:27 - [MESSAGE][INFO] - Action delay is set to 0 milliseconds

28-10-2024T12:24:30 - [MESSAGE][PASSED] - Browser is opened with url: ''

28-10-2024T12:24:30 - [TEST_STEP][PASSED] - maximizeWindow(): Current window maximized

28-10-2024T12:24:30 - [MESSAGE][PASSED] - Current window maximized

28-10-2024T12:24:30 - [TEST_STEP][PASSED] - navigateToUrl("http://frameworks.dahlsens.com.au:8080/FWDemo/Fluid.html#homeDashboard,dash,Frameworks.Activity.Menu.HomeDashBoard"): Navigate to 'http://frameworks.dahlsens.com.au:8080/FWDemo/Fluid.html#homeDashboard,dash,Frameworks.Activity.Menu.HomeDashBoard' successfully

28-10-2024T12:24:32 - [MESSAGE][PASSED] - Navigate to 'http://frameworks.dahlsens.com.au:8080/FWDemo/Fluid.html#homeDashboard,dash,Frameworks.Activity.Menu.HomeDashBoard' successfully

28-10-2024T12:24:32 - [TEST_STEP][PASSED] - setText(findTestObject("Object Repository/TS9_POS_Suspend_Resume_Sale_DBC/Page_Frameworks (Demo)/input_User ID_userid"), userName): Text 'manaki' is set on object 'Object Repository/TS9_POS_Suspend_Resume_Sale_DBC/Page_Frameworks (Demo)/input_User ID_userid'

28-10-2024T12:24:34 - [MESSAGE][PASSED] - Text 'manaki' is set on object 'Object Repository/TS9_POS_Suspend_Resume_Sale_DBC/Page_Frameworks (Demo)/input_User ID_userid'

28-10-2024T12:24:34 - [TEST_STEP][PASSED] - setEncryptedText(findTestObject("Object Repository/TS9_POS_Suspend_Resume_Sale_DBC/Page_Frameworks (Demo)/input_Password_password"), "FHoXGFMjtD0="): Text ****** has been set on object 'Object Repository/TS9_POS_Suspend_Resume_Sale_DBC/Page_Frameworks (Demo)/input_Password_password'

28-10-2024T12:24:34 - [MESSAGE][PASSED] - Text ****** has been set on object 'Object Repository/TS9_POS_Suspend_Resume_Sale_DBC/Page_Frameworks (Demo)/input_Password_password'

28-10-2024T12:24:34 - [TEST_STEP][PASSED] - click(findTestObject("Object Repository/TS9_POS_Suspend_Resume_Sale_DBC/Page_Frameworks (Demo)/div_Login")): Object: 'Object Repository/TS9_POS_Suspend_Resume_Sale_DBC/Page_Frameworks (Demo)/div_Login' is clicked on

28-10-2024T12:24:35 - [MESSAGE][PASSED] - Object: 'Object Repository/TS9_POS_Suspend_Resume_Sale_DBC/Page_Frameworks (Demo)/div_Login' is clicked on

28-10-2024T12:24:35 - [TEST_STEP][PASSED] - click(findTestObject("Object Repository/TS9_POS_Suspend_Resume_Sale_DBC/Page_Frameworks (Demo)/img_MenuIcon")): Object: 'Object Repository/TS9_POS_Suspend_Resume_Sale_DBC/Page_Frameworks (Demo)/img_MenuIcon' is clicked on

28-10-2024T12:24:38 - [MESSAGE][PASSED] - Object: 'Object Repository/TS9_POS_Suspend_Resume_Sale_DBC/Page_Frameworks (Demo)/img_MenuIcon' is clicked on

28-10-2024T12:24:38 - [TEST_STEP][PASSED] - click(findTestObject("Object Repository/TS9_POS_Suspend_Resume_Sale_DBC/Page_Frameworks (Demo)/b_Transaction Processing")): Object: 'Object Repository/TS9_POS_Suspend_Resume_Sale_DBC/Page_Frameworks (Demo)/b_Transaction Processing' is clicked on

28-10-2024T12:24:38 - [MESSAGE][PASSED] - Object: 'Object Repository/TS9_POS_Suspend_Resume_Sale_DBC/Page_Frameworks (Demo)/b_Transaction Processing' is clicked on

28-10-2024T12:24:38 - [TEST_STEP][PASSED] - click(findTestObject("Object Repository/TS9_POS_Suspend_Resume_Sale_DBC/Page_Frameworks (Demo)/td_Point Of Sale")): Object: 'Object Repository/TS9_POS_Suspend_Resume_Sale_DBC/Page_Frameworks (Demo)/td_Point Of Sale' is clicked on

28-10-2024T12:24:39 - [MESSAGE][PASSED] - Object: 'Object Repository/TS9_POS_Suspend_Resume_Sale_DBC/Page_Frameworks (Demo)/td_Point Of Sale' is clicked on

28-10-2024T12:24:39 - [TEST_STEP][PASSED] - invoiceNum = getText(findTestObject("Object Repository/TS9_POS_Suspend_Resume_Sale_DBC/Page_Frameworks (Demo)/div_invoiceNum")): Text of object 'Object Repository/TS9_POS_Suspend_Resume_Sale_DBC/Page_Frameworks (Demo)/div_invoiceNum' is: '20305061'

28-10-2024T12:24:44 - [MESSAGE][PASSED] - Text of object 'Object Repository/TS9_POS_Suspend_Resume_Sale_DBC/Page_Frameworks (Demo)/div_invoiceNum' is: '20305061'

28-10-2024T12:24:44 - [TEST_STEP][PASSED] - setText(findTestObject("Object Repository/TS9_POS_Suspend_Resume_Sale_DBC/Page_Frameworks (Demo)/input_P_prodId"), "LM20"): Text 'LM20' is set on object 'Object Repository/TS9_POS_Suspend_Resume_Sale_DBC/Page_Frameworks (Demo)/input_P_prodId'

28-10-2024T12:24:45 - [MESSAGE][PASSED] - Text 'LM20' is set on object 'Object Repository/TS9_POS_Suspend_Resume_Sale_DBC/Page_Frameworks (Demo)/input_P_prodId'

28-10-2024T12:24:45 - [TEST_STEP][PASSED] - click(findTestObject("Object Repository/TS9_POS_Suspend_Resume_Sale_DBC/Page_Frameworks (Demo)/input_Quantity_quantityOrdered")): Object: 'Object Repository/TS9_POS_Suspend_Resume_Sale_DBC/Page_Frameworks (Demo)/input_Quantity_quantityOrdered' is clicked on

28-10-2024T12:24:46 - [MESSAGE][PASSED] - Object: 'Object Repository/TS9_POS_Suspend_Resume_Sale_DBC/Page_Frameworks (Demo)/input_Quantity_quantityOrdered' is clicked on

28-10-2024T12:24:46 - [TEST_STEP][PASSED] - click(findTestObject("Object Repository/TS9_POS_Suspend_Resume_Sale_DBC/Page_Frameworks (Demo)/img_add")): Object: 'Object Repository/TS9_POS_Suspend_Resume_Sale_DBC/Page_Frameworks (Demo)/img_add' is clicked on

28-10-2024T12:24:48 - [MESSAGE][PASSED] - Object: 'Object Repository/TS9_POS_Suspend_Resume_Sale_DBC/Page_Frameworks (Demo)/img_add' is clicked on

28-10-2024T12:24:48 - [TEST_STEP][PASSED] - delay(2): Delayed 2 second(s)

28-10-2024T12:24:50 - [MESSAGE][PASSED] - Delayed 2 second(s)

28-10-2024T12:24:50 - [TEST_STEP][PASSED] - takeFullPageScreenshot(): Taking screenshot successfully

28-10-2024T12:24:51 - [MESSAGE][INFO] - 0 hidden object(s)

28-10-2024T12:24:51 - [MESSAGE][PASSED] - Taking screenshot successfully
[[ATTACHMENT|C:\\Users\\azureuser\\git\\frameworks-regression-test-automation\\Reports\\20241028_122416\\DBC_Instance\\PointofSale_Module\\New_Interface\\TS9_POS_Suspend_Resume_Sale\\20241028_122416\\1730118290159.png]]

28-10-2024T12:24:51 - [TEST_STEP][PASSED] - click(findTestObject("Object Repository/TS9_POS_Suspend_Resume_Sale_CHC/Page_Frameworks (Demo)/div_SuspendSale")): Object: 'Object Repository/TS9_POS_Suspend_Resume_Sale_CHC/Page_Frameworks (Demo)/div_SuspendSale' is clicked on

28-10-2024T12:24:52 - [MESSAGE][PASSED] - Object: 'Object Repository/TS9_POS_Suspend_Resume_Sale_CHC/Page_Frameworks (Demo)/div_SuspendSale' is clicked on

28-10-2024T12:24:52 - [TEST_STEP][PASSED] - delay(2): Delayed 2 second(s)

28-10-2024T12:24:54 - [MESSAGE][PASSED] - Delayed 2 second(s)

28-10-2024T12:24:54 - [TEST_STEP][PASSED] - takeFullPageScreenshot(): Taking screenshot successfully

28-10-2024T12:24:54 - [MESSAGE][INFO] - 0 hidden object(s)

28-10-2024T12:24:55 - [MESSAGE][PASSED] - Taking screenshot successfully
[[ATTACHMENT|C:\\Users\\azureuser\\git\\frameworks-regression-test-automation\\Reports\\20241028_122416\\DBC_Instance\\PointofSale_Module\\New_Interface\\TS9_POS_Suspend_Resume_Sale\\20241028_122416\\1730118294117.png]]

28-10-2024T12:24:55 - [TEST_STEP][ERROR] - sourceFile = new java.io.FileInputStream(ExcelFile): Test Cases/DBC_Instance/PointofSale_Module/TS9_POS_SuspendResume_Sale/POS_Suspend_Sale FAILED.
Reason:
java.io.FileNotFoundException: D:\Dahlsen\Frameworks Testing\AutomationTesting\TestData\POS_Module\TS9_POS_SuspendResumeSale_testdata.xlsx (The system cannot find the path specified)
	at POS_Suspend_Sale.run(POS_Suspend_Sale:65)
	at com.kms.katalon.core.main.ScriptEngine.run(ScriptEngine.java:194)
	at com.kms.katalon.core.main.ScriptEngine.runScriptAsRawText(ScriptEngine.java:119)
	at com.kms.katalon.core.main.TestCaseExecutor.runScript(TestCaseExecutor.java:448)
	at com.kms.katalon.core.main.TestCaseExecutor.doExecute(TestCaseExecutor.java:439)
	at com.kms.katalon.core.main.TestCaseExecutor.processExecutionPhase(TestCaseExecutor.java:418)
	at com.kms.katalon.core.main.TestCaseExecutor.accessMainPhase(TestCaseExecutor.java:410)
	at com.kms.katalon.core.main.TestCaseExecutor.execute(TestCaseExecutor.java:285)
	at com.kms.katalon.core.common.CommonExecutor.accessTestCaseMainPhase(CommonExecutor.java:65)
	at com.kms.katalon.core.main.TestSuiteExecutor.accessTestSuiteMainPhase(TestSuiteExecutor.java:150)
	at com.kms.katalon.core.main.TestSuiteExecutor.execute(TestSuiteExecutor.java:106)
	at com.kms.katalon.core.main.TestCaseMain.startTestSuite(TestCaseMain.java:180)
	at TempTestSuite1730118256029.run(TempTestSuite1730118256029.groovy:35)
	at java.base/jdk.internal.reflect.NativeMethodAccessorImpl.invoke0(Native Method)
	at java.base/jdk.internal.reflect.NativeMethodAccessorImpl.invoke(NativeMethodAccessorImpl.java:77)
	at java.base/jdk.internal.reflect.DelegatingMethodAccessorImpl.invoke(DelegatingMethodAccessorImpl.java:43)


28-10-2024T12:24:55 - [MESSAGE][ERROR] - Test Cases/DBC_Instance/PointofSale_Module/TS9_POS_SuspendResume_Sale/POS_Suspend_Sale FAILED.
Reason:
java.io.FileNotFoundException: D:\Dahlsen\Frameworks Testing\AutomationTesting\TestData\POS_Module\TS9_POS_SuspendResumeSale_testdata.xlsx (The system cannot find the path specified)
	at POS_Suspend_Sale.run(POS_Suspend_Sale:65)
	at com.kms.katalon.core.main.ScriptEngine.run(ScriptEngine.java:194)
	at com.kms.katalon.core.main.ScriptEngine.runScriptAsRawText(ScriptEngine.java:119)
	at com.kms.katalon.core.main.TestCaseExecutor.runScript(TestCaseExecutor.java:448)
	at com.kms.katalon.core.main.TestCaseExecutor.doExecute(TestCaseExecutor.java:439)
	at com.kms.katalon.core.main.TestCaseExecutor.processExecutionPhase(TestCaseExecutor.java:418)
	at com.kms.katalon.core.main.TestCaseExecutor.accessMainPhase(TestCaseExecutor.java:410)
	at com.kms.katalon.core.main.TestCaseExecutor.execute(TestCaseExecutor.java:285)
	at com.kms.katalon.core.common.CommonExecutor.accessTestCaseMainPhase(CommonExecutor.java:65)
	at com.kms.katalon.core.main.TestSuiteExecutor.accessTestSuiteMainPhase(TestSuiteExecutor.java:150)
	at com.kms.katalon.core.main.TestSuiteExecutor.execute(TestSuiteExecutor.java:106)
	at com.kms.katalon.core.main.TestCaseMain.startTestSuite(TestCaseMain.java:180)
	at TempTestSuite1730118256029.run(TempTestSuite1730118256029.groovy:35)
	at java.base/jdk.internal.reflect.NativeMethodAccessorImpl.invoke0(Native Method)
	at java.base/jdk.internal.reflect.NativeMethodAccessorImpl.invoke(NativeMethodAccessorImpl.java:77)
	at java.base/jdk.internal.reflect.DelegatingMethodAccessorImpl.invoke(DelegatingMethodAccessorImpl.java:43)]]></system-out>
         <system-err><![CDATA[28-10-2024T12:24:25 - [TEST_CASE][ERROR] - Test Cases/DBC_Instance/PointofSale_Module/TS9_POS_SuspendResume_Sale/POS_Suspend_Sale: Test Cases/DBC_Instance/PointofSale_Module/TS9_POS_SuspendResume_Sale/POS_Suspend_Sale FAILED.
Reason:
java.io.FileNotFoundException: D:\Dahlsen\Frameworks Testing\AutomationTesting\TestData\POS_Module\TS9_POS_SuspendResumeSale_testdata.xlsx (The system cannot find the path specified)
	at POS_Suspend_Sale.run(POS_Suspend_Sale:65)
	at com.kms.katalon.core.main.ScriptEngine.run(ScriptEngine.java:194)
	at com.kms.katalon.core.main.ScriptEngine.runScriptAsRawText(ScriptEngine.java:119)
	at com.kms.katalon.core.main.TestCaseExecutor.runScript(TestCaseExecutor.java:448)
	at com.kms.katalon.core.main.TestCaseExecutor.doExecute(TestCaseExecutor.java:439)
	at com.kms.katalon.core.main.TestCaseExecutor.processExecutionPhase(TestCaseExecutor.java:418)
	at com.kms.katalon.core.main.TestCaseExecutor.accessMainPhase(TestCaseExecutor.java:410)
	at com.kms.katalon.core.main.TestCaseExecutor.execute(TestCaseExecutor.java:285)
	at com.kms.katalon.core.common.CommonExecutor.accessTestCaseMainPhase(CommonExecutor.java:65)
	at com.kms.katalon.core.main.TestSuiteExecutor.accessTestSuiteMainPhase(TestSuiteExecutor.java:150)
	at com.kms.katalon.core.main.TestSuiteExecutor.execute(TestSuiteExecutor.java:106)
	at com.kms.katalon.core.main.TestCaseMain.startTestSuite(TestCaseMain.java:180)
	at TempTestSuite1730118256029.run(TempTestSuite1730118256029.groovy:35)
	at java.base/jdk.internal.reflect.NativeMethodAccessorImpl.invoke0(Native Method)
	at java.base/jdk.internal.reflect.NativeMethodAccessorImpl.invoke(NativeMethodAccessorImpl.java:77)
	at java.base/jdk.internal.reflect.DelegatingMethodAccessorImpl.invoke(DelegatingMethodAccessorImpl.java:43)]]></system-err>
      </testcase>
      <testcase name="Test Cases/DBC_Instance/PointofSale_Module/TS9_POS_SuspendResume_Sale/POS_Resume_Sale" time="0.568" classname="Test Cases/DBC_Instance/PointofSale_Module/TS9_POS_SuspendResume_Sale/POS_Resume_Sale" status="ERROR">
         <error type="ERROR" message="Test Cases/DBC_Instance/PointofSale_Module/TS9_POS_SuspendResume_Sale/POS_Resume_Sale FAILED.&#xa;Reason:&#xa;java.io.FileNotFoundException: D:\Dahlsen\Frameworks Testing\AutomationTesting\TestData\POS_Module\TS9_POS_SuspendResumeSale_testdata.xlsx (The system cannot find the path specified)&#xa;	at POS_Resume_Sale.run(POS_Resume_Sale:26)&#xa;	at com.kms.katalon.core.main.ScriptEngine.run(ScriptEngine.java:194)&#xa;	at com.kms.katalon.core.main.ScriptEngine.runScriptAsRawText(ScriptEngine.java:119)&#xa;	at com.kms.katalon.core.main.TestCaseExecutor.runScript(TestCaseExecutor.java:448)&#xa;	at com.kms.katalon.core.main.TestCaseExecutor.doExecute(TestCaseExecutor.java:439)&#xa;	at com.kms.katalon.core.main.TestCaseExecutor.processExecutionPhase(TestCaseExecutor.java:418)&#xa;	at com.kms.katalon.core.main.TestCaseExecutor.accessMainPhase(TestCaseExecutor.java:410)&#xa;	at com.kms.katalon.core.main.TestCaseExecutor.execute(TestCaseExecutor.java:285)&#xa;	at com.kms.katalon.core.common.CommonExecutor.accessTestCaseMainPhase(CommonExecutor.java:65)&#xa;	at com.kms.katalon.core.main.TestSuiteExecutor.accessTestSuiteMainPhase(TestSuiteExecutor.java:150)&#xa;	at com.kms.katalon.core.main.TestSuiteExecutor.execute(TestSuiteExecutor.java:106)&#xa;	at com.kms.katalon.core.main.TestCaseMain.startTestSuite(TestCaseMain.java:180)&#xa;	at TempTestSuite1730118256029.run(TempTestSuite1730118256029.groovy:35)&#xa;	at java.base/jdk.internal.reflect.NativeMethodAccessorImpl.invoke0(Native Method)&#xa;	at java.base/jdk.internal.reflect.NativeMethodAccessorImpl.invoke(NativeMethodAccessorImpl.java:77)&#xa;	at java.base/jdk.internal.reflect.DelegatingMethodAccessorImpl.invoke(DelegatingMethodAccessorImpl.java:43)&#xa;"/>
         <system-out><![CDATA[28-10-2024T12:24:55 - [TEST_CASE][ERROR] - Test Cases/DBC_Instance/PointofSale_Module/TS9_POS_SuspendResume_Sale/POS_Resume_Sale: Test Cases/DBC_Instance/PointofSale_Module/TS9_POS_SuspendResume_Sale/POS_Resume_Sale FAILED.
Reason:
java.io.FileNotFoundException: D:\Dahlsen\Frameworks Testing\AutomationTesting\TestData\POS_Module\TS9_POS_SuspendResumeSale_testdata.xlsx (The system cannot find the path specified)
	at POS_Resume_Sale.run(POS_Resume_Sale:26)
	at com.kms.katalon.core.main.ScriptEngine.run(ScriptEngine.java:194)
	at com.kms.katalon.core.main.ScriptEngine.runScriptAsRawText(ScriptEngine.java:119)
	at com.kms.katalon.core.main.TestCaseExecutor.runScript(TestCaseExecutor.java:448)
	at com.kms.katalon.core.main.TestCaseExecutor.doExecute(TestCaseExecutor.java:439)
	at com.kms.katalon.core.main.TestCaseExecutor.processExecutionPhase(TestCaseExecutor.java:418)
	at com.kms.katalon.core.main.TestCaseExecutor.accessMainPhase(TestCaseExecutor.java:410)
	at com.kms.katalon.core.main.TestCaseExecutor.execute(TestCaseExecutor.java:285)
	at com.kms.katalon.core.common.CommonExecutor.accessTestCaseMainPhase(CommonExecutor.java:65)
	at com.kms.katalon.core.main.TestSuiteExecutor.accessTestSuiteMainPhase(TestSuiteExecutor.java:150)
	at com.kms.katalon.core.main.TestSuiteExecutor.execute(TestSuiteExecutor.java:106)
	at com.kms.katalon.core.main.TestCaseMain.startTestSuite(TestCaseMain.java:180)
	at TempTestSuite1730118256029.run(TempTestSuite1730118256029.groovy:35)
	at java.base/jdk.internal.reflect.NativeMethodAccessorImpl.invoke0(Native Method)
	at java.base/jdk.internal.reflect.NativeMethodAccessorImpl.invoke(NativeMethodAccessorImpl.java:77)
	at java.base/jdk.internal.reflect.DelegatingMethodAccessorImpl.invoke(DelegatingMethodAccessorImpl.java:43)


28-10-2024T12:24:55 - [TEST_STEP][ERROR] - sourceFile = new java.io.FileInputStream(ExcelFile): Test Cases/DBC_Instance/PointofSale_Module/TS9_POS_SuspendResume_Sale/POS_Resume_Sale FAILED.
Reason:
java.io.FileNotFoundException: D:\Dahlsen\Frameworks Testing\AutomationTesting\TestData\POS_Module\TS9_POS_SuspendResumeSale_testdata.xlsx (The system cannot find the path specified)
	at POS_Resume_Sale.run(POS_Resume_Sale:26)
	at com.kms.katalon.core.main.ScriptEngine.run(ScriptEngine.java:194)
	at com.kms.katalon.core.main.ScriptEngine.runScriptAsRawText(ScriptEngine.java:119)
	at com.kms.katalon.core.main.TestCaseExecutor.runScript(TestCaseExecutor.java:448)
	at com.kms.katalon.core.main.TestCaseExecutor.doExecute(TestCaseExecutor.java:439)
	at com.kms.katalon.core.main.TestCaseExecutor.processExecutionPhase(TestCaseExecutor.java:418)
	at com.kms.katalon.core.main.TestCaseExecutor.accessMainPhase(TestCaseExecutor.java:410)
	at com.kms.katalon.core.main.TestCaseExecutor.execute(TestCaseExecutor.java:285)
	at com.kms.katalon.core.common.CommonExecutor.accessTestCaseMainPhase(CommonExecutor.java:65)
	at com.kms.katalon.core.main.TestSuiteExecutor.accessTestSuiteMainPhase(TestSuiteExecutor.java:150)
	at com.kms.katalon.core.main.TestSuiteExecutor.execute(TestSuiteExecutor.java:106)
	at com.kms.katalon.core.main.TestCaseMain.startTestSuite(TestCaseMain.java:180)
	at TempTestSuite1730118256029.run(TempTestSuite1730118256029.groovy:35)
	at java.base/jdk.internal.reflect.NativeMethodAccessorImpl.invoke0(Native Method)
	at java.base/jdk.internal.reflect.NativeMethodAccessorImpl.invoke(NativeMethodAccessorImpl.java:77)
	at java.base/jdk.internal.reflect.DelegatingMethodAccessorImpl.invoke(DelegatingMethodAccessorImpl.java:43)


28-10-2024T12:24:55 - [MESSAGE][ERROR] - Test Cases/DBC_Instance/PointofSale_Module/TS9_POS_SuspendResume_Sale/POS_Resume_Sale FAILED.
Reason:
java.io.FileNotFoundException: D:\Dahlsen\Frameworks Testing\AutomationTesting\TestData\POS_Module\TS9_POS_SuspendResumeSale_testdata.xlsx (The system cannot find the path specified)
	at POS_Resume_Sale.run(POS_Resume_Sale:26)
	at com.kms.katalon.core.main.ScriptEngine.run(ScriptEngine.java:194)
	at com.kms.katalon.core.main.ScriptEngine.runScriptAsRawText(ScriptEngine.java:119)
	at com.kms.katalon.core.main.TestCaseExecutor.runScript(TestCaseExecutor.java:448)
	at com.kms.katalon.core.main.TestCaseExecutor.doExecute(TestCaseExecutor.java:439)
	at com.kms.katalon.core.main.TestCaseExecutor.processExecutionPhase(TestCaseExecutor.java:418)
	at com.kms.katalon.core.main.TestCaseExecutor.accessMainPhase(TestCaseExecutor.java:410)
	at com.kms.katalon.core.main.TestCaseExecutor.execute(TestCaseExecutor.java:285)
	at com.kms.katalon.core.common.CommonExecutor.accessTestCaseMainPhase(CommonExecutor.java:65)
	at com.kms.katalon.core.main.TestSuiteExecutor.accessTestSuiteMainPhase(TestSuiteExecutor.java:150)
	at com.kms.katalon.core.main.TestSuiteExecutor.execute(TestSuiteExecutor.java:106)
	at com.kms.katalon.core.main.TestCaseMain.startTestSuite(TestCaseMain.java:180)
	at TempTestSuite1730118256029.run(TempTestSuite1730118256029.groovy:35)
	at java.base/jdk.internal.reflect.NativeMethodAccessorImpl.invoke0(Native Method)
	at java.base/jdk.internal.reflect.NativeMethodAccessorImpl.invoke(NativeMethodAccessorImpl.java:77)
	at java.base/jdk.internal.reflect.DelegatingMethodAccessorImpl.invoke(DelegatingMethodAccessorImpl.java:43)]]></system-out>
         <system-err><![CDATA[28-10-2024T12:24:55 - [TEST_CASE][ERROR] - Test Cases/DBC_Instance/PointofSale_Module/TS9_POS_SuspendResume_Sale/POS_Resume_Sale: Test Cases/DBC_Instance/PointofSale_Module/TS9_POS_SuspendResume_Sale/POS_Resume_Sale FAILED.
Reason:
java.io.FileNotFoundException: D:\Dahlsen\Frameworks Testing\AutomationTesting\TestData\POS_Module\TS9_POS_SuspendResumeSale_testdata.xlsx (The system cannot find the path specified)
	at POS_Resume_Sale.run(POS_Resume_Sale:26)
	at com.kms.katalon.core.main.ScriptEngine.run(ScriptEngine.java:194)
	at com.kms.katalon.core.main.ScriptEngine.runScriptAsRawText(ScriptEngine.java:119)
	at com.kms.katalon.core.main.TestCaseExecutor.runScript(TestCaseExecutor.java:448)
	at com.kms.katalon.core.main.TestCaseExecutor.doExecute(TestCaseExecutor.java:439)
	at com.kms.katalon.core.main.TestCaseExecutor.processExecutionPhase(TestCaseExecutor.java:418)
	at com.kms.katalon.core.main.TestCaseExecutor.accessMainPhase(TestCaseExecutor.java:410)
	at com.kms.katalon.core.main.TestCaseExecutor.execute(TestCaseExecutor.java:285)
	at com.kms.katalon.core.common.CommonExecutor.accessTestCaseMainPhase(CommonExecutor.java:65)
	at com.kms.katalon.core.main.TestSuiteExecutor.accessTestSuiteMainPhase(TestSuiteExecutor.java:150)
	at com.kms.katalon.core.main.TestSuiteExecutor.execute(TestSuiteExecutor.java:106)
	at com.kms.katalon.core.main.TestCaseMain.startTestSuite(TestCaseMain.java:180)
	at TempTestSuite1730118256029.run(TempTestSuite1730118256029.groovy:35)
	at java.base/jdk.internal.reflect.NativeMethodAccessorImpl.invoke0(Native Method)
	at java.base/jdk.internal.reflect.NativeMethodAccessorImpl.invoke(NativeMethodAccessorImpl.java:77)
	at java.base/jdk.internal.reflect.DelegatingMethodAccessorImpl.invoke(DelegatingMethodAccessorImpl.java:43)]]></system-err>
      </testcase>
      <system-out><![CDATA[28-10-2024T12:24:25 - [TEST_SUITE][ERROR] - TS9_POS_Suspend_Resume_Sale: Test Cases/DBC_Instance/PointofSale_Module/TS9_POS_SuspendResume_Sale/POS_Suspend_Sale FAILED.
Reason:
java.io.FileNotFoundException: D:\Dahlsen\Frameworks Testing\AutomationTesting\TestData\POS_Module\TS9_POS_SuspendResumeSale_testdata.xlsx (The system cannot find the path specified)
	at POS_Suspend_Sale.run(POS_Suspend_Sale:65)
	at com.kms.katalon.core.main.ScriptEngine.run(ScriptEngine.java:194)
	at com.kms.katalon.core.main.ScriptEngine.runScriptAsRawText(ScriptEngine.java:119)
	at com.kms.katalon.core.main.TestCaseExecutor.runScript(TestCaseExecutor.java:448)
	at com.kms.katalon.core.main.TestCaseExecutor.doExecute(TestCaseExecutor.java:439)
	at com.kms.katalon.core.main.TestCaseExecutor.processExecutionPhase(TestCaseExecutor.java:418)
	at com.kms.katalon.core.main.TestCaseExecutor.accessMainPhase(TestCaseExecutor.java:410)
	at com.kms.katalon.core.main.TestCaseExecutor.execute(TestCaseExecutor.java:285)
	at com.kms.katalon.core.common.CommonExecutor.accessTestCaseMainPhase(CommonExecutor.java:65)
	at com.kms.katalon.core.main.TestSuiteExecutor.accessTestSuiteMainPhase(TestSuiteExecutor.java:150)
	at com.kms.katalon.core.main.TestSuiteExecutor.execute(TestSuiteExecutor.java:106)
	at com.kms.katalon.core.main.TestCaseMain.startTestSuite(TestCaseMain.java:180)
	at TempTestSuite1730118256029.run(TempTestSuite1730118256029.groovy:35)
	at java.base/jdk.internal.reflect.NativeMethodAccessorImpl.invoke0(Native Method)
	at java.base/jdk.internal.reflect.NativeMethodAccessorImpl.invoke(NativeMethodAccessorImpl.java:77)
	at java.base/jdk.internal.reflect.DelegatingMethodAccessorImpl.invoke(DelegatingMethodAccessorImpl.java:43)]]></system-out>
      <system-err><![CDATA[28-10-2024T12:24:25 - [TEST_SUITE][ERROR] - TS9_POS_Suspend_Resume_Sale: Test Cases/DBC_Instance/PointofSale_Module/TS9_POS_SuspendResume_Sale/POS_Suspend_Sale FAILED.
Reason:
java.io.FileNotFoundException: D:\Dahlsen\Frameworks Testing\AutomationTesting\TestData\POS_Module\TS9_POS_SuspendResumeSale_testdata.xlsx (The system cannot find the path specified)
	at POS_Suspend_Sale.run(POS_Suspend_Sale:65)
	at com.kms.katalon.core.main.ScriptEngine.run(ScriptEngine.java:194)
	at com.kms.katalon.core.main.ScriptEngine.runScriptAsRawText(ScriptEngine.java:119)
	at com.kms.katalon.core.main.TestCaseExecutor.runScript(TestCaseExecutor.java:448)
	at com.kms.katalon.core.main.TestCaseExecutor.doExecute(TestCaseExecutor.java:439)
	at com.kms.katalon.core.main.TestCaseExecutor.processExecutionPhase(TestCaseExecutor.java:418)
	at com.kms.katalon.core.main.TestCaseExecutor.accessMainPhase(TestCaseExecutor.java:410)
	at com.kms.katalon.core.main.TestCaseExecutor.execute(TestCaseExecutor.java:285)
	at com.kms.katalon.core.common.CommonExecutor.accessTestCaseMainPhase(CommonExecutor.java:65)
	at com.kms.katalon.core.main.TestSuiteExecutor.accessTestSuiteMainPhase(TestSuiteExecutor.java:150)
	at com.kms.katalon.core.main.TestSuiteExecutor.execute(TestSuiteExecutor.java:106)
	at com.kms.katalon.core.main.TestCaseMain.startTestSuite(TestCaseMain.java:180)
	at TempTestSuite1730118256029.run(TempTestSuite1730118256029.groovy:35)
	at java.base/jdk.internal.reflect.NativeMethodAccessorImpl.invoke0(Native Method)
	at java.base/jdk.internal.reflect.NativeMethodAccessorImpl.invoke(NativeMethodAccessorImpl.java:77)
	at java.base/jdk.internal.reflect.DelegatingMethodAccessorImpl.invoke(DelegatingMethodAccessorImpl.java:43)]]></system-err>
   </testsuite>
</testsuites>
