<?xml version="1.0" encoding="UTF-8" standalone="no"?>
<!DOCTYPE log SYSTEM "logger.dtd">
<log>
<record>
  <date>2025-02-20T17:47:25.143896300Z</date>
  <millis>1740073645143</millis>
  <nanos>896300</nanos>
  <sequence>0</sequence>
  <level>START</level>
  <class>com.kms.katalon.core.logging.XmlKeywordLogger</class>
  <method>startSuite</method>
  <thread>1</thread>
  <message>Start Test Suite : Test Suites/DBC_Instance/PointofSale_Module/New_Interface/TS1_POS_CashSale</message>
  <nestedLevel>0</nestedLevel>
  <escapedJava>false</escapedJava>
  <property name="rerunTestFailImmediately">true</property>
  <property name="retryCount">0</property>
  <property name="name">TS1_POS_CashSale</property>
  <property name="description">Combined Test Suite for TS1_POS_CashSale and TS2_POS_AccountSale</property>
  <property name="id">Test Suites/DBC_Instance/PointofSale_Module/New_Interface/TS1_POS_CashSale</property>
</record>
<record>
  <date>2025-02-20T17:47:25.179894600Z</date>
  <millis>1740073645179</millis>
  <nanos>894600</nanos>
  <sequence>1</sequence>
  <level>RUN_DATA</level>
  <class>com.kms.katalon.core.logging.XmlKeywordLogger</class>
  <method>logMessage</method>
  <thread>1</thread>
  <message>hostName = azureuser - 10.192.8.5</message>
  <nestedLevel>0</nestedLevel>
  <escapedJava>false</escapedJava>
  <property name="hostName">azureuser - 10.192.8.5</property>
</record>
<record>
  <date>2025-02-20T17:47:25.181895Z</date>
  <millis>1740073645181</millis>
  <nanos>895000</nanos>
  <sequence>2</sequence>
  <level>RUN_DATA</level>
  <class>com.kms.katalon.core.logging.XmlKeywordLogger</class>
  <method>logMessage</method>
  <thread>1</thread>
  <message>os = Windows 11 64bit</message>
  <nestedLevel>0</nestedLevel>
  <escapedJava>false</escapedJava>
  <property name="os">Windows 11 64bit</property>
</record>
<record>
  <date>2025-02-20T17:47:25.184895300Z</date>
  <millis>1740073645184</millis>
  <nanos>895300</nanos>
  <sequence>3</sequence>
  <level>RUN_DATA</level>
  <class>com.kms.katalon.core.logging.XmlKeywordLogger</class>
  <method>logMessage</method>
  <thread>1</thread>
  <message>hostAddress = 10.192.8.5</message>
  <nestedLevel>0</nestedLevel>
  <escapedJava>false</escapedJava>
  <property name="hostAddress">10.192.8.5</property>
</record>
<record>
  <date>2025-02-20T17:47:25.185897300Z</date>
  <millis>1740073645185</millis>
  <nanos>897300</nanos>
  <sequence>4</sequence>
  <level>RUN_DATA</level>
  <class>com.kms.katalon.core.logging.XmlKeywordLogger</class>
  <method>logMessage</method>
  <thread>1</thread>
  <message>katalonVersion = 9.7.2.223</message>
  <nestedLevel>0</nestedLevel>
  <escapedJava>false</escapedJava>
  <property name="katalonVersion">9.7.2.223</property>
</record>
<record>
  <date>2025-02-20T17:47:25.498514500Z</date>
  <millis>1740073645498</millis>
  <nanos>514500</nanos>
  <sequence>5</sequence>
  <level>START</level>
  <class>com.kms.katalon.core.logging.XmlKeywordLogger</class>
  <method>startTest</method>
  <thread>1</thread>
  <message>Start Test Case : Test Cases/DBC_Instance/PointofSale_Module/TS1_POS_CashSale/POS_CashSale - New</message>
  <nestedLevel>1</nestedLevel>
  <escapedJava>false</escapedJava>
  <property name="remainingRetryCount">0</property>
  <property name="name">Test Cases/DBC_Instance/PointofSale_Module/TS1_POS_CashSale/POS_CashSale - New</property>
  <property name="description"></property>
  <property name="iteration"></property>
  <property name="id">Test Cases/DBC_Instance/PointofSale_Module/TS1_POS_CashSale/POS_CashSale - New</property>
  <property name="source">C:\Users\azureuser\git\frameworks-regression-test-automation\Test Cases\DBC_Instance\PointofSale_Module\TS1_POS_CashSale\POS_CashSale - New.tc</property>
  <property name="tag"></property>
  <property name="isOptional">false</property>
  <property name="currentRetryCount">0</property>
</record>
<record>
  <date>2025-02-20T17:47:25.840517200Z</date>
  <millis>1740073645840</millis>
  <nanos>517200</nanos>
  <sequence>7</sequence>
  <level>INFO</level>
  <class>com.kms.katalon.core.logging.XmlKeywordLogger</class>
  <method>logMessage</method>
  <thread>1</thread>
  <message>(Default) userName = manaki</message>
  <nestedLevel>1</nestedLevel>
  <escapedJava>false</escapedJava>
</record>
<record>
  <date>2025-02-20T17:47:25.915518800Z</date>
  <millis>1740073645915</millis>
  <nanos>518800</nanos>
  <sequence>8</sequence>
  <level>INFO</level>
  <class>com.kms.katalon.core.logging.XmlKeywordLogger</class>
  <method>logMessage</method>
  <thread>1</thread>
  <message>(Default) invoiceNum = </message>
  <nestedLevel>1</nestedLevel>
  <escapedJava>false</escapedJava>
</record>
<record>
  <date>2025-02-20T17:47:25.916519600Z</date>
  <millis>1740073645916</millis>
  <nanos>519600</nanos>
  <sequence>9</sequence>
  <level>INFO</level>
  <class>com.kms.katalon.core.logging.XmlKeywordLogger</class>
  <method>logMessage</method>
  <thread>1</thread>
  <message>(Default) DBC_Demo = </message>
  <nestedLevel>1</nestedLevel>
  <escapedJava>false</escapedJava>
</record>
<record>
  <date>2025-02-20T17:47:25.967520700Z</date>
  <millis>1740073645967</millis>
  <nanos>520700</nanos>
  <sequence>10</sequence>
  <level>INFO</level>
  <class>com.kms.katalon.core.logging.XmlKeywordLogger</class>
  <method>logMessage</method>
  <thread>1</thread>
  <message>(Default) Source_Env = C:\Users\azureuser\Documents\FrameworksAutomationTesting\TestData\Frameworks_Environments\FWKs_TestEnvironment_TestData.xlsx</message>
  <nestedLevel>1</nestedLevel>
  <escapedJava>false</escapedJava>
</record>
<record>
  <date>2025-02-20T17:47:26.435402300Z</date>
  <millis>1740073646435</millis>
  <nanos>402300</nanos>
  <sequence>12</sequence>
  <level>ERROR</level>
  <class>com.kms.katalon.core.logging.XmlKeywordLogger</class>
  <method>logMessage</method>
  <thread>1</thread>
  <message>Test Cases/DBC_Instance/PointofSale_Module/TS1_POS_CashSale/POS_CashSale - New FAILED.
Reason:
org.codehaus.groovy.control.MultipleCompilationErrorsException: startup failed:
file:/C:/Users/azureuser/git/frameworks-regression-test-automation/Scripts/DBC_Instance/PointofSale_Module/TS1_POS_CashSale/POS_CashSale%20-%20New/Script1725763619095.groovy: 135: The current scope already contains a variable of the name sourceTestData_FwksEnv
 @ line 135, column 17.
   FileInputStream sourceTestData_FwksEnv = new FileInputStream(Source_Env)
                   ^

file:/C:/Users/azureuser/git/frameworks-regression-test-automation/Scripts/DBC_Instance/PointofSale_Module/TS1_POS_CashSale/POS_CashSale%20-%20New/Script1725763619095.groovy: 137: The current scope already contains a variable of the name sourceTestDataContainer_workbook
 @ line 137, column 14.
   XSSFWorkbook sourceTestDataContainer_workbook = new XSSFWorkbook(sourceTestData_FwksEnv)
                ^

file:/C:/Users/azureuser/git/frameworks-regression-test-automation/Scripts/DBC_Instance/PointofSale_Module/TS1_POS_CashSale/POS_CashSale%20-%20New/Script1725763619095.groovy: 139: The current scope already contains a variable of the name sourceTestData_sheet
 @ line 139, column 11.
   XSSFSheet sourceTestData_sheet = sourceTestDataContainer_workbook.getSheet(&amp;apos;Sheet1&amp;apos;)
             ^

file:/C:/Users/azureuser/git/frameworks-regression-test-automation/Scripts/DBC_Instance/PointofSale_Module/TS1_POS_CashSale/POS_CashSale%20-%20New/Script1725763619095.groovy: 142: The current scope already contains a variable of the name currentSheet_row
 @ line 142, column 5.
   Row currentSheet_row = sourceTestData_sheet.getRow(4)
       ^

file:/C:/Users/azureuser/git/frameworks-regression-test-automation/Scripts/DBC_Instance/PointofSale_Module/TS1_POS_CashSale/POS_CashSale%20-%20New/Script1725763619095.groovy: 146: The current scope already contains a variable of the name currentSheet_cell
 @ line 146, column 6.
   Cell currentSheet_cell = currentSheet_row.getCell(1)
        ^

5 errors

	at com.kms.katalon.core.main.ScriptEngine.getScript(ScriptEngine.java:199)
	at com.kms.katalon.core.main.ScriptEngine.run(ScriptEngine.java:194)
	at com.kms.katalon.core.main.ScriptEngine.runScriptAsRawText(ScriptEngine.java:119)
	at com.kms.katalon.core.main.TestCaseExecutor.runScript(TestCaseExecutor.java:448)
	at com.kms.katalon.core.main.TestCaseExecutor.doExecute(TestCaseExecutor.java:439)
	at com.kms.katalon.core.main.TestCaseExecutor.processExecutionPhase(TestCaseExecutor.java:418)
	at com.kms.katalon.core.main.TestCaseExecutor.accessMainPhase(TestCaseExecutor.java:410)
	at com.kms.katalon.core.main.TestCaseExecutor.execute(TestCaseExecutor.java:285)
	at com.kms.katalon.core.common.CommonExecutor.accessTestCaseMainPhase(CommonExecutor.java:65)
	at com.kms.katalon.core.main.TestSuiteExecutor.accessTestSuiteMainPhase(TestSuiteExecutor.java:150)
	at com.kms.katalon.core.main.TestSuiteExecutor.execute(TestSuiteExecutor.java:106)
	at com.kms.katalon.core.main.TestCaseMain.startTestSuite(TestCaseMain.java:180)
	at TempTestSuite1740073634465.run(TempTestSuite1740073634465.groovy:35)
	at java.base/jdk.internal.reflect.NativeMethodAccessorImpl.invoke0(Native Method)
	at java.base/jdk.internal.reflect.NativeMethodAccessorImpl.invoke(NativeMethodAccessorImpl.java:77)
	at java.base/jdk.internal.reflect.DelegatingMethodAccessorImpl.invoke(DelegatingMethodAccessorImpl.java:43)
</message>
  <exception>
    <message>org.codehaus.groovy.control.MultipleCompilationErrorsException: startup failed:
file:/C:/Users/azureuser/git/frameworks-regression-test-automation/Scripts/DBC_Instance/PointofSale_Module/TS1_POS_CashSale/POS_CashSale%20-%20New/Script1725763619095.groovy: 135: The current scope already contains a variable of the name sourceTestData_FwksEnv
 @ line 135, column 17.
   FileInputStream sourceTestData_FwksEnv = new FileInputStream(Source_Env)
                   ^

file:/C:/Users/azureuser/git/frameworks-regression-test-automation/Scripts/DBC_Instance/PointofSale_Module/TS1_POS_CashSale/POS_CashSale%20-%20New/Script1725763619095.groovy: 137: The current scope already contains a variable of the name sourceTestDataContainer_workbook
 @ line 137, column 14.
   XSSFWorkbook sourceTestDataContainer_workbook = new XSSFWorkbook(sourceTestData_FwksEnv)
                ^

file:/C:/Users/azureuser/git/frameworks-regression-test-automation/Scripts/DBC_Instance/PointofSale_Module/TS1_POS_CashSale/POS_CashSale%20-%20New/Script1725763619095.groovy: 139: The current scope already contains a variable of the name sourceTestData_sheet
 @ line 139, column 11.
   XSSFSheet sourceTestData_sheet = sourceTestDataContainer_workbook.getSheet('Sheet1')
             ^

file:/C:/Users/azureuser/git/frameworks-regression-test-automation/Scripts/DBC_Instance/PointofSale_Module/TS1_POS_CashSale/POS_CashSale%20-%20New/Script1725763619095.groovy: 142: The current scope already contains a variable of the name currentSheet_row
 @ line 142, column 5.
   Row currentSheet_row = sourceTestData_sheet.getRow(4)
       ^

file:/C:/Users/azureuser/git/frameworks-regression-test-automation/Scripts/DBC_Instance/PointofSale_Module/TS1_POS_CashSale/POS_CashSale%20-%20New/Script1725763619095.groovy: 146: The current scope already contains a variable of the name currentSheet_cell
 @ line 146, column 6.
   Cell currentSheet_cell = currentSheet_row.getCell(1)
        ^

5 errors
</message>
    <frame>
      <class>com.kms.katalon.core.main.ScriptEngine</class>
      <method>getScript</method>
      <line>199</line>
    </frame>
    <frame>
      <class>com.kms.katalon.core.main.ScriptEngine</class>
      <method>run</method>
      <line>194</line>
    </frame>
    <frame>
      <class>com.kms.katalon.core.main.ScriptEngine</class>
      <method>runScriptAsRawText</method>
      <line>119</line>
    </frame>
    <frame>
      <class>com.kms.katalon.core.main.TestCaseExecutor</class>
      <method>runScript</method>
      <line>448</line>
    </frame>
    <frame>
      <class>com.kms.katalon.core.main.TestCaseExecutor</class>
      <method>doExecute</method>
      <line>439</line>
    </frame>
    <frame>
      <class>com.kms.katalon.core.main.TestCaseExecutor</class>
      <method>processExecutionPhase</method>
      <line>418</line>
    </frame>
    <frame>
      <class>com.kms.katalon.core.main.TestCaseExecutor</class>
      <method>accessMainPhase</method>
      <line>410</line>
    </frame>
    <frame>
      <class>com.kms.katalon.core.main.TestCaseExecutor</class>
      <method>execute</method>
      <line>285</line>
    </frame>
    <frame>
      <class>com.kms.katalon.core.common.CommonExecutor</class>
      <method>accessTestCaseMainPhase</method>
      <line>65</line>
    </frame>
    <frame>
      <class>com.kms.katalon.core.main.TestSuiteExecutor</class>
      <method>accessTestSuiteMainPhase</method>
      <line>150</line>
    </frame>
    <frame>
      <class>com.kms.katalon.core.main.TestSuiteExecutor</class>
      <method>execute</method>
      <line>106</line>
    </frame>
    <frame>
      <class>com.kms.katalon.core.main.TestCaseMain</class>
      <method>startTestSuite</method>
      <line>180</line>
    </frame>
    <frame>
      <class>TempTestSuite1740073634465</class>
      <method>run</method>
      <line>35</line>
    </frame>
    <frame>
      <class>jdk.internal.reflect.NativeMethodAccessorImpl</class>
      <method>invoke0</method>
    </frame>
    <frame>
      <class>jdk.internal.reflect.NativeMethodAccessorImpl</class>
      <method>invoke</method>
      <line>77</line>
    </frame>
    <frame>
      <class>jdk.internal.reflect.DelegatingMethodAccessorImpl</class>
      <method>invoke</method>
      <line>43</line>
    </frame>
  </exception>
  <nestedLevel>0</nestedLevel>
  <escapedJava>false</escapedJava>
  <property name="failed.exception.stacktrace">org.codehaus.groovy.control.MultipleCompilationErrorsException: startup failed:
file:/C:/Users/azureuser/git/frameworks-regression-test-automation/Scripts/DBC_Instance/PointofSale_Module/TS1_POS_CashSale/POS_CashSale%20-%20New/Script1725763619095.groovy: 135: The current scope already contains a variable of the name sourceTestData_FwksEnv
 @ line 135, column 17.
   FileInputStream sourceTestData_FwksEnv = new FileInputStream(Source_Env)
                   ^

file:/C:/Users/azureuser/git/frameworks-regression-test-automation/Scripts/DBC_Instance/PointofSale_Module/TS1_POS_CashSale/POS_CashSale%20-%20New/Script1725763619095.groovy: 137: The current scope already contains a variable of the name sourceTestDataContainer_workbook
 @ line 137, column 14.
   XSSFWorkbook sourceTestDataContainer_workbook = new XSSFWorkbook(sourceTestData_FwksEnv)
                ^

file:/C:/Users/azureuser/git/frameworks-regression-test-automation/Scripts/DBC_Instance/PointofSale_Module/TS1_POS_CashSale/POS_CashSale%20-%20New/Script1725763619095.groovy: 139: The current scope already contains a variable of the name sourceTestData_sheet
 @ line 139, column 11.
   XSSFSheet sourceTestData_sheet = sourceTestDataContainer_workbook.getSheet(&apos;Sheet1&apos;)
             ^

file:/C:/Users/azureuser/git/frameworks-regression-test-automation/Scripts/DBC_Instance/PointofSale_Module/TS1_POS_CashSale/POS_CashSale%20-%20New/Script1725763619095.groovy: 142: The current scope already contains a variable of the name currentSheet_row
 @ line 142, column 5.
   Row currentSheet_row = sourceTestData_sheet.getRow(4)
       ^

file:/C:/Users/azureuser/git/frameworks-regression-test-automation/Scripts/DBC_Instance/PointofSale_Module/TS1_POS_CashSale/POS_CashSale%20-%20New/Script1725763619095.groovy: 146: The current scope already contains a variable of the name currentSheet_cell
 @ line 146, column 6.
   Cell currentSheet_cell = currentSheet_row.getCell(1)
        ^

5 errors

	at com.kms.katalon.core.main.ScriptEngine.getScript(ScriptEngine.java:199)
	at com.kms.katalon.core.main.ScriptEngine.run(ScriptEngine.java:194)
	at com.kms.katalon.core.main.ScriptEngine.runScriptAsRawText(ScriptEngine.java:119)
	at com.kms.katalon.core.main.TestCaseExecutor.runScript(TestCaseExecutor.java:448)
	at com.kms.katalon.core.main.TestCaseExecutor.doExecute(TestCaseExecutor.java:439)
	at com.kms.katalon.core.main.TestCaseExecutor.processExecutionPhase(TestCaseExecutor.java:418)
	at com.kms.katalon.core.main.TestCaseExecutor.accessMainPhase(TestCaseExecutor.java:410)
	at com.kms.katalon.core.main.TestCaseExecutor.execute(TestCaseExecutor.java:285)
	at com.kms.katalon.core.common.CommonExecutor.accessTestCaseMainPhase(CommonExecutor.java:65)
	at com.kms.katalon.core.main.TestSuiteExecutor.accessTestSuiteMainPhase(TestSuiteExecutor.java:150)
	at com.kms.katalon.core.main.TestSuiteExecutor.execute(TestSuiteExecutor.java:106)
	at com.kms.katalon.core.main.TestCaseMain.startTestSuite(TestCaseMain.java:180)
	at TempTestSuite1740073634465.run(TempTestSuite1740073634465.groovy:35)
	at java.base/jdk.internal.reflect.NativeMethodAccessorImpl.invoke0(Native Method)
	at java.base/jdk.internal.reflect.NativeMethodAccessorImpl.invoke(NativeMethodAccessorImpl.java:77)
	at java.base/jdk.internal.reflect.DelegatingMethodAccessorImpl.invoke(DelegatingMethodAccessorImpl.java:43)
</property>
  <property name="failed.exception.class">org.codehaus.groovy.control.MultipleCompilationErrorsException</property>
  <property name="failed.exception.message">startup failed:
file:/C:/Users/azureuser/git/frameworks-regression-test-automation/Scripts/DBC_Instance/PointofSale_Module/TS1_POS_CashSale/POS_CashSale%20-%20New/Script1725763619095.groovy: 135: The current scope already contains a variable of the name sourceTestData_FwksEnv
 @ line 135, column 17.
   FileInputStream sourceTestData_FwksEnv = new FileInputStream(Source_Env)
                   ^

file:/C:/Users/azureuser/git/frameworks-regression-test-automation/Scripts/DBC_Instance/PointofSale_Module/TS1_POS_CashSale/POS_CashSale%20-%20New/Script1725763619095.groovy: 137: The current scope already contains a variable of the name sourceTestDataContainer_workbook
 @ line 137, column 14.
   XSSFWorkbook sourceTestDataContainer_workbook = new XSSFWorkbook(sourceTestData_FwksEnv)
                ^

file:/C:/Users/azureuser/git/frameworks-regression-test-automation/Scripts/DBC_Instance/PointofSale_Module/TS1_POS_CashSale/POS_CashSale%20-%20New/Script1725763619095.groovy: 139: The current scope already contains a variable of the name sourceTestData_sheet
 @ line 139, column 11.
   XSSFSheet sourceTestData_sheet = sourceTestDataContainer_workbook.getSheet(&apos;Sheet1&apos;)
             ^

file:/C:/Users/azureuser/git/frameworks-regression-test-automation/Scripts/DBC_Instance/PointofSale_Module/TS1_POS_CashSale/POS_CashSale%20-%20New/Script1725763619095.groovy: 142: The current scope already contains a variable of the name currentSheet_row
 @ line 142, column 5.
   Row currentSheet_row = sourceTestData_sheet.getRow(4)
       ^

file:/C:/Users/azureuser/git/frameworks-regression-test-automation/Scripts/DBC_Instance/PointofSale_Module/TS1_POS_CashSale/POS_CashSale%20-%20New/Script1725763619095.groovy: 146: The current scope already contains a variable of the name currentSheet_cell
 @ line 146, column 6.
   Cell currentSheet_cell = currentSheet_row.getCell(1)
        ^

5 errors
</property>
</record>
<record>
  <date>2025-02-20T17:47:26.458401Z</date>
  <millis>1740073646458</millis>
  <nanos>401000</nanos>
  <sequence>14</sequence>
  <level>END</level>
  <class>com.kms.katalon.core.logging.XmlKeywordLogger</class>
  <method>endTest</method>
  <thread>1</thread>
  <message>End Test Case : Test Cases/DBC_Instance/PointofSale_Module/TS1_POS_CashSale/POS_CashSale - New</message>
  <nestedLevel>0</nestedLevel>
  <escapedJava>false</escapedJava>
  <property name="executionBindingVariables">[
  {
    &quot;displayReportName&quot;: &quot;(Default) userN...&quot;,
    &quot;value&quot;: &quot;manaki&quot;,
    &quot;name&quot;: &quot;(Default) userName&quot;,
    &quot;masked&quot;: false
  },
  {
    &quot;displayReportName&quot;: &quot;(Default) invoi...&quot;,
    &quot;value&quot;: &quot;&quot;,
    &quot;name&quot;: &quot;(Default) invoiceNum&quot;,
    &quot;masked&quot;: false
  },
  {
    &quot;displayReportName&quot;: &quot;(Default) DBC_D...&quot;,
    &quot;value&quot;: &quot;&quot;,
    &quot;name&quot;: &quot;(Default) DBC_Demo&quot;,
    &quot;masked&quot;: false
  },
  {
    &quot;displayReportName&quot;: &quot;(Default) Sourc...&quot;,
    &quot;value&quot;: &quot;C:\\Users\\azureuser\\Documents\\FrameworksAutomationTesting\\TestData\\Frameworks_Environments\\FWKs_TestEnvironment_TestData.xlsx&quot;,
    &quot;name&quot;: &quot;(Default) Source_Env&quot;,
    &quot;masked&quot;: false
  }
]</property>
  <property name="applitools">false</property>
  <property name="remainingRetryCount">0</property>
  <property name="currentRetryCount">0</property>
  <property name="keywordsUsage">{
  &quot;web_ui&quot;: false,
  &quot;web_service&quot;: false,
  &quot;cucumber&quot;: false,
  &quot;builtin&quot;: false,
  &quot;mobile&quot;: false,
  &quot;windows&quot;: false,
  &quot;testng&quot;: false
}</property>
</record>
<record>
  <date>2025-02-20T17:47:26.473415Z</date>
  <millis>1740073646473</millis>
  <nanos>415000</nanos>
  <sequence>15</sequence>
  <level>START</level>
  <class>com.kms.katalon.core.logging.XmlKeywordLogger</class>
  <method>startKeyword</method>
  <thread>1</thread>
  <message>Start listener action : exportKatalonReports</message>
  <nestedLevel>0</nestedLevel>
  <escapedJava>false</escapedJava>
</record>
<record>
  <date>2025-02-20T17:47:27.272939800Z</date>
  <millis>1740073647272</millis>
  <nanos>939800</nanos>
  <sequence>43</sequence>
  <level>INFO</level>
  <class>com.kms.katalon.core.logging.XmlKeywordLogger</class>
  <method>logMessage</method>
  <thread>1</thread>
  <message>Start generating HTML report folder at: C:\Users\azureuser\git\frameworks-regression-test-automation\Reports\20250220_174714\DBC_Instance\PointofSale_Module\New_Interface\TS1_POS_CashSale\20250220_174714...</message>
  <nestedLevel>0</nestedLevel>
  <escapedJava>false</escapedJava>
</record>
<record>
  <date>2025-02-20T17:47:28.215948600Z</date>
  <millis>1740073648215</millis>
  <nanos>948600</nanos>
  <sequence>44</sequence>
  <level>INFO</level>
  <class>com.kms.katalon.core.logging.XmlKeywordLogger</class>
  <method>logMessage</method>
  <thread>1</thread>
  <message>HTML report generated</message>
  <nestedLevel>0</nestedLevel>
  <escapedJava>false</escapedJava>
</record>
<record>
  <date>2025-02-20T17:47:28.217947100Z</date>
  <millis>1740073648217</millis>
  <nanos>947100</nanos>
  <sequence>45</sequence>
  <level>INFO</level>
  <class>com.kms.katalon.core.logging.XmlKeywordLogger</class>
  <method>logMessage</method>
  <thread>1</thread>
  <message>Start generating CSV report folder at: C:\Users\azureuser\git\frameworks-regression-test-automation\Reports\20250220_174714\DBC_Instance\PointofSale_Module\New_Interface\TS1_POS_CashSale\20250220_174714...</message>
  <nestedLevel>0</nestedLevel>
  <escapedJava>false</escapedJava>
</record>
<record>
  <date>2025-02-20T17:47:28.255948600Z</date>
  <millis>1740073648255</millis>
  <nanos>948600</nanos>
  <sequence>46</sequence>
  <level>INFO</level>
  <class>com.kms.katalon.core.logging.XmlKeywordLogger</class>
  <method>logMessage</method>
  <thread>1</thread>
  <message>CSV report generated</message>
  <nestedLevel>0</nestedLevel>
  <escapedJava>false</escapedJava>
</record>
<record>
  <date>2025-02-20T17:47:28.263948800Z</date>
  <millis>1740073648263</millis>
  <nanos>948800</nanos>
  <sequence>48</sequence>
  <level>END</level>
  <class>com.kms.katalon.core.logging.XmlKeywordLogger</class>
  <method>endKeyword</method>
  <thread>1</thread>
  <message>End listener action : exportKatalonReports</message>
  <nestedLevel>0</nestedLevel>
  <escapedJava>false</escapedJava>
</record>
<record>
  <date>2025-02-20T17:47:28.356946100Z</date>
  <millis>1740073648356</millis>
  <nanos>946100</nanos>
  <sequence>49</sequence>
  <level>END</level>
  <class>com.kms.katalon.core.logging.XmlKeywordLogger</class>
  <method>endSuite</method>
  <thread>1</thread>
  <message>End Test Suite : Test Suites/DBC_Instance/PointofSale_Module/New_Interface/TS1_POS_CashSale</message>
  <nestedLevel>0</nestedLevel>
  <escapedJava>false</escapedJava>
</record>
</log>
